1,2385205,-0.043,3.501,9.525,0.002,-0.043,-0.039,-50.000,-55.905,33.514
1,2385208,-0.043,3.501,9.525,0.002,-0.043,-0.039,-49.795,-55.905,33.514
1,2385211,-0.063,3.361,9.545,-0.053,-0.032,-0.040,-49.795,-55.905,33.514
1,2385318,-0.140,3.455,9.872,0.094,-0.050,-0.031,-49.474,-55.802,32.827
1,2385327,-0.133,3.482,9.856,0.094,-0.053,-0.032,-49.474,-55.802,32.827
1,2385331,-0.133,3.482,9.856,0.099,-0.053,-0.032,-49.488,-55.598,33.426
1,2385437,-0.136,3.239,9.703,0.199,-0.070,-0.021,-49.298,-55.700,32.783
1,2385476,-0.129,3.672,9.606,0.208,-0.077,-0.016,-49.752,-56.182,32.520
1,2385480,-0.129,3.672,9.606,0.208,-0.077,-0.016,-49.752,-56.182,32.520
1,2385537,-0.157,3.266,9.523,-0.031,-0.075,-0.016,-49.474,-55.861,33.484
1,2385541,-0.157,3.266,9.523,-0.031,-0.075,-0.016,-49.474,-55.861,33.484
1,2385626,-0.177,3.342,9.559,0.258,-0.103,-0.007,-49.766,-55.875,32.374
1,2385657,-0.117,3.632,9.466,0.165,-0.101,-0.011,-49.401,-56.255,32.184
1,2385687,-0.148,3.264,9.588,0.031,-0.093,-0.013,-49.401,-55.627,32.681
1,2385690,-0.170,3.178,9.645,0.059,-0.095,-0.012,-49.401,-55.627,32.681
1,2385694,-0.170,3.178,9.645,0.059,-0.095,-0.012,-49.401,-55.627,32.681
1,2385819,-0.152,4.085,11.551,0.276,-0.100,-0.017,-49.620,-55.802,32.841
1,2385835,-0.172,4.375,11.946,0.299,-0.100,-0.018,-49.620,-55.832,31.584
1,2385867,-0.157,4.741,11.989,0.160,-0.100,-0.021,-49.532,-56.095,33.777
1,2385871,-0.157,4.741,11.989,0.160,-0.100,-0.021,-49.532,-56.095,33.777
1,2385874,-0.167,4.741,11.890,0.160,-0.100,-0.021,-49.532,-56.095,33.777
1,2385926,-0.254,3.525,11.135,-0.250,-0.071,-0.039,-49.474,-55.919,33.251
1,2385930,-0.254,3.525,11.135,-0.250,-0.071,-0.039,-49.445,-55.905,33.747
1,2385934,-0.288,3.342,11.064,-0.166,-0.073,-0.038,-49.445,-55.905,33.747
1,2386265,-0.287,3.348,8.169,-0.018,-0.093,-0.039,-49.532,-55.379,33.631
1,2386287,-0.267,2.894,7.713,-0.175,-0.094,-0.035,-49.649,-55.291,32.885
1,2386346,-0.282,2.113,7.345,-0.021,-0.115,-0.031,-49.386,-55.466,33.294
1,2386556,0.055,3.287,9.379,-0.125,-0.139,-0.012,-49.576,-55.949,34.537
1,2386585,0.127,3.611,8.925,0.095,-0.154,-0.005,-49.722,-55.773,34.084
1,2386589,0.141,3.588,8.818,0.088,-0.153,-0.006,-49.737,-55.305,33.733
1,2386593,0.141,3.588,8.818,0.088,-0.153,-0.006,-49.737,-55.305,33.733
1,2386617,0.154,3.539,8.966,0.068,-0.142,-0.010,-49.898,-56.051,34.361
1,2386707,0.212,4.111,9.156,0.142,-0.132,-0.013,-50.117,-55.671,34.902
1,2386710,0.212,4.111,9.156,0.142,-0.132,-0.013,-50.117,-55.671,34.902
1,2386713,0.212,4.111,9.156,0.142,-0.132,-0.013,-49.708,-55.569,34.668
1,2386736,0.220,4.083,8.919,-0.065,-0.119,-0.016,-49.488,-56.022,34.844
1,2386900,0.109,3.766,8.410,0.148,-0.101,-0.027,-50.058,-55.773,34.683
1,2386947,0.066,3.629,8.094,-0.048,-0.090,-0.035,-50.088,-56.109,34.507
1,2386951,0.063,3.587,7.981,-0.090,-0.092,-0.037,-50.088,-56.109,34.507
1,2386954,0.063,3.587,7.981,-0.090,-0.092,-0.037,-50.088,-56.109,34.507
1,2386976,-0.007,3.421,7.829,-0.175,-0.083,-0.037,-49.985,-55.525,34.303
1,2386980,-0.039,3.295,7.702,-0.205,-0.086,-0.038,-49.985,-55.525,34.303
1,2386983,-0.039,3.295,7.702,-0.205,-0.086,-0.038,-50.132,-55.218,34.756
1,2387006,0.012,3.044,7.438,-0.233,-0.084,-0.039,-50.190,-55.262,34.566
1,2387037,-0.039,2.607,7.614,-0.111,-0.081,-0.043,-50.248,-55.335,33.967
1,2387041,-0.073,2.595,7.822,0.013,-0.083,-0.042,-50.248,-55.335,33.967
1,2387043,-0.073,2.595,7.822,0.013,-0.083,-0.042,-50.132,-55.115,34.771
1,2387066,-0.098,2.987,8.078,0.301,-0.104,-0.033,-50.336,-56.241,34.376
1,2387070,-0.087,3.260,8.119,0.380,-0.112,-0.029,-50.234,-55.437,34.741
1,2387073,-0.087,3.260,8.119,0.380,-0.112,-0.029,-50.234,-55.437,34.741
1,2387096,-0.043,3.854,7.962,0.320,-0.116,-0.032,-50.541,-55.759,33.660
1,2387099,-0.044,3.929,7.962,0.164,-0.105,-0.034,-50.541,-55.759,33.660
1,2387103,-0.044,3.929,7.962,0.164,-0.105,-0.034,-50.541,-55.759,34.171
1,2387187,-0.127,3.508,9.267,0.439,-0.133,-0.026,-49.854,-55.525,33.090
1,2387190,-0.127,3.508,9.267,0.439,-0.133,-0.026,-49.854,-55.393,33.864
1,2387194,-0.127,3.656,9.105,0.439,-0.133,-0.026,-49.854,-55.393,33.864
1,2387216,-0.016,3.557,8.955,0.276,-0.126,-0.028,-49.868,-55.583,33.543
1,2387277,0.067,4.069,9.735,0.378,-0.138,-0.026,-49.942,-56.007,35.165
1,2387281,0.067,4.069,9.735,0.378,-0.138,-0.026,-49.942,-56.007,35.165
1,2387284,0.134,4.246,9.546,0.275,-0.134,-0.031,-49.942,-56.007,35.165
1,2387306,0.092,3.974,9.294,-0.101,-0.108,-0.039,-50.219,-55.656,34.084
1,2387309,0.092,3.974,9.294,-0.101,-0.108,-0.039,-50.219,-55.656,34.084
1,2387313,0.096,3.505,9.386,-0.252,-0.095,-0.044,-49.635,-55.715,34.157
1,2387335,0.038,2.971,9.872,-0.206,-0.083,-0.054,-50.307,-55.656,34.230
1,2387367,0.084,3.331,10.099,0.321,-0.122,-0.037,-50.702,-55.232,33.119
1,2387457,0.089,4.253,10.488,0.266,-0.123,-0.042,-50.599,-56.285,34.449
1,2387620,0.026,3.906,10.570,0.182,-0.109,-0.050,-50.278,-56.314,34.127
1,2387666,0.110,4.288,10.003,0.045,-0.105,-0.050,-50.716,-56.387,34.507
1,2387670,0.110,4.288,10.003,0.045,-0.105,-0.050,-50.029,-56.387,34.507
1,2387674,0.075,4.132,9.994,-0.034,-0.101,-0.054,-50.029,-56.387,34.507
1,2387696,0.059,3.827,9.946,-0.084,-0.098,-0.059,-50.643,-56.329,33.791
1,2387727,0.047,3.722,9.808,0.010,-0.100,-0.054,-50.570,-56.226,33.762
1,2387833,0.054,3.868,9.629,0.094,-0.095,-0.059,-50.395,-56.109,34.391
1,2387876,-0.019,3.531,9.588,0.060,-0.094,-0.062,-50.468,-56.358,34.493
1,2387907,0.001,3.590,9.435,0.126,-0.099,-0.060,-50.424,-56.460,33.967
1,2387911,0.017,3.590,9.404,0.119,-0.098,-0.061,-50.424,-56.460,33.967
1,2387914,0.017,3.590,9.404,0.119,-0.098,-0.061,-49.898,-56.168,34.142
1,2387936,0.011,3.478,9.450,0.103,-0.090,-0.065,-50.205,-56.153,34.639
1,2387966,0.022,3.630,9.447,0.202,-0.098,-0.060,-50.000,-56.241,34.098
1,2387970,0.022,3.630,9.447,0.230,-0.100,-0.059,-50.000,-56.241,34.098
1,2388077,0.001,3.842,9.367,0.097,-0.092,-0.062,-49.927,-56.475,34.040
1,2388219,0.023,3.191,8.956,-0.060,-0.081,-0.064,-49.766,-56.387,33.923
1,2388267,0.100,3.710,8.801,0.175,-0.095,-0.060,-49.269,-56.329,34.858
1,2388270,0.100,3.636,8.857,0.151,-0.084,-0.060,-49.269,-56.329,34.858
1,2388274,0.100,3.636,8.857,0.151,-0.084,-0.060,-49.269,-56.329,34.858
1,2388296,0.080,3.697,9.117,0.193,-0.084,-0.059,-49.591,-55.992,33.981
1,2388300,0.069,3.882,9.135,0.233,-0.092,-0.057,-49.591,-55.992,33.981
1,2388357,0.093,4.169,9.290,0.086,-0.077,-0.060,-49.474,-56.153,34.566
1,2388416,0.135,3.570,9.194,-0.176,-0.061,-0.065,-49.591,-56.314,33.733
1,2388447,0.018,3.678,9.872,0.206,-0.066,-0.060,-49.415,-55.963,33.996
1,2388451,0.018,3.678,9.872,0.206,-0.066,-0.060,-49.167,-55.700,34.186
1,2388454,0.018,3.678,9.872,0.206,-0.066,-0.060,-49.167,-55.700,34.186
1,2388476,0.111,4.692,9.800,0.415,-0.087,-0.049,-49.445,-56.329,34.595
1,2388712,-0.225,5.200,12.328,0.265,-0.059,-0.049,-49.854,-56.811,34.712
1,2388716,-0.225,5.200,12.328,0.265,-0.059,-0.049,-49.854,-56.811,34.712
1,2388720,-0.287,5.292,12.519,0.205,-0.059,-0.048,-49.313,-56.562,34.917
1,2388777,-0.328,5.020,12.857,-0.022,-0.055,-0.048,-49.328,-56.811,34.478
1,2388806,-0.347,4.800,12.300,0.050,-0.073,-0.039,-49.313,-56.255,34.785
1,2388914,-0.354,3.567,9.907,0.246,-0.088,-0.032,-49.693,-55.802,34.507
1,2388926,-0.348,3.849,9.837,0.250,-0.083,-0.032,-49.620,-55.978,33.645
1,2388930,-0.348,3.849,9.837,0.250,-0.083,-0.032,-49.225,-56.007,35.121
1,2388934,-0.348,3.849,9.837,0.250,-0.083,-0.032,-49.225,-56.007,35.121
1,2388956,-0.404,3.830,9.607,0.182,-0.093,-0.026,-49.576,-56.577,34.332
1,2388987,-0.323,3.860,8.930,0.031,-0.095,-0.027,-49.649,-56.109,34.420
1,2388991,-0.323,3.860,8.930,0.031,-0.095,-0.027,-49.591,-55.759,34.683
1,2388994,-0.294,3.806,8.751,-0.083,-0.090,-0.032,-49.591,-55.759,34.683
1,2389016,-0.258,3.547,8.553,-0.296,-0.076,-0.034,-49.430,-56.007,33.777
1,2389046,-0.251,2.987,8.243,-0.323,-0.089,-0.031,-49.839,-56.168,33.835
1,2389050,-0.251,2.987,8.243,-0.323,-0.089,-0.031,-49.576,-55.554,33.631
1,2389077,-0.191,2.739,7.661,-0.077,-0.103,-0.017,-49.795,-56.036,34.361
1,2389081,-0.191,2.739,7.661,-0.077,-0.103,-0.017,-49.795,-56.036,34.361
1,2389083,-0.147,2.827,7.503,-0.033,-0.109,-0.018,-49.795,-56.036,34.361
1,2389136,0.006,2.619,6.973,-0.100,-0.105,-0.018,-49.752,-55.759,33.543
1,2389139,0.006,2.619,6.940,-0.100,-0.105,-0.018,-49.752,-55.759,33.543
1,2389143,0.002,2.526,6.940,-0.073,-0.110,-0.017,-49.752,-55.759,33.543
1,2389196,0.001,2.434,7.149,0.228,-0.117,-0.015,-49.562,-55.875,34.113
1,2389256,0.111,3.294,7.894,0.294,-0.127,-0.012,-49.825,-55.949,33.762
1,2389260,0.144,3.385,8.022,0.248,-0.122,-0.011,-49.708,-55.525,34.712
1,2389264,0.144,3.385,8.022,0.248,-0.122,-0.011,-49.708,-55.525,34.712
1,2389286,0.093,3.413,8.449,0.182,-0.114,-0.011,-49.898,-55.905,34.127
1,2389290,0.073,3.429,8.713,0.181,-0.111,-0.012,-49.898,-55.905,34.127
1,2389293,0.073,3.429,8.713,0.181,-0.111,-0.012,-49.898,-55.905,34.127
1,2389316,0.139,3.662,8.894,0.246,-0.120,-0.010,-49.576,-55.802,33.952
1,2389320,0.139,3.662,8.894,0.282,-0.122,-0.005,-49.328,-55.700,34.098
1,2389376,0.146,3.644,8.764,-0.210,-0.086,-0.018,-50.278,-55.612,35.019
1,2389380,0.146,3.644,8.764,-0.210,-0.086,-0.018,-50.278,-55.612,35.019
1,2389383,0.146,3.644,8.764,-0.210,-0.086,-0.018,-49.488,-55.349,34.712
1,2389407,0.049,3.060,8.804,-0.067,-0.095,-0.015,-50.395,-55.729,34.624
1,2389411,0.049,3.060,8.804,-0.067,-0.095,-0.015,-50.395,-55.729,34.624
1,2389414,0.053,3.064,8.835,-0.067,-0.095,-0.011,-50.395,-55.729,34.624
1,2389436,0.053,3.271,8.889,0.283,-0.110,-0.005,-50.161,-55.729,34.084
1,2389439,0.053,3.271,8.889,0.283,-0.110,-0.005,-50.161,-55.729,34.084
1,2389569,0.049,3.837,9.253,-0.066,-0.100,-0.010,-50.088,-56.182,34.741
1,2389586,0.026,3.661,9.176,-0.082,-0.101,-0.007,-50.205,-55.905,34.478
1,2389590,-0.007,3.527,9.156,-0.082,-0.101,-0.007,-50.015,-55.715,34.434
1,2389647,-0.045,3.776,9.126,0.271,-0.123,0.000,-50.687,-55.612,34.639
1,2389856,-0.036,3.039,7.496,-0.136,-0.120,-0.006,-50.132,-55.525,33.894
1,2390123,0.129,4.333,9.381,0.292,-0.138,-0.005,-50.848,-55.612,34.990
1,2390126,0.129,4.333,9.381,0.292,-0.138,-0.005,-50.848,-55.612,34.990
1,2390320,0.201,4.225,10.058,0.197,-0.087,-0.035,-50.672,-56.197,35.107
1,2390336,0.156,4.045,10.160,0.158,-0.083,-0.040,-50.453,-56.489,35.794
1,2390340,0.156,4.045,10.160,0.158,-0.083,-0.040,-50.453,-56.489,35.794
1,2390343,0.151,3.997,10.156,0.181,-0.083,-0.042,-50.453,-56.489,35.794
1,2390366,0.163,4.196,10.063,0.263,-0.086,-0.042,-50.877,-56.387,34.771
1,2390370,0.163,4.196,10.063,0.263,-0.086,-0.042,-50.877,-56.387,34.771
1,2390373,0.202,4.284,10.024,0.265,-0.081,-0.040,-50.219,-56.270,34.668
1,2390396,0.178,4.473,10.034,0.173,-0.070,-0.049,-50.424,-56.475,34.873
1,2390426,0.128,4.183,10.134,0.012,-0.054,-0.054,-50.219,-56.475,35.063
1,2390487,0.055,4.221,10.074,0.162,-0.054,-0.059,-50.234,-56.782,35.253
1,2390490,0.055,4.319,10.052,0.154,-0.054,-0.061,-50.234,-56.782,35.253
1,2390620,-0.054,3.790,9.474,0.007,-0.044,-0.068,-50.132,-56.402,35.282
1,2390666,-0.086,3.813,9.428,0.040,-0.048,-0.068,-50.044,-56.255,34.405
1,2390670,-0.086,3.813,9.428,0.040,-0.048,-0.068,-50.044,-56.255,34.405
1,2390673,-0.086,3.813,9.428,0.040,-0.048,-0.068,-50.044,-56.255,34.405
1,2390726,-0.077,3.953,9.320,0.027,-0.061,-0.065,-49.956,-56.738,34.127
1,2390756,-0.073,3.703,9.324,0.011,-0.061,-0.064,-49.635,-56.299,34.259
1,2390786,-0.035,3.741,9.343,0.103,-0.072,-0.059,-49.795,-56.445,34.317
1,2390816,-0.018,3.860,9.288,0.120,-0.078,-0.057,-49.722,-56.358,33.572
1,2390820,-0.018,3.860,9.288,0.120,-0.078,-0.057,-49.722,-56.358,33.572
1,2390824,0.029,3.825,9.284,0.105,-0.078,-0.059,-49.722,-56.358,33.572
1,2390907,-0.016,4.302,10.276,0.359,-0.100,-0.051,-49.313,-56.533,34.084
1,2390910,0.012,4.533,10.333,0.359,-0.103,-0.053,-49.313,-56.533,34.084
1,2390914,0.012,4.533,10.333,0.368,-0.103,-0.053,-48.816,-56.343,34.391
1,2390936,0.057,4.835,10.411,0.247,-0.094,-0.054,-49.021,-56.475,34.376
1,2390940,0.072,4.789,10.581,0.148,-0.087,-0.059,-49.021,-56.475,34.376
1,2390944,0.072,4.789,10.581,0.148,-0.087,-0.059,-49.021,-56.475,34.376
1,2390965,0.051,4.664,10.716,0.011,-0.081,-0.062,-49.459,-56.592,34.434
1,2390997,0.078,4.461,10.661,-0.031,-0.082,-0.062,-49.430,-56.387,34.537
1,2391026,0.051,4.360,10.609,0.017,-0.078,-0.064,-49.269,-56.387,33.967
1,2391056,-0.032,4.270,10.441,0.055,-0.083,-0.064,-49.503,-56.270,34.464
1,2391085,-0.047,4.396,10.461,0.105,-0.079,-0.065,-49.152,-56.592,34.171
1,2391089,-0.047,4.396,10.461,0.108,-0.078,-0.065,-49.152,-56.592,34.171
1,2391117,-0.055,4.416,10.264,0.075,-0.082,-0.067,-49.357,-56.840,34.317
1,2391120,-0.055,4.416,10.264,0.075,-0.082,-0.067,-49.576,-56.255,34.171
1,2391124,-0.055,4.416,10.264,0.075,-0.082,-0.067,-49.576,-56.255,34.171
1,2391146,-0.061,4.164,10.118,-0.007,-0.073,-0.071,-49.445,-56.460,34.157
1,2391176,-0.120,4.012,10.220,0.092,-0.077,-0.068,-49.328,-56.109,34.215
1,2391207,-0.089,4.324,9.716,0.173,-0.092,-0.064,-49.211,-56.767,34.507
1,2391237,-0.100,4.045,9.398,-0.081,-0.068,-0.072,-49.576,-56.095,34.434
1,2391240,-0.100,4.045,9.398,-0.081,-0.068,-0.072,-49.576,-56.095,34.434
1,2391244,-0.163,3.797,9.412,-0.133,-0.068,-0.073,-49.006,-55.817,33.908
1,2391266,-0.133,3.492,9.346,-0.072,-0.073,-0.072,-49.328,-55.627,34.288
1,2391270,-0.133,3.492,9.346,-0.072,-0.073,-0.072,-49.328,-55.627,34.288
1,2391274,-0.135,3.454,9.260,0.024,-0.078,-0.068,-49.328,-55.627,34.288
1,2391356,-0.129,3.595,8.855,0.195,-0.086,-0.065,-49.532,-56.285,34.405
1,2391360,-0.134,3.618,8.789,0.195,-0.089,-0.064,-49.532,-56.285,34.405
1,2391447,-0.118,3.600,8.121,0.075,-0.087,-0.060,-49.006,-56.270,34.610
1,2391450,-0.126,3.552,7.992,0.012,-0.084,-0.062,-49.050,-56.255,34.347
1,2391454,-0.126,3.552,7.992,0.012,-0.084,-0.062,-49.050,-56.255,34.347
1,2391579,-0.106,3.922,8.515,0.231,-0.095,-0.051,-49.035,-56.869,34.171
1,2391862,-0.146,4.432,9.325,-0.202,-0.076,-0.045,-48.948,-56.972,34.946
1,2391896,-0.267,3.745,9.570,-0.321,-0.064,-0.048,-49.152,-56.709,34.537
1,2391900,-0.291,3.504,9.570,-0.235,-0.072,-0.044,-49.152,-56.709,34.537
1,2392109,-0.316,3.945,9.318,-0.154,-0.089,-0.031,-49.372,-56.709,34.946
1,2392136,-0.292,3.764,9.215,-0.022,-0.103,-0.022,-49.430,-56.577,34.902
1,2392140,-0.292,3.764,9.215,-0.022,-0.103,-0.022,-49.430,-56.577,34.902
1,2392143,-0.276,3.783,9.107,0.035,-0.108,-0.020,-49.430,-56.577,34.902
1,2392166,-0.269,3.784,8.960,0.119,-0.114,-0.020,-49.240,-56.635,35.165
1,2392225,-0.219,4.035,8.919,0.100,-0.116,-0.017,-49.094,-56.694,34.800
1,2392256,-0.219,3.997,8.783,0.004,-0.111,-0.015,-49.737,-56.255,34.303
1,2392286,-0.218,3.834,8.798,-0.105,-0.108,-0.017,-49.065,-56.387,34.756
1,2392345,-0.181,3.668,8.857,0.112,-0.122,-0.007,-48.948,-56.416,34.230
1,2392376,-0.122,3.904,9.098,0.296,-0.133,-0.004,-49.108,-56.007,34.771
1,2392380,-0.122,3.904,9.098,0.351,-0.132,-0.004,-48.918,-55.700,34.537
1,2392383,-0.122,3.904,9.098,0.351,-0.132,-0.004,-48.918,-55.700,34.537
1,2392508,-0.045,3.864,8.914,-0.055,-0.114,-0.010,-49.138,-56.212,35.267
1,2392586,-0.048,3.811,8.568,0.170,-0.117,-0.010,-49.693,-56.153,35.077
1,2392589,-0.048,3.811,8.568,0.170,-0.117,-0.010,-49.620,-56.124,36.188
1,2392719,-0.073,3.509,8.289,0.053,-0.104,-0.013,-49.035,-56.241,35.034
1,2392736,-0.054,3.606,8.319,0.127,-0.103,-0.012,-49.576,-56.139,34.887
1,2392740,-0.022,3.706,8.338,0.143,-0.105,-0.012,-49.576,-56.139,34.887
1,2392744,-0.022,3.706,8.338,0.143,-0.105,-0.012,-49.576,-56.139,34.887
1,2393074,-0.073,4.111,9.628,0.095,-0.088,-0.022,-49.737,-56.519,34.084
1,2393126,-0.118,3.819,9.604,-0.009,-0.075,-0.028,-49.357,-56.533,34.361
1,2393130,-0.089,3.732,9.715,0.022,-0.081,-0.027,-49.357,-56.533,34.361
1,2393237,-0.071,3.593,9.632,0.111,-0.084,-0.023,-49.503,-55.949,33.806
1,2393247,-0.072,3.576,9.785,0.160,-0.088,-0.022,-49.503,-55.949,33.806
1,2393276,-0.089,3.945,9.760,0.246,-0.097,-0.018,-49.255,-56.182,34.011
1,2393279,-0.102,3.990,9.751,0.209,-0.093,-0.021,-49.255,-56.182,34.011
1,2393385,-0.078,4.178,10.427,0.290,-0.092,-0.027,-49.488,-56.182,34.727
1,2393457,-0.133,3.948,10.362,-0.039,-0.081,-0.032,-49.196,-56.504,34.303
1,2393666,-0.138,3.099,9.491,-0.202,-0.068,-0.056,-49.313,-56.533,34.054
1,2393696,-0.201,3.724,9.237,0.227,-0.095,-0.048,-49.547,-56.197,33.791
1,2393700,-0.190,3.724,9.237,0.282,-0.100,-0.045,-49.547,-56.197,33.791
1,2393726,-0.227,4.006,9.168,0.083,-0.090,-0.053,-49.649,-56.343,34.274
1,2393833,-0.139,4.231,9.051,0.101,-0.103,-0.060,-49.868,-56.445,33.704
1,2393846,-0.121,3.904,9.011,-0.084,-0.093,-0.062,-49.298,-56.592,33.572
1,2393906,-0.178,3.689,9.333,0.097,-0.098,-0.065,-49.766,-55.992,33.207
1,2393997,-0.117,3.850,9.578,0.021,-0.106,-0.068,-49.620,-56.212,33.397
1,2394000,-0.106,3.814,9.576,0.021,-0.110,-0.067,-49.620,-56.212,33.397
1,2394003,-0.106,3.814,9.576,0.039,-0.110,-0.067,-49.620,-56.212,33.397
1,2394026,-0.098,3.812,9.449,0.093,-0.115,-0.065,-49.445,-55.598,33.280
1,2394029,-0.065,3.800,9.403,0.093,-0.115,-0.065,-49.445,-55.598,33.280
1,2394033,-0.065,3.800,9.403,0.103,-0.117,-0.065,-49.313,-55.832,33.572
1,2394055,-0.061,3.766,9.482,0.090,-0.110,-0.068,-49.576,-56.182,37.270
1,2394059,-0.022,3.760,9.545,0.105,-0.110,-0.071,-49.415,-56.460,34.201
1,2394063,-0.022,3.760,9.545,0.105,-0.110,-0.071,-49.415,-56.460,34.201
1,2394086,-0.012,3.735,9.558,0.165,-0.123,-0.066,-49.415,-56.095,33.557
1,2394089,0.006,3.716,9.479,0.197,-0.126,-0.065,-49.415,-56.095,33.557
1,2394093,0.006,3.716,9.479,0.197,-0.126,-0.065,-49.094,-56.065,33.967
1,2394116,0.077,3.864,9.307,0.213,-0.120,-0.068,-49.693,-56.402,33.835
1,2394207,0.081,3.404,9.403,0.154,-0.111,-0.078,-49.605,-56.022,33.660
1,2394236,0.111,3.930,9.427,0.272,-0.117,-0.079,-49.050,-56.139,33.791
1,2394240,0.111,3.930,9.427,0.272,-0.117,-0.079,-49.050,-55.349,33.777
1,2394244,0.111,3.930,9.427,0.272,-0.117,-0.079,-49.050,-55.349,33.777
1,2394265,0.055,3.796,9.734,0.136,-0.101,-0.084,-49.372,-56.080,34.288
1,2394296,-0.056,3.742,10.733,0.340,-0.100,-0.086,-49.708,-56.270,33.294
1,2394299,-0.056,3.742,10.733,0.340,-0.100,-0.086,-49.708,-56.270,33.294
1,2394303,-0.071,4.002,10.958,0.484,-0.112,-0.081,-49.065,-56.314,33.382
1,2394326,-0.078,4.793,11.338,0.662,-0.122,-0.076,-49.313,-56.592,34.098
1,2394356,-0.060,5.561,11.580,0.320,-0.106,-0.084,-49.518,-56.752,34.902
1,2394360,-0.060,5.561,11.580,0.320,-0.106,-0.084,-49.518,-56.752,34.902
1,2394416,-0.221,4.202,11.032,-0.349,-0.081,-0.094,-49.635,-56.358,34.566
1,2394446,-0.318,3.888,10.719,-0.100,-0.086,-0.092,-49.240,-56.080,34.201
1,2394450,-0.331,3.846,10.621,0.213,-0.092,-0.088,-49.108,-55.642,33.835
1,2394536,-0.275,3.787,9.758,-0.128,-0.090,-0.082,-49.225,-56.489,33.674
1,2394595,-0.291,3.896,9.388,0.112,-0.115,-0.070,-49.562,-56.285,34.595
1,2394599,-0.252,3.951,9.265,0.048,-0.112,-0.070,-49.562,-56.285,34.595
1,2394603,-0.252,3.951,9.265,0.048,-0.112,-0.070,-49.562,-56.285,34.595
1,2394626,-0.290,3.287,9.212,-0.116,-0.101,-0.072,-49.401,-56.972,33.967
1,2394629,-0.290,3.287,9.212,-0.116,-0.101,-0.072,-49.401,-56.972,33.967
1,2394633,-0.290,3.287,9.212,-0.116,-0.101,-0.072,-49.211,-56.095,34.054
1,2394892,0.005,3.465,8.392,0.428,-0.140,-0.042,-49.298,-56.168,34.771
1,2394986,0.013,4.000,9.099,0.275,-0.123,-0.042,-49.415,-56.182,36.086
1,2394990,0.013,4.116,9.001,0.265,-0.126,-0.040,-49.415,-56.182,36.086
1,2395016,0.114,4.193,8.557,0.155,-0.120,-0.038,-49.357,-56.299,35.253
1,2395020,0.117,4.043,8.557,0.064,-0.112,-0.037,-49.357,-56.299,35.253
1,2395126,0.014,3.686,8.514,0.094,-0.099,-0.032,-49.357,-56.402,35.428
1,2395226,-0.079,3.965,8.959,0.100,-0.099,-0.022,-49.532,-56.285,35.165
1,2395230,-0.079,3.965,8.959,0.100,-0.099,-0.022,-49.532,-56.285,35.165
1,2395563,-0.020,3.765,8.282,0.034,-0.112,0.007,-49.985,-56.416,35.808
1,2395822,0.114,3.795,8.964,0.035,-0.081,-0.002,-50.234,-56.007,34.347
1,2395929,0.051,3.886,9.289,0.032,-0.075,-0.007,-50.073,-56.460,34.317
1,2395976,0.049,3.666,9.647,0.283,-0.089,-0.002,-49.912,-55.992,34.829
1,2395980,0.049,3.666,9.647,0.283,-0.089,-0.002,-49.868,-55.802,34.961
1,2395983,0.049,3.666,9.647,0.283,-0.089,-0.002,-49.868,-55.802,34.961
1,2396066,0.084,3.401,9.462,-0.128,-0.068,-0.013,-50.205,-56.621,34.683
1,2396070,0.084,3.401,9.462,-0.128,-0.068,-0.013,-50.205,-56.621,34.683
1,2396176,0.063,3.863,9.504,0.246,-0.088,-0.015,-50.088,-56.635,35.092
1,2396276,0.036,4.045,9.538,0.031,-0.078,-0.034,-49.942,-56.533,35.034
1,2396439,0.041,4.208,9.802,0.087,-0.089,-0.054,-49.912,-57.147,35.282
1,2396456,0.026,4.101,9.653,0.038,-0.087,-0.060,-50.132,-56.884,35.531
1,2396459,0.026,4.101,9.653,0.038,-0.087,-0.060,-50.132,-56.884,35.531
1,2396463,0.026,4.101,9.653,0.038,-0.087,-0.060,-50.132,-56.884,35.531
1,2396588,-0.041,4.350,9.812,0.077,-0.083,-0.075,-49.547,-57.249,34.873
1,2396606,-0.078,4.253,9.779,0.054,-0.089,-0.073,-49.474,-57.132,35.633
1,2396610,-0.078,4.253,9.779,0.054,-0.089,-0.073,-49.474,-57.132,35.633
1,2396613,-0.059,4.226,9.669,0.048,-0.090,-0.075,-49.474,-57.132,35.633
1,2396635,-0.079,4.219,9.468,-0.017,-0.087,-0.078,-49.708,-57.220,35.399
1,2396639,-0.079,4.219,9.468,-0.017,-0.087,-0.078,-49.386,-57.220,36.071
1,2396666,-0.115,3.963,9.588,-0.093,-0.076,-0.086,-49.328,-57.030,34.639
1,2396726,-0.097,4.207,9.504,0.161,-0.098,-0.078,-48.948,-56.825,35.457
1,2396729,-0.124,4.277,9.528,0.133,-0.095,-0.081,-48.948,-56.825,35.457
1,2396756,-0.122,4.210,9.669,0.062,-0.097,-0.079,-49.123,-57.556,35.019
1,2396786,-0.115,4.386,9.742,0.067,-0.101,-0.078,-49.401,-56.752,34.887
1,2396816,-0.079,4.327,9.709,-0.007,-0.100,-0.079,-48.948,-56.796,34.493
1,2396820,-0.079,4.327,9.709,-0.057,-0.100,-0.079,-48.948,-56.796,34.493
1,2396823,-0.079,4.327,9.709,-0.057,-0.100,-0.079,-48.962,-57.220,35.238
1,2396846,-0.108,3.973,9.826,-0.040,-0.105,-0.076,-48.977,-56.869,34.712
1,2396849,-0.108,3.973,9.826,-0.040,-0.105,-0.076,-49.094,-56.928,35.121
1,2396906,-0.068,4.457,10.125,0.095,-0.114,-0.076,-49.386,-57.001,34.639
1,2396966,-0.077,4.820,10.796,0.184,-0.126,-0.068,-49.123,-57.015,34.624
1,2396969,-0.077,4.820,10.796,0.184,-0.126,-0.068,-48.992,-56.621,34.858
1,2396973,-0.109,4.912,10.904,0.186,-0.131,-0.070,-48.992,-56.621,34.858
1,2396996,-0.080,5.020,11.293,0.147,-0.123,-0.070,-49.766,-56.811,35.077
1,2397026,-0.014,4.993,11.203,0.077,-0.134,-0.065,-49.576,-56.811,35.253
1,2397030,-0.014,4.993,11.203,0.077,-0.134,-0.065,-49.576,-56.811,35.253
1,2397033,0.002,4.947,11.029,0.037,-0.136,-0.065,-48.933,-57.059,34.712
1,2397055,-0.001,4.783,10.719,-0.119,-0.122,-0.070,-49.693,-56.592,34.785
1,2397059,-0.001,4.783,10.719,-0.119,-0.122,-0.070,-49.693,-56.592,34.785
1,2397085,-0.047,4.070,10.496,-0.253,-0.110,-0.076,-49.050,-56.884,34.829
1,2397089,-0.068,3.791,10.506,-0.253,-0.110,-0.075,-49.050,-56.884,34.829
1,2397145,-0.025,4.298,9.817,0.120,-0.128,-0.067,-49.342,-56.723,34.785
1,2397149,-0.013,4.284,9.793,0.045,-0.119,-0.068,-49.342,-56.723,34.785
1,2397176,-0.050,3.925,9.768,-0.094,-0.111,-0.073,-49.269,-56.314,34.902
1,2397179,-0.035,3.754,9.779,-0.098,-0.110,-0.076,-49.357,-56.212,34.902
1,2397183,-0.035,3.754,9.779,-0.098,-0.110,-0.076,-49.357,-56.212,34.902
1,2397206,-0.050,3.570,9.683,0.013,-0.114,-0.070,-49.722,-56.489,34.303
1,2397209,-0.028,3.578,9.517,0.088,-0.122,-0.068,-49.722,-56.489,34.303
1,2397213,-0.028,3.578,9.517,0.088,-0.122,-0.068,-49.722,-56.489,34.303
1,2397441,-0.013,4.350,9.224,-0.024,-0.092,-0.065,-49.635,-57.103,35.092
1,2397505,0.029,2.701,8.265,-0.178,-0.071,-0.060,-48.918,-55.875,33.733
1,2397536,0.041,2.991,8.577,0.415,-0.093,-0.049,-49.094,-56.051,33.616
1,2397540,0.086,3.367,8.510,0.415,-0.108,-0.042,-49.094,-56.051,33.616
1,2397566,0.083,4.210,8.359,0.590,-0.106,-0.038,-49.372,-56.489,34.771
1,2397570,0.057,4.466,8.356,0.432,-0.094,-0.042,-48.772,-55.832,34.595
1,2397656,0.020,3.360,8.069,-0.213,-0.064,-0.048,-49.664,-55.934,34.391
1,2397686,-0.011,3.045,8.030,-0.100,-0.070,-0.043,-49.503,-56.153,34.054
1,2397689,-0.011,3.045,8.030,-0.023,-0.072,-0.040,-49.503,-56.153,34.054
1,2397715,-0.056,3.016,8.143,0.370,-0.094,-0.024,-49.357,-56.548,34.858
1,2397719,-0.056,3.016,8.143,0.370,-0.094,-0.024,-49.357,-56.548,34.858
1,2397746,-0.067,3.716,8.395,0.531,-0.103,-0.024,-49.313,-56.972,34.391
1,2397750,-0.067,3.716,8.395,0.531,-0.103,-0.024,-49.313,-56.972,34.391
1,2397753,-0.067,3.716,8.395,0.531,-0.103,-0.024,-49.240,-56.402,34.975
1,2397835,-0.068,4.501,9.227,0.024,-0.087,-0.022,-49.562,-57.074,34.975
1,2397839,-0.068,4.501,9.227,0.024,-0.087,-0.022,-49.328,-56.329,35.750
1,2397843,-0.109,4.428,9.215,-0.088,-0.084,-0.026,-49.328,-56.329,35.750
1,2397865,-0.116,3.990,9.182,-0.241,-0.076,-0.026,-49.050,-56.445,34.712
1,2398059,-0.057,3.984,9.163,0.244,-0.123,0.004,-49.445,-56.840,34.858
1,2398076,-0.051,3.960,9.194,0.235,-0.128,0.002,-49.386,-56.635,35.267
1,2398080,-0.084,3.923,9.251,0.237,-0.125,0.005,-49.386,-56.635,35.267
1,2398083,-0.084,3.923,9.251,0.237,-0.125,0.005,-49.518,-56.329,34.668
1,2398105,-0.041,3.868,9.220,0.276,-0.127,0.011,-49.591,-56.621,34.449
1,2398166,0.035,3.912,8.919,0.131,-0.126,0.005,-49.591,-56.825,35.019
1,2398169,0.035,3.912,8.919,0.131,-0.126,0.005,-49.810,-56.358,35.896
1,2398173,0.035,3.912,8.919,0.131,-0.126,0.005,-49.810,-56.358,35.896
1,2398195,0.031,3.651,8.656,0.094,-0.123,0.009,-49.372,-56.767,34.917
1,2398199,0.031,3.651,8.656,0.094,-0.123,0.009,-49.372,-56.767,34.917
1,2398203,0.031,3.651,8.656,0.094,-0.123,0.009,-49.372,-56.767,34.917
1,2398225,0.028,3.455,8.358,0.128,-0.123,0.007,-49.562,-57.132,35.282
1,2398434,0.116,3.752,8.472,-0.448,-0.076,-0.023,-50.175,-56.825,35.428
1,2398496,0.092,3.558,8.296,0.327,-0.110,-0.005,-50.219,-56.738,35.750
1,2398500,0.096,3.896,8.339,0.367,-0.104,-0.007,-49.737,-56.489,36.320
1,2398585,0.141,3.659,8.438,-0.071,-0.078,-0.022,-49.678,-56.402,35.735
1,2398616,0.146,3.794,8.700,-0.029,-0.075,-0.024,-49.678,-56.402,34.624
1,2398620,0.146,3.794,8.700,-0.029,-0.075,-0.024,-49.678,-56.402,34.624
1,2398646,0.079,3.641,9.095,0.121,-0.076,-0.022,-49.825,-56.592,35.165
1,2398650,0.079,3.641,9.095,0.121,-0.076,-0.022,-49.825,-56.592,35.165
1,2398653,0.079,3.641,9.095,0.121,-0.076,-0.022,-49.825,-56.592,35.165
1,2398675,0.096,4.197,9.242,0.281,-0.092,-0.022,-50.015,-56.723,35.034
1,2398678,0.096,4.197,9.242,0.281,-0.092,-0.022,-50.015,-56.723,35.034
1,2398682,0.096,4.197,9.242,0.281,-0.092,-0.022,-50.015,-56.592,35.560
1,2398868,0.084,3.905,9.657,0.396,-0.100,-0.020,-49.781,-56.592,34.639
1,2398885,0.108,4.281,10.020,0.424,-0.101,-0.020,-49.649,-56.679,35.194
1,2398889,0.136,4.378,10.244,0.424,-0.103,-0.021,-49.649,-56.679,35.194
1,2398892,0.136,4.378,10.244,0.414,-0.103,-0.021,-49.488,-56.825,35.954
1,2398915,0.080,4.576,10.429,0.392,-0.108,-0.020,-49.518,-57.103,35.867
1,2399330,0.065,4.369,9.732,0.144,-0.103,-0.059,-49.956,-56.957,35.004
1,2399335,0.065,4.369,9.732,0.144,-0.103,-0.059,-50.015,-57.074,35.267
1,2399339,0.038,4.329,9.660,0.136,-0.108,-0.059,-50.015,-57.074,35.267
1,2399343,0.038,4.329,9.660,0.136,-0.108,-0.059,-50.015,-57.074,35.691
1,2399425,-0.001,3.986,9.461,-0.087,-0.090,-0.068,-50.248,-57.089,34.975
1,2399456,-0.006,3.995,9.105,0.108,-0.100,-0.064,-49.810,-57.205,35.253
1,2399486,0.022,4.293,9.016,0.120,-0.097,-0.068,-49.752,-57.030,35.633
1,2399545,-0.010,3.965,8.971,-0.015,-0.082,-0.071,-49.912,-57.176,35.282
1,2399549,-0.010,3.965,8.971,-0.015,-0.082,-0.071,-49.912,-57.176,35.282
1,2399553,-0.010,3.965,8.971,-0.015,-0.082,-0.071,-49.883,-56.840,35.472
1,2399575,0.000,3.955,8.992,0.098,-0.089,-0.067,-50.219,-56.869,35.019
1,2399606,-0.008,4.081,9.107,0.165,-0.087,-0.068,-49.635,-57.293,36.042
1,2399610,-0.008,4.081,9.107,0.165,-0.087,-0.068,-49.635,-57.293,36.042
1,2399613,-0.031,4.124,9.206,0.181,-0.086,-0.068,-49.386,-56.928,35.180
1,2399840,-0.081,3.562,9.245,0.018,-0.086,-0.061,-49.708,-56.840,34.975
1,2399906,0.000,4.160,9.275,0.182,-0.097,-0.060,-49.825,-57.176,35.092
1,2399965,-0.005,4.067,9.419,0.060,-0.095,-0.059,-49.562,-57.381,35.034
1,2399969,-0.005,4.067,9.419,0.060,-0.095,-0.059,-49.401,-56.942,35.604
1,2399996,0.004,4.131,9.492,0.072,-0.098,-0.057,-50.029,-57.015,35.194
1,2400056,0.030,4.039,9.567,0.191,-0.106,-0.053,-49.810,-57.366,35.355
1,2400059,0.030,4.039,9.567,0.191,-0.106,-0.053,-49.810,-57.366,35.355
1,2400063,0.068,4.159,9.608,0.213,-0.108,-0.053,-49.810,-57.366,35.355
1,2400085,0.050,4.368,9.619,0.191,-0.106,-0.053,-50.058,-57.045,35.472
1,2400116,0.059,4.378,9.659,0.018,-0.099,-0.056,-49.576,-57.118,34.478
1,2400120,0.059,4.378,9.659,0.018,-0.099,-0.056,-49.576,-57.118,34.478
1,2400123,0.031,4.342,9.675,-0.024,-0.097,-0.060,-49.576,-57.118,34.478
1,2400145,0.035,4.166,9.824,-0.033,-0.093,-0.056,-49.693,-57.469,35.092
1,2400251,0.048,4.120,9.598,0.127,-0.100,-0.049,-49.518,-57.176,34.537
1,2400266,0.054,4.159,9.571,0.143,-0.103,-0.045,-49.562,-56.899,34.975
1,2400355,0.041,4.729,10.850,0.330,-0.094,-0.043,-49.562,-57.220,35.399
1,2400462,0.042,4.973,10.916,-0.182,-0.067,-0.050,-49.225,-57.454,35.194
1,2400475,0.010,4.579,10.530,-0.417,-0.050,-0.059,-49.065,-57.089,34.741
1,2400479,0.010,4.579,10.530,-0.417,-0.050,-0.059,-49.065,-57.089,34.741
1,2400585,-0.127,4.644,9.684,0.172,-0.070,-0.042,-49.445,-56.972,33.996
1,2400656,-0.232,3.338,9.278,-0.189,-0.049,-0.043,-49.357,-56.431,33.645
1,2400660,-0.234,3.406,9.131,-0.087,-0.057,-0.043,-49.357,-56.431,33.645
1,2400663,-0.234,3.406,9.131,-0.087,-0.057,-0.043,-49.357,-56.431,33.645
1,2400715,-0.200,3.605,8.722,-0.034,-0.056,-0.039,-48.714,-56.299,34.186
1,2400746,-0.215,3.289,8.719,-0.067,-0.055,-0.038,-48.918,-56.255,33.791
1,2400750,-0.269,3.242,8.786,-0.024,-0.055,-0.037,-48.918,-56.255,33.791
1,2400776,-0.272,3.377,8.874,0.123,-0.071,-0.032,-48.977,-56.139,33.835
1,2400805,-0.211,3.673,8.797,0.280,-0.083,-0.023,-49.108,-56.343,34.157
1,2400895,-0.163,3.647,8.474,-0.121,-0.077,-0.023,-49.372,-56.635,33.601
1,2400899,-0.163,3.647,8.474,-0.121,-0.077,-0.023,-49.430,-55.802,33.441
1,2400902,-0.163,3.647,8.474,-0.121,-0.077,-0.023,-49.430,-55.802,33.441
1,2400955,-0.132,2.737,8.502,0.090,-0.092,-0.010,-49.313,-56.241,33.426
1,2401044,0.010,4.442,8.813,-0.039,-0.097,0.001,-49.050,-56.489,34.946
1,2401075,-0.019,3.297,8.948,-0.253,-0.083,-0.004,-49.620,-56.635,34.405
1,2401106,-0.047,3.332,9.418,0.195,-0.104,0.007,-49.415,-56.299,35.019
1,2401109,-0.056,3.604,9.430,0.359,-0.120,0.012,-49.488,-56.299,35.019
1,2401113,-0.056,3.604,9.430,0.359,-0.120,0.012,-49.488,-56.299,35.019
1,2401135,-0.004,4.116,9.301,0.522,-0.131,0.021,-49.678,-56.299,35.019
1,2401268,0.066,3.915,8.864,0.186,-0.119,0.028,-49.620,-56.592,34.595
1,2401345,0.043,3.360,8.697,0.164,-0.123,0.032,-49.284,-56.372,34.376
1,2401508,0.026,4.201,9.175,0.044,-0.123,0.038,-50.117,-56.709,35.428
1,2401659,0.030,4.044,8.983,0.263,-0.128,0.034,-50.205,-57.293,35.764
1,2401706,0.045,4.452,9.064,0.122,-0.123,0.027,-50.278,-56.913,36.729
1,2401765,0.157,4.283,8.885,-0.050,-0.108,0.013,-50.526,-57.015,36.495
1,2401769,0.157,4.283,8.885,-0.050,-0.108,0.013,-50.161,-56.840,37.124
1,2401773,0.157,4.236,8.912,-0.050,-0.108,0.013,-50.161,-56.840,37.124
1,2401794,0.190,4.266,8.900,0.075,-0.108,0.012,-50.205,-56.723,35.808
1,2401826,0.236,4.266,8.839,0.133,-0.110,0.007,-50.409,-57.059,36.217
1,2401884,0.251,4.235,8.906,0.120,-0.097,-0.004,-50.643,-57.015,36.597
1,2401916,0.255,4.168,8.992,0.101,-0.090,-0.010,-50.365,-56.986,35.984
1,2401919,0.255,4.168,8.992,0.101,-0.090,-0.010,-50.365,-56.986,35.984
1,2401922,0.288,4.144,9.023,0.111,-0.092,-0.012,-50.365,-56.986,35.984
1,2401946,0.240,4.184,9.019,0.138,-0.086,-0.012,-50.468,-57.147,36.700
1,2401950,0.255,4.238,9.016,0.138,-0.086,-0.016,-50.468,-57.147,36.700
1,2401975,0.213,4.378,8.940,0.104,-0.083,-0.021,-50.570,-57.089,36.495
1,2402036,0.185,3.994,8.349,-0.186,-0.062,-0.033,-50.234,-56.650,35.647
1,2402040,0.152,3.844,8.279,-0.173,-0.057,-0.035,-50.468,-56.738,35.984
1,2402125,0.072,3.880,8.158,0.042,-0.059,-0.042,-50.453,-56.767,35.384
1,2402155,0.019,3.775,8.140,0.055,-0.060,-0.043,-50.132,-56.825,35.472
1,2402159,0.019,3.775,8.140,0.055,-0.060,-0.043,-50.132,-56.182,35.911
1,2402162,0.019,3.775,8.140,0.055,-0.060,-0.043,-49.883,-56.182,35.911
1,2402185,0.007,3.875,8.112,0.083,-0.057,-0.045,-49.956,-56.372,35.911
1,2402246,0.012,3.872,7.893,-0.211,-0.049,-0.056,-50.146,-56.679,35.472
1,2402249,0.012,3.872,7.893,-0.211,-0.049,-0.056,-50.146,-56.679,35.472
1,2402305,0.010,3.040,7.590,-0.338,-0.043,-0.064,-49.985,-56.153,34.098
1,2402309,0.010,3.040,7.590,-0.338,-0.043,-0.064,-49.985,-56.153,34.098
1,2402396,0.038,3.515,8.541,0.186,-0.072,-0.057,-49.562,-56.124,33.835
1,2402425,0.085,3.947,8.847,0.153,-0.076,-0.057,-49.547,-56.212,33.879
1,2402456,0.128,3.758,9.300,0.071,-0.076,-0.061,-50.161,-55.978,34.756
1,2402515,0.112,4.532,9.787,0.260,-0.104,-0.050,-50.570,-56.095,34.215
1,2402519,0.133,4.564,9.710,0.173,-0.101,-0.051,-50.570,-56.095,34.215
1,2402523,0.133,4.564,9.710,0.173,-0.101,-0.051,-50.570,-56.095,34.215
1,2402544,0.148,4.205,9.748,-0.042,-0.088,-0.060,-49.766,-56.065,33.689
1,2402548,0.166,4.002,9.844,-0.079,-0.086,-0.065,-49.766,-56.065,33.689
1,2402552,0.166,4.002,9.844,-0.079,-0.086,-0.065,-49.386,-55.978,34.814
1,2402576,0.081,3.866,10.146,0.160,-0.101,-0.053,-50.029,-55.949,34.391
1,2402606,0.146,4.129,9.671,0.227,-0.114,-0.054,-49.649,-56.285,34.332
1,2402635,0.150,3.644,9.940,0.112,-0.095,-0.062,-49.722,-56.299,34.537
1,2402639,0.150,3.644,9.940,0.112,-0.095,-0.062,-49.927,-56.153,34.610
1,2402643,0.150,3.644,9.940,0.112,-0.095,-0.062,-49.927,-56.153,34.610
1,2402665,0.090,3.983,10.175,0.400,-0.114,-0.054,-49.620,-56.431,34.537
1,2402829,-0.093,3.771,10.027,0.280,-0.093,-0.075,-49.357,-56.519,34.142
1,2402875,-0.114,4.020,10.142,0.002,-0.075,-0.087,-50.000,-56.679,33.879
1,2402965,-0.139,4.195,10.415,0.111,-0.089,-0.088,-49.649,-56.533,34.332
1,2402969,-0.153,4.067,10.415,0.060,-0.093,-0.087,-49.576,-56.519,34.186
1,2402973,-0.153,4.067,10.415,0.060,-0.093,-0.087,-49.576,-56.519,34.186
1,2403539,-0.154,4.461,10.710,-0.094,-0.073,-0.097,-49.591,-57.191,35.443
1,2403625,-0.218,4.601,10.197,0.093,-0.087,-0.090,-49.167,-56.489,34.624
1,2403629,-0.218,4.601,10.197,0.093,-0.087,-0.090,-49.152,-56.153,35.560
1,2403632,-0.193,4.575,10.062,-0.031,-0.083,-0.092,-49.152,-56.153,35.560
1,2403655,-0.181,4.131,9.753,-0.277,-0.072,-0.093,-49.211,-56.431,34.785
1,2403715,-0.179,3.282,9.320,0.167,-0.104,-0.076,-49.225,-56.139,34.990
1,2403719,-0.132,3.537,9.210,0.167,-0.111,-0.073,-49.225,-56.139,34.990
1,2403723,-0.132,3.537,9.210,0.277,-0.111,-0.073,-49.225,-56.139,34.990
1,2403746,-0.055,3.986,8.941,0.275,-0.112,-0.066,-49.386,-56.314,34.975
1,2403852,0.038,2.852,8.054,0.044,-0.108,-0.057,-49.825,-56.241,35.004
1,2403866,0.096,3.248,7.875,0.192,-0.116,-0.055,-49.401,-56.255,35.151
1,2403895,0.109,3.689,7.726,0.294,-0.119,-0.048,-49.342,-56.431,34.347
1,2403956,0.145,3.363,8.205,-0.079,-0.089,-0.059,-49.839,-55.963,34.785
1,2403959,0.145,3.363,8.205,-0.079,-0.089,-0.059,-49.415,-55.495,34.814
1,2403962,0.145,3.363,8.205,-0.079,-0.089,-0.059,-49.415,-55.495,34.814
1,2403985,0.055,3.449,8.651,0.199,-0.106,-0.048,-49.678,-56.139,34.771
1,2403989,0.055,3.449,8.651,0.199,-0.106,-0.048,-49.678,-56.139,34.771
1,2403992,0.055,3.449,8.651,0.199,-0.106,-0.048,-49.678,-56.139,34.771
1,2404015,0.110,4.007,8.662,0.481,-0.125,-0.040,-49.240,-56.489,35.107
1,2404045,0.234,4.454,8.374,0.288,-0.116,-0.039,-49.591,-56.928,35.852
1,2404049,0.234,4.454,8.374,0.288,-0.116,-0.039,-49.591,-56.928,35.852
1,2404052,0.223,4.363,8.351,0.140,-0.100,-0.043,-49.591,-56.928,35.852
1,2404075,0.195,4.057,8.445,-0.060,-0.092,-0.050,-49.415,-56.782,35.121
1,2404079,0.195,4.057,8.445,-0.060,-0.092,-0.050,-49.415,-56.782,35.121
1,2404135,0.175,3.636,7.974,-0.010,-0.099,-0.042,-49.883,-56.241,35.326
1,2404196,0.093,3.722,8.395,0.187,-0.095,-0.042,-49.898,-56.635,35.063
1,2404225,0.044,4.035,8.685,0.379,-0.105,-0.033,-49.313,-57.162,34.581
1,2404228,0.033,4.211,8.710,0.395,-0.106,-0.033,-49.430,-56.182,35.253
1,2404232,0.033,4.211,8.710,0.395,-0.106,-0.033,-49.430,-56.182,35.253
1,2404254,0.055,4.506,8.846,0.327,-0.106,-0.034,-49.474,-56.548,34.887
1,2404286,-0.049,4.449,9.303,0.172,-0.095,-0.034,-49.342,-56.709,35.735
1,2404290,-0.065,4.434,9.374,0.164,-0.099,-0.033,-49.459,-56.533,35.940
1,2404292,-0.065,4.434,9.374,0.164,-0.099,-0.033,-49.459,-56.533,35.940
1,2404315,-0.079,4.494,9.252,0.153,-0.106,-0.028,-49.752,-56.621,35.764
1,2404345,-0.071,4.272,8.802,-0.119,-0.094,-0.033,-49.401,-56.899,35.706
1,2404375,-0.133,3.541,8.907,-0.081,-0.090,-0.032,-49.372,-56.562,35.063
1,2404379,-0.133,3.541,8.907,-0.081,-0.090,-0.032,-49.372,-56.562,35.063
1,2404382,-0.133,3.541,8.907,-0.081,-0.090,-0.032,-49.372,-56.562,35.063
1,2404508,-0.086,4.159,9.336,0.125,-0.112,-0.017,-49.313,-57.162,36.378
1,2404659,0.057,4.126,9.141,-0.033,-0.114,-0.013,-49.766,-56.782,36.101
1,2404706,0.068,3.766,9.013,-0.031,-0.114,-0.015,-49.722,-56.796,36.627
1,2404709,0.024,3.732,9.042,0.027,-0.117,-0.011,-49.722,-56.796,36.627
1,2404816,0.140,4.213,9.005,-0.006,-0.114,-0.013,-50.205,-56.899,36.495
1,2404916,0.098,3.723,8.247,0.235,-0.112,-0.011,-50.424,-56.416,36.539
1,2404946,0.075,4.094,7.887,0.353,-0.122,-0.007,-49.956,-56.489,36.700
1,2404949,0.075,4.094,7.887,0.353,-0.122,-0.007,-49.956,-56.489,36.700
1,2404953,0.085,4.193,7.688,0.291,-0.123,-0.009,-49.985,-56.299,36.524
1,2404975,0.098,4.111,7.196,0.022,-0.108,-0.015,-50.234,-56.519,36.481
1,2405005,0.081,3.349,6.931,-0.314,-0.079,-0.026,-50.132,-56.445,35.896
1,2405009,0.081,3.349,6.931,-0.314,-0.079,-0.026,-50.132,-56.445,35.896
1,2405012,0.065,3.120,7.065,-0.321,-0.075,-0.029,-50.190,-56.255,35.662
1,2405035,-0.002,3.016,7.395,-0.151,-0.083,-0.028,-50.219,-56.255,36.115
1,2405039,-0.002,3.016,7.395,-0.151,-0.083,-0.028,-50.322,-56.665,35.911
1,2405065,0.047,3.504,7.405,0.154,-0.106,-0.012,-50.468,-56.314,35.925
1,2405069,0.053,3.691,7.383,0.147,-0.108,-0.013,-50.468,-56.314,35.925
1,2405125,0.020,3.770,8.587,-0.032,-0.092,-0.020,-50.424,-56.402,35.238
1,2405156,0.005,4.309,8.912,0.071,-0.106,-0.012,-50.190,-56.445,35.735
1,2405159,0.037,4.439,8.977,0.017,-0.109,-0.012,-50.205,-55.905,35.501
1,2405185,0.086,4.180,9.077,-0.216,-0.098,-0.017,-50.322,-56.445,35.004
1,2405189,0.124,4.180,9.077,-0.319,-0.095,-0.021,-50.322,-56.445,35.004
1,2405193,0.124,4.180,9.077,-0.319,-0.095,-0.021,-50.322,-56.445,35.004
1,2405214,0.130,3.316,9.084,-0.346,-0.098,-0.016,-50.190,-56.139,35.808
1,2405246,0.109,3.498,8.901,0.108,-0.127,-0.005,-50.658,-56.153,35.311
1,2405250,0.109,3.498,8.901,0.108,-0.127,-0.005,-50.658,-56.153,35.311
1,2405252,0.109,3.498,8.901,0.108,-0.127,-0.005,-50.658,-56.153,35.311
1,2405275,0.136,3.589,9.505,0.248,-0.119,-0.010,-50.614,-56.036,34.975
1,2405366,0.318,4.591,10.037,0.002,-0.115,-0.012,-50.702,-56.416,35.852
1,2405425,0.294,3.355,9.647,-0.022,-0.108,-0.021,-51.125,-56.065,35.794
1,2405515,0.376,4.644,9.845,0.060,-0.079,-0.035,-51.198,-56.869,36.042
1,2405575,0.301,3.760,9.790,0.088,-0.071,-0.048,-50.906,-56.694,35.998
1,2405579,0.300,3.840,9.799,0.171,-0.070,-0.049,-50.906,-56.694,35.998
1,2405605,0.249,4.044,9.899,0.286,-0.066,-0.050,-50.336,-56.635,36.437
1,2405609,0.229,4.207,9.965,0.318,-0.067,-0.055,-50.336,-56.635,36.437
1,2405613,0.229,4.207,9.965,0.318,-0.067,-0.055,-50.380,-56.051,36.597
1,2405634,0.232,4.453,10.097,0.327,-0.065,-0.056,-50.570,-56.928,36.466
1,2405666,0.179,4.660,9.988,0.079,-0.046,-0.064,-50.614,-57.191,36.700
1,2405669,0.179,4.660,9.988,0.079,-0.046,-0.064,-50.614,-57.191,36.700
1,2405672,0.179,4.660,9.988,0.079,-0.046,-0.064,-49.942,-56.928,36.656
1,2405695,0.124,4.333,10.081,-0.140,-0.028,-0.072,-50.336,-56.825,36.349
1,2405699,0.124,4.333,10.081,-0.140,-0.028,-0.072,-50.775,-56.241,36.364
1,2405702,0.124,4.333,10.081,-0.140,-0.028,-0.072,-50.775,-56.241,36.364
1,2405755,0.067,4.349,9.881,0.183,-0.049,-0.061,-50.073,-56.986,36.101
1,2405786,0.032,4.491,9.893,0.049,-0.043,-0.066,-50.278,-56.855,36.787
1,2405815,0.005,4.186,9.854,-0.022,-0.046,-0.062,-50.409,-56.957,36.057
1,2405922,0.023,3.916,9.319,0.145,-0.073,-0.046,-50.453,-56.957,34.858
1,2405996,0.093,4.069,9.060,-0.032,-0.077,-0.045,-50.073,-56.709,35.253
1,2406025,0.103,3.900,9.092,-0.045,-0.075,-0.046,-50.307,-57.001,35.487
1,2406159,0.159,4.015,9.324,0.060,-0.093,-0.040,-49.898,-57.030,35.428
1,2406206,0.162,4.073,9.440,-0.013,-0.087,-0.044,-49.971,-56.782,34.814
1,2406209,0.162,4.073,9.440,-0.013,-0.087,-0.044,-49.971,-56.782,34.814
1,2406212,0.185,3.973,9.482,-0.013,-0.089,-0.044,-49.795,-56.738,35.370
1,2406675,-0.129,3.507,9.147,-0.018,-0.076,-0.046,-49.518,-56.358,34.595
1,2406746,0.006,3.856,8.722,0.122,-0.081,-0.037,-49.459,-56.635,34.551
1,2406805,-0.079,3.344,9.059,0.035,-0.065,-0.043,-49.562,-56.241,34.449
1,2406968,0.067,3.275,7.979,-0.423,-0.046,-0.045,-49.722,-55.393,33.835
1,2407015,-0.013,3.233,8.127,0.280,-0.079,-0.027,-49.518,-55.685,33.192
1,2407251,-0.217,3.762,9.117,0.248,-0.114,-0.005,-49.284,-52.762,35.107
1,2407315,-0.206,3.957,8.929,0.177,-0.125,0.000,-49.547,-56.387,34.668
1,2407319,-0.196,3.955,8.967,0.167,-0.125,0.001,-49.547,-56.387,34.668
1,2407375,-0.194,4.021,9.330,0.335,-0.139,0.007,-49.547,-56.489,36.086
1,2407379,-0.179,4.156,9.376,0.357,-0.144,0.010,-49.547,-56.489,36.086
1,2407486,0.008,4.108,9.118,0.132,-0.149,0.007,-49.912,-56.402,35.779
1,2407496,0.013,4.055,9.084,0.094,-0.140,0.005,-49.912,-56.402,35.779
1,2407500,0.013,4.055,9.084,0.094,-0.140,0.005,-49.868,-56.358,35.531
1,2407502,0.013,4.055,9.084,0.094,-0.140,0.005,-49.868,-56.358,35.531
1,2407627,0.121,4.110,9.241,0.114,-0.134,-0.005,-50.088,-56.796,35.545
1,2407675,0.144,3.986,8.990,0.005,-0.120,-0.017,-50.146,-57.205,35.823
1,2407706,0.138,3.943,8.997,0.112,-0.117,-0.018,-50.263,-56.299,36.451
1,2407708,0.098,4.065,9.021,0.160,-0.119,-0.020,-50.263,-56.299,36.451
1,2407765,0.080,4.305,8.967,0.073,-0.106,-0.027,-50.322,-56.548,36.261
1,2407795,0.061,4.179,8.865,0.043,-0.101,-0.031,-50.263,-56.709,36.407
1,2407799,0.055,4.165,8.863,0.051,-0.098,-0.029,-50.263,-56.709,36.407
1,2407885,0.012,4.404,8.924,0.112,-0.090,-0.039,-50.497,-56.592,36.159
1,2407945,-0.016,4.205,8.944,0.082,-0.087,-0.044,-49.752,-56.635,36.495
1,2407975,0.038,4.318,8.749,0.042,-0.089,-0.044,-49.927,-56.869,36.378
1,2408109,0.054,4.318,8.624,0.237,-0.097,-0.044,-49.985,-56.986,36.422
1,2408125,0.074,4.373,8.515,0.059,-0.092,-0.045,-50.044,-57.103,36.144
1,2408129,0.086,4.315,8.387,0.059,-0.092,-0.046,-50.044,-57.103,36.144
1,2408132,0.086,4.315,8.387,-0.044,-0.093,-0.046,-50.044,-56.884,36.378
1,2408155,0.068,4.114,8.176,-0.254,-0.083,-0.050,-50.102,-57.089,35.457
1,2408261,0.055,3.777,8.227,0.104,-0.112,-0.044,-49.488,-56.036,35.004
1,2408275,0.096,3.796,8.311,0.101,-0.114,-0.044,-49.956,-56.124,35.019
1,2408279,0.089,3.851,8.378,0.114,-0.117,-0.043,-49.956,-56.124,35.019
1,2408283,0.089,3.851,8.378,0.114,-0.117,-0.043,-49.678,-55.671,34.697
1,2408818,0.237,3.736,9.793,0.323,-0.122,-0.040,-50.292,-57.074,35.063
1,2408875,0.317,4.321,9.809,0.187,-0.094,-0.057,-50.585,-57.322,36.144
1,2408879,0.317,4.321,9.809,0.187,-0.094,-0.057,-50.585,-57.322,36.144
1,2408906,0.300,4.260,9.819,0.186,-0.083,-0.062,-50.351,-56.782,36.802
1,2409115,0.012,4.497,9.660,-0.034,-0.017,-0.092,-50.161,-57.030,35.794
1,2409791,-0.171,3.492,9.123,-0.159,-0.062,-0.060,-49.284,-56.255,33.718
1,2409866,-0.196,3.794,8.642,-0.031,-0.072,-0.049,-49.591,-56.665,33.514
1,2410131,0.047,3.696,8.294,0.101,-0.137,-0.004,-49.781,-56.402,34.186
1,2410225,0.147,4.475,8.319,0.513,-0.175,0.018,-49.386,-56.752,34.537
1,2410286,0.144,3.782,8.657,-0.071,-0.123,0.001,-49.898,-56.621,35.107
1,2410289,0.144,3.782,8.657,-0.071,-0.123,0.001,-49.547,-56.343,35.384
1,2410345,0.207,4.260,8.576,0.330,-0.144,0.013,-49.942,-57.118,35.384
1,2410349,0.207,4.430,8.534,0.330,-0.138,0.012,-49.708,-56.562,35.326
1,2410352,0.207,4.430,8.534,0.288,-0.138,0.012,-49.708,-56.562,35.326
1,2410375,0.231,4.338,8.508,0.094,-0.123,0.004,-49.445,-56.621,35.852
1,2410378,0.240,4.214,8.550,0.094,-0.123,0.002,-49.445,-56.621,35.852
1,2410381,0.240,4.214,8.550,0.037,-0.116,0.002,-49.445,-56.621,35.852
1,2410435,0.111,4.388,8.623,0.280,-0.128,0.007,-49.357,-56.884,35.428
1,2410496,0.004,4.105,8.900,0.042,-0.100,-0.002,-49.839,-56.577,36.261
1,2410499,0.004,4.105,8.900,0.112,-0.104,0.000,-49.839,-56.577,36.261
1,2410708,0.062,4.146,8.556,0.195,-0.103,-0.011,-50.424,-57.132,36.276
1,2410735,0.059,4.203,8.418,0.028,-0.098,-0.016,-50.292,-57.264,36.466
1,2410795,0.080,3.772,8.106,-0.004,-0.094,-0.020,-50.161,-56.606,36.071
1,2410826,0.111,3.911,8.008,0.108,-0.099,-0.017,-49.942,-56.665,35.764
1,2410829,0.099,3.996,7.957,0.109,-0.099,-0.018,-50.088,-56.460,36.320
1,2410916,0.083,3.863,8.179,-0.039,-0.086,-0.023,-50.351,-56.752,34.931
1,2410919,0.083,3.863,8.179,-0.004,-0.090,-0.024,-50.351,-56.752,34.931
1,2411026,0.185,3.363,7.937,-0.272,-0.077,-0.033,-50.146,-55.861,34.522
1,2411036,0.141,3.229,8.079,-0.226,-0.077,-0.035,-49.825,-56.489,34.858
1,2411039,0.141,3.229,8.079,-0.226,-0.077,-0.035,-49.825,-56.489,34.858
1,2411125,0.153,4.201,9.143,0.166,-0.101,-0.028,-50.161,-56.314,34.800
1,2411185,0.188,4.160,9.569,-0.097,-0.093,-0.027,-49.532,-56.095,34.814
1,2411318,0.232,4.295,10.582,0.421,-0.111,-0.031,-49.459,-56.884,34.829
1,2411395,0.209,4.225,10.499,-0.128,-0.072,-0.055,-49.912,-57.015,34.975
1,2411399,0.209,4.225,10.499,-0.109,-0.072,-0.055,-49.912,-57.015,34.975
1,2411455,0.179,4.728,10.051,0.181,-0.079,-0.056,-49.883,-57.366,35.808
1,2411665,0.011,4.014,9.334,-0.105,-0.062,-0.075,-49.810,-56.650,34.990
1,2411771,0.063,4.402,9.582,0.132,-0.092,-0.064,-49.752,-56.986,35.238
1,2411815,0.025,4.178,9.722,-0.011,-0.086,-0.067,-49.430,-56.767,35.121
1,2412025,0.043,4.268,10.399,-0.024,-0.094,-0.070,-49.678,-57.264,34.858
1,2412085,-0.031,4.514,9.680,-0.291,-0.079,-0.083,-49.474,-56.752,34.654
1,2412321,-0.012,3.614,8.849,-0.075,-0.065,-0.087,-49.985,-56.621,33.879
1,2412385,-0.053,3.829,8.967,0.089,-0.054,-0.093,-49.532,-56.416,33.587
1,2412389,-0.053,3.829,8.967,0.089,-0.054,-0.093,-49.532,-56.416,33.587
1,2412393,-0.071,3.922,8.912,0.089,-0.054,-0.094,-49.532,-52.675,34.303
1,2412415,-0.079,3.995,8.794,0.076,-0.050,-0.092,-49.445,-56.533,33.908
1,2412418,-0.079,3.995,8.794,0.076,-0.050,-0.092,-49.372,-55.949,34.069
1,2412608,-0.225,4.209,8.955,-0.055,-0.073,-0.071,-48.904,-56.387,34.434
1,2412625,-0.181,4.153,8.853,-0.140,-0.077,-0.068,-49.225,-56.431,33.981
1,2412685,-0.218,3.739,8.964,0.224,-0.112,-0.046,-48.992,-56.592,34.317
1,2412775,-0.048,4.032,8.858,0.137,-0.138,-0.028,-49.562,-56.606,33.937
1,2413071,0.008,4.093,9.047,0.272,-0.127,-0.034,-49.503,-57.103,35.428
1,2413076,0.008,4.093,9.047,0.272,-0.127,-0.034,-49.503,-57.103,35.428
1,2413135,-0.102,3.764,9.211,0.121,-0.111,-0.040,-49.474,-57.352,35.691
1,2413139,-0.079,3.764,9.211,0.159,-0.116,-0.042,-49.474,-57.352,35.691
1,2413142,-0.079,3.764,9.211,0.159,-0.116,-0.042,-49.298,-57.045,36.013
1,2413165,-0.057,4.028,9.106,0.243,-0.122,-0.039,-49.781,-57.556,36.013
1,2413168,-0.074,4.028,9.106,0.249,-0.120,-0.038,-49.781,-57.556,36.013
1,2413195,-0.102,4.050,9.036,0.144,-0.112,-0.042,-49.693,-57.264,35.911
1,2413199,-0.102,4.050,9.036,0.144,-0.112,-0.042,-49.693,-57.264,35.911
1,2413203,-0.102,4.050,9.036,0.144,-0.112,-0.042,-49.854,-57.337,36.159
1,2413224,-0.134,3.896,9.265,0.082,-0.109,-0.048,-50.205,-57.542,35.735
1,2413388,-0.056,4.530,9.041,0.044,-0.116,-0.045,-49.825,-57.337,36.349
1,2413435,0.020,4.459,8.958,-0.022,-0.114,-0.050,-50.044,-57.176,36.437
1,2413439,0.069,4.447,8.942,-0.022,-0.114,-0.050,-50.044,-57.176,36.437
1,2413442,0.069,4.447,8.942,0.000,-0.116,-0.050,-50.044,-57.176,36.437
1,2413464,0.041,4.493,8.871,0.067,-0.116,-0.050,-49.912,-56.899,36.144
1,2413496,0.109,4.685,8.737,0.086,-0.122,-0.048,-50.161,-56.928,35.940
1,2413555,0.106,4.394,8.700,-0.010,-0.115,-0.050,-49.591,-56.884,35.618
1,2413585,0.104,4.356,8.428,0.016,-0.117,-0.050,-49.781,-57.089,36.291
