1,1571808,-0.747,-9.086,2.648,0.184,-0.112,-0.090,-52.265,-27.740,69.278
1,1571812,-0.657,-8.867,2.601,0.137,-0.110,-0.094,-52.265,-27.740,69.278
1,1571816,-0.657,-8.867,2.601,0.137,-0.110,-0.094,-52.265,-27.726,69.088
1,1571819,-0.657,-8.867,2.601,0.137,-0.110,-0.094,-52.528,-27.726,69.088
1,1571901,-0.659,-9.229,2.477,0.068,-0.106,-0.092,-52.338,-27.989,70.564
1,1571905,-0.659,-9.229,2.477,0.068,-0.106,-0.092,-52.075,-27.930,70.564
1,1571909,-0.610,-9.227,2.345,0.068,-0.106,-0.092,-52.075,-27.930,70.564
1,1571930,-0.585,-9.618,2.408,-0.005,-0.088,-0.072,-51.915,-27.638,69.877
1,1571934,-0.585,-9.618,2.408,-0.005,-0.088,-0.072,-51.915,-27.638,69.877
1,1571938,-0.891,-9.727,2.443,-0.005,-0.088,-0.072,-51.915,-27.638,69.877
1,1571960,-0.549,-9.527,2.291,0.009,-0.104,-0.089,-52.222,-27.638,70.491
1,1571964,-0.549,-9.527,2.291,0.009,-0.104,-0.089,-52.119,-27.214,70.360
1,1571991,-0.573,-9.458,2.491,0.125,-0.093,-0.061,-52.148,-27.711,69.994
1,1572021,-0.571,-9.655,2.278,0.004,-0.100,-0.070,-52.192,-27.814,69.848
1,1572025,-0.571,-9.655,2.278,0.004,-0.100,-0.070,-51.622,-27.521,70.228
1,1572029,-0.631,-9.796,2.285,-0.022,-0.092,-0.073,-51.622,-27.521,70.228
1,1572051,-0.748,-9.917,2.337,0.136,-0.098,-0.066,-52.207,-27.697,70.360
1,1572055,-0.748,-9.917,2.276,0.136,-0.098,-0.066,-52.207,-27.697,70.360
1,1572058,-0.702,-9.809,2.276,0.291,-0.112,-0.061,-52.207,-27.697,70.360
1,1572111,-0.680,-8.435,2.486,0.127,-0.100,-0.066,-52.222,-27.945,69.643
1,1572115,-0.743,-8.530,2.414,-0.026,-0.093,-0.064,-52.222,-27.945,69.643
1,1572119,-0.743,-8.530,2.414,-0.026,-0.093,-0.064,-52.222,-27.945,69.643
1,1572140,-0.888,-9.302,2.404,-0.159,-0.076,-0.048,-52.412,-28.047,69.950
1,1572144,-0.881,-9.362,2.410,-0.114,-0.081,-0.057,-52.412,-28.047,69.950
1,1572148,-0.881,-9.362,2.410,-0.114,-0.081,-0.057,-52.251,-27.857,70.696
1,1572170,-0.837,-9.052,2.340,0.017,-0.090,-0.064,-52.499,-27.550,70.550
1,1572202,-0.948,-9.115,2.493,0.089,-0.092,-0.038,-52.821,-27.536,70.272
1,1572205,-0.961,-9.191,2.456,0.038,-0.090,-0.044,-52.821,-27.536,70.272
1,1572261,-0.951,-9.842,2.316,-0.371,-0.061,-0.055,-52.645,-28.033,71.500
1,1572265,-0.951,-9.842,2.316,-0.371,-0.061,-0.055,-52.645,-28.033,71.500
1,1572291,-0.846,-10.083,2.262,-0.111,-0.064,-0.064,-52.733,-27.624,71.178
1,1572295,-0.846,-10.083,2.262,-0.111,-0.064,-0.064,-52.616,-26.980,71.894
1,1572298,-0.846,-10.083,2.262,-0.111,-0.064,-0.064,-52.616,-26.980,71.894
1,1572321,-0.698,-9.167,2.338,0.143,-0.095,-0.045,-52.909,-27.214,71.412
1,1572351,-0.646,-9.582,2.310,-0.329,-0.046,-0.055,-52.631,-27.390,72.303
1,1572355,-0.646,-9.582,2.310,-0.329,-0.046,-0.055,-48.889,-26.878,72.537
1,1572359,-0.681,-9.974,2.340,-0.329,-0.046,-0.050,-52.017,-26.878,72.537
1,1572380,-0.580,-9.827,2.079,-0.090,-0.082,-0.055,-52.470,-27.638,72.581
1,1572384,-0.580,-9.827,2.079,-0.090,-0.082,-0.055,-52.470,-27.638,72.581
1,1572388,-0.499,-9.387,2.048,-0.090,-0.082,-0.055,-52.470,-27.638,72.581
1,1572411,-0.523,-8.940,2.357,0.011,-0.065,-0.033,-52.295,-27.185,72.186
1,1572441,-0.444,-9.377,2.084,-0.356,-0.060,-0.051,-52.485,-27.404,73.853
1,1572445,-0.444,-9.377,2.084,-0.356,-0.060,-0.051,-52.485,-27.404,73.853
1,1572449,-0.492,-9.639,2.155,-0.414,-0.043,-0.045,-52.485,-27.404,73.853
1,1572470,-0.607,-10.045,2.258,-0.341,-0.050,-0.040,-52.309,-27.156,73.780
1,1572474,-0.607,-10.045,2.258,-0.341,-0.050,-0.040,-52.309,-27.156,73.780
1,1572478,-0.581,-9.884,2.084,-0.246,-0.071,-0.045,-52.178,-27.170,74.642
1,1572500,-0.501,-9.946,1.926,-0.131,-0.076,-0.027,-52.222,-27.156,74.057
1,1572532,-0.645,-10.056,2.107,-0.077,-0.082,-0.034,-52.821,-27.653,75.066
1,1572561,-0.684,-10.240,1.982,-0.277,-0.057,-0.024,-52.485,-27.521,75.387
1,1572564,-0.770,-10.452,2.055,-0.345,-0.054,-0.026,-52.192,-27.127,75.197
1,1572568,-0.770,-10.452,2.055,-0.345,-0.054,-0.026,-52.192,-27.127,75.197
1,1572590,-0.750,-10.697,1.880,-0.420,-0.064,-0.042,-52.426,-27.273,75.577
1,1572651,-0.780,-11.527,1.802,0.062,-0.094,-0.022,-51.871,-27.346,76.966
1,1572742,-0.916,-11.221,2.283,0.567,-0.131,-0.013,-52.338,-27.770,75.460
1,1572745,-0.916,-11.221,2.283,0.567,-0.131,-0.013,-52.338,-27.770,75.460
1,1572749,-0.916,-11.221,2.283,0.567,-0.131,-0.013,-52.017,-27.463,74.890
1,1572874,-1.056,-10.686,2.760,0.976,-0.151,0.020,-52.602,-27.843,68.547
1,1572891,-0.927,-10.689,2.841,0.971,-0.162,-0.005,-52.587,-28.164,67.875
1,1572895,-0.927,-10.689,2.841,0.971,-0.162,-0.005,-52.207,-27.331,67.743
1,1573001,-1.019,-9.575,4.402,1.686,-0.213,0.007,-52.412,-29.158,59.471
1,1573011,-1.077,-9.265,4.558,1.736,-0.208,0.018,-52.280,-28.822,58.740
1,1573015,-1.202,-9.221,4.716,1.725,-0.200,0.031,-52.280,-28.822,58.740
1,1573174,-0.893,-7.638,6.327,2.363,-0.243,0.043,-52.119,-32.096,45.250
1,1573251,-0.720,-6.578,7.091,1.969,-0.222,0.015,-52.251,-33.879,38.731
1,1573255,-0.720,-6.578,7.091,1.969,-0.222,0.015,-52.251,-33.879,38.731
1,1573258,-0.651,-6.586,7.073,1.976,-0.220,0.015,-52.251,-33.879,38.731
1,1573341,-0.528,-4.869,7.870,1.880,-0.202,0.018,-52.046,-36.714,34.054
1,1573345,-0.528,-4.869,7.870,1.880,-0.202,0.018,-52.046,-36.714,34.054
1,1573348,-0.524,-4.726,8.096,1.903,-0.199,0.015,-51.812,-36.831,33.835
1,1573371,-0.459,-3.813,8.384,2.081,-0.217,0.035,-52.061,-37.708,33.017
1,1573375,-0.459,-3.813,8.384,2.081,-0.217,0.035,-51.505,-37.664,33.426
1,1573377,-0.422,-3.474,8.395,2.043,-0.224,0.048,-51.505,-37.664,33.426
1,1573401,-0.345,-3.203,8.166,1.665,-0.199,0.021,-52.236,-38.527,31.906
1,1573405,-0.345,-3.203,8.108,1.665,-0.199,0.021,-52.236,-38.527,31.906
1,1573408,-0.316,-3.133,8.108,1.450,-0.182,0.009,-52.236,-38.527,31.906
1,1573460,-0.388,-3.472,8.247,1.696,-0.209,0.034,-51.929,-39.915,29.962
1,1573464,-0.254,-3.081,7.967,1.754,-0.219,0.032,-51.929,-39.915,29.962
1,1573468,-0.254,-3.081,7.967,1.754,-0.219,0.032,-51.929,-39.915,29.962
1,1573491,-0.233,-3.417,7.894,1.751,-0.188,0.035,-51.929,-40.617,30.167
1,1573495,-0.325,-3.326,8.158,1.852,-0.189,0.037,-51.929,-40.617,30.167
1,1573498,-0.325,-3.326,8.158,1.852,-0.189,0.037,-51.184,-40.675,30.474
1,1573551,-0.006,-1.889,8.079,1.978,-0.213,0.050,-51.710,-43.028,29.947
1,1573745,0.151,2.477,7.981,1.421,-0.211,0.054,-52.909,-50.248,34.142
1,1573761,0.057,2.656,7.397,1.004,-0.180,0.034,-52.382,-50.570,34.902
1,1573765,0.057,2.656,7.397,1.004,-0.180,0.034,-52.178,-49.547,35.355
1,1573852,0.039,3.776,7.719,-0.535,-0.054,-0.009,-52.850,-49.795,34.493
1,1573855,0.029,3.381,8.097,-0.553,-0.055,-0.013,-52.850,-49.795,34.493
1,1573859,0.029,3.381,8.097,-0.553,-0.055,-0.013,-52.850,-49.795,34.493
1,1573880,0.048,3.881,8.413,-0.205,-0.099,-0.017,-52.631,-49.795,34.288
1,1573884,0.045,4.476,8.575,-0.205,-0.106,-0.005,-52.631,-49.795,34.288
1,1573912,-0.087,4.973,9.318,0.009,-0.094,0.004,-52.806,-49.912,34.610
1,1574001,0.413,5.180,10.719,-0.472,-0.098,-0.010,-53.289,-49.649,34.405
1,1574005,0.413,5.180,10.719,-0.627,-0.098,-0.010,-53.289,-49.649,34.405
1,1574214,0.458,0.814,7.679,0.018,-0.200,0.033,-53.215,-47.837,32.520
1,1574242,0.342,1.615,8.160,0.337,-0.176,0.026,-53.142,-47.998,33.134
1,1574246,0.342,1.615,8.160,0.337,-0.176,0.026,-53.215,-47.691,33.134
1,1574249,0.269,1.516,8.422,0.260,-0.181,0.037,-53.215,-47.691,33.134
1,1574271,0.279,0.979,7.999,0.031,-0.202,0.027,-53.142,-47.486,32.724
1,1574332,0.177,1.725,8.826,0.313,-0.217,0.005,-53.172,-47.662,33.002
1,1574335,0.276,1.693,8.684,0.150,-0.215,0.009,-53.172,-47.662,33.002
1,1574421,0.374,1.115,8.953,-1.284,-0.133,-0.017,-53.347,-46.434,32.403
1,1574425,0.499,0.663,8.953,-1.481,-0.140,-0.027,-53.347,-46.434,32.403
1,1574657,0.197,-3.903,8.863,-1.868,-0.110,-0.101,-54.180,-38.863,33.601
1,1574721,0.159,-5.133,8.766,-1.531,-0.067,-0.087,-54.136,-36.247,36.130
1,1575034,0.001,-9.277,6.202,-1.450,0.010,-0.015,-54.575,-30.649,53.405
1,1575082,-0.050,-10.203,6.127,-1.294,0.013,0.011,-54.370,-29.991,56.650
1,1575085,-0.050,-10.203,6.127,-1.294,0.013,0.011,-54.370,-29.991,56.650
1,1575088,-0.091,-10.135,6.126,-1.194,-0.002,0.009,-53.946,-30.386,57.395
1,1575141,-0.177,-10.487,6.297,-0.886,-0.010,0.054,-54.151,-29.334,60.129
1,1575171,-0.214,-10.336,6.266,-0.661,-0.018,0.067,-54.560,-29.772,61.166
1,1575175,-0.250,-10.380,6.443,-0.661,-0.018,0.082,-54.575,-28.968,61.488
1,1575261,-0.194,-10.043,6.526,0.128,-0.067,0.115,-53.975,-29.041,61.824
1,1575265,-0.181,-10.052,6.511,0.237,-0.068,0.126,-53.975,-29.041,61.824
1,1575269,-0.181,-10.052,6.511,0.237,-0.068,0.126,-53.975,-29.041,61.824
1,1575291,-0.239,-9.967,6.631,0.429,-0.062,0.133,-54.049,-29.012,61.239
1,1575294,-0.257,-9.830,6.565,0.513,-0.077,0.127,-54.049,-29.012,61.239
1,1575298,-0.257,-9.830,6.565,0.513,-0.077,0.127,-53.289,-28.954,61.196
1,1575321,-0.221,-9.922,6.512,0.666,-0.083,0.144,-53.391,-29.377,60.406
1,1575352,-0.195,-9.447,6.520,1.063,-0.100,0.142,-53.230,-29.348,59.076
1,1575355,-0.195,-9.447,6.520,1.063,-0.100,0.142,-53.230,-29.348,59.076
1,1575359,-0.195,-9.447,6.520,1.063,-0.100,0.142,-52.704,-29.144,58.916
1,1575381,-0.324,-9.947,6.610,1.038,-0.081,0.155,-53.318,-28.968,58.126
1,1575441,-0.325,-9.360,6.617,1.167,-0.076,0.140,-52.952,-29.567,53.932
1,1575446,-0.325,-9.360,6.617,1.167,-0.076,0.140,-52.996,-29.670,53.932
1,1575449,-0.342,-9.611,6.613,1.167,-0.076,0.130,-52.996,-29.670,53.932
1,1575471,-0.409,-9.500,6.640,1.247,-0.072,0.133,-52.543,-29.860,52.528
1,1575532,-0.573,-9.411,6.833,1.080,-0.054,0.121,-52.528,-30.576,48.714
1,1575536,-0.573,-9.411,6.833,1.080,-0.054,0.121,-52.528,-30.576,48.714
1,1575539,-0.611,-9.438,6.818,1.201,-0.066,0.119,-52.528,-30.576,48.714
1,1575561,-0.534,-9.113,6.609,1.444,-0.090,0.119,-52.338,-31.102,47.705
1,1575565,-0.534,-9.113,6.609,1.444,-0.090,0.119,-52.032,-30.883,47.384
1,1575568,-0.565,-9.033,6.610,1.532,-0.088,0.120,-52.032,-30.883,47.384
1,1575591,-0.677,-8.686,6.827,1.682,-0.094,0.114,-51.856,-31.862,45.440
1,1575594,-0.677,-8.686,6.827,1.682,-0.094,0.114,-51.856,-31.862,45.440
1,1575622,-0.695,-8.317,6.899,1.761,-0.101,0.105,-51.798,-32.447,43.905
1,1575711,-0.580,-6.467,7.917,2.203,-0.127,0.081,-51.783,-34.595,37.167
1,1575715,-0.631,-6.151,8.037,2.219,-0.125,0.077,-51.783,-34.595,37.167
1,1575719,-0.631,-6.151,8.037,2.219,-0.125,0.077,-51.783,-34.595,37.167
1,1575741,-0.621,-5.501,8.413,2.144,-0.116,0.071,-51.520,-35.209,35.341
1,1575772,-0.596,-5.409,8.584,2.010,-0.117,0.055,-51.491,-35.852,34.288
1,1575862,-0.772,-3.949,9.380,2.316,-0.149,0.049,-51.315,-39.711,30.532
1,1575865,-0.772,-3.949,9.380,2.316,-0.149,0.049,-51.315,-39.711,30.532
1,1575892,-0.659,-2.990,9.095,2.293,-0.156,0.034,-51.359,-40.792,29.626
1,1575921,-0.650,-2.897,9.482,2.388,-0.161,0.033,-51.432,-41.844,29.290
1,1575925,-0.650,-2.897,9.482,2.388,-0.161,0.033,-51.432,-41.844,29.290
1,1575929,-0.577,-2.581,9.295,2.522,-0.187,0.044,-51.432,-41.844,29.290
1,1575952,-0.518,-1.754,9.053,2.528,-0.189,0.035,-51.476,-42.809,29.319
1,1575956,-0.518,-1.754,9.053,2.528,-0.189,0.035,-51.476,-42.809,29.319
1,1575958,-0.579,-1.470,9.136,2.398,-0.170,0.020,-51.023,-43.218,29.626
1,1575982,-0.562,-1.650,9.296,2.281,-0.166,0.016,-51.432,-44.928,29.962
1,1576011,-0.234,-0.581,8.944,2.579,-0.208,0.028,-50.892,-45.966,29.904
1,1576015,-0.234,-0.581,8.944,2.579,-0.208,0.028,-50.892,-45.966,29.904
1,1576102,0.538,1.409,8.087,1.418,-0.162,0.009,-51.286,-48.845,31.453
1,1576105,0.554,1.338,7.864,1.241,-0.171,0.012,-51.768,-48.787,32.461
1,1576162,0.477,0.910,7.011,1.506,-0.228,0.033,-51.871,-50.424,33.850
1,1576473,0.214,8.434,9.287,-0.729,-0.165,-0.024,-52.865,-54.735,42.590
1,1576492,0.340,7.838,9.624,-0.974,-0.169,-0.028,-52.675,-54.414,42.137
1,1576701,1.061,4.604,6.114,-0.957,-0.189,-0.020,-53.961,-52.134,38.731
1,1576704,1.007,4.604,6.114,-1.134,-0.175,-0.024,-53.464,-51.388,38.614
1,1576708,1.007,4.604,6.114,-1.134,-0.175,-0.024,-53.464,-51.388,38.614
1,1576731,0.841,3.924,5.697,-1.675,-0.139,-0.046,-53.698,-51.023,37.489
1,1576735,0.841,3.924,5.697,-1.675,-0.139,-0.046,-53.698,-51.023,37.489
1,1577203,-0.014,-7.390,8.383,-2.006,0.086,-0.082,-53.961,-35.224,37.738
1,1577580,-1.162,-11.579,5.573,-0.753,0.035,0.099,-52.485,-28.223,65.814
1,1577601,-1.084,-11.525,5.518,-0.393,-0.009,0.101,-52.865,-28.442,65.785
1,1577605,-1.084,-11.525,5.518,-0.393,-0.009,0.101,-52.865,-28.442,65.785
1,1577711,-0.737,-9.997,5.701,0.972,-0.090,0.147,-52.222,-28.208,63.797
1,1577721,-0.745,-9.939,5.626,0.991,-0.090,0.156,-52.280,-28.369,62.964
1,1577725,-0.745,-9.939,5.626,0.991,-0.090,0.156,-52.280,-28.369,62.964
1,1577729,-0.773,-10.271,5.669,0.971,-0.079,0.162,-52.280,-28.369,62.964
1,1577811,-0.800,-10.394,5.615,1.203,-0.093,0.149,-51.812,-28.574,59.018
1,1577815,-0.757,-10.481,5.506,1.203,-0.093,0.149,-51.812,-28.574,59.018
1,1577872,-0.952,-9.949,5.805,1.638,-0.115,0.159,-50.687,-29.421,53.493
1,1577875,-0.963,-10.197,5.800,1.649,-0.111,0.159,-50.687,-29.421,53.493
1,1577878,-0.963,-10.197,5.800,1.649,-0.111,0.159,-51.374,-29.684,52.543
1,1577901,-0.975,-9.891,6.037,1.846,-0.109,0.143,-50.760,-29.801,51.725
1,1578035,-1.162,-7.923,7.504,1.886,-0.114,0.109,-50.628,-32.417,39.988
1,1578051,-1.121,-7.708,7.454,2.101,-0.140,0.105,-50.044,-33.426,38.600
1,1578055,-1.121,-7.708,7.454,2.101,-0.140,0.105,-50.044,-33.426,38.600
1,1578185,-1.187,-5.312,8.364,2.220,-0.162,0.070,-50.088,-37.533,29.874
1,1578232,-1.152,-3.709,8.784,2.406,-0.186,0.065,-49.942,-38.878,28.369
1,1578543,-0.383,3.259,8.420,2.886,-0.309,0.142,-50.482,-52.499,35.531
1,1578561,-0.146,3.398,7.729,2.699,-0.312,0.139,-50.833,-53.055,36.159
1,1578724,-0.280,6.370,5.531,0.685,-0.232,0.158,-51.535,-57.264,46.887
1,1578801,-0.450,8.795,6.264,-0.265,-0.217,0.155,-52.368,-57.293,47.091
1,1578805,-0.368,8.749,6.380,-0.418,-0.211,0.165,-52.368,-57.293,47.091
1,1578809,-0.368,8.749,6.380,-0.418,-0.211,0.165,-52.148,-57.191,47.165
1,1578861,-0.171,9.284,7.676,-0.486,-0.217,0.159,-52.996,-56.416,46.375
1,1578891,0.091,7.975,7.604,-0.211,-0.246,0.159,-53.011,-55.949,45.966
1,1578895,0.091,7.975,7.604,-0.211,-0.246,0.159,-52.645,-55.422,45.601
1,1578899,0.091,7.975,7.604,-0.211,-0.246,0.159,-52.645,-55.422,45.601
1,1579126,0.835,3.619,6.172,-2.220,-0.134,0.051,-54.414,-52.719,40.222
1,1579131,0.835,3.619,6.172,-2.220,-0.134,0.051,-54.516,-52.368,39.448
1,1579632,0.537,-8.006,6.757,-2.327,0.022,-0.089,-55.393,-32.871,46.375
1,1579702,0.455,-8.935,6.124,-2.114,0.029,-0.039,-55.232,-31.628,52.075
1,1579731,0.272,-10.327,5.829,-2.268,0.055,-0.042,-54.969,-31.248,55.320
1,1579822,-0.176,-10.991,5.878,-1.521,0.028,0.039,-55.671,-29.275,62.584
1,1579825,-0.176,-10.991,5.878,-1.521,0.028,0.039,-54.838,-28.939,63.695
1,1579912,-0.379,-11.507,5.795,-0.634,-0.015,0.104,-55.086,-28.559,68.898
1,1579915,-0.379,-11.507,5.795,-0.634,-0.015,0.104,-55.086,-28.559,68.898
1,1579941,-0.223,-10.915,5.750,-0.114,-0.049,0.123,-54.765,-28.486,68.766
1,1579945,-0.223,-10.915,5.750,-0.114,-0.049,0.123,-54.765,-28.486,68.766
1,1579971,-0.129,-9.933,6.120,0.275,-0.062,0.148,-54.633,-28.910,68.810
1,1580078,0.025,-10.518,6.309,0.986,-0.079,0.193,-53.785,-28.837,64.616
1,1580151,-0.294,-11.155,5.944,1.389,-0.097,0.186,-53.859,-29.377,60.099
1,1580181,-0.378,-10.378,5.908,1.631,-0.103,0.178,-53.405,-29.582,57.249
1,1580185,-0.378,-10.378,5.908,1.560,-0.090,0.172,-53.405,-29.582,57.249
1,1580189,-0.378,-10.378,5.908,1.560,-0.090,0.172,-53.405,-29.582,57.249
1,1580210,-0.546,-10.741,6.041,1.602,-0.090,0.165,-52.923,-29.480,55.671
1,1580242,-0.474,-9.409,6.260,2.116,-0.119,0.156,-52.587,-30.284,52.061
1,1580332,-0.001,-7.484,6.816,2.081,-0.106,0.119,-52.280,-32.081,45.922
1,1580746,-0.371,-1.078,9.366,2.199,-0.204,-0.005,-51.958,-44.885,29.728
1,1580782,-0.363,0.635,9.370,2.472,-0.249,0.016,-52.134,-47.091,30.444
1,1580841,-0.290,1.490,9.101,2.391,-0.264,0.027,-51.900,-48.992,33.411
1,1580872,0.037,2.467,8.621,2.629,-0.285,0.034,-52.148,-50.438,33.762
1,1580875,0.037,2.467,8.621,2.629,-0.285,0.034,-52.148,-50.438,33.762
1,1580878,-0.029,2.705,8.597,2.575,-0.282,0.028,-52.148,-50.497,35.151
1,1580901,-0.160,2.999,8.361,2.662,-0.302,0.046,-52.295,-51.345,35.677
1,1580931,0.063,3.936,7.925,2.997,-0.332,0.086,-52.105,-53.435,38.907
1,1580935,0.128,4.174,7.732,2.950,-0.337,0.083,-52.105,-53.435,38.907
1,1580939,0.128,4.174,7.732,2.950,-0.337,0.083,-52.309,-53.946,40.164
1,1580960,0.089,4.690,7.399,2.782,-0.330,0.076,-52.338,-54.355,40.763
1,1581197,0.827,8.264,3.467,1.366,-0.268,0.175,-54.107,-61.766,66.574
1,1581509,1.375,7.755,2.316,-1.263,-0.034,0.040,-55.086,-62.204,71.996
1,1581561,1.395,7.168,2.869,-1.815,0.002,-0.007,-55.612,-61.415,67.144
1,1581565,1.395,7.168,2.869,-1.815,0.002,-0.007,-55.671,-60.947,66.033
1,1581671,1.267,5.438,4.476,-3.304,0.123,-0.100,-55.320,-57.629,54.224
1,1581711,0.954,2.692,5.074,-3.370,0.138,-0.106,-55.393,-55.466,46.785
1,1581715,0.954,2.692,5.074,-3.370,0.138,-0.106,-55.393,-55.466,46.785
1,1581718,0.840,2.274,5.614,-3.190,0.136,-0.106,-55.393,-55.466,46.785
1,1581843,0.227,0.969,8.745,-1.912,0.050,-0.083,-54.750,-50.365,37.708
1,1581964,-0.148,-1.890,9.880,-1.928,0.084,-0.101,-54.180,-45.645,32.593
1,1581981,-0.203,-2.357,10.335,-1.735,0.094,-0.112,-54.487,-44.709,32.154
1,1581985,-0.203,-2.357,10.335,-1.735,0.094,-0.112,-54.487,-44.709,32.154
1,1582011,-0.044,-2.515,10.625,-1.586,0.077,-0.114,-54.092,-43.788,31.730
1,1582015,-0.044,-2.515,10.625,-1.586,0.077,-0.114,-54.092,-43.788,31.730
1,1582018,-0.044,-2.515,10.625,-1.586,0.077,-0.114,-53.683,-42.999,31.833
1,1582144,-0.060,-3.087,10.830,-2.734,0.230,-0.105,-53.946,-40.076,32.490
1,1582221,-0.252,-5.710,10.676,-2.187,0.134,-0.078,-53.332,-36.027,35.209
1,1582251,-0.626,-6.333,11.626,-1.831,0.193,-0.023,-53.157,-35.311,36.919
1,1582255,-0.696,-6.585,11.545,-1.713,0.145,-0.029,-53.157,-35.311,36.919
1,1582258,-0.696,-6.585,11.545,-1.713,0.145,-0.029,-53.157,-35.311,36.919
1,1582281,-0.348,-6.427,11.002,-1.483,0.116,-0.035,-53.289,-34.741,37.869
1,1582312,-0.773,-6.897,12.500,-1.167,0.123,0.000,-52.865,-33.733,38.921
1,1582315,-0.516,-6.537,12.002,-1.128,0.071,-0.013,-52.865,-33.733,38.921
1,1582341,-0.523,-7.022,11.795,-1.191,0.127,-0.007,-53.142,-33.674,40.134
1,1582345,-0.727,-7.277,12.331,-1.081,0.144,0.005,-53.142,-33.674,40.134
1,1582372,-0.528,-7.156,11.626,-0.733,0.051,0.005,-52.996,-33.134,40.339
1,1582461,-0.439,-5.575,11.413,0.969,-0.046,0.048,-52.017,-33.309,40.120
1,1582625,-0.351,-3.647,10.668,1.870,-0.097,0.044,-52.441,-36.977,32.140
1,1582641,-0.328,-4.228,10.408,1.561,-0.072,0.051,-51.710,-37.489,31.745
1,1582953,-0.599,0.182,9.362,1.445,-0.132,-0.015,-51.418,-47.808,31.307
1,1582971,-0.700,1.753,9.785,1.615,-0.137,-0.028,-51.272,-48.875,32.461
1,1582974,-0.700,1.753,9.785,1.615,-0.137,-0.028,-51.272,-48.875,32.461
1,1588068,-0.378,2.441,9.759,2.650,-0.364,0.072,-50.234,-50.789,32.900
1,1588072,-0.378,2.441,9.759,2.650,-0.364,0.072,-50.234,-50.789,32.900
1,1588075,-0.431,2.587,9.674,2.602,-0.357,0.086,-50.234,-50.789,33.937
1,1588694,1.134,11.230,-3.008,1.933,-0.155,0.194,-55.685,-65.493,106.226
1,1588731,1.065,11.404,-4.110,1.445,-0.126,0.155,-55.466,-65.244,108.813
1,1589350,0.841,5.786,7.842,-2.106,0.048,-0.187,-55.247,-58.623,55.013
1,1589420,0.802,5.433,8.551,-1.892,0.056,-0.180,-54.750,-56.957,49.006
1,1589424,0.784,5.488,8.618,-2.070,0.060,-0.183,-54.575,-56.007,48.334
1,1589428,0.784,5.488,8.618,-2.070,0.060,-0.183,-54.575,-56.007,48.334
1,1589553,0.518,1.924,9.595,-2.279,0.111,-0.170,-54.297,-51.257,36.977
1,1589630,0.084,0.839,10.850,-2.239,0.169,-0.148,-54.443,-48.538,33.017
1,1590148,-0.378,-0.536,11.859,1.394,-0.093,-0.012,-52.470,-42.400,29.100
1,1590201,-0.392,-0.597,11.600,1.368,-0.109,-0.020,-51.944,-43.072,29.012
1,1590307,-0.658,0.086,11.521,1.770,-0.186,-0.011,-52.017,-46.580,29.363
1,1590351,-0.760,0.729,11.476,1.954,-0.213,-0.005,-52.105,-47.238,30.503
1,1590410,-0.587,1.518,10.810,2.483,-0.288,0.012,-52.134,-49.635,32.637
1,1590471,-0.331,2.439,10.325,2.122,-0.283,0.023,-52.426,-52.426,36.524
1,1590500,-0.197,3.913,9.864,2.530,-0.302,0.017,-52.762,-53.522,40.134
1,1590504,-0.197,3.913,9.864,2.530,-0.302,0.017,-52.704,-53.639,40.134
1,1590508,-0.047,4.530,9.706,2.557,-0.312,0.029,-52.704,-53.639,40.134
1,1590530,0.261,4.918,9.180,2.403,-0.309,0.045,-52.543,-54.750,42.385
1,1590534,0.261,4.918,9.180,2.403,-0.309,0.045,-52.543,-54.750,42.385
1,1590693,0.243,6.163,6.251,2.464,-0.261,0.114,-53.391,-60.816,58.930
1,1590771,0.254,8.475,4.086,2.740,-0.249,0.109,-53.654,-63.183,72.289
1,1590934,0.250,7.877,0.763,2.724,-0.193,0.112,-54.049,-65.785,95.221
1,1591054,0.412,7.025,-1.373,2.450,-0.140,0.090,-54.969,-65.799,113.622
1,1591204,1.443,8.515,-5.557,0.512,-0.007,-0.013,-55.525,-64.908,122.493
1,1591324,1.053,9.582,-7.092,0.572,-0.021,-0.035,-55.642,-64.382,127.083
1,1591401,0.573,8.064,-5.331,-0.571,0.027,-0.098,-55.861,-64.265,125.738
1,1591431,0.487,7.640,-4.674,-0.963,0.039,-0.130,-55.291,-64.630,125.329
1,1591640,0.931,8.546,-1.982,-1.513,0.076,-0.188,-55.203,-65.478,103.464
1,1591804,0.595,8.442,2.739,-2.164,0.155,-0.188,-54.297,-64.791,81.935
1,1591821,0.574,7.921,3.137,-2.219,0.151,-0.192,-54.049,-63.914,80.313
1,1591825,0.574,7.921,3.137,-2.219,0.151,-0.192,-54.049,-63.914,78.793
1,1591828,0.560,7.677,3.300,-2.211,0.148,-0.202,-53.522,-63.651,78.793
1,1592116,0.047,5.822,8.175,-2.000,0.139,-0.128,-52.587,-58.389,49.065
1,1592181,-0.449,4.904,9.465,-2.242,0.143,-0.133,-52.397,-55.466,42.663
1,1592184,-0.449,4.904,9.465,-2.242,0.143,-0.133,-52.397,-55.466,42.663
1,1592313,-0.635,4.055,9.671,-1.864,0.099,-0.115,-51.403,-51.505,34.522
1,1592537,-0.879,1.700,12.244,-1.555,0.020,-0.122,-51.418,-44.431,26.703
1,1592601,-0.776,1.387,12.733,-0.641,-0.050,-0.087,-51.315,-43.145,27.477
1,1592605,-0.776,1.387,12.733,-0.641,-0.050,-0.087,-51.315,-43.145,27.477
1,1592608,-0.776,1.387,12.733,-0.641,-0.050,-0.087,-51.315,-43.145,27.477
1,1592661,-0.826,0.745,13.024,-0.042,-0.116,-0.072,-50.818,-42.312,26.937
1,1592665,-0.826,0.745,13.024,-0.042,-0.116,-0.072,-50.818,-42.312,26.937
1,1593079,-0.616,1.775,10.175,1.844,-0.360,0.011,-52.470,-52.280,36.422
1,1593083,-0.651,1.929,9.864,2.024,-0.380,0.015,-52.470,-52.280,36.422
1,1593085,-0.651,1.929,9.864,2.024,-0.380,0.015,-52.470,-52.280,36.422
1,1593110,-0.494,3.534,9.075,2.366,-0.393,0.017,-52.470,-53.420,37.884
1,1593114,-0.494,3.534,9.075,2.366,-0.393,0.017,-52.075,-53.990,38.834
1,1593169,-0.258,4.951,8.131,2.155,-0.376,0.023,-53.274,-55.729,43.218
1,1593261,0.176,6.924,7.031,1.982,-0.358,0.044,-53.464,-58.930,51.827
1,1593291,0.087,6.412,6.912,2.039,-0.351,0.060,-53.581,-59.866,54.604
1,1593294,0.211,6.735,6.785,2.039,-0.359,0.059,-53.581,-59.866,54.604
1,1593298,0.211,6.735,6.785,2.137,-0.359,0.059,-53.522,-59.924,56.095
1,1593423,0.913,8.138,4.457,2.257,-0.325,0.103,-54.355,-62.701,69.600
1,1593471,1.082,9.120,3.415,2.320,-0.307,0.106,-54.735,-63.929,76.820
1,1593474,1.082,9.120,3.415,2.320,-0.307,0.106,-54.735,-63.929,76.820
1,1593889,1.218,7.938,-4.841,0.849,-0.150,-0.043,-56.504,-63.885,126.279
1,1594201,0.788,7.799,-5.141,-1.166,-0.054,-0.165,-56.022,-64.119,126.893
1,1594221,0.747,7.698,-4.810,-1.356,-0.038,-0.177,-56.255,-64.411,124.583
1,1594486,0.754,8.684,-1.864,-1.284,-0.017,-0.224,-54.794,-66.253,104.443
1,1594491,0.753,8.953,-1.753,-1.162,-0.020,-0.225,-54.794,-66.253,104.443
1,1594597,0.535,9.117,0.008,-1.844,0.057,-0.230,-54.092,-66.223,94.958
1,1594714,0.097,8.131,3.206,-1.797,0.076,-0.216,-53.084,-64.762,80.444
1,1594936,-0.219,7.170,7.746,-1.977,0.083,-0.169,-51.885,-59.953,53.069
1,1595000,-0.323,5.953,8.614,-1.780,0.071,-0.148,-51.666,-57.995,46.185
1,1595004,-0.323,5.953,8.614,-1.780,0.071,-0.148,-51.666,-57.995,46.185
1,1595008,-0.304,6.012,8.713,-1.757,0.062,-0.148,-51.666,-57.995,46.185
1,1595194,-0.895,3.005,10.326,-1.582,0.042,-0.100,-50.906,-52.046,33.104
1,1595344,-1.414,1.826,12.487,-1.264,-0.044,-0.132,-50.438,-47.208,27.872
1,1595391,-1.186,2.212,13.017,-1.120,-0.060,-0.120,-50.351,-46.215,27.609
1,1595481,-0.872,2.124,12.386,0.195,-0.189,-0.087,-50.336,-45.294,27.127
1,1595571,-0.468,2.108,11.521,0.650,-0.232,-0.056,-51.184,-46.127,27.887
1,1595575,-0.462,2.179,11.457,0.844,-0.247,-0.045,-51.184,-45.688,28.384
1,1595579,-0.462,2.179,11.457,0.844,-0.247,-0.045,-50.731,-45.688,28.384
1,1595601,-0.353,2.913,11.405,1.063,-0.265,-0.033,-51.140,-47.048,28.296
1,1595631,-0.293,2.916,11.213,1.036,-0.263,-0.028,-51.125,-47.135,28.880
1,1595634,-0.291,2.914,11.213,1.104,-0.266,-0.017,-51.125,-47.135,28.880
1,1595638,-0.291,2.914,11.213,1.104,-0.266,-0.017,-51.198,-47.340,29.421
1,1595721,-0.739,2.609,11.553,1.433,-0.302,0.023,-51.228,-49.138,30.664
1,1595780,-0.805,3.019,11.399,1.707,-0.345,0.046,-52.207,-50.789,32.958
1,1595811,-0.824,3.094,11.084,1.780,-0.351,0.053,-52.090,-52.090,34.537
1,1596020,0.105,5.956,7.431,2.290,-0.378,0.128,-53.581,-59.149,53.011
1,1596434,1.132,8.033,-1.049,2.563,-0.214,0.136,-55.963,-65.332,106.752
1,1596737,1.725,7.183,-6.882,0.751,-0.138,-0.114,-56.329,-62.643,133.207
1,1596741,1.725,7.183,-6.882,0.612,-0.127,-0.114,-55.963,-62.511,132.724
1,1596771,1.657,6.566,-7.807,0.369,-0.121,-0.137,-56.519,-62.584,133.660
1,1596801,1.602,6.644,-8.590,0.674,-0.139,-0.136,-56.358,-61.999,133.762
1,1596831,1.448,7.073,-8.597,0.836,-0.150,-0.131,-56.884,-61.999,134.610
1,1596834,1.365,7.236,-8.538,0.710,-0.142,-0.144,-56.884,-61.999,134.610
1,1596838,1.365,7.236,-8.538,0.710,-0.142,-0.144,-56.431,-61.941,135.224
1,1596921,1.017,7.259,-7.268,-0.659,-0.062,-0.198,-56.387,-62.876,134.171
1,1596924,0.946,7.254,-7.052,-0.799,-0.051,-0.203,-55.978,-62.599,134.317
1,1596928,0.946,7.254,-7.052,-0.799,-0.051,-0.203,-55.978,-62.599,134.317
1,1596951,0.914,7.064,-6.165,-1.048,-0.032,-0.210,-55.992,-63.052,133.002
1,1596955,0.903,6.907,-6.165,-1.161,-0.026,-0.215,-55.992,-63.052,133.002
1,1596958,0.903,6.907,-6.165,-1.161,-0.026,-0.215,-55.992,-63.052,133.002
1,1596980,0.843,6.452,-5.533,-1.213,-0.031,-0.230,-56.139,-63.359,131.672
1,1596984,0.865,6.627,-5.721,-1.119,-0.035,-0.232,-55.700,-63.461,131.833
1,1596988,0.865,6.627,-5.721,-1.119,-0.035,-0.232,-55.700,-63.461,131.833
1,1597010,0.877,6.961,-5.340,-0.947,-0.044,-0.225,-55.437,-63.914,129.918
1,1597041,0.950,7.509,-5.185,-0.856,-0.050,-0.238,-55.759,-64.601,129.582
1,1597101,1.132,8.012,-5.017,-1.068,-0.024,-0.247,-56.139,-64.893,125.227
1,1597310,0.820,8.785,-2.532,-1.407,0.062,-0.252,-54.224,-66.326,111.064
1,1597401,0.431,8.533,-1.016,-1.329,0.077,-0.238,-53.712,-66.706,103.639
1,1597405,0.331,8.533,-1.016,-1.442,0.089,-0.239,-53.712,-66.706,103.639
1,1597409,0.331,8.533,-1.016,-1.442,0.089,-0.239,-53.712,-66.706,103.639
1,1597769,-0.212,9.410,6.008,-1.412,0.067,-0.148,-51.505,-62.409,59.866
1,1597851,-0.459,8.139,7.271,-1.851,0.087,-0.148,-51.082,-60.289,53.201
1,1597881,-0.707,6.589,8.048,-1.967,0.089,-0.144,-50.892,-59.018,49.912
1,1597884,-0.707,6.589,8.048,-1.967,0.089,-0.144,-50.892,-59.018,49.912
1,1597888,-0.707,6.589,8.048,-1.967,0.089,-0.144,-50.892,-59.018,49.912
1,1597911,-0.639,6.650,8.587,-1.423,0.035,-0.138,-50.818,-58.477,47.764
1,1597914,-0.639,6.650,8.587,-1.423,0.035,-0.138,-50.818,-58.477,47.764
1,1597917,-0.639,6.650,8.587,-1.423,0.035,-0.138,-50.117,-57.936,47.106
1,1597940,-0.729,6.434,9.089,-1.282,0.023,-0.132,-50.497,-57.586,45.528
1,1597944,-0.729,6.434,9.089,-1.282,0.023,-0.132,-50.497,-57.586,45.528
1,1687487,0.735,9.431,3.427,0.086,-0.090,-0.035,-52.543,-62.979,73.093
1,1687491,0.735,9.431,3.427,0.086,-0.090,-0.035,-52.558,-62.949,73.093
1,1687494,0.761,9.452,3.441,0.086,-0.093,-0.035,-52.558,-62.949,73.093
1,1687498,0.761,9.452,3.441,0.086,-0.093,-0.035,-52.558,-62.949,73.093
1,1687550,0.770,9.419,3.447,0.081,-0.094,-0.035,-52.923,-63.037,73.721
1,1687786,0.766,9.425,3.442,0.086,-0.097,-0.035,-52.777,-63.666,74.116
1,1687850,0.769,9.409,3.452,0.089,-0.097,-0.035,-52.558,-63.417,73.546
1,1687910,0.763,9.428,3.442,0.095,-0.098,-0.035,-52.762,-63.724,73.926
1,1688119,0.759,9.419,3.449,0.100,-0.098,-0.037,-52.938,-63.388,73.604
1,1688149,0.757,9.435,3.431,0.101,-0.099,-0.035,-53.289,-62.789,72.830
1,1688209,0.760,9.424,3.425,0.104,-0.097,-0.034,-52.835,-63.125,73.560
1,1688213,0.760,9.424,3.425,0.104,-0.097,-0.034,-53.011,-63.125,74.861
1,1688320,0.766,9.425,3.425,0.097,-0.098,-0.035,-52.923,-63.490,73.867
1,1688330,0.755,9.415,3.418,0.097,-0.100,-0.038,-53.362,-63.593,73.473
1,1688333,0.778,9.437,3.392,0.097,-0.100,-0.037,-53.157,-63.446,73.619
1,1688390,0.778,9.446,3.389,0.077,-0.097,-0.038,-53.362,-63.490,73.984
1,1688480,0.773,9.376,3.443,0.057,-0.093,-0.037,-52.967,-63.461,73.794
1,1688997,0.791,9.220,4.504,-2.160,0.043,-0.098,-52.865,-61.532,60.362
1,1689050,0.665,8.529,5.967,-3.076,0.105,-0.121,-52.821,-60.289,52.982
1,1689053,0.665,8.529,5.967,-3.076,0.105,-0.121,-52.821,-60.289,52.982
1,1689057,0.616,8.121,6.181,-3.200,0.119,-0.121,-52.719,-59.398,51.082
1,1689109,0.433,6.371,7.504,-3.587,0.148,-0.137,-52.777,-57.235,42.955
1,1689200,0.163,2.839,9.380,-3.145,0.112,-0.136,-51.842,-52.835,31.175
1,1689204,0.165,2.643,9.407,-3.032,0.105,-0.131,-51.988,-51.608,30.576
1,1689208,0.165,2.643,9.407,-3.032,0.105,-0.131,-51.988,-51.608,30.576
1,1689229,0.153,1.979,9.520,-2.875,0.095,-0.132,-51.739,-51.155,28.954
1,1689233,0.043,1.663,9.614,-2.788,0.089,-0.131,-51.739,-51.155,28.954
1,1689237,0.043,1.663,9.614,-2.788,0.089,-0.131,-51.739,-51.155,28.954
1,1689393,-0.132,-1.351,9.850,-1.456,0.007,-0.104,-51.637,-44.724,23.633
1,1689440,-0.196,-1.956,9.878,-1.097,-0.015,-0.095,-51.681,-43.759,23.590
1,1689529,-0.243,-2.487,9.791,-0.560,-0.046,-0.081,-51.564,-42.254,23.940
1,1689533,-0.243,-2.487,9.791,-0.560,-0.046,-0.081,-51.359,-41.625,24.364
1,1689537,-0.226,-2.496,9.752,-0.514,-0.053,-0.077,-51.359,-41.625,24.364
1,1689619,-0.298,-2.831,9.708,-0.156,-0.073,-0.060,-50.702,-41.260,24.218
1,1689680,-0.275,-2.571,9.717,0.012,-0.087,-0.053,-50.935,-41.552,24.057
1,1689709,-0.211,-2.459,9.678,-0.022,-0.087,-0.054,-51.286,-40.851,23.692
1,1689713,-0.199,-2.437,9.685,-0.032,-0.086,-0.048,-51.286,-40.851,23.692
1,1689717,-0.199,-2.437,9.685,-0.032,-0.086,-0.048,-51.286,-40.704,24.277
1,1689739,-0.274,-2.534,9.726,-0.095,-0.078,-0.054,-51.418,-41.055,23.648
1,1689743,-0.224,-2.562,9.762,-0.116,-0.077,-0.054,-51.608,-40.631,24.160
1,1689800,-0.257,-2.846,9.616,-0.173,-0.078,-0.046,-51.301,-40.851,23.970
1,1689803,-0.257,-2.846,9.616,-0.173,-0.078,-0.046,-50.906,-40.237,24.423
1,1689807,-0.257,-2.846,9.616,-0.173,-0.078,-0.046,-50.906,-40.237,24.423
1,1689889,-0.313,-3.143,9.589,0.079,-0.094,-0.021,-51.111,-40.324,24.247
1,1689893,-0.313,-3.143,9.589,0.079,-0.094,-0.021,-51.111,-40.324,24.247
1,1690000,-0.298,-2.472,9.702,-0.075,-0.098,-0.005,-51.140,-40.661,24.174
1,1690040,-0.297,-2.649,9.635,-0.331,-0.081,-0.007,-50.994,-40.456,24.277
1,1690043,-0.297,-2.955,9.704,-0.331,-0.081,-0.007,-50.994,-40.456,24.277
1,1690047,-0.347,-2.825,9.704,-0.385,-0.081,-0.005,-50.994,-40.076,24.306
1,1690128,-0.316,-3.709,9.355,-0.463,-0.081,-0.011,-51.052,-39.433,24.525
1,1690160,-0.373,-3.881,9.424,-0.402,-0.078,-0.011,-50.614,-39.345,24.847
1,1690574,-0.200,-1.719,9.856,1.393,-0.175,-0.022,-50.760,-43.058,23.823
1,1690610,-0.144,-1.253,9.904,1.444,-0.183,-0.027,-51.198,-43.935,24.247
1,1690639,-0.163,-0.870,9.953,1.475,-0.183,-0.026,-51.213,-44.417,23.911
1,1690643,-0.151,-0.644,9.971,1.488,-0.187,-0.027,-51.213,-44.417,23.911
1,1690646,-0.151,-0.644,9.971,1.488,-0.187,-0.027,-51.213,-44.417,23.911
1,1690669,-0.073,-0.416,9.980,1.505,-0.188,-0.026,-51.359,-45.104,23.911
1,1690700,-0.035,0.108,9.961,1.526,-0.191,-0.027,-50.950,-46.565,24.876
1,1690759,0.067,1.314,10.007,1.491,-0.189,-0.029,-51.462,-48.012,26.133
1,1690763,0.067,1.314,10.007,1.491,-0.189,-0.029,-51.462,-48.012,26.133
1,1690820,0.086,2.012,9.860,1.219,-0.171,-0.031,-51.578,-49.430,27.814
1,1690824,0.086,2.012,9.860,1.219,-0.171,-0.031,-51.578,-49.430,27.814
1,1690827,0.108,2.137,9.904,1.169,-0.162,-0.033,-51.578,-49.430,27.814
1,1690982,0.138,3.227,9.806,-0.059,-0.087,-0.055,-52.090,-50.921,28.983
1,1691206,-0.032,0.099,10.075,-0.671,-0.045,-0.086,-51.008,-46.989,25.080
1,1691270,-0.087,-0.188,10.216,-0.367,-0.054,-0.068,-51.374,-46.346,24.525
1,1691607,-0.134,0.675,11.543,-0.727,0.009,-0.106,-51.169,-47.048,24.320
1,1691659,-0.397,-0.493,12.090,-0.610,0.028,-0.115,-51.447,-46.244,24.744
1,1691766,-0.500,0.425,12.481,-0.105,0.086,-0.097,-51.929,-45.279,24.437
1,1691809,-0.736,-0.301,13.091,-0.514,0.149,-0.109,-51.272,-45.615,24.569
1,1691839,-1.006,-0.252,14.483,-0.759,0.219,-0.095,-51.388,-44.724,24.540
1,1691929,-0.969,-1.766,10.347,-0.134,0.177,-0.082,-50.862,-43.423,23.984
1,1691933,-0.893,-1.616,9.373,0.077,0.173,-0.064,-50.862,-43.101,25.183
1,1692040,-0.026,-0.013,-0.444,2.270,0.048,-0.048,-50.555,-45.951,25.840
1,1692080,0.227,1.443,0.206,2.843,0.035,-0.079,-50.175,-47.735,25.811
1,1692083,0.227,1.443,0.206,2.843,0.035,-0.079,-50.468,-48.217,27.273
1,1692086,0.227,1.443,0.206,2.843,0.035,-0.079,-50.468,-48.217,27.273
1,1692109,-0.949,1.138,5.727,2.790,0.132,-0.010,-49.883,-49.708,28.223
1,1692113,-0.949,1.138,5.727,2.790,0.132,-0.010,-49.883,-49.708,28.223
1,1692139,-0.568,3.717,7.982,1.968,0.005,-0.162,-50.015,-51.067,28.559
1,1692435,-2.371,-0.380,12.936,-0.049,0.050,-0.071,-47.252,-47.720,24.291
1,1692469,-1.158,0.135,7.326,0.926,-0.087,-0.035,-47.238,-47.793,23.765
1,1692987,-0.924,2.265,5.620,-0.106,-0.401,0.050,-48.524,-50.438,26.790
1,1693009,-1.079,1.639,5.708,-0.590,-0.391,0.039,-49.211,-49.956,27.521
1,1693013,-1.079,1.639,5.708,-0.590,-0.391,0.039,-48.992,-48.962,27.112
1,1693099,-1.882,0.159,11.337,-0.992,-0.381,0.004,-50.015,-47.618,26.498
1,1693412,0.108,1.077,9.467,-0.469,-0.369,0.013,-53.128,-47.223,29.597
1,1693429,0.171,0.549,9.443,-0.507,-0.374,0.016,-53.157,-47.121,30.430
1,1693433,0.171,0.549,9.443,-0.507,-0.374,0.016,-53.157,-47.121,30.430
1,1693437,0.223,0.340,9.474,-0.507,-0.374,0.016,-53.157,-47.121,30.430
1,1693458,0.202,0.339,9.826,-0.294,-0.357,0.009,-53.742,-46.945,30.313
1,1693770,0.493,0.416,9.303,-0.090,-0.125,-0.001,-54.882,-46.156,31.307
1,1693790,0.475,0.318,9.301,-0.125,-0.112,-0.005,-54.809,-46.478,31.014
1,1693793,0.475,0.318,9.301,-0.125,-0.112,-0.005,-54.809,-46.478,31.014
1,1693820,0.384,0.109,9.497,-0.132,-0.084,-0.007,-55.086,-46.141,31.292
1,1693823,0.384,0.109,9.497,-0.132,-0.084,-0.007,-54.750,-46.141,31.292
1,1693827,0.384,0.109,9.497,-0.132,-0.084,-0.007,-54.750,-46.141,31.292
1,1693849,0.251,-0.175,9.714,-0.046,-0.079,-0.006,-54.648,-45.849,31.029
1,1693852,0.251,-0.175,9.714,-0.046,-0.079,-0.006,-54.648,-45.849,31.029
1,1693958,0.099,-0.098,9.741,0.159,-0.031,-0.013,-55.013,-45.732,31.234
1,1694000,0.147,0.127,9.505,0.137,-0.022,-0.027,-54.429,-45.908,31.073
1,1694003,0.147,0.127,9.505,0.137,-0.022,-0.027,-54.429,-45.908,31.190
1,1694006,0.182,0.099,9.357,0.126,-0.018,-0.028,-53.917,-45.893,31.190
1,1694029,0.227,0.112,9.199,0.170,-0.010,-0.026,-54.429,-45.981,30.795
1,1694059,0.361,0.353,9.185,0.194,0.006,-0.026,-54.107,-45.981,30.181
1,1694063,0.408,0.455,9.123,0.145,0.011,-0.031,-54.107,-45.981,30.181
1,1694067,0.408,0.455,9.123,0.145,0.011,-0.031,-54.063,-45.542,30.371
1,1694088,0.554,0.591,9.036,-0.006,0.031,-0.037,-54.429,-45.878,30.780
1,1694196,0.620,-0.538,9.526,-0.274,0.110,-0.028,-54.005,-45.338,29.450
1,1694240,0.591,-0.678,9.760,0.022,0.120,-0.012,-53.683,-44.841,29.640
1,1694243,0.591,-0.678,9.760,0.022,0.120,-0.012,-53.683,-44.841,29.640
1,1694247,0.591,-0.678,9.760,0.022,0.120,-0.012,-53.683,-44.841,29.640
1,1694269,0.524,-0.481,10.043,-0.053,0.138,-0.006,-53.888,-45.060,29.699
1,1694330,0.039,-1.363,10.624,-0.441,0.181,-0.012,-53.157,-43.905,27.814
1,1694418,-0.644,-0.074,10.245,0.331,0.143,0.011,-52.324,-44.212,26.790
1,1694479,-0.964,-0.363,10.010,0.026,0.151,0.009,-51.988,-44.139,26.250
1,1694483,-1.013,-0.455,10.039,0.026,0.151,0.009,-52.192,-44.051,25.943
1,1694570,-1.158,-0.421,10.213,0.119,0.112,0.011,-51.359,-44.534,26.513
1,1694573,-1.161,-0.431,10.235,0.075,0.110,0.009,-51.359,-44.534,26.513
1,1694577,-1.161,-0.431,10.235,0.075,0.110,0.009,-51.359,-44.534,26.513
1,1694599,-1.163,-0.486,10.306,-0.042,0.110,0.005,-51.228,-44.212,25.519
1,1694762,-1.281,-1.033,10.443,0.087,0.013,0.010,-50.599,-43.218,25.504
1,1694809,-1.181,-0.900,10.410,0.040,-0.010,0.006,-50.190,-43.613,25.358
1,1694869,-1.070,-0.867,10.147,0.150,-0.045,0.005,-50.044,-43.949,25.767
1,1694929,-0.958,-0.840,10.046,-0.125,-0.055,-0.007,-50.351,-43.847,24.832
1,1694933,-0.939,-0.918,10.071,-0.125,-0.057,-0.007,-50.351,-43.847,24.832
1,1694937,-0.939,-0.918,10.071,-0.133,-0.057,-0.007,-50.029,-43.584,25.533
1,1694958,-0.954,-1.012,10.052,-0.104,-0.071,-0.009,-50.365,-43.467,25.490
1,1695153,-1.344,-1.810,12.132,-0.696,-0.108,-0.044,-50.044,-42.108,25.110
1,1695229,-1.565,-2.845,13.835,0.176,-0.194,-0.040,-50.132,-41.245,26.118
1,1695233,-1.565,-2.845,13.835,0.176,-0.194,-0.040,-50.132,-41.245,26.118
1,1695259,-1.555,-2.766,13.656,0.568,-0.248,-0.045,-50.029,-41.538,25.504
1,1695263,-1.555,-2.766,13.656,0.568,-0.248,-0.045,-50.029,-41.538,25.504
1,1695266,-1.551,-2.436,13.525,0.688,-0.257,-0.046,-49.839,-41.611,25.738
1,1695289,-1.533,-2.008,13.442,0.794,-0.261,-0.034,-50.146,-41.976,25.665
1,1695292,-1.533,-2.008,13.442,0.794,-0.261,-0.034,-50.672,-42.531,26.308
1,1695349,-1.528,-1.632,12.617,1.478,-0.321,-0.021,-51.198,-43.408,25.855
1,1695353,-1.528,-1.242,12.562,1.478,-0.321,-0.021,-51.052,-43.233,26.805
1,1695357,-1.473,-1.242,12.562,1.580,-0.331,-0.018,-51.052,-43.233,26.805
1,1695584,0.047,3.893,4.488,5.416,-0.564,0.142,-53.245,-57.878,46.478
1,1695649,0.506,7.944,2.244,5.873,-0.531,0.167,-53.888,-62.336,63.359
1,1695679,0.686,8.918,1.418,5.366,-0.446,0.158,-54.312,-64.528,71.441
1,1695991,0.159,8.262,-4.095,2.630,-0.243,-0.039,-54.955,-64.762,133.777
1,1696172,0.231,3.077,-7.639,3.566,-0.404,-0.075,-54.911,-58.799,151.432
1,1696189,0.160,2.992,-7.117,3.759,-0.418,-0.050,-54.487,-57.600,152.046
1,1696193,0.160,2.992,-7.117,3.759,-0.418,-0.050,-54.487,-57.600,152.046
1,1696197,0.084,2.758,-7.235,3.738,-0.442,-0.055,-54.049,-56.869,153.522
1,1696218,0.008,1.909,-8.222,3.690,-0.476,-0.066,-54.122,-56.621,153.669
1,1696250,-0.242,1.432,-8.254,4.118,-0.478,-0.044,-54.151,-54.195,155.481
1,1696279,-0.330,1.394,-8.954,4.205,-0.535,-0.027,-53.464,-52.265,155.189
1,1696309,-0.686,0.955,-8.919,3.770,-0.495,-0.017,-53.464,-49.898,155.028
1,1696338,-0.731,0.211,-8.912,3.146,-0.464,-0.027,-53.099,-47.983,154.458
1,1696445,-0.967,-2.571,-8.825,2.243,-0.421,-0.010,-52.616,-42.955,148.261
1,1696459,-1.140,-3.429,-8.699,2.018,-0.369,-0.022,-52.397,-42.429,147.954
1,1696463,-1.140,-3.429,-8.699,2.018,-0.369,-0.022,-52.397,-42.429,147.954
1,1696466,-1.140,-3.429,-8.699,2.018,-0.369,-0.022,-52.295,-41.669,147.135
1,1696489,-1.123,-3.604,-8.471,1.814,-0.376,-0.020,-52.543,-41.377,146.814
1,1696519,-1.262,-4.143,-8.271,1.337,-0.315,-0.038,-51.958,-40.573,144.578
1,1696523,-1.262,-4.143,-8.271,1.337,-0.315,-0.038,-51.958,-40.573,144.578
1,1696549,-1.195,-4.091,-8.405,0.727,-0.282,-0.066,-52.192,-40.281,144.782
1,1696553,-1.195,-4.091,-8.405,0.727,-0.282,-0.066,-52.222,-39.842,144.578
1,1696556,-1.196,-4.108,-8.355,0.472,-0.248,-0.070,-52.222,-39.842,144.578
1,1696579,-1.308,-4.662,-8.343,-0.066,-0.210,-0.083,-52.017,-40.032,144.373
1,1696639,-0.998,-5.329,-8.786,-0.628,-0.138,-0.126,-51.958,-40.807,145.586
1,1696643,-0.998,-5.329,-8.786,-0.628,-0.138,-0.126,-51.958,-40.807,145.586
1,1696646,-0.805,-5.123,-9.042,-0.734,-0.130,-0.149,-51.958,-40.807,145.586
1,1696668,-0.573,-3.960,-8.692,-1.119,-0.049,-0.205,-51.666,-41.231,146.653
1,1696699,-0.574,-5.354,-9.098,-1.674,-0.016,-0.202,-52.324,-42.239,148.977
1,1696759,-0.403,-4.959,-9.726,-0.762,0.002,-0.236,-52.412,-43.218,150.702
1,1696763,-0.435,-5.124,-9.947,-0.590,0.010,-0.233,-52.412,-43.218,150.702
1,1696766,-0.435,-5.124,-9.947,-0.590,0.010,-0.233,-52.412,-43.218,150.702
1,1696789,-0.682,-4.910,-9.635,-0.236,0.033,-0.244,-52.368,-43.584,151.096
1,1696849,-1.365,-2.747,-8.035,-0.970,0.120,-0.272,-53.099,-44.782,151.812
1,1696853,-1.365,-2.747,-8.035,-1.180,0.125,-0.288,-53.099,-44.782,151.812
1,1696856,-1.365,-2.747,-8.035,-1.180,0.125,-0.288,-53.099,-44.782,151.812
1,1696878,-1.287,-1.945,-7.379,-1.593,0.160,-0.276,-53.332,-45.761,152.309
1,1696969,-0.602,0.463,-5.210,-3.549,0.286,-0.269,-53.376,-51.637,155.759
1,1697204,-0.024,7.381,-6.292,-3.075,0.252,-0.028,-55.013,-61.853,144.855
1,1697209,-0.024,7.381,-6.292,-3.075,0.252,-0.028,-55.013,-61.853,144.855
1,1697299,0.804,10.621,-5.746,-2.847,0.216,0.044,-55.393,-64.893,133.207
1,1697302,0.804,10.621,-5.746,-2.860,0.231,0.044,-55.393,-64.893,133.207
1,1697306,0.804,10.621,-5.746,-2.860,0.231,0.044,-55.393,-64.893,133.207
1,1697431,1.822,12.035,-3.628,-2.496,0.137,0.093,-55.744,-66.282,113.052
1,1697449,1.955,13.210,-3.624,-2.015,0.095,0.094,-55.992,-66.749,109.442
1,1697478,1.845,13.961,-2.941,-2.013,0.098,0.109,-56.255,-66.939,106.767
1,1697482,1.845,13.961,-2.941,-2.013,0.098,0.109,-56.255,-66.939,105.598
1,1697486,1.764,13.165,-2.931,-2.044,0.083,0.109,-55.759,-65.770,105.598
1,1697509,1.667,13.044,-2.688,-1.675,0.061,0.114,-56.109,-66.428,102.806
1,1697744,1.283,10.957,-2.973,1.497,-0.210,0.155,-56.709,-65.697,106.212
1,1697780,1.480,10.896,-3.064,1.345,-0.208,0.143,-57.205,-65.756,108.360
1,1697784,1.480,10.896,-3.064,1.345,-0.208,0.143,-57.205,-65.756,108.360
1,1697890,1.835,9.330,-3.994,1.654,-0.239,0.144,-57.629,-64.645,119.030
1,1697959,1.912,8.468,-5.088,1.949,-0.253,0.138,-57.936,-64.119,124.993
1,1697962,1.912,8.468,-5.088,1.949,-0.253,0.138,-58.199,-63.476,126.381
1,1697966,1.748,8.686,-5.000,2.033,-0.237,0.127,-58.199,-63.476,126.381
1,1698091,1.656,7.764,-6.410,2.534,-0.277,0.130,-58.316,-61.488,137.226
1,1698109,1.624,7.858,-6.432,2.535,-0.276,0.133,-58.287,-60.582,139.097
1,1698113,1.615,7.741,-6.653,2.425,-0.286,0.137,-58.287,-60.582,139.097
1,1698117,1.615,7.741,-6.653,2.425,-0.286,0.137,-58.287,-60.582,139.097
1,1698139,1.606,6.943,-7.000,2.139,-0.270,0.128,-58.331,-60.012,140.748
1,1698229,1.370,4.860,-7.513,2.556,-0.302,0.147,-57.892,-57.205,146.127
1,1698233,1.370,4.860,-7.513,2.556,-0.302,0.147,-57.556,-56.314,146.872
1,1698236,1.370,4.860,-7.513,2.556,-0.302,0.147,-57.556,-56.314,146.872
1,1698258,1.290,4.832,-8.121,2.492,-0.312,0.143,-57.264,-55.715,147.968
1,1698349,1.153,3.020,-7.909,2.380,-0.286,0.134,-57.337,-52.572,150.585
1,1698353,1.153,3.020,-7.909,2.380,-0.286,0.134,-56.782,-51.637,150.453
1,1698356,1.135,2.358,-7.755,2.241,-0.281,0.140,-56.782,-51.637,150.453
1,1698378,1.208,1.157,-8.204,2.348,-0.320,0.165,-57.264,-51.198,150.555
1,1698382,1.208,1.157,-8.204,2.348,-0.320,0.165,-57.264,-51.198,150.555
1,1698469,1.029,-0.257,-8.250,2.233,-0.320,0.162,-57.279,-48.042,148.568
1,1698500,1.100,-0.146,-7.662,1.932,-0.296,0.159,-56.972,-46.668,147.720
1,1698502,1.110,-0.739,-7.580,1.815,-0.294,0.164,-56.840,-46.638,148.465
1,1698506,1.110,-0.739,-7.580,1.815,-0.294,0.164,-56.840,-46.638,148.465
1,1698529,1.006,-1.695,-7.781,1.949,-0.323,0.177,-57.059,-45.601,146.682
1,1698532,0.936,-1.734,-7.905,2.105,-0.337,0.187,-57.059,-45.601,146.682
1,1698536,0.936,-1.734,-7.905,2.105,-0.337,0.187,-57.059,-45.601,146.682
1,1698558,0.962,-1.506,-7.828,2.167,-0.340,0.188,-56.679,-44.928,145.761
1,1698562,0.969,-1.614,-7.675,2.050,-0.330,0.183,-56.796,-43.759,145.089
1,1698566,0.969,-1.614,-7.675,2.050,-0.330,0.183,-56.796,-43.759,145.089
1,1698588,0.876,-2.131,-7.243,1.880,-0.321,0.186,-56.694,-43.452,144.417
1,1698592,0.760,-2.544,-7.205,1.907,-0.332,0.197,-56.694,-43.452,144.417
1,1698595,0.760,-2.544,-7.205,1.907,-0.332,0.197,-56.694,-43.452,144.417
1,1698618,0.729,-2.894,-7.497,2.143,-0.368,0.222,-56.182,-42.356,143.116
1,1698622,0.769,-2.599,-7.518,2.188,-0.367,0.224,-56.182,-42.356,142.327
1,1698678,0.287,-3.732,-6.603,1.392,-0.324,0.230,-56.080,-40.441,140.208
1,1698682,0.287,-3.732,-6.603,1.392,-0.324,0.230,-56.080,-40.441,140.208
1,1698686,0.287,-3.732,-6.603,1.392,-0.324,0.230,-55.598,-39.696,140.617
1,1698708,0.072,-3.935,-6.426,1.729,-0.351,0.257,-55.817,-39.754,139.053
1,1698769,-0.002,-4.861,-5.841,1.235,-0.330,0.286,-54.925,-37.869,135.764
1,1698829,0.049,-5.744,-5.824,0.472,-0.296,0.299,-54.531,-37.548,134.537
1,1698936,-0.310,-8.853,-7.072,-0.528,-0.241,0.243,-53.493,-37.664,135.794
1,1698949,-0.303,-8.740,-7.183,-0.556,-0.241,0.235,-53.259,-37.767,136.115
1,1698953,-0.349,-8.481,-7.211,-0.589,-0.236,0.227,-53.259,-37.767,136.714
1,1698957,-0.349,-8.481,-7.211,-0.589,-0.236,0.227,-52.938,-37.445,136.714
1,1698978,-0.500,-7.626,-7.061,-0.754,-0.227,0.220,-53.405,-38.308,138.074
1,1699009,-0.669,-6.708,-7.156,-1.284,-0.210,0.199,-53.449,-38.381,139.024
1,1699039,-0.980,-6.348,-6.620,-1.542,-0.200,0.181,-53.289,-39.798,141.728
1,1699098,-1.234,-4.493,-6.564,-0.930,-0.276,0.184,-52.835,-40.690,144.636
1,1699129,-1.341,-3.304,-6.636,-0.387,-0.320,0.194,-52.222,-41.362,145.601
1,1699159,-1.407,-1.941,-6.285,-0.902,-0.286,0.156,-51.958,-41.830,146.931
1,1699163,-1.407,-1.941,-6.285,-0.902,-0.286,0.156,-51.578,-41.494,147.340
1,1699166,-1.407,-1.941,-6.398,-0.902,-0.286,0.156,-51.578,-41.494,147.340
1,1699394,-1.163,2.279,-8.420,-3.504,-0.044,-0.167,-50.482,-52.923,159.296
1,1699458,-1.304,6.019,-7.988,-3.370,-0.021,-0.211,-50.687,-58.170,157.132
1,1699462,-1.457,5.946,-7.723,-3.516,-0.006,-0.208,-50.687,-58.170,157.132
1,1699466,-1.457,5.946,-7.723,-3.516,-0.006,-0.208,-50.687,-58.170,157.132
1,1699489,-1.592,6.730,-7.627,-3.388,-0.023,-0.188,-50.175,-59.573,156.197
1,1699493,-1.586,6.730,-7.627,-3.260,-0.029,-0.200,-50.702,-59.442,155.554
1,1699497,-1.586,6.730,-7.627,-3.260,-0.029,-0.200,-50.702,-59.442,155.554
1,1699518,-1.516,8.489,-6.875,-3.305,0.001,-0.222,-50.555,-61.312,153.975
1,1699522,-1.519,8.489,-6.875,-3.404,0.016,-0.208,-50.555,-61.312,153.975
1,1699526,-1.519,8.489,-6.875,-3.404,0.016,-0.208,-50.555,-61.312,153.975
1,1699548,-1.717,8.094,-6.529,-3.436,-0.005,-0.213,-49.868,-62.496,150.804
1,1699552,-1.717,8.094,-6.529,-3.240,-0.005,-0.213,-49.868,-62.496,150.804
1,1699555,-1.717,8.094,-6.529,-3.240,-0.005,-0.213,-49.942,-62.993,150.044
1,1699579,-1.631,10.400,-5.852,-2.891,0.004,-0.191,-50.453,-64.367,146.068
1,1699639,-1.742,11.003,-4.780,-2.908,0.026,-0.183,-49.854,-66.340,138.015
1,1699643,-1.742,11.003,-4.780,-2.908,0.026,-0.183,-49.985,-66.589,138.015
1,1699646,-1.633,11.509,-4.751,-2.696,0.004,-0.172,-49.985,-66.589,138.015
1,1699668,-1.373,11.868,-4.851,-2.492,-0.006,-0.161,-49.737,-67.539,133.996
1,1699759,-1.397,11.346,-3.727,-1.985,0.001,-0.094,-49.386,-68.898,122.932
1,1699849,-1.073,12.853,-3.687,-1.063,-0.049,-0.043,-49.123,-69.556,113.739
1,1699852,-1.089,13.157,-3.608,-0.944,-0.040,-0.024,-49.123,-69.556,113.739
1,1699878,-1.010,12.890,-3.259,-0.915,-0.035,-0.016,-49.401,-69.190,111.780
1,1699909,-0.893,12.039,-3.114,-0.408,-0.068,0.022,-49.708,-69.190,110.742
1,1699913,-0.845,12.175,-3.048,-0.148,-0.079,0.035,-49.313,-69.190,110.742
1,1700327,-0.590,10.053,-4.086,1.315,-0.076,0.258,-52.148,-67.495,127.053
1,1700331,-0.590,10.158,-4.143,1.315,-0.076,0.258,-52.148,-67.495,127.053
1,1700418,-0.335,9.111,-5.480,1.774,-0.082,0.290,-52.616,-65.931,133.236
1,1700422,-0.335,9.111,-5.480,1.848,-0.072,0.287,-52.616,-65.931,133.236
1,1700425,-0.335,9.111,-5.480,1.848,-0.072,0.287,-52.528,-65.434,134.098
1,1700449,-0.086,9.221,-5.369,2.293,-0.083,0.286,-53.084,-65.449,136.656
1,1700452,-0.086,9.221,-5.369,2.293,-0.083,0.286,-53.084,-65.449,136.656
1,1700559,0.330,7.205,-6.757,2.445,-0.021,0.233,-53.917,-61.459,145.542
1,1700629,0.459,6.208,-7.515,2.809,-0.004,0.181,-54.604,-59.047,150.278
1,1700632,0.459,6.208,-7.515,2.809,-0.004,0.181,-54.370,-58.492,150.848
1,1700636,0.330,5.801,-7.661,2.856,-0.004,0.177,-54.370,-58.492,150.848
1,1700659,0.339,5.151,-8.041,3.026,-0.012,0.161,-54.312,-57.337,151.549
1,1700662,0.339,5.151,-8.041,3.026,-0.012,0.161,-54.312,-57.337,151.549
1,1700666,0.400,5.124,-8.179,3.092,-0.015,0.149,-54.312,-57.337,151.549
1,1700688,0.328,4.690,-8.043,3.071,0.006,0.123,-55.276,-56.080,152.324
1,1700719,0.325,4.122,-8.161,2.792,0.011,0.088,-55.364,-53.800,152.762
1,1700722,0.317,3.734,-8.168,2.656,0.026,0.073,-55.364,-53.800,152.762
1,1701014,0.196,-3.076,-6.936,4.107,-0.271,-0.056,-56.051,-40.105,138.001
1,1701019,-0.051,-3.278,-6.823,4.283,-0.290,-0.049,-56.051,-40.105,138.001
1,1701023,-0.051,-3.278,-6.823,4.283,-0.290,-0.049,-56.051,-40.105,138.001
1,1701026,-0.145,-3.540,-6.617,4.461,-0.316,-0.038,-55.700,-38.819,136.042
1,1701049,0.190,-3.023,-6.337,4.694,-0.358,-0.039,-56.007,-37.226,131.628
1,1701079,0.341,-3.320,-5.672,4.155,-0.356,-0.043,-56.080,-35.677,127.097
1,1701083,0.341,-3.320,-5.672,4.155,-0.356,-0.043,-56.080,-35.677,127.097
1,1701109,0.254,-4.342,-4.984,3.322,-0.321,-0.053,-56.080,-34.829,122.683
1,1701113,0.245,-4.485,-4.531,3.322,-0.321,-0.068,-55.905,-34.303,121.236
1,1701117,0.245,-4.485,-4.531,3.047,-0.301,-0.068,-55.905,-34.303,121.236
1,1701138,0.312,-4.849,-3.663,2.541,-0.291,-0.061,-55.715,-33.850,117.773
1,1701142,1.310,-5.425,-3.438,2.541,-0.291,-0.053,-55.715,-33.850,117.773
1,1701145,1.310,-5.425,-3.438,2.288,-0.286,-0.053,-55.715,-33.850,117.773
1,1701169,1.245,-6.303,-3.194,1.785,-0.270,-0.068,-55.642,-33.031,115.756
1,1701172,1.237,-6.586,-2.986,1.545,-0.252,-0.078,-55.539,-32.534,114.981
1,1701199,0.912,-7.783,-2.481,1.123,-0.226,-0.061,-55.627,-32.783,113.490
1,1701203,0.794,-8.638,-2.460,0.998,-0.233,-0.053,-55.627,-32.783,113.490
1,1701207,0.794,-8.638,-2.460,0.998,-0.233,-0.053,-55.627,-32.783,113.490
1,1701228,0.765,-9.998,-2.712,0.951,-0.255,-0.054,-55.671,-32.505,112.087
1,1701258,0.395,-10.672,-2.562,0.904,-0.243,-0.033,-55.598,-32.403,110.801
1,1701318,0.218,-9.788,-2.924,-0.596,-0.170,-0.043,-55.510,-32.154,111.707
1,1701409,0.166,-8.055,-3.649,-1.177,-0.149,0.002,-55.481,-33.543,118.006
1,1701499,0.202,-6.882,-4.433,-0.754,-0.202,0.018,-55.408,-34.420,124.510
1,1701502,0.202,-6.882,-4.433,-0.754,-0.202,0.018,-55.130,-34.259,125.183
1,1701506,0.208,-6.614,-4.333,-0.688,-0.199,0.018,-55.130,-34.259,125.183
1,1701559,0.020,-6.329,-4.924,-0.595,-0.209,0.024,-55.203,-34.902,126.630
1,1701563,-0.022,-6.173,-4.928,-0.908,-0.194,0.017,-55.203,-34.902,126.630
1,1701566,-0.022,-6.173,-4.928,-0.674,-0.194,0.017,-54.633,-35.165,128.047
1,1701588,0.036,-6.260,-5.220,-1.005,-0.183,-0.016,-54.984,-36.174,129.027
1,1701679,-0.069,-7.145,-5.690,-0.037,-0.214,-0.018,-55.115,-36.861,130.722
1,1701683,0.026,-6.851,-5.637,0.090,-0.224,-0.037,-55.115,-36.861,130.722
1,1701686,0.026,-6.851,-5.637,0.090,-0.224,-0.037,-55.013,-36.261,131.292
1,1701739,0.164,-4.610,-6.012,-0.656,-0.175,-0.087,-54.984,-36.758,132.856
1,1701743,0.164,-4.610,-6.012,-0.656,-0.175,-0.087,-54.984,-36.758,132.856
1,1701747,0.164,-4.610,-6.012,-0.656,-0.175,-0.087,-54.984,-36.758,132.856
1,1701768,0.266,-3.166,-6.208,-0.728,-0.159,-0.098,-54.370,-37.109,133.557
1,1701799,0.380,-3.281,-7.368,-1.062,-0.144,-0.086,-54.735,-37.591,135.399
1,1701802,0.380,-3.281,-7.368,-1.062,-0.144,-0.086,-54.735,-37.591,135.399
1,1701806,0.380,-3.281,-7.368,-1.062,-0.144,-0.086,-54.735,-37.591,135.399
1,1701829,0.292,-2.517,-7.783,-1.688,-0.092,-0.137,-55.437,-38.629,136.875
1,1701832,0.292,-2.517,-7.783,-1.688,-0.092,-0.137,-55.437,-38.629,136.875
1,1701919,0.055,-2.833,-9.917,-2.369,-0.022,-0.154,-55.013,-42.312,146.025
1,1701948,0.151,-1.394,-10.274,-1.822,-0.054,-0.172,-55.145,-43.861,147.355
1,1702009,-0.148,-1.115,-10.635,-2.046,-0.009,-0.171,-55.422,-46.200,150.994
1,1702099,-0.054,0.632,-10.737,-1.846,-0.002,-0.156,-55.569,-49.240,153.449
1,1702103,-0.004,1.023,-10.738,-1.696,-0.005,-0.147,-55.569,-49.240,153.756
1,1702106,-0.004,1.023,-10.738,-1.696,-0.005,-0.147,-55.101,-49.635,153.756
1,1702436,1.119,5.408,-11.551,-1.177,0.072,-0.045,-56.124,-59.719,148.232
1,1702519,1.015,5.343,-10.963,0.002,0.016,-0.009,-56.387,-60.158,147.062
1,1702549,0.975,5.167,-10.759,0.458,-0.015,0.007,-56.022,-60.041,147.018
1,1702656,0.875,4.628,-9.826,1.046,-0.064,0.024,-56.416,-59.018,148.538
1,1702699,0.981,4.786,-9.701,1.128,-0.075,0.031,-56.416,-58.243,149.430
1,1702789,1.157,4.025,-9.941,1.252,-0.099,0.032,-56.694,-52.616,151.008
1,1702792,1.157,4.025,-9.941,1.252,-0.099,0.032,-56.811,-56.124,151.008
1,1702796,1.169,3.953,-9.906,1.221,-0.093,0.023,-56.811,-56.124,151.008
1,1702819,1.076,3.645,-9.813,1.328,-0.108,0.024,-56.752,-55.729,150.745
1,1702879,1.145,3.442,-9.812,1.554,-0.134,0.026,-57.118,-54.151,151.739
1,1702882,1.126,3.113,-9.778,1.554,-0.134,0.026,-57.118,-54.151,151.739
1,1702939,0.956,2.690,-9.866,1.803,-0.171,0.028,-57.249,-52.353,151.798
1,1702943,0.909,2.633,-9.843,1.751,-0.171,0.028,-57.249,-52.353,151.798
1,1703029,0.642,0.595,-9.576,1.759,-0.193,0.044,-56.796,-49.942,151.111
1,1703033,0.642,0.595,-9.576,1.811,-0.200,0.049,-56.796,-49.942,151.111
1,1703036,0.642,0.595,-9.576,1.811,-0.200,0.049,-56.036,-49.503,151.330
1,1703058,0.609,0.678,-9.528,2.027,-0.220,0.056,-56.825,-49.050,150.979
1,1703062,0.556,0.678,-9.528,2.042,-0.222,0.055,-57.176,-48.699,151.140
1,1703065,0.556,0.678,-9.528,2.042,-0.222,0.055,-57.176,-48.699,151.140
1,1703119,0.430,-1.041,-9.340,2.026,-0.235,0.064,-56.577,-46.843,149.415
1,1703123,0.430,-1.041,-9.340,2.026,-0.235,0.064,-56.299,-45.864,149.342
1,1703126,0.430,-1.041,-9.340,2.026,-0.235,0.064,-56.299,-45.864,149.342
1,1703251,0.440,-2.639,-8.382,2.082,-0.270,0.093,-55.846,-42.298,142.809
1,1703372,0.223,-5.276,-7.164,1.982,-0.282,0.117,-54.955,-38.001,134.127
1,1703389,0.081,-5.142,-7.067,2.144,-0.291,0.123,-55.218,-37.723,133.104
1,1703393,0.085,-4.780,-6.946,2.132,-0.296,0.116,-55.174,-36.904,132.622
1,1703396,0.085,-4.780,-6.946,2.132,-0.296,0.116,-55.174,-36.904,132.622
1,1703418,0.060,-5.043,-6.647,1.927,-0.277,0.116,-54.765,-36.481,130.064
1,1703421,-0.004,-5.629,-6.482,1.921,-0.280,0.128,-54.765,-36.481,130.064
1,1703479,-0.154,-5.478,-5.616,2.391,-0.313,0.149,-54.370,-34.654,123.677
1,1703483,-0.154,-5.478,-5.616,2.224,-0.297,0.148,-54.370,-34.654,123.677
1,1703486,-0.154,-5.478,-5.616,2.224,-0.297,0.148,-54.370,-34.654,123.677
1,1703508,-0.306,-7.033,-5.233,1.899,-0.291,0.165,-54.224,-34.113,121.295
1,1703615,-0.463,-7.462,-3.650,1.736,-0.259,0.189,-53.391,-31.555,110.903
1,1703689,-0.467,-7.278,-2.305,1.773,-0.242,0.211,-53.289,-30.547,102.470
1,1703693,-0.467,-7.278,-2.305,1.773,-0.242,0.211,-53.289,-30.547,102.470
1,1703778,-0.397,-7.133,-0.696,0.417,-0.132,0.181,-52.543,-30.327,97.004
1,1703782,-0.397,-7.353,-0.534,0.417,-0.132,0.181,-52.280,-29.728,97.077
1,1703786,-0.473,-7.353,-0.534,0.171,-0.114,0.182,-52.280,-29.728,97.077
1,1703809,-0.590,-8.231,-0.406,-0.268,-0.098,0.171,-52.382,-29.450,97.793
1,1704018,-1.097,-8.405,-0.829,-1.425,-0.023,-0.023,-51.198,-30.240,102.996
1,1704049,-1.170,-8.649,-1.490,-1.638,-0.015,-0.017,-51.476,-30.532,105.656
1,1704052,-1.170,-8.649,-1.490,-1.638,-0.015,-0.017,-51.418,-30.079,107.352
1,1704056,-1.292,-8.512,-1.655,-1.638,-0.005,-0.017,-51.418,-30.079,107.352
1,1704181,-1.326,-6.895,-3.742,-2.783,0.084,-0.130,-51.842,-33.382,122.493
1,1704229,-0.855,-6.506,-4.843,-2.424,0.068,-0.137,-52.660,-35.253,130.488
1,1704233,-0.744,-6.170,-4.990,-2.283,0.057,-0.145,-52.660,-35.253,130.488
1,1704236,-0.744,-6.170,-4.990,-2.283,0.057,-0.145,-52.192,-35.151,131.584
1,1704258,-0.572,-5.422,-5.385,-2.004,0.042,-0.142,-52.470,-36.261,132.447
1,1704261,-0.537,-5.202,-5.639,-1.879,0.034,-0.132,-52.368,-35.984,133.543
1,1704349,-0.571,-2.282,-8.081,-2.479,0.089,-0.153,-52.909,-39.214,142.005
1,1704353,-0.486,-2.282,-8.081,-2.656,0.103,-0.167,-52.909,-39.214,142.005
1,1704356,-0.486,-2.282,-8.081,-2.656,0.103,-0.167,-52.909,-39.214,142.005
1,1704377,-0.564,-1.637,-8.569,-2.959,0.148,-0.180,-52.923,-40.427,144.680
1,1704409,-0.615,-1.803,-9.500,-2.955,0.148,-0.155,-53.230,-42.692,148.904
1,1704413,-0.615,-1.803,-9.500,-2.955,0.148,-0.155,-53.230,-42.692,148.904
1,1704416,-0.615,-1.803,-9.500,-2.955,0.148,-0.155,-53.230,-42.692,148.904
1,1704438,-0.688,-0.683,-9.806,-2.713,0.148,-0.156,-53.332,-44.607,150.146
1,1704442,-0.688,-0.683,-9.806,-2.713,0.148,-0.156,-53.332,-44.607,150.146
1,1704445,-0.688,-0.683,-9.806,-2.713,0.148,-0.156,-53.142,-44.987,151.388
1,1704468,-0.686,-0.296,-10.369,-2.530,0.150,-0.128,-53.259,-46.141,152.967
1,1704472,-0.686,-0.296,-10.369,-2.530,0.150,-0.128,-53.259,-46.141,152.967
1,1704475,-0.686,-0.296,-10.369,-2.530,0.150,-0.128,-53.259,-46.141,152.967
1,1704499,-0.562,1.147,-10.567,-2.606,0.158,-0.143,-53.289,-47.793,153.727
1,1704501,-0.562,1.147,-10.567,-2.606,0.158,-0.143,-53.289,-47.793,153.727
1,1704529,-0.726,0.894,-10.820,-2.601,0.180,-0.101,-53.537,-48.436,155.481
1,1704558,-0.416,2.431,-11.037,-2.574,0.171,-0.127,-53.829,-50.322,155.656
1,1704588,-0.456,1.853,-10.536,-2.345,0.186,-0.066,-53.800,-51.871,155.759
1,1704592,-0.456,1.853,-10.536,-2.345,0.186,-0.066,-53.669,-52.134,155.218
1,1704679,0.188,4.893,-10.423,-1.724,0.139,-0.062,-54.326,-55.715,154.399
1,1704682,0.187,5.393,-10.171,-1.763,0.167,-0.046,-54.326,-55.715,154.399
1,1704739,0.342,4.965,-9.906,-1.710,0.161,-0.026,-54.925,-57.498,152.105
1,1704769,0.483,5.743,-9.874,-1.839,0.156,-0.015,-55.159,-58.053,151.754
1,1704772,0.592,5.779,-10.040,-1.924,0.161,-0.015,-55.159,-58.053,151.754
1,1704879,0.766,6.720,-10.422,-1.800,0.144,0.009,-55.174,-60.728,145.411
1,1704978,0.895,6.735,-10.271,-0.369,0.032,0.049,-55.744,-62.087,141.260
1,1704982,0.895,6.735,-10.271,-0.369,0.032,0.049,-55.744,-62.087,141.041
1,1705088,0.834,6.020,-9.782,0.701,-0.055,0.061,-56.036,-61.663,141.435
1,1705394,0.943,3.216,-9.629,1.862,-0.183,0.054,-56.460,-53.712,151.345
1,1705399,0.848,2.747,-9.645,1.853,-0.181,0.060,-56.460,-53.712,152.119
1,1705428,0.885,2.126,-9.677,2.285,-0.222,0.068,-56.387,-52.163,151.988
1,1705432,0.885,2.126,-9.677,2.285,-0.222,0.068,-56.387,-52.163,151.988
1,1705436,0.940,2.445,-9.704,2.413,-0.228,0.070,-56.679,-51.739,151.432
1,1705458,0.778,2.417,-9.680,2.305,-0.224,0.072,-56.299,-51.155,151.272
1,1705461,0.778,2.417,-9.680,2.305,-0.224,0.072,-56.752,-50.073,151.944
1,1705465,0.753,1.906,-9.715,2.191,-0.219,0.068,-56.752,-50.073,151.944
1,1705488,0.696,1.182,-9.772,2.246,-0.230,0.059,-56.314,-49.737,151.929
1,1705492,0.696,1.182,-9.772,2.246,-0.230,0.059,-56.314,-49.737,151.929
1,1705519,0.544,1.195,-9.519,2.531,-0.249,0.084,-56.592,-48.772,151.169
1,1705522,0.587,0.966,-9.577,2.531,-0.249,0.084,-56.270,-47.676,150.877
1,1705526,0.587,0.966,-9.577,2.453,-0.254,0.083,-56.270,-47.676,150.877
1,1705548,0.519,0.230,-9.589,2.264,-0.236,0.054,-56.635,-47.033,150.073
1,1705814,0.195,-4.642,-6.839,2.112,-0.276,0.101,-55.232,-36.890,133.251
1,1705878,-0.029,-5.876,-5.957,2.396,-0.313,0.142,-54.984,-34.566,125.987
1,1705939,-0.390,-6.927,-4.975,1.646,-0.271,0.164,-54.092,-33.221,120.023
1,1705942,-0.390,-6.927,-4.975,1.646,-0.271,0.164,-54.092,-33.221,120.023
1,1705946,-0.480,-7.103,-4.831,1.657,-0.269,0.155,-54.092,-33.221,120.023
1,1705998,-0.437,-7.242,-4.059,2.288,-0.314,0.221,-53.961,-32.110,113.856
1,1706001,-0.497,-6.961,-3.843,2.288,-0.314,0.221,-53.829,-31.584,112.818
1,1706088,-0.541,-7.626,-2.655,1.627,-0.269,0.236,-53.011,-30.415,105.101
1,1706092,-0.546,-7.320,-2.485,1.609,-0.265,0.230,-53.011,-30.415,105.101
1,1706096,-0.546,-7.320,-2.485,1.609,-0.265,0.230,-53.011,-30.415,105.101
1,1706118,-0.510,-6.742,-2.079,1.428,-0.249,0.228,-52.748,-30.327,103.566
1,1706122,-0.455,-6.724,-1.956,1.299,-0.243,0.235,-52.748,-30.254,102.733
1,1706125,-0.455,-6.724,-1.956,1.299,-0.243,0.235,-52.280,-30.254,102.733
1,1706178,-0.568,-7.815,-1.272,1.206,-0.236,0.246,-52.309,-29.231,99.839
1,1706182,-0.568,-7.815,-1.272,1.230,-0.236,0.246,-52.309,-29.231,99.839
1,1706185,-0.568,-7.815,-1.272,1.230,-0.236,0.246,-51.885,-29.012,98.933
1,1706208,-0.628,-7.919,-0.780,1.052,-0.216,0.249,-52.148,-29.041,97.735
1,1706269,-0.621,-9.650,-0.024,-0.180,-0.136,0.188,-51.447,-29.129,96.741
1,1706329,-1.113,-11.900,-0.115,-0.696,-0.112,0.109,-51.520,-29.319,98.524
1,1706333,-1.113,-11.900,-0.115,-0.696,-0.112,0.109,-51.622,-28.822,99.562
1,1706335,-1.152,-12.122,-0.254,-0.648,-0.121,0.110,-51.622,-28.822,99.562
1,1706358,-1.223,-12.542,-0.650,-0.442,-0.140,0.104,-51.695,-29.070,100.000
1,1706362,-1.223,-12.542,-0.650,-0.442,-0.140,0.104,-51.695,-29.070,100.000
1,1706365,-1.180,-12.364,-0.767,-0.327,-0.144,0.088,-51.695,-29.070,100.000
1,1706418,-0.864,-10.765,-1.251,-0.480,-0.128,0.046,-51.198,-29.553,101.710
1,1706422,-0.867,-10.740,-1.360,-0.480,-0.128,0.027,-51.198,-29.553,101.710
1,1706425,-0.867,-10.740,-1.360,-0.562,-0.116,0.027,-51.198,-29.553,101.710
1,1706448,-0.711,-9.836,-1.385,-0.606,-0.105,-0.002,-51.520,-29.611,102.879
1,1706508,-0.625,-8.961,-2.112,-1.453,-0.033,-0.076,-51.608,-30.371,107.892
1,1706512,-0.572,-8.845,-2.260,-1.405,-0.034,-0.073,-51.608,-30.371,107.892
1,1706515,-0.572,-8.845,-2.260,-1.405,-0.034,-0.073,-51.038,-30.415,109.602
1,1706538,-0.791,-8.554,-2.605,-1.249,-0.038,-0.084,-51.578,-30.722,111.985
1,1706541,-0.998,-7.920,-2.774,-1.234,-0.034,-0.089,-51.637,-30.839,111.985
1,1706628,-1.336,-6.890,-4.488,-2.930,0.127,-0.214,-51.944,-32.724,122.786
1,1706632,-1.336,-6.890,-4.488,-2.930,0.127,-0.214,-51.944,-32.724,122.786
1,1706636,-1.336,-6.890,-4.488,-2.930,0.127,-0.214,-51.944,-32.724,122.786
1,1706658,-1.327,-7.170,-5.063,-2.764,0.131,-0.217,-51.768,-34.230,126.907
1,1706867,-0.562,-1.953,-9.143,-3.076,0.243,-0.211,-53.742,-42.298,147.135
1,1706958,-0.331,0.610,-10.086,-2.161,0.226,-0.171,-53.975,-46.536,152.879
1,1706962,-0.273,1.006,-10.093,-2.197,0.233,-0.161,-53.975,-46.536,152.879
1,1706966,-0.273,1.006,-10.093,-2.197,0.233,-0.161,-53.975,-46.536,152.879
1,1706989,-0.219,1.158,-10.594,-2.413,0.248,-0.143,-54.297,-48.056,153.479
1,1707048,-0.038,2.389,-10.567,-2.150,0.244,-0.100,-55.305,-50.745,154.589
1,1707052,-0.038,2.389,-10.567,-2.150,0.244,-0.100,-55.305,-50.745,154.589
1,1707056,-0.038,2.389,-10.567,-2.150,0.244,-0.100,-55.013,-51.198,155.203
1,1707078,-0.026,2.396,-10.329,-2.076,0.244,-0.103,-55.452,-52.353,154.531
1,1707082,-0.026,2.396,-10.329,-2.076,0.244,-0.103,-55.452,-52.353,154.531
1,1707085,-0.026,2.396,-10.329,-2.076,0.244,-0.103,-55.452,-52.353,154.531
1,1707108,0.342,3.644,-10.378,-1.710,0.216,-0.072,-55.612,-53.362,154.063
1,1707138,0.376,3.595,-10.039,-2.004,0.246,-0.068,-55.510,-54.122,154.005
1,1707167,0.615,4.038,-10.057,-1.686,0.209,-0.056,-55.919,-55.086,152.879
1,1707199,0.684,4.594,-9.858,-1.697,0.213,-0.035,-56.153,-55.408,152.207
1,1707229,0.717,4.478,-9.806,-1.666,0.204,-0.038,-56.212,-57.045,151.111
1,1707232,0.717,4.478,-9.806,-1.666,0.204,-0.038,-56.212,-57.045,151.111
1,1707236,0.725,4.667,-9.794,-1.560,0.195,-0.032,-56.212,-57.045,151.111
1,1707257,0.889,5.178,-9.777,-1.454,0.181,-0.018,-56.226,-57.615,149.781
1,1707261,0.889,5.178,-9.777,-1.454,0.181,-0.018,-56.109,-57.688,149.342
1,1707265,0.875,5.231,-9.839,-1.506,0.184,-0.016,-56.109,-57.688,149.342
1,1707288,0.966,5.257,-9.863,-1.611,0.184,-0.024,-56.402,-58.550,148.173
1,1707291,0.966,5.257,-9.863,-1.611,0.184,-0.024,-56.402,-58.550,148.173
1,1707295,1.024,5.367,-9.868,-1.615,0.183,-0.023,-56.402,-58.550,148.173
1,1707318,1.153,5.498,-9.989,-1.569,0.175,-0.015,-56.592,-59.354,146.741
1,1707322,1.192,5.548,-10.010,-1.569,0.175,-0.015,-56.592,-59.354,146.741
1,1707348,1.208,5.754,-9.961,-1.417,0.159,-0.015,-56.387,-59.705,145.323
1,1707351,1.251,5.858,-9.969,-1.350,0.150,-0.011,-56.387,-59.705,145.323
1,1707355,1.251,5.858,-9.969,-1.350,0.150,-0.011,-56.387,-59.705,145.323
1,1707377,1.436,6.374,-10.166,-1.253,0.130,-0.010,-56.519,-60.333,143.861
1,1707381,1.498,6.665,-10.283,-1.260,0.126,-0.018,-56.519,-60.333,143.861
1,1707385,1.498,6.665,-10.283,-1.260,0.126,-0.018,-56.811,-60.041,143.335
1,1707408,1.452,6.640,-10.227,-1.211,0.127,-0.016,-56.782,-60.509,142.078
1,1707412,1.400,6.498,-10.104,-1.073,0.116,-0.004,-57.366,-60.509,142.078
1,1707438,1.527,6.476,-10.065,-0.701,0.077,0.010,-57.103,-61.006,141.391
1,1707468,1.463,6.682,-9.824,-0.060,0.040,0.007,-57.600,-61.049,140.968
1,1707472,1.463,6.682,-9.824,-0.227,0.040,0.007,-57.249,-60.494,141.055
1,1707476,1.463,6.682,-9.824,-0.227,0.040,0.007,-57.249,-60.494,141.055
1,1707498,1.519,6.319,-9.835,0.142,-0.012,0.029,-57.571,-61.196,140.485
1,1707501,1.519,6.319,-9.835,0.291,-0.012,0.029,-57.571,-61.196,140.485
1,1707505,1.519,6.319,-9.835,0.291,-0.012,0.029,-57.571,-61.196,140.485
1,1707528,1.367,6.048,-9.599,0.454,-0.026,0.013,-57.615,-61.006,140.398
1,1707532,1.367,6.048,-9.599,0.454,-0.026,0.013,-57.717,-60.509,140.661
1,1707535,1.367,6.048,-9.599,0.454,-0.026,0.013,-57.717,-60.509,140.661
1,1707558,1.405,5.828,-9.578,0.907,-0.078,0.029,-57.892,-60.421,140.398
1,1707561,1.405,5.828,-9.578,0.907,-0.078,0.029,-57.892,-60.421,140.398
1,1707565,1.405,5.828,-9.578,0.907,-0.078,0.029,-57.892,-60.421,140.398
1,1707587,1.391,6.282,-9.395,0.935,-0.081,0.012,-57.659,-60.202,141.625
1,1707649,1.314,6.138,-9.166,1.599,-0.150,0.027,-57.629,-59.676,143.379
1,1707652,1.314,6.138,-9.166,1.599,-0.150,0.027,-57.629,-59.676,143.379
1,1707656,1.363,6.435,-9.160,1.560,-0.159,0.028,-57.293,-59.237,144.373
1,1707678,1.391,6.159,-9.264,1.285,-0.148,0.029,-57.439,-58.989,145.031
1,1707681,1.391,6.159,-9.264,1.285,-0.148,0.029,-57.439,-58.989,145.031
1,1707685,1.316,5.897,-9.205,1.161,-0.139,0.026,-57.439,-58.989,145.031
1,1707708,1.132,5.161,-9.032,1.078,-0.138,0.017,-57.395,-58.185,145.118
1,1707711,1.132,5.161,-9.032,1.078,-0.138,0.017,-57.395,-58.185,145.118
1,1707715,1.133,4.921,-9.068,1.185,-0.158,0.026,-57.264,-58.112,145.601
1,1707738,1.176,4.507,-9.269,1.497,-0.187,0.045,-57.629,-57.966,146.141
1,1707742,1.176,4.507,-9.267,1.497,-0.187,0.045,-57.600,-57.659,146.755
1,1707745,1.141,4.542,-9.267,1.646,-0.194,0.042,-57.600,-57.659,146.755
1,1707768,1.212,5.084,-9.181,1.822,-0.213,0.038,-57.615,-56.972,146.843
1,1707771,1.269,5.287,-9.220,1.822,-0.213,0.046,-57.615,-56.972,146.843
1,1707775,1.269,5.287,-9.220,1.813,-0.216,0.046,-57.615,-56.592,147.691
1,1707829,1.263,3.917,-9.217,1.464,-0.203,0.038,-57.819,-54.955,149.488
1,1707833,1.322,3.726,-9.175,1.607,-0.216,0.049,-57.819,-54.955,149.488
1,1707835,1.322,3.726,-9.175,1.607,-0.216,0.049,-57.819,-54.955,149.488
1,1707858,1.303,3.561,-9.270,1.965,-0.250,0.067,-57.454,-54.575,149.342
1,1707918,1.305,2.629,-9.316,1.818,-0.260,0.067,-57.308,-52.748,150.497
1,1707922,1.305,2.629,-9.316,1.818,-0.260,0.067,-57.381,-51.900,150.234
1,1707925,1.305,2.629,-9.316,1.818,-0.260,0.067,-57.381,-51.900,150.234
1,1707948,1.125,2.079,-9.271,2.167,-0.290,0.072,-57.132,-51.432,150.468
1,1707953,1.125,2.079,-9.271,2.167,-0.290,0.072,-57.132,-51.432,150.468
1,1707956,1.125,2.079,-9.271,2.167,-0.290,0.072,-57.132,-51.432,150.468
1,1707978,1.123,2.030,-9.203,2.287,-0.310,0.088,-57.644,-50.526,151.038
1,1708008,1.074,1.452,-9.178,1.856,-0.292,0.070,-57.205,-49.328,150.555
1,1708098,0.732,-0.213,-8.869,2.013,-0.326,0.098,-56.665,-45.951,148.641
1,1708188,0.353,-2.828,-8.715,1.988,-0.340,0.115,-56.197,-42.911,145.016
1,1708192,0.343,-3.013,-8.593,1.988,-0.347,0.121,-55.466,-42.064,144.768
1,1708196,0.343,-3.013,-8.593,2.096,-0.347,0.121,-55.466,-42.064,144.768
1,1708249,0.337,-2.780,-8.388,2.051,-0.347,0.144,-55.525,-41.158,141.070
1,1708278,0.195,-4.512,-8.134,1.984,-0.349,0.176,-55.773,-39.623,139.316
1,1708282,0.120,-4.856,-8.132,2.148,-0.364,0.184,-55.773,-39.623,139.316
1,1708308,0.051,-4.558,-7.955,2.404,-0.374,0.183,-54.925,-38.819,137.372
1,1708312,0.084,-4.125,-7.780,2.397,-0.370,0.184,-54.925,-38.819,137.372
1,1708316,0.084,-4.125,-7.780,2.397,-0.370,0.184,-54.692,-38.118,136.787
1,1708337,0.054,-4.759,-7.590,2.138,-0.358,0.195,-55.101,-38.278,135.034
1,1708369,-0.134,-5.609,-7.100,2.275,-0.358,0.214,-54.911,-36.861,131.438
1,1708373,-0.134,-5.609,-7.100,2.275,-0.358,0.214,-54.911,-36.861,131.438
1,1708375,-0.134,-5.609,-7.100,2.275,-0.358,0.214,-54.239,-36.188,130.488
1,1708398,-0.234,-6.051,-6.730,2.089,-0.335,0.222,-54.034,-35.735,129.129
1,1708402,-0.234,-6.051,-6.730,2.089,-0.335,0.222,-53.961,-35.121,128.764
1,1708405,-0.234,-6.051,-6.730,2.089,-0.335,0.222,-53.961,-35.121,128.764
1,1708428,-0.341,-6.815,-6.196,2.176,-0.340,0.230,-54.414,-34.493,125.767
1,1708432,-0.341,-6.815,-6.196,2.176,-0.340,0.230,-54.414,-34.493,125.767
1,1708436,-0.341,-6.815,-6.196,2.176,-0.340,0.230,-54.414,-34.493,125.767
1,1708458,-0.409,-6.664,-5.773,2.349,-0.338,0.249,-54.005,-33.791,123.517
1,1708461,-0.409,-6.664,-5.773,2.349,-0.338,0.249,-53.552,-33.411,122.186
1,1708489,-0.468,-6.620,-5.149,2.253,-0.325,0.253,-53.391,-33.397,118.518
1,1708492,-0.468,-6.620,-5.149,2.253,-0.325,0.253,-53.391,-33.397,118.518
1,1708496,-0.537,-7.053,-4.988,2.246,-0.319,0.264,-53.391,-33.397,118.518
1,1708548,-0.602,-7.132,-4.069,2.767,-0.335,0.274,-52.543,-31.204,110.304
1,1708552,-0.602,-7.132,-4.069,2.767,-0.335,0.274,-52.543,-31.204,110.304
1,1708608,-0.653,-7.218,-2.687,2.143,-0.260,0.270,-52.222,-29.699,101.622
1,1708612,-0.647,-7.072,-2.406,2.143,-0.260,0.270,-52.222,-29.699,101.622
1,1708616,-0.647,-7.072,-2.406,2.066,-0.248,0.270,-52.222,-29.699,101.622
1,1708667,-0.684,-6.919,-1.440,1.582,-0.199,0.266,-52.046,-28.880,96.551
1,1708774,-1.362,-9.221,0.102,-0.062,-0.070,0.200,-51.096,-28.720,92.224
1,1708818,-1.632,-12.123,0.954,0.230,-0.084,0.156,-50.351,-28.574,92.444
1,1708877,-1.907,-12.246,1.102,0.345,-0.090,0.089,-50.585,-28.661,91.406
1,1708968,-1.563,-10.032,-0.918,-1.632,0.042,-0.048,-50.643,-29.129,96.858
1,1708972,-1.563,-10.032,-0.918,-1.632,0.042,-0.048,-50.643,-29.129,96.858
1,1708975,-1.590,-10.177,-1.208,-1.740,0.046,-0.060,-50.482,-29.056,98.831
1,1708998,-1.590,-9.958,-1.645,-1.780,0.060,-0.086,-51.052,-29.070,99.649
1,1709001,-1.590,-9.958,-1.645,-1.780,0.060,-0.086,-50.979,-28.939,101.388
1,1709088,-1.394,-8.225,-2.956,-1.522,0.073,-0.145,-51.169,-30.693,110.070
1,1709092,-1.405,-7.986,-3.092,-1.654,0.083,-0.160,-51.169,-30.693,110.070
1,1709095,-1.405,-7.986,-3.092,-1.654,0.083,-0.160,-51.169,-30.693,110.070
1,1709221,-0.663,-7.068,-4.981,-1.262,0.123,-0.237,-51.973,-33.557,124.160
1,1709298,-0.391,-4.873,-6.357,-2.214,0.221,-0.296,-52.704,-35.282,130.517
1,1709329,-0.388,-5.039,-7.192,-2.749,0.282,-0.299,-52.572,-36.612,133.455
1,1709333,-0.388,-5.039,-7.192,-2.749,0.282,-0.299,-52.821,-36.495,135.355
1,1709335,-0.397,-4.923,-7.393,-2.749,0.282,-0.299,-52.821,-36.495,135.355
1,1709358,-0.383,-4.497,-7.704,-2.784,0.305,-0.309,-53.245,-38.395,138.176
1,1709449,-0.336,-2.595,-9.056,-1.880,0.298,-0.236,-54.122,-41.654,145.235
1,1709452,-0.336,-2.595,-9.056,-1.880,0.298,-0.236,-54.122,-41.654,146.068
1,1709508,-0.075,-1.606,-9.674,-2.475,0.363,-0.232,-54.911,-44.212,149.035
1,1709512,-0.039,-1.530,-9.740,-2.475,0.358,-0.227,-54.911,-44.212,149.035
1,1709516,-0.039,-1.530,-9.740,-2.397,0.358,-0.227,-54.794,-44.505,149.810
1,1709538,0.048,-1.108,-9.716,-2.109,0.357,-0.206,-54.969,-45.484,151.213
1,1709541,0.132,-0.924,-9.607,-2.109,0.357,-0.194,-55.203,-46.010,151.213
1,1709544,0.132,-0.924,-9.607,-1.958,0.348,-0.194,-55.203,-46.010,151.213
1,1709568,0.248,-0.297,-9.797,-1.774,0.326,-0.182,-55.729,-47.150,150.906
1,1709571,0.242,-0.053,-9.891,-1.778,0.327,-0.184,-55.729,-47.150,150.906
1,1709659,0.613,1.647,-9.523,-1.742,0.335,-0.164,-56.358,-49.971,151.900
1,1709662,0.613,1.647,-9.523,-1.794,0.332,-0.159,-56.855,-49.474,152.382
1,1709718,0.767,1.850,-9.474,-1.808,0.312,-0.150,-57.074,-51.812,151.476
1,1709749,1.101,3.192,-9.606,-1.582,0.293,-0.125,-57.293,-53.347,151.564
1,1709808,1.260,3.840,-9.464,-1.454,0.261,-0.117,-57.980,-54.648,150.365
1,1709812,1.260,3.840,-9.464,-1.454,0.261,-0.117,-57.980,-54.648,150.365
1,1709816,1.387,4.068,-9.500,-1.494,0.253,-0.117,-57.980,-54.648,150.365
1,1709837,1.482,4.031,-9.635,-1.690,0.249,-0.130,-58.082,-55.130,148.889
1,1709841,1.482,4.031,-9.635,-1.690,0.249,-0.130,-58.082,-55.130,148.889
1,1709845,1.462,3.957,-9.604,-1.729,0.257,-0.126,-58.185,-55.466,148.115
1,1709868,1.407,3.970,-9.531,-1.647,0.238,-0.125,-58.769,-55.612,147.618
1,1709872,1.407,3.970,-9.531,-1.647,0.238,-0.125,-58.331,-56.022,147.910
1,1709875,1.525,4.124,-9.655,-1.566,0.219,-0.126,-58.331,-56.022,147.910
1,1709928,1.726,4.650,-9.647,-1.390,0.186,-0.127,-58.769,-57.600,146.419
1,1709932,1.726,4.650,-9.730,-1.390,0.186,-0.127,-58.711,-57.074,145.805
1,1709988,1.986,5.818,-9.837,-1.330,0.153,-0.143,-58.404,-58.389,143.365
1,1709992,1.975,5.731,-9.866,-1.307,0.148,-0.138,-58.638,-58.462,143.072
1,1709996,1.975,5.731,-9.866,-1.307,0.148,-0.138,-58.638,-58.462,143.072
1,1710048,2.057,6.207,-9.756,-0.497,0.067,-0.122,-58.769,-59.208,141.961
1,1710052,1.968,6.266,-9.759,-0.415,0.059,-0.120,-58.769,-59.208,141.874
1,1710108,1.831,5.914,-9.757,-0.020,0.002,-0.121,-58.667,-59.749,141.450
1,1710138,1.674,5.410,-9.842,0.627,-0.076,-0.098,-58.696,-59.705,141.450
1,1710142,1.674,5.410,-9.842,0.627,-0.076,-0.098,-58.696,-59.705,141.450
1,1710145,1.674,5.410,-9.842,0.627,-0.076,-0.098,-58.696,-59.705,141.450
1,1710168,1.614,5.381,-9.756,0.980,-0.116,-0.109,-59.179,-59.486,141.684
1,1710172,1.614,5.381,-9.756,0.980,-0.116,-0.109,-59.179,-59.486,141.684
1,1710175,1.614,5.381,-9.756,0.980,-0.116,-0.109,-59.296,-58.989,141.830
1,1710198,1.536,5.313,-9.769,1.202,-0.158,-0.093,-59.193,-59.032,141.918
1,1710202,1.536,5.313,-9.769,1.202,-0.158,-0.093,-59.486,-58.287,143.189
1,1710205,1.536,5.313,-9.769,1.202,-0.158,-0.093,-59.486,-58.287,143.189
1,1710227,1.537,5.407,-9.756,1.180,-0.176,-0.106,-58.579,-58.711,143.072
1,1710231,1.537,5.407,-9.756,1.180,-0.176,-0.106,-58.579,-58.711,143.072
1,1710235,1.537,5.407,-9.756,1.180,-0.176,-0.106,-58.579,-58.711,143.072
1,1710257,1.463,4.781,-9.629,1.326,-0.206,-0.095,-59.047,-58.346,144.519
1,1710318,1.513,5.111,-9.468,1.641,-0.274,-0.077,-58.740,-56.562,146.551
1,1710322,1.513,5.111,-9.468,1.641,-0.274,-0.077,-58.302,-55.817,146.755
1,1710326,1.525,4.771,-9.443,1.654,-0.280,-0.075,-58.302,-55.817,146.755
1,1710347,1.559,4.491,-9.448,1.900,-0.310,-0.060,-58.682,-56.314,147.091
1,1710378,1.458,4.347,-9.380,2.035,-0.335,-0.055,-58.272,-55.247,147.998
1,1710382,1.458,4.047,-9.320,2.035,-0.335,-0.055,-58.272,-55.247,147.998
1,1710385,1.458,4.047,-9.320,2.087,-0.342,-0.046,-57.615,-54.604,148.728
1,1710438,1.501,4.106,-9.300,2.210,-0.378,-0.024,-58.097,-53.142,149.123
1,1710544,1.193,1.381,-9.034,1.979,-0.408,0.004,-56.694,-49.488,149.883
1,1710558,1.198,1.482,-8.981,1.985,-0.413,0.021,-57.059,-49.182,150.190
1,1710562,1.198,1.482,-8.981,1.968,-0.413,0.021,-57.059,-49.182,150.190
1,1710565,1.198,1.482,-8.981,1.968,-0.413,0.021,-57.059,-49.182,150.190
1,1710587,1.085,0.323,-8.960,1.867,-0.420,0.037,-56.606,-48.538,149.825
1,1710591,1.085,0.323,-8.960,1.835,-0.415,0.037,-56.869,-47.968,149.532
1,1710594,1.085,0.323,-8.960,1.835,-0.415,0.037,-56.869,-47.968,149.532
1,1710647,0.812,-0.767,-8.929,1.933,-0.440,0.064,-56.519,-46.901,149.298
1,1710708,0.535,-1.741,-8.856,2.044,-0.459,0.099,-55.452,-44.461,146.843
1,1710738,0.394,-2.614,-8.729,1.861,-0.448,0.105,-55.744,-43.321,145.586
1,1710742,0.394,-2.614,-8.729,1.861,-0.448,0.105,-55.744,-43.321,145.586
1,1710746,0.352,-2.843,-8.691,1.906,-0.451,0.116,-55.744,-43.321,145.586
1,1710767,0.234,-3.144,-8.662,1.968,-0.459,0.132,-55.247,-42.458,143.730
1,1710771,0.234,-3.144,-8.662,1.968,-0.459,0.132,-55.247,-42.458,143.730
1,1710775,0.189,-3.360,-8.721,1.939,-0.461,0.136,-54.969,-42.093,143.262
1,1710797,0.127,-3.649,-8.560,1.899,-0.448,0.131,-55.232,-41.464,142.721
1,1710829,-0.043,-4.136,-8.335,1.938,-0.456,0.165,-54.896,-40.953,140.763
1,1710832,-0.073,-4.451,-8.347,1.938,-0.456,0.165,-54.896,-40.953,140.763
1,1710858,-0.176,-4.504,-8.152,2.018,-0.447,0.159,-54.677,-39.857,138.994
1,1710948,-0.587,-5.894,-7.053,2.015,-0.430,0.219,-53.712,-36.510,131.847
1,1710978,-0.619,-5.836,-6.489,2.062,-0.421,0.217,-53.391,-35.779,129.334
1,1710982,-0.656,-5.836,-6.489,1.974,-0.409,0.216,-53.391,-35.779,129.334
1,1710986,-0.656,-5.836,-6.489,1.974,-0.409,0.216,-52.689,-34.917,128.764
1,1711007,-0.774,-7.007,-6.092,1.783,-0.390,0.224,-52.660,-34.697,126.483
1,1711068,-0.952,-7.267,-5.222,2.255,-0.395,0.243,-52.046,-33.177,119.600
1,1711175,-1.015,-7.265,-3.149,1.552,-0.302,0.225,-51.462,-30.927,109.749
1,1711188,-1.064,-7.358,-2.995,1.341,-0.286,0.210,-50.965,-31.044,108.930
1,1711192,-1.064,-7.358,-2.995,1.341,-0.286,0.210,-50.818,-30.444,108.886
1,1711196,-1.048,-7.340,-2.846,1.100,-0.266,0.187,-50.818,-30.444,108.886
1,1711217,-0.924,-7.268,-2.566,0.687,-0.237,0.153,-51.067,-29.977,107.454
1,1711221,-0.924,-7.268,-2.566,0.687,-0.237,0.153,-51.067,-29.977,107.454
1,1711308,-1.340,-8.862,-2.215,0.294,-0.199,0.117,-50.395,-30.737,106.606
1,1711368,-1.595,-9.718,-2.003,0.217,-0.173,0.070,-50.599,-30.167,106.548
1,1711578,-1.516,-8.985,-3.047,-0.739,-0.012,-0.200,-50.745,-31.102,111.649
1,1711638,-1.408,-8.420,-3.618,-1.079,0.043,-0.248,-50.775,-31.555,115.069
1,1711642,-1.408,-8.420,-3.618,-1.079,0.043,-0.248,-50.775,-31.555,115.069
1,1711728,-1.169,-7.810,-4.531,-1.703,0.130,-0.304,-51.754,-33.426,122.435
1,1711732,-1.138,-7.980,-4.666,-1.701,0.136,-0.298,-52.178,-33.382,124.189
1,1711838,-0.902,-7.077,-5.676,-1.326,0.180,-0.320,-52.821,-36.027,131.614
1,1711908,-0.254,-4.503,-6.596,-1.977,0.270,-0.338,-53.946,-37.825,136.524
1,1712101,0.188,-0.627,-8.959,-2.330,0.367,-0.209,-55.656,-46.083,149.006
1,1712118,0.229,-0.286,-9.074,-2.314,0.364,-0.205,-55.992,-46.814,149.108
1,1712122,0.229,-0.286,-9.074,-2.314,0.364,-0.205,-55.832,-47.267,149.883
1,1712147,0.298,0.548,-9.165,-2.188,0.352,-0.159,-56.562,-48.816,150.818
1,1712151,0.298,0.548,-9.165,-2.188,0.352,-0.159,-56.562,-48.816,150.818
1,1712155,0.347,0.692,-9.318,-2.208,0.348,-0.150,-56.562,-48.816,150.818
1,1712177,0.418,1.250,-9.422,-2.315,0.358,-0.143,-56.299,-49.532,150.599
1,1712181,0.389,1.516,-9.427,-2.315,0.358,-0.143,-56.299,-49.532,150.599
1,1712208,0.584,1.607,-9.618,-2.412,0.345,-0.111,-57.030,-50.892,150.541
1,1712268,0.933,3.008,-9.864,-2.126,0.298,-0.062,-57.498,-53.332,150.015
1,1712272,0.949,2.985,-9.844,-2.128,0.299,-0.050,-57.498,-53.332,150.015
1,1712298,0.962,3.458,-9.799,-2.026,0.285,-0.044,-57.819,-54.239,148.904
1,1712301,1.052,3.474,-9.799,-1.944,0.265,-0.045,-57.819,-54.239,148.904
1,1712328,1.332,4.061,-9.663,-2.175,0.253,-0.017,-58.185,-55.247,148.319
1,1712332,1.332,4.061,-9.663,-1.883,0.253,-0.017,-57.863,-54.589,148.714
1,1712335,1.332,4.061,-9.663,-1.883,0.253,-0.017,-57.863,-54.589,148.714
1,1712358,1.486,4.313,-9.502,-1.751,0.220,-0.020,-58.185,-56.402,147.413
1,1712362,1.486,4.313,-9.502,-1.751,0.220,-0.020,-58.185,-56.402,147.413
1,1712365,1.486,4.313,-9.502,-1.751,0.220,-0.020,-58.185,-56.402,147.413
1,1712387,1.620,4.727,-9.379,-1.560,0.195,-0.002,-58.126,-57.059,147.208
1,1712391,1.620,4.727,-9.379,-1.560,0.195,-0.002,-58.126,-56.650,146.463
1,1712395,1.620,4.727,-9.379,-1.560,0.195,-0.002,-58.126,-56.650,146.463
1,1712417,1.789,4.970,-9.190,-1.523,0.170,-0.012,-58.389,-57.556,145.177
1,1712478,2.139,5.730,-8.763,-1.161,0.114,-0.010,-58.433,-58.594,143.642
1,1712482,2.139,5.730,-8.763,-1.161,0.114,-0.010,-58.433,-58.594,143.642
1,1712485,2.122,5.804,-8.710,-1.164,0.112,-0.006,-58.433,-58.594,143.642
1,1712508,2.046,5.458,-8.571,-1.179,0.098,-0.010,-58.769,-59.076,142.546
1,1712512,2.046,5.458,-8.571,-1.179,0.098,-0.010,-58.769,-59.076,142.546
1,1712515,2.065,5.372,-8.509,-1.113,0.087,-0.016,-58.316,-59.296,141.684
1,1712538,2.223,5.773,-8.484,-0.913,0.061,-0.018,-58.462,-59.617,141.099
1,1712598,2.305,6.025,-8.398,-0.946,0.026,-0.039,-58.828,-60.056,139.184
1,1712602,2.343,5.810,-8.399,-0.946,0.026,-0.039,-58.974,-60.377,139.184
1,1712605,2.343,5.810,-8.399,-0.881,0.011,-0.039,-58.974,-60.377,139.184
1,1712627,2.365,5.696,-8.499,-0.659,-0.022,-0.055,-58.916,-60.786,138.468
1,1712658,2.356,6.364,-8.456,-0.429,-0.054,-0.059,-58.594,-60.669,138.118
1,1712718,2.271,5.636,-8.503,-0.154,-0.112,-0.082,-58.784,-61.283,137.036
1,1712722,2.344,5.949,-8.635,0.075,-0.144,-0.079,-58.419,-60.611,137.431
1,1712725,2.344,5.949,-8.635,0.075,-0.144,-0.079,-58.419,-60.611,137.431
1,1712748,2.341,6.508,-8.806,0.216,-0.156,-0.092,-58.565,-61.166,137.606
1,1712751,2.270,6.707,-8.704,0.170,-0.153,-0.101,-58.565,-61.166,137.606
1,1712754,2.270,6.707,-8.704,0.170,-0.153,-0.101,-58.565,-61.166,137.606
1,1712778,2.212,6.019,-8.841,0.115,-0.173,-0.103,-58.287,-60.991,137.416
1,1712868,1.915,6.348,-9.057,0.955,-0.287,-0.089,-58.389,-60.012,140.427
1,1712872,1.915,6.348,-9.057,0.955,-0.287,-0.089,-58.389,-60.012,140.427
1,1712875,1.902,6.522,-9.074,0.955,-0.287,-0.089,-58.389,-60.012,140.427
1,1712897,1.766,6.047,-8.930,1.025,-0.303,-0.072,-58.243,-60.436,140.588
1,1712958,1.667,6.270,-8.881,1.264,-0.348,-0.053,-57.746,-59.018,143.467
1,1712961,1.667,6.270,-8.881,1.264,-0.348,-0.053,-57.746,-59.018,143.467
1,1712965,1.571,5.830,-8.892,1.195,-0.351,-0.051,-57.746,-59.018,143.467
1,1712988,1.598,5.285,-9.013,1.372,-0.382,-0.039,-57.936,-58.872,144.183
1,1712992,1.598,5.285,-9.013,1.372,-0.382,-0.039,-57.556,-58.594,145.148
1,1712996,1.589,5.383,-9.032,1.538,-0.396,-0.032,-57.556,-58.594,145.148
1,1713121,1.230,3.754,-9.117,1.627,-0.445,0.048,-57.293,-55.671,149.415
1,1713138,1.199,3.643,-9.245,1.957,-0.467,0.062,-57.045,-54.633,150.687
1,1713142,1.204,3.797,-9.482,2.137,-0.489,0.079,-57.045,-54.633,150.687
1,1713145,1.204,3.797,-9.482,2.137,-0.489,0.079,-57.045,-54.633,150.687
1,1713198,1.019,2.759,-9.552,1.651,-0.452,0.092,-56.752,-53.347,150.892
1,1713258,1.009,2.058,-9.878,2.375,-0.491,0.150,-55.802,-51.082,151.856
1,1713262,1.009,2.058,-9.878,2.375,-0.491,0.150,-55.773,-50.322,152.353
1,1713265,1.009,2.058,-9.878,2.375,-0.491,0.150,-55.773,-50.322,152.353
1,1713318,0.609,-0.245,-9.578,2.312,-0.468,0.182,-55.539,-48.553,151.125
1,1713322,0.609,-0.245,-9.578,2.312,-0.468,0.182,-55.554,-47.559,150.935
1,1713326,0.506,-0.755,-9.558,2.312,-0.468,0.187,-55.554,-47.559,150.935
1,1713347,0.435,-0.715,-9.468,2.524,-0.472,0.177,-55.422,-46.799,150.146
1,1713408,0.083,-2.443,-9.015,1.917,-0.412,0.181,-54.911,-44.914,148.407
1,1713412,0.083,-2.443,-9.015,1.917,-0.412,0.181,-54.911,-44.914,148.407
1,1713416,0.037,-2.662,-8.874,2.037,-0.415,0.187,-54.911,-44.914,148.407
1,1713437,-0.121,-2.718,-8.855,2.331,-0.436,0.215,-54.662,-43.481,146.025
1,1713468,-0.185,-2.560,-8.664,2.015,-0.395,0.195,-54.122,-41.961,145.075
1,1713704,-1.040,-6.170,-5.896,1.773,-0.263,0.200,-52.119,-34.361,127.024
1,1713797,-1.210,-7.359,-4.548,1.866,-0.221,0.153,-51.695,-32.257,117.261
1,1713802,-1.210,-7.359,-4.548,1.866,-0.221,0.153,-51.330,-32.257,117.261
1,1713805,-1.226,-7.565,-4.424,1.840,-0.211,0.147,-51.330,-32.257,117.261
1,1713827,-1.263,-7.859,-4.175,1.897,-0.206,0.144,-51.578,-31.891,114.513
1,1713858,-1.229,-7.585,-3.793,1.899,-0.194,0.116,-51.359,-31.321,111.868
1,1713862,-1.229,-7.585,-3.793,1.899,-0.194,0.116,-51.652,-30.664,111.122
1,1713866,-1.200,-7.376,-3.582,1.795,-0.183,0.099,-51.652,-30.664,111.122
1,1713918,-1.076,-7.936,-2.966,1.299,-0.139,0.079,-51.052,-30.474,106.402
1,1713921,-1.055,-7.846,-2.840,1.299,-0.139,0.079,-50.585,-30.225,105.291
1,1713925,-1.055,-7.846,-2.840,1.166,-0.123,0.055,-50.585,-30.225,105.291
1,1713948,-1.084,-7.352,-2.449,0.855,-0.093,0.022,-50.848,-30.254,104.253
1,1714054,-1.758,-11.709,-2.052,0.260,-0.034,-0.022,-51.184,-30.313,103.829
1,1714068,-2.119,-12.140,-1.933,0.368,-0.034,-0.039,-50.877,-30.108,103.742
1,1714072,-1.915,-12.140,-1.933,0.476,-0.038,-0.051,-50.877,-30.108,103.742
1,1714076,-1.915,-12.140,-1.933,0.476,-0.038,-0.051,-50.877,-30.108,103.742
1,1714201,-1.139,-9.648,-1.851,-0.761,0.071,-0.215,-51.272,-29.611,103.055
1,1714248,-1.001,-9.090,-2.617,-1.296,0.112,-0.236,-51.754,-30.386,106.007
1,1714251,-1.001,-9.090,-2.617,-1.296,0.112,-0.236,-51.169,-30.532,107.132
1,1714255,-0.975,-9.075,-2.802,-1.297,0.121,-0.247,-51.169,-30.532,107.132
1,1714277,-0.937,-8.676,-2.835,-1.195,0.128,-0.258,-51.549,-31.204,108.419
1,1714281,-0.937,-8.676,-2.835,-1.195,0.128,-0.258,-51.549,-31.204,108.419
1,1714338,-0.839,-7.899,-3.680,-1.103,0.133,-0.265,-52.412,-31.906,112.964
1,1714342,-0.810,-7.803,-3.793,-1.103,0.133,-0.265,-52.412,-31.906,112.964
1,1714345,-0.810,-7.803,-3.793,-1.253,0.147,-0.277,-52.412,-31.906,112.964
1,1714368,-0.842,-8.108,-3.971,-1.431,0.161,-0.283,-52.558,-32.549,114.396
1,1714428,-0.635,-7.588,-4.691,-1.505,0.188,-0.293,-53.025,-33.046,119.453
1,1714432,-0.586,-7.729,-4.811,-1.514,0.188,-0.287,-53.025,-33.046,119.453
1,1714435,-0.586,-7.729,-4.811,-1.514,0.188,-0.287,-52.894,-33.528,120.886
1,1714560,-0.133,-5.754,-6.365,-1.315,0.200,-0.276,-54.443,-35.881,128.851
1,1714608,0.006,-5.310,-6.918,-1.502,0.219,-0.263,-54.984,-36.656,132.315
1,1714638,0.087,-4.916,-7.202,-1.757,0.247,-0.270,-55.598,-37.328,134.098
1,1714642,0.087,-4.916,-7.202,-1.757,0.247,-0.270,-55.598,-37.328,134.098
1,1714646,0.083,-4.825,-7.314,-1.757,0.248,-0.264,-55.408,-37.708,134.697
1,1714667,0.134,-4.728,-7.503,-1.768,0.250,-0.248,-55.846,-38.746,136.773
1,1714671,0.134,-4.728,-7.503,-1.768,0.250,-0.248,-55.627,-38.746,136.773
1,1714674,0.182,-4.524,-7.598,-1.768,0.250,-0.248,-55.627,-38.746,136.773
1,1714758,0.573,-3.281,-8.430,-1.715,0.252,-0.211,-56.387,-41.640,142.064
1,1714818,0.963,-1.947,-8.888,-1.582,0.237,-0.175,-56.884,-43.131,143.584
1,1714822,1.027,-1.778,-8.850,-1.582,0.241,-0.173,-56.884,-43.131,143.584
1,1714825,1.027,-1.778,-8.850,-1.593,0.241,-0.173,-56.884,-43.131,143.584
1,1714847,1.153,-1.357,-8.935,-1.619,0.231,-0.178,-57.176,-43.832,144.899
1,1714908,1.369,-0.461,-9.191,-1.487,0.209,-0.156,-57.425,-45.922,145.908
1,1714912,1.395,-0.376,-9.200,-1.515,0.208,-0.149,-57.425,-45.922,145.908
1,1715018,1.457,0.556,-9.186,-1.607,0.170,-0.126,-57.951,-48.904,147.822
1,1715118,1.756,2.186,-8.912,-1.410,0.092,-0.110,-58.579,-51.535,148.465
1,1715178,1.754,2.554,-8.765,-1.366,0.053,-0.122,-58.755,-52.762,147.676
1,1715268,1.838,3.315,-8.564,-1.258,-0.012,-0.145,-59.062,-55.335,146.507
1,1715328,1.886,4.284,-8.527,-1.421,-0.028,-0.178,-58.842,-56.577,145.206
1,1715332,1.872,4.266,-8.441,-1.422,-0.031,-0.182,-58.726,-57.015,144.826
1,1715335,1.872,4.266,-8.441,-1.422,-0.031,-0.182,-58.726,-57.015,144.826
1,1715357,1.858,4.589,-8.533,-1.349,-0.056,-0.194,-58.375,-56.957,143.832
1,1715388,1.899,5.276,-8.603,-1.319,-0.061,-0.206,-58.842,-57.732,143.540
1,1715392,1.898,5.481,-8.603,-1.360,-0.060,-0.215,-58.711,-57.454,143.642
1,1715448,1.938,6.238,-8.806,-1.333,-0.088,-0.250,-58.550,-59.179,141.713
1,1715452,1.938,6.238,-8.806,-1.333,-0.088,-0.250,-58.550,-59.266,142.005
1,1715456,1.938,6.238,-8.806,-1.333,-0.088,-0.250,-58.550,-59.266,142.005
1,1715478,1.878,6.386,-8.893,-1.014,-0.117,-0.253,-58.652,-59.763,140.953
1,1715508,1.931,7.931,-9.071,-0.695,-0.153,-0.261,-57.849,-60.012,140.134
1,1715615,1.356,7.121,-8.754,0.352,-0.252,-0.259,-57.542,-61.722,138.059
1,1715658,1.232,7.257,-8.917,0.982,-0.320,-0.233,-56.928,-61.312,139.184
1,1715662,1.232,7.257,-8.917,0.982,-0.320,-0.233,-57.454,-60.962,140.120
1,1715666,1.216,7.254,-8.964,1.047,-0.327,-0.233,-57.454,-60.962,140.120
1,1715687,1.224,7.320,-8.832,1.158,-0.340,-0.224,-57.045,-61.093,140.968
1,1715691,1.224,7.320,-8.832,1.158,-0.340,-0.224,-57.045,-61.093,140.968
1,1715695,1.237,7.305,-8.847,1.180,-0.348,-0.216,-57.045,-61.093,140.968
1,1715717,1.201,7.286,-9.138,1.117,-0.368,-0.211,-57.454,-60.669,141.801
1,1715721,1.223,7.066,-9.279,1.117,-0.368,-0.215,-56.709,-60.070,142.999
1,1715724,1.223,7.066,-9.279,1.064,-0.364,-0.215,-56.709,-60.070,142.999
1,1715748,1.146,6.806,-9.070,1.129,-0.363,-0.208,-56.884,-60.099,143.204
1,1716163,0.011,1.133,-9.500,2.403,-0.440,-0.006,-53.610,-49.152,154.560
1,1716258,-0.471,-1.100,-9.029,2.138,-0.419,0.016,-53.128,-45.513,151.476
1,1716348,-0.657,-3.087,-8.300,1.643,-0.373,0.028,-52.353,-42.020,147.311
1,1716438,-1.102,-4.879,-8.059,1.570,-0.346,0.020,-51.944,-40.310,144.651
1,1716442,-1.102,-4.879,-8.059,1.570,-0.346,0.020,-51.944,-40.310,144.651
1,1716468,-1.077,-4.549,-7.777,1.736,-0.340,0.011,-51.359,-39.331,142.721
1,1716498,-1.082,-4.665,-7.644,1.572,-0.326,0.013,-51.739,-38.819,140.836
1,1716501,-1.082,-4.665,-7.644,1.572,-0.326,0.013,-51.739,-38.819,140.836
1,1716504,-1.116,-4.801,-7.572,1.420,-0.309,0.005,-51.388,-38.424,140.018
1,1716528,-1.293,-5.463,-7.354,1.146,-0.280,-0.017,-51.798,-38.424,140.018
1,1716531,-1.293,-5.463,-7.354,1.146,-0.280,-0.017,-51.242,-37.796,139.448
1,1716535,-1.389,-5.707,-7.263,1.142,-0.276,-0.020,-51.242,-37.796,139.448
1,1716557,-1.354,-6.081,-7.236,1.323,-0.292,-0.015,-51.447,-37.811,138.234
1,1716561,-1.354,-6.081,-7.236,1.323,-0.292,-0.015,-51.447,-37.811,138.234
1,1716565,-1.323,-6.202,-7.263,1.434,-0.294,-0.013,-51.447,-37.811,138.234
1,1716587,-1.281,-5.714,-7.071,1.502,-0.285,-0.023,-51.520,-37.182,136.276
1,1716678,-1.536,-6.836,-6.395,1.481,-0.259,-0.061,-50.921,-34.829,131.643
1,1716708,-1.460,-6.772,-5.951,1.089,-0.219,-0.094,-51.140,-34.844,129.567
1,1716738,-1.656,-7.820,-5.592,0.960,-0.205,-0.112,-50.935,-34.376,127.989
1,1716768,-1.563,-7.384,-5.453,1.305,-0.215,-0.131,-51.535,-34.215,126.790
1,1716772,-1.563,-7.384,-5.453,1.305,-0.215,-0.131,-51.535,-34.215,126.790
1,1716828,-1.783,-7.683,-5.018,1.316,-0.200,-0.172,-51.286,-32.797,121.836
1,1716832,-1.783,-7.683,-5.018,1.316,-0.200,-0.172,-51.286,-32.797,121.836
1,1716858,-1.915,-7.981,-4.851,1.382,-0.213,-0.172,-51.403,-32.549,120.038
1,1716918,-1.796,-8.189,-4.408,1.581,-0.220,-0.205,-51.052,-31.687,114.528
1,1716922,-1.796,-8.189,-4.408,1.581,-0.220,-0.205,-51.447,-31.000,114.426
1,1716925,-1.692,-8.128,-4.284,1.651,-0.226,-0.203,-51.447,-31.000,114.426
1,1716978,-1.358,-8.332,-3.747,1.521,-0.217,-0.215,-51.871,-31.102,109.354
1,1716982,-1.358,-8.332,-3.747,1.521,-0.217,-0.215,-51.462,-30.605,108.039
1,1716985,-1.263,-8.203,-3.462,1.352,-0.197,-0.230,-51.462,-30.605,108.039
1,1717007,-1.038,-8.101,-2.905,0.952,-0.169,-0.253,-51.842,-30.488,107.059
1,1717011,-1.038,-8.101,-2.905,0.952,-0.169,-0.253,-51.842,-30.488,107.059
1,1717014,-0.982,-8.408,-2.742,0.767,-0.158,-0.253,-51.842,-30.488,107.059
1,1717098,-1.080,-11.776,-1.694,0.817,-0.148,-0.276,-52.382,-30.590,105.174
1,1717128,-1.010,-10.970,-1.317,0.998,-0.156,-0.326,-52.265,-30.503,103.405
1,1717158,-0.950,-10.568,-1.143,0.553,-0.139,-0.332,-52.280,-30.342,102.105
1,1717162,-0.854,-10.568,-1.143,0.342,-0.136,-0.342,-52.280,-30.342,102.105
1,1717188,-0.553,-9.526,-1.176,-0.413,-0.072,-0.404,-52.514,-30.108,102.631
1,1717192,-0.553,-9.526,-1.176,-0.314,-0.072,-0.404,-52.748,-29.904,102.909
1,1717249,-0.513,-9.586,-1.941,-0.839,-0.024,-0.419,-53.727,-30.751,105.159
1,1717251,-0.513,-9.586,-1.941,-0.839,-0.024,-0.419,-53.581,-30.444,106.679
1,1717441,-0.452,-8.631,-3.894,-0.452,-0.012,-0.341,-55.276,-31.862,113.505
1,1717458,-0.317,-8.093,-3.806,-0.445,-0.007,-0.337,-55.072,-32.578,113.695
1,1717462,-0.240,-7.810,-3.806,-0.522,-0.002,-0.332,-55.583,-32.184,114.060
1,1717465,-0.240,-7.810,-3.806,-0.522,-0.002,-0.332,-55.583,-32.184,114.060
1,1717488,-0.172,-7.504,-3.979,-0.820,0.020,-0.330,-55.305,-32.856,115.069
1,1717594,0.339,-7.391,-4.783,-1.307,0.070,-0.269,-56.022,-35.092,123.137
1,1717608,0.467,-6.907,-4.941,-1.214,0.062,-0.259,-56.270,-35.341,124.043
1,1717612,0.467,-6.907,-4.941,-1.156,0.061,-0.250,-56.270,-35.341,124.043
1,1717616,0.467,-6.907,-4.941,-1.156,0.061,-0.250,-56.270,-35.341,124.043
1,1717638,0.778,-6.172,-5.166,-1.480,0.082,-0.244,-56.884,-35.604,125.153
1,1717642,0.778,-6.172,-5.166,-1.480,0.082,-0.244,-56.884,-35.604,125.153
1,1717668,1.009,-6.770,-5.539,-1.636,0.086,-0.213,-57.030,-36.583,128.223
1,1717671,1.009,-6.770,-5.539,-1.636,0.086,-0.213,-57.030,-36.583,128.223
1,1717675,1.009,-6.770,-5.539,-1.636,0.086,-0.213,-57.030,-36.583,128.223
1,1717698,1.208,-6.157,-5.773,-1.489,0.076,-0.202,-57.702,-37.153,129.670
1,1717701,1.208,-6.157,-5.773,-1.489,0.076,-0.202,-57.702,-37.153,129.670
1,1717705,1.208,-6.157,-5.773,-1.489,0.076,-0.202,-57.410,-37.167,130.488
1,1717727,1.195,-6.123,-5.819,-1.313,0.046,-0.162,-57.600,-37.854,130.868
1,1717731,1.195,-6.123,-5.819,-1.313,0.046,-0.162,-57.542,-37.460,131.730
1,1717818,1.278,-5.399,-6.578,-1.329,0.004,-0.095,-58.316,-39.404,136.334
1,1717848,1.211,-3.909,-6.355,-1.064,-0.018,-0.090,-57.337,-39.915,136.597
1,1717852,1.211,-3.909,-6.355,-1.064,-0.018,-0.090,-57.673,-39.667,137.065
1,1717855,1.260,-3.520,-6.467,-1.175,-0.024,-0.083,-57.673,-39.667,137.065
1,1717981,0.866,-2.260,-7.527,-1.308,-0.067,-0.045,-57.790,-43.379,143.394
1,1717999,0.827,-2.309,-7.618,-1.428,-0.067,-0.033,-57.819,-43.525,144.402
1,1718001,0.871,-2.361,-7.804,-1.532,-0.078,-0.031,-57.819,-43.525,144.402
1,1718005,0.871,-2.361,-7.804,-1.532,-0.078,-0.031,-57.819,-43.525,144.402
1,1718058,0.849,-1.457,-8.215,-2.286,-0.043,-0.067,-57.688,-45.411,146.843
1,1718062,0.849,-1.457,-8.215,-2.282,-0.057,-0.061,-58.024,-45.718,147.194
1,1718066,0.849,-1.457,-8.215,-2.282,-0.057,-0.061,-58.024,-45.718,147.194
1,1718191,1.005,1.730,-9.129,-1.756,-0.170,-0.060,-57.030,-50.161,149.664
1,1718208,0.897,1.387,-9.325,-2.180,-0.139,-0.100,-56.928,-51.432,151.023
1,1718238,0.936,1.244,-9.482,-1.990,-0.173,-0.098,-57.059,-52.338,150.234
1,1718242,0.936,1.244,-9.482,-1.990,-0.173,-0.098,-57.059,-52.338,150.234
1,1718451,0.738,5.245,-9.222,-1.894,-0.213,-0.206,-56.460,-59.310,147.457
1,1718641,0.252,8.411,-9.387,-0.838,-0.244,-0.211,-55.159,-63.476,139.258
1,1718718,0.215,8.142,-9.370,-0.176,-0.258,-0.158,-54.692,-64.236,138.264
1,1718748,0.272,8.127,-9.424,0.297,-0.296,-0.144,-54.662,-64.279,138.585
1,1718838,0.165,7.875,-8.825,0.943,-0.309,-0.071,-54.224,-63.666,140.894
1,1718898,0.067,7.987,-8.551,0.993,-0.304,-0.038,-53.873,-63.154,143.335
1,1718902,0.104,7.907,-8.715,1.032,-0.313,-0.021,-53.873,-63.154,143.335
1,1718905,0.104,7.907,-8.715,1.032,-0.313,-0.021,-53.493,-62.803,144.285
1,1719031,-0.079,5.763,-9.048,1.326,-0.271,0.089,-53.376,-61.283,148.305
1,1719108,-0.196,5.423,-9.412,1.372,-0.237,0.112,-53.142,-59.573,151.140
1,1719112,-0.196,5.423,-9.412,1.372,-0.237,0.112,-53.142,-59.573,151.140
1,1719321,-0.331,2.339,-9.550,1.818,-0.119,0.140,-53.508,-53.332,155.247
1,1719408,-0.453,0.122,-9.437,1.895,-0.087,0.127,-53.537,-49.664,155.685
1,1719438,-0.579,-0.291,-9.278,2.066,-0.070,0.111,-54.005,-48.685,154.619
1,1719442,-0.579,-0.291,-9.278,2.066,-0.070,0.111,-54.005,-48.685,154.619
1,1719528,-0.482,-1.710,-9.202,2.096,-0.059,0.079,-54.049,-45.645,151.242
1,1719532,-0.482,-1.710,-9.202,2.096,-0.059,0.079,-54.312,-44.870,151.023
1,1719536,-0.458,-2.148,-9.029,2.017,-0.040,0.078,-54.312,-44.870,151.023
1,1719588,-0.516,-2.920,-8.850,2.037,-0.046,0.038,-53.435,-43.321,148.685
1,1719591,-0.516,-2.920,-8.850,2.037,-0.046,0.038,-53.376,-42.166,147.954
1,1719595,-0.520,-2.929,-8.680,1.947,-0.037,0.034,-53.376,-42.166,147.954
1,1719619,-0.513,-3.710,-8.693,1.710,-0.035,0.018,-53.917,-41.888,146.054
1,1719648,-0.477,-4.254,-8.483,1.792,-0.031,-0.005,-54.180,-40.778,144.329
1,1719678,-0.520,-4.277,-8.210,1.966,-0.053,-0.009,-54.019,-39.828,142.546
1,1719682,-0.510,-4.402,-8.150,1.957,-0.051,-0.010,-54.019,-39.828,142.546
1,1719685,-0.510,-4.402,-8.150,1.957,-0.051,-0.010,-54.019,-39.828,142.546
1,1719708,-0.380,-4.397,-7.907,1.814,-0.039,-0.034,-53.844,-39.184,139.871
1,1719916,-0.100,-5.657,-4.798,1.930,-0.112,-0.084,-54.779,-33.601,122.450
1,1719948,-0.244,-5.940,-4.501,1.449,-0.103,-0.089,-54.735,-33.265,119.059
1,1719952,-0.244,-5.940,-4.501,1.449,-0.103,-0.089,-54.735,-33.265,119.059
1,1719956,-0.318,-6.020,-4.411,1.449,-0.103,-0.100,-54.735,-33.265,119.059
1,1719977,-0.272,-6.403,-4.131,1.012,-0.082,-0.100,-54.882,-32.754,118.036
1,1720008,-0.304,-6.903,-3.940,1.096,-0.109,-0.082,-54.545,-32.447,115.916
1,1720068,-0.473,-7.171,-3.636,1.465,-0.161,-0.039,-54.589,-31.964,111.239
1,1720072,-0.473,-7.171,-3.636,1.465,-0.161,-0.039,-54.589,-31.964,111.239
1,1720076,-0.513,-7.412,-3.685,1.500,-0.171,-0.028,-54.589,-31.964,111.239
1,1720128,-0.537,-7.463,-3.151,1.214,-0.160,-0.026,-54.999,-31.277,107.308
1,1720131,-0.416,-7.762,-3.106,1.051,-0.155,-0.015,-54.648,-30.605,107.615
1,1720158,-0.412,-8.856,-3.051,0.651,-0.136,-0.021,-54.487,-30.751,105.861
1,1720265,-0.397,-10.982,-1.202,1.326,-0.183,-0.021,-54.472,-29.918,101.023
1,1720278,-0.224,-10.583,-1.073,1.178,-0.170,-0.033,-54.560,-30.342,100.058
1,1720308,-0.136,-9.902,-0.974,0.159,-0.114,-0.075,-54.765,-30.386,98.772
1,1720517,-0.062,-8.271,-4.043,-0.919,-0.048,-0.093,-55.320,-32.213,112.774
1,1720520,-0.062,-8.271,-4.043,-0.919,-0.048,-0.093,-55.320,-32.286,113.300
1,1720524,-0.038,-8.176,-4.114,-1.071,-0.040,-0.099,-54.677,-32.286,113.300
1,1720578,-0.081,-8.289,-4.452,-1.338,-0.031,-0.093,-54.867,-32.812,117.071
1,1720581,-0.060,-8.139,-4.540,-1.338,-0.031,-0.093,-54.867,-32.812,117.071
1,1720584,-0.060,-8.139,-4.540,-1.288,-0.038,-0.090,-54.341,-33.031,118.006
1,1720668,0.080,-7.183,-4.884,-1.100,-0.064,-0.067,-54.779,-34.303,125.577
1,1720698,0.111,-6.232,-5.100,-1.225,-0.064,-0.065,-54.969,-34.844,126.483
1,1720702,0.133,-6.232,-5.100,-1.333,-0.060,-0.064,-54.969,-34.844,126.483
1,1720728,0.159,-6.473,-5.476,-1.471,-0.059,-0.059,-55.013,-35.647,128.004
1,1720818,0.132,-5.739,-6.197,-1.412,-0.071,-0.065,-54.984,-37.986,135.224
1,1720822,0.132,-5.739,-6.197,-1.412,-0.071,-0.065,-54.984,-37.986,135.224
1,1720928,0.176,-3.948,-7.411,-1.822,-0.072,-0.071,-55.072,-40.485,140.690
1,1721378,-0.151,2.384,-10.154,-1.393,-0.099,-0.178,-55.042,-54.151,154.005
1,1721388,-0.169,2.553,-10.067,-1.280,-0.104,-0.173,-55.042,-54.151,154.005
1,1721392,-0.169,2.553,-10.067,-1.280,-0.104,-0.173,-54.969,-53.932,154.575
1,1721395,-0.138,2.724,-10.058,-1.167,-0.115,-0.166,-54.969,-53.932,154.575
1,1721417,-0.097,2.934,-10.004,-1.020,-0.122,-0.162,-54.809,-54.896,154.282
1,1721421,-0.097,2.934,-10.004,-1.020,-0.122,-0.162,-54.809,-54.896,154.282
1,1721478,0.006,3.823,-10.010,-1.068,-0.108,-0.166,-54.282,-57.103,153.610
1,1721568,0.118,4.953,-9.820,-0.795,-0.103,-0.171,-54.750,-58.477,152.178
1,1721658,0.147,5.081,-9.472,-0.728,-0.077,-0.160,-54.180,-59.646,149.985
1,1721662,0.147,5.081,-9.472,-0.728,-0.077,-0.160,-53.829,-59.354,150.322
1,1721666,0.147,5.081,-9.472,-0.728,-0.077,-0.160,-53.829,-59.354,150.322
1,1721687,0.163,5.037,-9.449,-0.395,-0.092,-0.143,-53.946,-60.026,149.722
1,1721881,0.055,5.561,-8.789,0.334,-0.104,-0.103,-54.136,-60.816,148.655
1,1721928,0.007,5.285,-8.553,0.115,-0.079,-0.098,-53.815,-60.333,148.495
1,1721932,0.022,5.334,-8.557,0.239,-0.086,-0.089,-53.464,-60.582,148.758
1,1721935,0.022,5.334,-8.557,0.239,-0.086,-0.089,-53.464,-60.582,148.758
1,1722060,0.077,5.044,-8.371,0.210,-0.068,-0.060,-53.742,-60.289,149.971
