1,1783092,0.522,4.887,-8.289,-0.454,-0.057,-0.042,-54.326,-55.145,149.898
1,1783096,0.536,4.859,-8.264,-0.519,-0.046,-0.043,-54.326,-55.145,149.898
1,1783099,0.536,4.859,-8.264,-0.519,-0.046,-0.043,-54.326,-55.145,149.898
1,1783103,0.536,4.859,-8.264,-0.519,-0.046,-0.043,-54.721,-55.101,148.992
1,1783126,0.474,4.851,-8.181,-0.552,-0.057,-0.049,-54.005,-55.700,148.568
1,1783130,0.474,4.851,-8.181,-0.552,-0.057,-0.049,-54.209,-55.349,148.641
1,1783133,0.500,4.860,-8.109,-0.516,-0.064,-0.049,-54.209,-55.349,148.641
1,1783155,0.469,5.030,-8.204,-0.411,-0.075,-0.053,-54.326,-56.022,147.983
1,1783159,0.469,5.030,-8.204,-0.411,-0.075,-0.053,-54.326,-56.022,147.983
1,1783162,0.469,5.123,-8.224,-0.411,-0.075,-0.053,-54.326,-56.022,147.983
1,1783215,0.462,5.405,-8.217,-0.046,-0.103,-0.043,-54.429,-56.139,147.632
1,1783219,0.462,5.405,-8.217,-0.046,-0.103,-0.043,-54.429,-56.139,147.632
1,1783222,0.469,5.421,-8.185,-0.018,-0.106,-0.043,-54.429,-56.139,147.632
1,1783245,0.458,5.402,-8.132,0.028,-0.112,-0.042,-54.092,-56.387,147.939
1,1783249,0.458,5.402,-8.132,0.028,-0.112,-0.042,-54.092,-56.387,147.939
1,1783251,0.443,5.396,-8.103,0.044,-0.112,-0.042,-53.961,-55.861,147.968
1,1783335,0.394,5.344,-7.948,0.024,-0.128,-0.048,-53.785,-56.460,147.530
1,1783365,0.364,5.471,-7.917,0.002,-0.130,-0.048,-54.195,-56.329,147.559
1,1783456,0.305,5.568,-7.884,-0.148,-0.136,-0.056,-53.581,-56.387,148.071
1,1783459,0.305,5.568,-7.884,-0.151,-0.137,-0.059,-53.932,-55.875,148.100
1,1783486,0.329,5.801,-7.921,-0.177,-0.137,-0.062,-54.414,-56.548,147.515
1,1783576,0.434,5.952,-7.799,-0.353,-0.130,-0.068,-53.566,-57.132,146.419
1,1783580,0.434,5.952,-7.799,-0.353,-0.130,-0.068,-53.566,-57.132,146.419
1,1783583,0.451,5.932,-7.747,-0.353,-0.130,-0.068,-53.230,-56.986,146.083
1,1783605,0.419,5.915,-7.712,-0.249,-0.134,-0.066,-53.742,-57.556,146.288
1,1783666,0.419,5.902,-7.534,-0.184,-0.138,-0.064,-53.859,-57.834,145.747
1,1783696,0.380,6.051,-7.473,-0.111,-0.142,-0.062,-53.289,-58.082,144.958
1,1783699,0.380,6.051,-7.473,-0.111,-0.142,-0.062,-53.289,-58.082,144.958
1,1783703,0.386,6.156,-7.467,-0.110,-0.142,-0.062,-53.289,-57.892,144.782
1,1783725,0.380,6.366,-7.443,-0.172,-0.136,-0.064,-53.844,-57.746,144.578
1,1783728,0.380,6.366,-7.443,-0.172,-0.136,-0.064,-53.332,-57.454,144.738
1,1783732,0.366,6.433,-7.437,-0.222,-0.133,-0.062,-53.332,-57.454,144.738
1,1783754,0.361,6.552,-7.469,-0.302,-0.127,-0.066,-53.698,-58.258,144.651
1,1783786,0.301,6.684,-7.485,-0.374,-0.120,-0.060,-53.742,-58.258,144.475
1,1783790,0.328,6.623,-7.466,-0.373,-0.119,-0.057,-53.405,-58.039,144.154
1,1783792,0.328,6.623,-7.466,-0.373,-0.119,-0.057,-53.405,-58.039,144.154
1,1783815,0.278,6.530,-7.401,-0.298,-0.120,-0.054,-52.865,-58.828,144.037
1,1783906,0.267,6.593,-7.351,0.205,-0.138,-0.022,-53.274,-58.375,143.525
1,1783935,0.264,6.658,-7.346,0.122,-0.127,-0.020,-53.245,-58.492,144.753
1,1783939,0.264,6.658,-7.346,0.122,-0.127,-0.020,-53.245,-58.492,144.753
1,1783943,0.264,6.658,-7.346,0.122,-0.127,-0.020,-53.245,-58.492,144.753
1,1783964,0.279,6.668,-7.352,-0.007,-0.116,-0.020,-53.303,-58.886,143.847
1,1783968,0.279,6.668,-7.352,-0.007,-0.116,-0.020,-53.303,-58.886,143.847
1,1784055,0.364,6.808,-7.387,-0.013,-0.100,-0.006,-53.274,-58.316,143.394
1,1784145,0.382,6.744,-7.281,0.111,-0.092,0.007,-53.289,-58.243,143.467
1,1784206,0.418,6.656,-7.168,0.094,-0.084,0.009,-53.581,-58.316,144.271
1,1784209,0.430,6.635,-7.110,0.073,-0.083,0.007,-53.581,-58.316,144.271
1,1784212,0.430,6.635,-7.110,0.073,-0.083,0.007,-53.581,-58.316,144.271
1,1784236,0.407,6.559,-7.089,0.032,-0.079,0.005,-53.552,-58.813,142.882
1,1784239,0.406,6.507,-7.040,0.021,-0.078,0.004,-53.552,-58.813,142.882
1,1784243,0.406,6.507,-7.040,0.021,-0.078,0.004,-53.449,-58.389,144.315
1,1784265,0.389,6.483,-7.027,0.001,-0.081,0.001,-53.347,-58.433,143.555
1,1784295,0.354,6.463,-7.041,-0.043,-0.078,-0.004,-53.902,-58.565,143.569
1,1784299,0.327,6.486,-7.033,-0.051,-0.077,-0.007,-53.902,-58.565,143.569
1,1784302,0.327,6.486,-7.033,-0.051,-0.077,-0.007,-54.049,-57.892,142.546
1,1784385,0.267,6.919,-6.948,0.067,-0.094,-0.018,-53.873,-58.579,143.657
1,1784446,0.244,6.765,-6.925,0.111,-0.103,-0.018,-53.785,-58.842,142.663
1,1784536,0.325,6.735,-7.021,-0.009,-0.104,-0.028,-54.049,-58.536,142.254
1,1784539,0.325,6.735,-7.021,-0.009,-0.104,-0.028,-54.049,-58.536,142.254
1,1784625,0.446,6.865,-7.053,0.023,-0.106,-0.026,-53.756,-58.652,141.947
1,1784629,0.471,6.837,-7.059,0.023,-0.106,-0.026,-53.756,-58.652,141.947
1,1784632,0.471,6.837,-7.059,0.037,-0.111,-0.026,-53.756,-58.652,141.947
1,1784655,0.498,6.877,-7.028,0.066,-0.112,-0.026,-53.522,-58.565,142.444
1,1784686,0.499,6.817,-6.991,0.087,-0.110,-0.026,-53.625,-58.565,142.224
1,1784690,0.505,6.798,-6.958,0.089,-0.110,-0.028,-53.625,-58.565,142.224
1,1784693,0.505,6.798,-6.958,0.089,-0.110,-0.028,-53.625,-58.565,142.224
1,1784714,0.458,6.772,-6.988,0.094,-0.112,-0.028,-53.595,-58.258,142.488
1,1784718,0.456,6.767,-6.995,0.093,-0.109,-0.028,-53.595,-58.258,142.488
1,1784848,0.363,6.827,-7.006,0.040,-0.098,-0.033,-53.712,-59.076,141.274
1,1784925,0.372,6.968,-6.946,0.070,-0.098,-0.029,-53.566,-58.623,141.947
1,1784929,0.372,6.968,-6.946,0.070,-0.098,-0.029,-53.610,-58.141,142.108
1,1784932,0.383,6.986,-6.940,0.062,-0.098,-0.031,-53.610,-58.141,142.108
1,1784955,0.366,6.939,-6.950,0.045,-0.094,-0.031,-53.654,-58.696,141.596
1,1784958,0.366,6.939,-6.950,0.045,-0.094,-0.031,-53.654,-58.696,141.596
1,1785045,0.384,6.884,-6.931,0.053,-0.095,-0.031,-54.239,-58.828,141.640
1,1785049,0.384,6.884,-6.907,0.053,-0.095,-0.031,-54.239,-58.828,141.640
1,1785052,0.400,6.860,-6.907,0.055,-0.094,-0.029,-54.049,-58.594,142.122
1,1785075,0.401,6.918,-6.897,0.056,-0.097,-0.033,-53.742,-58.506,142.341
1,1785135,0.415,7.012,-6.864,0.039,-0.094,-0.033,-53.771,-58.696,141.684
1,1785225,0.401,6.942,-6.885,0.015,-0.089,-0.035,-53.815,-58.989,141.552
1,1785229,0.401,6.942,-6.885,0.031,-0.090,-0.034,-53.815,-58.989,141.552
1,1785255,0.392,6.977,-6.869,0.097,-0.089,-0.033,-53.888,-58.872,141.611
1,1785259,0.392,6.977,-6.869,0.097,-0.089,-0.033,-53.727,-57.995,141.947
1,1785262,0.392,6.977,-6.869,0.097,-0.089,-0.033,-53.727,-57.995,141.947
1,1785286,0.406,7.016,-6.869,0.097,-0.089,-0.034,-53.829,-58.755,141.757
1,1785315,0.410,7.000,-6.848,0.068,-0.089,-0.035,-53.303,-58.857,141.421
1,1785319,0.410,7.000,-6.848,0.068,-0.089,-0.035,-53.303,-58.857,141.918
1,1785345,0.415,7.043,-6.852,0.031,-0.084,-0.037,-54.005,-59.106,142.312
1,1785349,0.415,7.043,-6.852,0.031,-0.084,-0.037,-54.005,-59.106,142.312
1,1785353,0.392,7.053,-6.883,0.031,-0.084,-0.037,-54.005,-59.106,142.312
1,1785375,0.422,7.035,-6.847,0.022,-0.083,-0.037,-53.815,-59.047,141.640
1,1785406,0.413,7.012,-6.805,0.062,-0.086,-0.038,-53.946,-58.872,141.903
1,1785409,0.413,7.012,-6.805,0.062,-0.086,-0.038,-53.946,-58.872,141.903
1,1785413,0.379,7.044,-6.849,0.072,-0.087,-0.037,-53.946,-58.872,141.903
1,1785435,0.426,7.038,-6.796,0.088,-0.087,-0.038,-54.370,-58.842,142.166
1,1785438,0.426,7.038,-6.796,0.088,-0.087,-0.038,-54.370,-58.842,142.166
1,1785496,0.430,7.083,-6.808,0.060,-0.084,-0.037,-54.209,-58.945,141.552
1,1785499,0.430,7.078,-6.816,0.060,-0.084,-0.037,-54.209,-58.945,141.552
1,1785525,0.431,7.037,-6.775,0.044,-0.082,-0.038,-53.785,-58.930,142.049
1,1785585,0.438,7.028,-6.723,0.070,-0.084,-0.042,-53.961,-58.594,141.070
1,1785589,0.444,7.050,-6.711,0.077,-0.086,-0.040,-53.625,-58.272,140.982
1,1785592,0.444,7.050,-6.711,0.077,-0.086,-0.040,-53.625,-58.272,140.982
1,1785615,0.433,7.041,-6.724,0.084,-0.088,-0.042,-53.946,-59.149,141.158
1,1785808,0.433,7.190,-6.726,0.084,-0.087,-0.044,-53.420,-58.784,140.748
1,1785885,0.471,7.144,-6.703,0.086,-0.084,-0.043,-53.508,-59.237,140.675
1,1785889,0.471,7.144,-6.703,0.086,-0.084,-0.043,-53.508,-59.237,140.675
1,1785892,0.491,7.168,-6.692,0.087,-0.088,-0.043,-53.508,-59.237,140.675
1,1785915,0.471,7.157,-6.693,0.076,-0.087,-0.042,-53.464,-58.652,140.368
1,1785918,0.471,7.157,-6.693,0.076,-0.087,-0.042,-53.464,-58.652,140.368
1,1785921,0.470,7.139,-6.706,0.072,-0.086,-0.042,-53.595,-58.433,140.105
1,1785945,0.480,7.167,-6.694,0.065,-0.086,-0.042,-53.479,-58.842,140.865
1,1786051,0.447,7.145,-6.699,0.049,-0.084,-0.042,-53.289,-58.945,140.251
1,1786065,0.447,7.157,-6.689,0.064,-0.086,-0.040,-53.245,-58.901,139.842
1,1786377,0.534,7.206,-6.601,0.073,-0.079,-0.028,-53.595,-59.500,140.193
1,1786529,0.520,7.318,-6.528,0.075,-0.093,-0.038,-54.282,-59.968,139.184
1,1786545,0.513,7.314,-6.525,0.044,-0.089,-0.038,-54.209,-59.529,139.462
1,1786549,0.513,7.314,-6.525,0.015,-0.089,-0.039,-54.209,-59.529,139.462
1,1786576,0.463,7.226,-6.499,-0.010,-0.094,-0.042,-53.961,-59.617,139.360
1,1786579,0.463,7.226,-6.499,-0.010,-0.094,-0.042,-53.961,-59.617,139.360
1,1786583,0.463,7.226,-6.499,-0.010,-0.094,-0.042,-53.785,-58.974,139.594
1,1786605,0.435,7.280,-6.514,0.057,-0.101,-0.042,-53.859,-59.544,139.681
1,1786635,0.424,7.303,-6.510,0.093,-0.105,-0.037,-53.259,-59.471,140.222
1,1786665,0.426,7.353,-6.494,0.072,-0.106,-0.040,-52.967,-59.296,139.316
1,1786668,0.426,7.353,-6.494,0.072,-0.106,-0.040,-53.829,-59.208,140.295
1,1786755,0.465,7.411,-6.477,0.021,-0.108,-0.039,-54.063,-60.070,139.433
1,1786759,0.465,7.411,-6.477,0.021,-0.108,-0.039,-54.063,-60.070,139.433
1,1786762,0.508,7.381,-6.439,0.021,-0.110,-0.039,-54.063,-60.070,139.433
1,1786786,0.501,7.368,-6.427,0.020,-0.109,-0.038,-53.435,-59.369,140.164
1,1786789,0.501,7.368,-6.427,0.020,-0.109,-0.038,-53.318,-59.354,139.155
1,1786792,0.488,7.377,-6.430,0.023,-0.111,-0.038,-53.318,-59.354,139.155
1,1786815,0.517,7.467,-6.474,0.010,-0.109,-0.039,-53.975,-59.442,139.638
1,1786818,0.517,7.467,-6.474,0.010,-0.109,-0.039,-53.975,-59.442,139.638
1,1786822,0.548,7.484,-6.473,0.000,-0.109,-0.040,-53.975,-59.442,139.638
1,1786844,0.529,7.437,-6.492,-0.022,-0.104,-0.037,-53.274,-59.646,138.936
1,1786848,0.529,7.437,-6.473,-0.022,-0.104,-0.037,-53.274,-59.646,138.936
1,1786852,0.550,7.406,-6.473,-0.017,-0.108,-0.039,-53.215,-59.749,139.871
1,1786935,0.518,7.505,-6.482,0.065,-0.109,-0.034,-53.625,-60.085,139.521
1,1786996,0.481,7.547,-6.461,0.050,-0.106,-0.032,-53.508,-59.792,138.468
1,1787000,0.481,7.547,-6.461,0.054,-0.105,-0.031,-53.552,-59.486,138.658
1,1787002,0.481,7.547,-6.461,0.054,-0.105,-0.031,-53.552,-59.486,138.658
1,1787025,0.428,7.539,-6.477,0.039,-0.104,-0.028,-53.610,-60.304,138.658
1,1787055,0.419,7.494,-6.464,0.077,-0.101,-0.022,-54.078,-60.012,139.111
1,1787059,0.419,7.494,-6.464,0.077,-0.101,-0.022,-53.201,-59.544,139.243
1,1787062,0.419,7.494,-6.464,0.077,-0.101,-0.022,-53.201,-59.544,139.243
1,1787084,0.443,7.708,-6.528,0.079,-0.094,-0.020,-54.019,-59.851,138.644
1,1787088,0.443,7.708,-6.528,0.079,-0.094,-0.020,-54.019,-59.851,138.644
1,1787091,0.443,7.708,-6.528,0.079,-0.094,-0.020,-54.019,-59.851,138.644
1,1787115,0.438,7.543,-6.538,0.086,-0.090,-0.013,-53.625,-60.085,139.097
1,1787119,0.438,7.543,-6.538,0.086,-0.090,-0.013,-53.625,-60.085,139.097
1,1787122,0.438,7.543,-6.538,0.086,-0.090,-0.013,-53.654,-59.573,138.951
1,1787145,0.453,7.554,-6.549,0.270,-0.093,0.000,-54.049,-59.749,139.477
1,1787148,0.453,7.554,-6.549,0.270,-0.093,0.000,-54.049,-59.749,139.477
1,1787152,0.495,7.625,-6.578,0.270,-0.093,0.000,-54.049,-59.749,139.477
1,1787174,0.507,7.707,-6.619,0.270,-0.086,0.006,-53.742,-59.632,139.477
1,1787178,0.507,7.707,-6.619,0.270,-0.086,0.006,-53.742,-59.632,139.477
1,1787182,0.522,7.668,-6.677,0.236,-0.073,0.009,-53.639,-59.427,140.003
1,1787205,0.518,7.588,-6.669,0.215,-0.075,0.009,-53.932,-59.544,139.579
1,1787208,0.518,7.588,-6.669,0.215,-0.075,0.009,-54.078,-59.471,139.944
1,1787211,0.489,7.669,-6.751,0.216,-0.066,0.012,-54.078,-59.471,139.944
1,1787235,0.520,7.657,-6.829,0.220,-0.061,0.018,-53.888,-59.412,138.921
1,1787239,0.520,7.657,-6.829,0.220,-0.061,0.018,-53.888,-59.412,138.921
1,1787243,0.523,7.700,-6.877,0.219,-0.054,0.026,-53.610,-59.266,139.448
1,1787264,0.564,7.689,-6.901,0.183,-0.045,0.028,-53.625,-59.690,138.688
1,1787268,0.564,7.689,-6.901,0.183,-0.045,0.028,-53.829,-59.383,139.053
1,1787272,0.560,7.628,-6.918,0.156,-0.038,0.031,-53.829,-59.383,139.053
1,1787294,0.590,7.468,-6.970,0.147,-0.029,0.039,-53.961,-59.339,139.199
1,1787298,0.590,7.362,-6.969,0.147,-0.029,0.039,-53.961,-59.339,139.199
1,1787301,0.604,7.362,-6.969,0.170,-0.024,0.045,-53.961,-59.339,139.199
1,1787325,0.622,7.339,-7.021,0.238,-0.016,0.053,-54.019,-59.047,138.863
1,1787329,0.652,7.402,-7.038,0.265,-0.017,0.054,-53.742,-58.726,139.462
1,1787332,0.652,7.402,-7.038,0.265,-0.017,0.054,-53.742,-58.726,139.462
1,1787355,0.699,7.607,-7.196,0.272,-0.005,0.060,-54.224,-59.164,139.521
1,1787358,0.729,7.638,-7.281,0.248,0.000,0.062,-54.224,-59.164,139.521
1,1787385,0.709,7.638,-7.384,0.215,0.015,0.073,-54.809,-59.442,139.798
1,1787389,0.696,7.586,-7.446,0.226,0.021,0.077,-53.946,-59.076,139.623
1,1787392,0.696,7.586,-7.446,0.226,0.021,0.077,-53.946,-59.076,139.623
1,1787415,0.717,7.525,-7.604,0.363,0.028,0.092,-55.028,-59.486,140.047
1,1787418,0.756,7.555,-7.677,0.472,0.029,0.103,-55.028,-59.486,140.047
1,1787421,0.756,7.555,-7.677,0.472,0.029,0.103,-55.028,-59.486,140.047
1,1787445,0.810,7.729,-7.828,0.665,0.035,0.123,-54.867,-58.492,139.930
1,1787449,0.832,7.784,-7.913,0.715,0.043,0.130,-54.867,-58.492,139.930
1,1787452,0.832,7.784,-7.913,0.715,0.043,0.130,-54.355,-58.492,141.026
1,1787474,0.876,7.686,-8.047,0.723,0.067,0.148,-54.852,-58.243,140.997
1,1787478,0.876,7.686,-8.047,0.722,0.071,0.148,-54.852,-58.243,140.997
1,1787482,0.876,7.686,-8.047,0.722,0.071,0.148,-54.852,-58.243,140.997
1,1787504,0.949,7.302,-8.039,0.748,0.105,0.169,-55.788,-57.586,141.596
1,1787508,0.949,7.302,-8.039,0.748,0.105,0.169,-55.788,-57.586,141.596
1,1787511,0.949,7.302,-8.039,0.748,0.105,0.169,-55.525,-57.439,142.371
1,1787535,1.016,7.117,-7.948,0.755,0.137,0.184,-55.919,-57.439,141.698
1,1787539,1.016,7.117,-7.948,0.755,0.137,0.184,-55.598,-57.586,142.502
1,1787541,1.016,7.117,-7.948,0.755,0.137,0.184,-55.598,-57.586,142.502
1,1787565,1.034,7.104,-7.956,0.557,0.181,0.192,-55.744,-57.629,141.742
1,1787568,1.034,7.104,-7.956,0.557,0.181,0.192,-55.744,-57.629,141.742
1,1787572,1.034,7.104,-7.939,0.557,0.181,0.192,-55.744,-57.629,141.742
1,1787594,1.064,6.928,-7.866,0.297,0.230,0.202,-56.621,-57.235,141.640
1,1787598,1.064,6.928,-7.866,0.297,0.230,0.202,-56.402,-56.840,141.859
1,1787602,1.036,6.900,-7.836,0.297,0.230,0.205,-56.402,-56.840,141.859
1,1787625,1.100,6.890,-7.785,0.094,0.266,0.208,-56.372,-57.425,140.997
1,1787628,1.100,6.890,-7.785,0.094,0.266,0.208,-56.372,-57.425,140.997
1,1787631,1.108,6.879,-7.767,0.046,0.275,0.211,-56.372,-57.425,140.997
1,1787655,1.137,6.822,-7.741,-0.016,0.296,0.220,-56.519,-57.352,140.441
1,1787659,1.137,6.822,-7.741,-0.016,0.296,0.220,-56.168,-56.504,140.471
1,1787662,1.139,6.757,-7.675,-0.023,0.307,0.225,-56.168,-56.504,140.471
1,1787684,1.187,6.634,-7.604,0.020,0.316,0.232,-56.942,-56.957,140.032
1,1787715,1.320,6.536,-7.533,0.180,0.323,0.242,-57.790,-56.723,139.272
1,1787719,1.340,6.549,-7.535,0.180,0.323,0.244,-57.790,-56.723,139.272
1,1787722,1.340,6.549,-7.535,0.227,0.323,0.244,-57.322,-56.723,139.170
1,1787745,1.474,6.587,-7.506,0.275,0.329,0.243,-57.702,-57.205,138.921
1,1787749,1.517,6.611,-7.500,0.275,0.329,0.243,-57.702,-57.205,138.921
1,1787775,1.640,6.609,-7.467,0.235,0.338,0.242,-57.980,-56.372,138.030
1,1787805,1.764,6.403,-7.383,0.145,0.347,0.239,-58.287,-55.788,138.161
1,1787809,1.767,6.297,-7.333,0.147,0.348,0.239,-58.287,-55.788,138.161
1,1787865,2.003,6.300,-7.062,0.308,0.332,0.237,-59.062,-55.919,136.729
1,1787869,2.027,6.300,-7.062,0.325,0.329,0.237,-59.369,-55.495,136.481
1,1787873,2.027,6.300,-7.062,0.325,0.329,0.237,-59.369,-55.495,136.481
1,1787894,2.134,6.376,-6.949,0.277,0.324,0.232,-59.602,-55.685,135.954
1,1787956,2.368,5.885,-6.535,0.369,0.280,0.215,-60.085,-55.057,135.443
1,1787958,2.368,5.885,-6.535,0.369,0.280,0.215,-60.085,-55.057,135.443
1,1787962,2.368,5.885,-6.535,0.369,0.280,0.215,-60.085,-55.057,135.443
1,1787985,2.511,6.089,-6.561,0.391,0.261,0.204,-60.172,-55.013,134.902
1,1788015,2.654,5.925,-6.565,0.274,0.250,0.193,-60.684,-54.429,134.303
1,1788019,2.654,5.925,-6.565,0.274,0.250,0.193,-60.684,-54.429,134.303
1,1788105,3.338,5.055,-6.705,0.150,0.200,0.153,-61.254,-54.078,133.177
1,1788109,3.338,5.055,-6.705,0.150,0.200,0.153,-61.254,-54.078,133.177
1,1788113,3.411,4.843,-6.669,0.178,0.187,0.147,-60.947,-53.625,132.666
1,1788134,3.517,4.551,-6.658,0.307,0.172,0.138,-61.210,-53.595,132.695
1,1788225,3.939,4.504,-6.502,0.434,0.104,0.064,-61.488,-53.669,132.549
1,1788229,3.961,4.525,-6.491,0.396,0.099,0.055,-61.488,-53.669,132.549
1,1788232,3.961,4.525,-6.491,0.396,0.099,0.055,-61.488,-53.669,132.549
1,1788254,4.068,4.516,-6.569,0.323,0.089,0.035,-61.868,-52.777,132.958
1,1788258,4.093,4.538,-6.549,0.282,0.087,0.026,-61.868,-53.011,132.549
1,1788261,4.093,4.538,-6.549,0.282,0.087,0.026,-61.663,-53.011,132.549
1,1788286,4.222,4.501,-6.592,0.210,0.077,0.009,-61.868,-53.040,132.403
1,1788289,4.256,4.424,-6.607,0.188,0.071,0.000,-61.868,-53.040,132.403
1,1788315,4.259,4.211,-6.595,0.210,0.060,-0.015,-61.956,-52.952,132.154
1,1788319,4.259,4.211,-6.595,0.250,0.048,-0.023,-61.956,-52.952,132.154
1,1788323,4.259,4.211,-6.595,0.250,0.048,-0.023,-61.736,-52.835,132.870
1,1788344,4.333,4.349,-6.627,0.320,0.029,-0.040,-62.058,-52.602,132.417
1,1788348,4.333,4.349,-6.627,0.336,0.017,-0.050,-62.058,-52.602,132.417
1,1788352,4.333,4.349,-6.627,0.336,0.017,-0.050,-62.058,-52.602,132.417
1,1788375,4.403,4.257,-6.499,0.348,-0.004,-0.076,-62.219,-52.572,131.774
1,1788378,4.403,4.257,-6.499,0.348,-0.004,-0.076,-62.219,-52.572,131.774
1,1788381,4.403,4.257,-6.499,0.348,-0.004,-0.076,-62.131,-52.719,131.877
1,1788434,4.409,4.217,-6.202,0.513,-0.075,-0.138,-62.584,-52.777,132.987
1,1788438,4.409,4.217,-6.202,0.513,-0.075,-0.138,-62.584,-52.777,132.987
1,1788442,4.409,4.217,-6.202,0.513,-0.075,-0.138,-62.584,-52.777,133.075
1,1788464,4.454,4.002,-6.095,0.360,-0.101,-0.175,-62.423,-52.148,132.944
1,1788496,4.350,3.809,-5.955,0.367,-0.144,-0.216,-62.160,-52.368,133.177
1,1788499,4.350,3.809,-5.955,0.367,-0.144,-0.216,-62.160,-52.368,133.177
1,1788555,4.106,3.677,-5.785,0.484,-0.253,-0.285,-61.517,-52.397,134.157
1,1788559,4.106,3.677,-5.785,0.484,-0.253,-0.285,-61.517,-52.397,134.157
1,1788562,4.080,3.672,-5.739,0.512,-0.275,-0.297,-61.517,-52.397,134.157
1,1788688,2.812,3.937,-6.097,0.301,-0.507,-0.404,-60.436,-52.134,137.226
1,1788735,2.455,4.432,-6.548,0.293,-0.562,-0.415,-59.953,-52.938,138.600
1,1788739,2.384,4.524,-6.690,0.239,-0.578,-0.418,-59.939,-52.528,139.842
1,1788743,2.384,4.524,-6.690,0.239,-0.578,-0.418,-59.939,-52.528,139.842
1,1788794,2.059,4.938,-7.682,0.033,-0.617,-0.431,-59.705,-53.493,140.383
1,1788798,2.059,4.938,-7.682,0.077,-0.628,-0.429,-59.412,-52.441,140.865
1,1788801,2.059,4.938,-7.682,0.077,-0.628,-0.429,-59.412,-52.441,140.865
1,1788855,1.740,6.150,-8.682,-0.043,-0.646,-0.413,-58.594,-53.405,141.932
1,1788859,1.740,6.150,-8.682,-0.043,-0.646,-0.413,-58.272,-52.982,142.604
1,1788863,1.740,6.150,-8.682,-0.043,-0.646,-0.413,-58.272,-52.982,142.604
1,1788915,1.399,5.094,-9.172,0.331,-0.635,-0.363,-57.863,-53.975,142.751
1,1788945,1.492,5.000,-9.584,0.541,-0.628,-0.331,-57.425,-54.107,144.636
1,1788949,1.492,5.000,-9.584,0.541,-0.628,-0.331,-57.425,-54.107,144.636
1,1788953,1.510,4.929,-9.739,0.525,-0.615,-0.321,-57.425,-54.107,144.636
1,1788974,1.524,4.648,-10.057,0.417,-0.591,-0.305,-57.089,-54.136,145.279
1,1788978,1.524,4.648,-10.057,0.417,-0.591,-0.305,-57.089,-54.136,145.279
1,1788982,1.552,4.477,-10.217,0.343,-0.580,-0.298,-57.045,-53.859,145.835
1,1789210,0.894,4.016,-10.142,0.733,-0.330,-0.162,-55.262,-53.201,150.248
1,1789246,0.615,4.555,-11.852,0.644,-0.318,-0.143,-54.911,-52.587,151.301
1,1789249,0.615,4.555,-11.852,0.644,-0.318,-0.143,-54.911,-52.587,151.301
1,1789252,0.615,4.555,-11.852,0.644,-0.318,-0.143,-54.589,-52.382,152.090
1,1789275,0.603,3.866,-12.915,0.530,-0.282,-0.121,-54.677,-52.616,152.397
1,1789279,0.603,3.866,-12.915,0.530,-0.282,-0.121,-54.677,-52.616,152.397
1,1789335,0.461,1.427,-13.479,1.984,-0.340,-0.039,-54.224,-51.929,153.215
1,1789339,0.461,1.427,-13.479,1.984,-0.340,-0.039,-54.589,-51.359,153.902
1,1789342,0.444,1.011,-13.510,2.170,-0.354,-0.022,-54.589,-51.359,153.902
1,1789365,0.255,0.075,-13.510,2.540,-0.367,0.017,-54.282,-50.599,154.224
1,1789369,0.255,0.075,-13.510,2.540,-0.367,0.017,-54.282,-50.599,154.224
1,1789456,-0.464,-2.238,-13.708,3.558,-0.398,0.108,-53.859,-45.469,156.738
1,1789458,-0.464,-2.238,-14.015,3.558,-0.398,0.108,-52.982,-44.154,156.694
1,1789462,-0.475,-2.143,-13.808,3.591,-0.398,0.110,-52.982,-44.154,156.694
1,1789587,-0.646,-4.601,-13.095,4.998,-0.389,0.231,-52.967,-35.881,145.045
1,1789666,-0.483,-5.291,-9.940,5.288,-0.384,0.236,-52.236,-30.868,129.012
1,1789668,-0.483,-5.291,-9.940,5.288,-0.384,0.236,-52.090,-29.260,125.972
1,1789672,-0.483,-5.291,-9.940,5.288,-0.384,0.236,-52.090,-29.260,125.972
1,1789797,-0.330,-3.114,0.085,3.818,-0.216,0.176,-51.198,-27.974,89.696
1,1789815,-0.372,-2.763,1.894,3.479,-0.192,0.169,-51.169,-27.974,84.931
1,1789819,-0.372,-2.763,1.894,3.479,-0.192,0.169,-51.169,-27.974,84.931
1,1789823,-0.367,-2.611,2.661,3.293,-0.187,0.156,-51.169,-27.974,84.931
1,1789844,-0.328,-1.993,3.604,2.908,-0.176,0.121,-50.892,-27.960,79.860
1,1789905,-0.694,-1.091,6.400,1.880,-0.108,0.048,-50.132,-28.427,71.660
1,1789909,-0.694,-1.091,6.706,1.880,-0.108,0.048,-50.132,-28.427,71.660
1,1789965,-0.505,-1.287,5.531,0.883,-0.060,-0.031,-49.839,-28.603,67.685
1,1789969,-0.452,-1.461,5.209,0.717,-0.048,-0.048,-49.839,-28.603,67.685
1,1789972,-0.452,-1.461,5.209,0.717,-0.048,-0.048,-49.839,-28.603,67.685
1,1790097,-0.699,-7.149,0.991,-1.820,0.136,-0.156,-50.555,-28.135,73.297
1,1790115,-0.796,-7.987,0.223,-2.024,0.150,-0.167,-50.175,-27.711,74.861
1,1790145,-0.812,-8.597,-0.486,-2.788,0.224,-0.195,-50.146,-28.004,81.146
1,1790149,-0.812,-8.597,-0.486,-2.788,0.224,-0.195,-50.146,-28.004,81.146
1,1790152,-0.812,-8.597,-0.486,-2.788,0.224,-0.195,-50.146,-28.004,81.146
1,1790174,-0.858,-10.153,-1.868,-3.356,0.250,-0.205,-50.482,-27.390,86.320
1,1790178,-0.858,-10.153,-1.868,-3.356,0.250,-0.205,-50.482,-27.390,86.320
1,1790181,-0.858,-10.153,-1.868,-3.356,0.250,-0.205,-50.278,-27.711,88.892
1,1790205,-0.946,-10.376,-2.583,-3.135,0.260,-0.194,-50.614,-27.360,91.231
1,1790295,-0.949,-9.934,-4.828,-2.475,0.237,-0.173,-50.994,-28.194,108.448
1,1790299,-0.949,-9.934,-4.828,-2.475,0.237,-0.173,-50.994,-28.194,108.448
1,1790302,-1.038,-9.422,-4.807,-2.395,0.255,-0.183,-50.994,-28.194,108.448
1,1790355,-1.080,-9.056,-6.482,-2.790,0.280,-0.173,-51.447,-29.158,117.846
1,1790359,-1.080,-9.063,-6.770,-2.790,0.280,-0.173,-51.447,-29.158,117.846
1,1790363,-1.168,-9.063,-6.770,-2.920,0.296,-0.176,-51.447,-29.158,117.846
1,1790795,-0.305,-7.357,-11.873,2.172,-0.247,0.090,-52.528,-32.549,136.261
1,1790908,-0.695,-6.181,-8.800,3.712,-0.347,0.081,-51.988,-29.334,117.860
1,1790925,-0.672,-6.048,-8.382,3.847,-0.359,0.084,-52.075,-29.041,115.580
1,1790928,-0.620,-5.998,-7.902,3.980,-0.369,0.089,-51.476,-28.047,112.306
1,1790955,-0.751,-5.848,-5.637,4.252,-0.362,0.098,-51.125,-27.901,106.855
1,1790958,-0.855,-6.120,-5.637,4.392,-0.368,0.097,-51.125,-27.901,106.855
1,1790962,-0.855,-6.120,-5.637,4.392,-0.368,0.097,-51.125,-27.901,106.855
1,1790984,-0.900,-4.640,-4.113,4.595,-0.398,0.094,-51.652,-27.682,99.518
1,1790988,-0.849,-4.732,-4.113,4.562,-0.391,0.088,-51.652,-27.682,99.518
1,1790992,-0.849,-4.732,-4.113,4.562,-0.391,0.088,-51.228,-27.273,96.288
1,1791014,-1.030,-4.485,-1.286,4.307,-0.318,0.088,-50.760,-27.273,89.272
1,1791045,-0.937,-4.033,1.050,3.815,-0.301,0.050,-50.628,-27.667,83.528
1,1791048,-0.937,-4.033,1.050,3.815,-0.301,0.050,-50.628,-27.667,83.528
1,1791052,-0.937,-4.033,1.050,3.815,-0.301,0.050,-50.614,-27.112,80.970
1,1791075,-0.753,-3.431,3.672,3.466,-0.253,0.045,-50.775,-27.974,77.813
1,1791078,-0.753,-3.431,3.672,3.466,-0.253,0.045,-50.658,-27.916,75.650
1,1791104,-0.843,-2.719,5.842,3.205,-0.247,0.001,-50.921,-27.945,70.637
1,1791108,-0.843,-2.719,5.842,3.205,-0.247,0.001,-50.921,-27.945,70.637
1,1791112,-0.843,-2.107,6.079,3.205,-0.247,0.001,-50.921,-27.945,70.637
1,1791135,-0.573,-1.486,6.438,2.716,-0.217,-0.020,-50.322,-28.515,66.662
1,1791242,0.462,-2.039,5.311,0.681,-0.105,-0.112,-51.008,-30.313,57.279
1,1791418,-0.458,-8.639,-0.371,-3.150,0.134,-0.235,-51.871,-28.427,72.976
1,1791465,-0.639,-10.345,-2.010,-3.450,0.145,-0.254,-51.812,-27.419,80.123
1,1791468,-0.639,-10.345,-2.010,-3.450,0.145,-0.254,-51.710,-27.112,83.265
1,1791472,-0.639,-10.345,-2.010,-3.450,0.145,-0.254,-51.710,-27.112,83.265
1,1791555,-0.530,-10.307,-4.343,-3.031,0.127,-0.211,-52.616,-27.463,101.257
1,1791559,-0.530,-10.307,-4.343,-3.031,0.127,-0.211,-52.616,-27.463,101.257
1,1791585,-0.723,-9.339,-4.489,-2.878,0.121,-0.219,-52.309,-27.872,105.305
1,1791615,-0.666,-9.425,-6.032,-2.773,0.109,-0.197,-52.543,-28.486,112.482
1,1791618,-0.666,-9.425,-6.032,-2.773,0.109,-0.197,-53.084,-28.486,112.482
1,1791705,-0.361,-9.979,-9.157,-2.968,0.084,-0.116,-53.157,-30.532,126.937
1,1791708,-0.284,-10.135,-9.586,-2.968,0.082,-0.121,-53.157,-30.532,126.937
1,1791815,-0.178,-12.778,-10.300,-1.928,-0.022,-0.054,-53.844,-34.127,140.310
1,1791885,-0.298,-11.794,-8.742,-0.671,-0.166,-0.054,-53.186,-35.034,144.563
1,1791888,-0.298,-11.794,-8.742,-0.671,-0.166,-0.054,-53.186,-35.034,144.563
1,1791892,-0.298,-11.794,-8.742,-0.671,-0.166,-0.054,-53.186,-35.034,144.563
1,1791975,-0.311,-8.565,-12.118,0.690,-0.312,-0.012,-52.733,-35.019,143.964
1,1791979,-0.311,-8.565,-12.118,0.690,-0.312,-0.012,-52.733,-35.019,143.964
1,1791982,-0.397,-7.966,-12.379,0.690,-0.312,-0.017,-52.865,-34.683,144.081
1,1792241,-0.621,-3.903,-4.822,4.610,-0.495,0.119,-51.476,-28.077,105.671
1,1792305,-0.639,-2.737,0.834,3.782,-0.409,0.104,-50.760,-27.112,88.731
1,1792309,-0.639,-2.737,0.834,3.621,-0.389,0.104,-50.760,-27.112,88.731
1,1792312,-0.639,-2.737,0.834,3.621,-0.389,0.104,-50.760,-27.112,87.416
1,1792365,-0.407,-2.337,4.951,2.635,-0.288,0.087,-50.453,-27.755,78.194
1,1792368,-0.407,-2.337,4.951,2.635,-0.288,0.087,-50.453,-27.755,78.194
1,1792424,-0.071,-2.468,6.389,1.591,-0.199,0.053,-50.365,-28.281,71.719
1,1792428,-0.071,-2.468,6.389,1.591,-0.199,0.053,-50.365,-28.281,71.719
1,1792515,0.412,-3.891,3.971,-0.078,-0.106,-0.013,-50.132,-27.901,69.249
1,1792519,0.412,-3.891,3.971,-0.078,-0.106,-0.013,-50.132,-27.901,69.249
1,1792522,0.363,-4.278,3.447,-0.310,-0.093,-0.020,-49.678,-27.872,70.184
1,1792647,-1.214,-8.614,-1.963,-2.734,0.055,-0.162,-50.380,-27.273,83.207
1,1792725,-1.098,-9.404,-4.228,-3.085,0.103,-0.270,-51.242,-27.697,98.933
1,1792729,-1.048,-9.404,-4.228,-3.124,0.110,-0.254,-51.242,-27.697,98.933
1,1792785,-1.333,-8.780,-6.016,-2.947,0.133,-0.274,-51.812,-27.974,110.626
1,1792789,-1.333,-8.780,-6.016,-2.947,0.133,-0.274,-51.812,-27.974,110.626
1,1792845,-1.145,-8.589,-7.423,-3.016,0.193,-0.266,-52.265,-29.480,121.836
1,1792875,-0.745,-8.152,-9.054,-3.423,0.258,-0.318,-52.499,-30.678,127.360
1,1792878,-0.745,-8.152,-9.054,-3.423,0.258,-0.318,-52.236,-30.284,129.041
1,1792905,-0.357,-8.722,-9.467,-3.307,0.246,-0.248,-52.675,-31.555,132.870
1,1792909,-0.357,-8.722,-9.467,-3.307,0.246,-0.248,-52.675,-31.555,132.870
1,1792913,-0.237,-8.709,-9.794,-3.176,0.236,-0.250,-52.675,-31.555,132.870
1,1792934,-0.078,-7.677,-10.268,-2.955,0.238,-0.261,-52.558,-33.031,136.188
1,1792938,-0.078,-7.677,-10.268,-2.955,0.238,-0.261,-52.602,-32.549,137.825
1,1792942,0.054,-7.218,-10.628,-2.942,0.222,-0.231,-52.602,-32.549,137.825
1,1792964,0.318,-7.968,-11.695,-3.170,0.216,-0.217,-53.172,-34.127,141.114
1,1792968,0.318,-7.968,-11.695,-3.170,0.216,-0.217,-53.172,-34.127,141.114
1,1792996,0.355,-7.527,-11.861,-2.897,0.210,-0.208,-53.405,-34.931,143.935
1,1792999,0.469,-7.769,-12.142,-2.897,0.210,-0.208,-53.332,-35.677,145.075
1,1793188,-0.252,-7.695,-11.623,0.000,-0.110,-0.075,-53.859,-40.237,150.994
1,1793235,0.060,-5.913,-12.907,0.775,-0.182,-0.048,-53.771,-40.120,149.971
1,1793239,0.060,-5.913,-12.907,0.775,-0.182,-0.048,-53.771,-40.120,149.971
1,1793243,0.060,-5.913,-12.907,0.775,-0.182,-0.048,-53.771,-40.120,149.971
1,1793264,-0.044,-5.025,-13.363,1.263,-0.250,-0.022,-54.429,-39.638,150.015
1,1793268,-0.044,-5.025,-13.363,1.263,-0.250,-0.022,-54.429,-39.638,149.898
1,1793272,-0.044,-5.025,-13.363,1.263,-0.250,-0.022,-53.698,-39.272,149.898
1,1793295,-0.139,-3.803,-13.628,1.695,-0.261,-0.023,-54.151,-38.746,148.582
1,1793299,-0.139,-3.803,-13.628,1.695,-0.261,-0.023,-54.151,-38.746,148.582
1,1793302,-0.022,-3.623,-13.600,1.695,-0.277,-0.010,-54.151,-38.746,148.582
1,1793325,0.061,-3.711,-13.399,2.142,-0.301,0.011,-54.180,-37.854,147.968
1,1793328,0.061,-3.711,-13.399,2.142,-0.301,0.011,-54.180,-37.854,147.968
1,1793332,-0.049,-3.571,-13.151,2.142,-0.301,0.011,-53.289,-37.255,147.559
1,1793354,-0.144,-3.053,-13.010,2.625,-0.338,0.007,-53.493,-36.510,145.469
1,1793385,-0.050,-2.935,-12.761,3.134,-0.360,0.032,-53.610,-35.399,143.496
1,1793389,-0.050,-2.935,-12.761,3.134,-0.360,0.032,-53.610,-35.399,143.496
1,1793392,-0.055,-3.021,-12.250,3.301,-0.365,0.039,-53.435,-34.610,141.523
1,1793415,-0.142,-3.461,-11.513,3.615,-0.395,0.060,-53.479,-34.434,139.696
1,1793418,-0.142,-3.461,-11.513,3.615,-0.395,0.060,-53.566,-33.879,138.249
1,1793421,-0.199,-3.594,-11.332,3.759,-0.413,0.062,-53.566,-33.879,138.249
1,1793445,-0.224,-3.425,-10.818,4.034,-0.423,0.048,-52.777,-32.140,133.514
1,1793505,-0.358,-3.870,-7.787,4.512,-0.446,0.079,-52.514,-29.830,120.564
1,1793509,-0.321,-3.750,-7.338,4.485,-0.445,0.083,-52.514,-29.830,120.564
1,1793512,-0.321,-3.750,-7.338,4.485,-0.445,0.083,-52.514,-29.830,120.564
1,1793535,-0.219,-3.891,-5.929,4.480,-0.420,0.119,-52.412,-29.012,114.016
1,1793625,-0.086,-4.457,2.508,3.581,-0.312,0.125,-51.856,-28.018,91.552
1,1793629,-0.086,-4.457,2.508,3.581,-0.312,0.125,-51.856,-28.018,91.552
1,1793632,-0.086,-4.457,2.508,3.581,-0.312,0.125,-51.856,-28.018,91.552
1,1793655,-0.172,-3.093,4.539,3.541,-0.307,0.114,-51.388,-27.814,85.852
1,1793715,0.036,-2.672,7.053,2.360,-0.227,0.070,-51.520,-28.296,75.680
1,1793719,0.036,-2.672,7.053,2.360,-0.227,0.070,-51.520,-28.296,75.680
1,1793722,0.036,-2.672,6.872,2.360,-0.227,0.070,-51.038,-28.281,74.803
1,1793805,0.103,-3.220,4.745,0.610,-0.131,-0.023,-51.096,-28.880,69.293
1,1793809,0.103,-3.220,4.745,0.610,-0.131,-0.023,-51.140,-28.120,68.737
1,1793812,0.145,-3.488,4.345,0.398,-0.117,-0.031,-51.140,-28.120,68.737
1,1793834,0.095,-4.007,3.696,0.001,-0.093,-0.055,-51.578,-28.880,68.679
1,1793838,0.095,-4.007,3.696,0.001,-0.093,-0.055,-51.578,-28.880,68.679
1,1793841,0.100,-4.266,3.339,-0.209,-0.086,-0.064,-51.578,-28.880,68.679
1,1793865,-0.014,-4.708,2.334,-0.649,-0.072,-0.084,-51.695,-29.100,68.606
1,1793868,-0.014,-4.708,2.334,-0.649,-0.072,-0.084,-51.695,-29.100,68.606
1,1793895,-0.420,-5.892,1.043,-1.324,-0.021,-0.110,-51.710,-28.486,72.099
1,1793899,-0.547,-6.317,0.660,-1.324,-0.021,-0.110,-51.710,-28.486,72.099
1,1793902,-0.547,-6.317,0.660,-1.525,-0.011,-0.117,-51.710,-28.486,72.099
1,1793924,-0.695,-7.149,-0.293,-1.921,0.015,-0.139,-52.178,-28.237,74.452
1,1793928,-0.686,-7.450,-0.792,-1.921,0.015,-0.139,-52.178,-28.237,74.452
1,1793931,-0.686,-7.450,-0.792,-2.115,0.022,-0.153,-51.652,-28.120,76.557
1,1793955,-0.760,-7.900,-1.679,-2.500,0.059,-0.177,-51.900,-27.843,80.824
1,1794015,-0.812,-9.188,-3.557,-3.589,0.136,-0.209,-51.973,-27.755,92.926
1,1794019,-0.835,-9.527,-4.097,-3.759,0.151,-0.222,-52.616,-27.317,92.926
1,1794105,-0.462,-8.278,-5.849,-3.322,0.171,-0.191,-52.558,-28.997,112.219
1,1794134,-0.412,-8.759,-6.832,-3.312,0.175,-0.184,-52.485,-29.392,116.939
1,1794138,-0.412,-8.759,-6.832,-3.312,0.175,-0.184,-52.382,-29.363,119.453
1,1794142,-0.412,-8.759,-6.832,-3.312,0.175,-0.184,-52.382,-29.363,119.453
1,1794165,-0.102,-8.084,-8.353,-3.069,0.131,-0.147,-52.660,-30.444,124.350
1,1794195,-0.173,-7.560,-9.613,-3.439,0.191,-0.159,-53.142,-31.599,128.267
1,1794199,-0.173,-7.560,-9.613,-3.439,0.191,-0.159,-53.142,-31.599,128.267
1,1794255,0.229,-8.113,-11.265,-3.123,0.142,-0.117,-53.405,-33.894,138.220
1,1794259,0.229,-8.113,-11.265,-3.123,0.142,-0.117,-53.405,-33.894,138.220
1,1794262,0.343,-8.280,-11.533,-3.005,0.122,-0.100,-53.435,-34.186,139.988
1,1794284,0.199,-8.578,-11.797,-2.776,0.112,-0.098,-53.800,-34.917,141.114
1,1794288,0.199,-8.578,-11.797,-2.776,0.112,-0.098,-53.610,-35.224,143.306
1,1794291,0.054,-8.621,-11.916,-2.654,0.097,-0.098,-53.610,-35.224,143.306
1,1794314,0.045,-8.713,-12.535,-2.392,0.050,-0.079,-53.683,-36.013,145.031
1,1794318,0.045,-8.713,-12.535,-2.392,0.050,-0.079,-53.683,-36.013,145.031
1,1794322,-0.028,-8.795,-12.724,-2.258,0.045,-0.072,-53.683,-35.998,145.761
1,1794343,-0.152,-8.961,-12.498,-2.005,0.037,-0.066,-53.932,-36.773,146.565
1,1794375,-0.270,-9.562,-12.236,-1.638,-0.010,-0.045,-54.239,-37.723,148.568
1,1794378,-0.343,-9.559,-12.039,-1.502,-0.015,-0.049,-54.239,-37.723,148.568
1,1794435,-0.334,-9.525,-11.365,-0.775,-0.088,-0.029,-54.092,-39.374,150.745
1,1794439,-0.392,-9.180,-11.371,-0.646,-0.094,-0.038,-54.092,-39.374,150.745
1,1794496,-0.477,-7.606,-12.212,0.072,-0.154,-0.028,-53.888,-39.959,151.388
1,1794500,-0.477,-7.606,-12.212,0.221,-0.166,-0.028,-53.888,-39.959,151.388
1,1794502,-0.477,-7.606,-12.212,0.221,-0.166,-0.028,-53.888,-39.959,151.388
1,1794525,-0.242,-5.945,-13.164,0.674,-0.202,-0.006,-54.180,-39.594,150.775
1,1794555,-0.273,-5.226,-13.013,1.086,-0.210,0.010,-53.698,-38.994,150.015
1,1794559,-0.273,-5.226,-13.013,1.086,-0.210,0.010,-53.698,-38.994,150.015
1,1794562,-0.273,-5.226,-13.013,1.086,-0.210,0.010,-53.698,-38.994,150.015
1,1794585,-0.218,-4.423,-12.593,1.538,-0.225,0.009,-53.785,-38.804,149.211
1,1794615,-0.112,-3.879,-12.305,1.995,-0.261,0.031,-53.464,-37.767,147.457
1,1794644,-0.075,-3.532,-12.391,2.431,-0.280,0.023,-52.996,-36.305,143.978
1,1794706,-0.464,-3.618,-11.360,3.217,-0.326,0.031,-53.464,-34.244,138.044
1,1794708,-0.464,-3.618,-11.360,3.217,-0.326,0.031,-53.464,-34.244,138.044
1,1794712,-0.408,-3.511,-11.440,3.341,-0.341,0.033,-53.464,-34.244,138.044
1,1794734,-0.226,-3.641,-10.985,3.588,-0.332,0.046,-53.259,-32.681,134.522
1,1794765,-0.492,-4.973,-9.121,3.944,-0.346,0.072,-52.748,-31.409,127.623
1,1794769,-0.492,-4.973,-8.743,3.944,-0.346,0.072,-52.748,-31.409,127.623
1,1794772,-0.571,-5.164,-8.743,4.063,-0.362,0.064,-52.748,-31.409,127.623
1,1794795,-0.543,-4.774,-8.236,4.293,-0.382,0.042,-52.543,-30.123,122.508
1,1794826,-0.432,-5.410,-6.257,4.423,-0.365,0.087,-52.280,-28.778,112.906
1,1794885,-0.049,-4.366,-1.941,4.177,-0.351,0.067,-51.856,-27.887,98.641
1,1794889,0.008,-4.630,-0.867,3.984,-0.326,0.067,-51.856,-27.887,98.641
1,1794892,0.008,-4.630,-0.867,3.984,-0.326,0.067,-51.856,-27.887,98.641
1,1794915,0.054,-5.648,1.406,3.851,-0.313,0.060,-51.564,-28.047,91.918
1,1795021,0.002,-1.762,7.135,2.937,-0.280,-0.007,-51.710,-28.997,68.562
1,1795035,0.065,-1.210,6.743,2.555,-0.260,-0.033,-51.345,-29.582,67.217
1,1795039,0.065,-1.210,6.743,2.555,-0.260,-0.033,-51.345,-29.582,67.217
1,1795042,0.065,-1.210,6.743,2.555,-0.260,-0.033,-51.345,-29.582,67.217
1,1795066,0.312,-1.250,5.627,1.995,-0.230,-0.057,-51.783,-29.319,64.279
1,1795094,0.368,-1.409,4.784,1.426,-0.209,-0.089,-51.798,-30.094,61.605
1,1795125,0.270,-2.399,3.811,0.887,-0.181,-0.099,-51.929,-30.400,59.909
1,1795215,-0.249,-6.628,1.159,-1.014,-0.084,-0.156,-52.075,-30.064,61.795
1,1795305,-0.522,-9.282,-0.328,-2.896,0.060,-0.213,-52.616,-28.866,73.853
1,1795309,-0.645,-9.279,-0.590,-3.112,0.077,-0.224,-52.616,-28.866,73.853
1,1795312,-0.645,-9.279,-0.590,-3.112,0.077,-0.224,-52.616,-28.866,73.853
1,1795335,-0.522,-9.736,-0.951,-3.511,0.108,-0.227,-52.528,-28.340,78.427
1,1795365,-0.558,-9.922,-1.552,-3.382,0.111,-0.203,-52.748,-28.237,86.597
1,1795369,-0.467,-10.006,-1.665,-3.311,0.098,-0.181,-52.748,-28.237,86.597
1,1795373,-0.467,-10.006,-1.665,-3.311,0.098,-0.181,-52.748,-28.237,86.597
1,1795395,-0.226,-10.213,-3.289,-3.482,0.103,-0.210,-52.660,-27.433,92.122
1,1795399,-0.226,-10.213,-3.289,-3.657,0.126,-0.210,-52.660,-27.433,92.122
1,1795403,-0.226,-10.213,-3.289,-3.657,0.126,-0.210,-52.704,-27.726,94.841
1,1795424,-0.416,-10.831,-4.143,-3.631,0.149,-0.153,-53.274,-27.872,100.424
1,1795428,-0.416,-10.831,-4.143,-3.531,0.126,-0.153,-53.274,-27.872,100.424
1,1795432,-0.416,-10.831,-4.143,-3.531,0.126,-0.153,-53.274,-27.872,100.424
1,1795455,-0.229,-10.745,-5.968,-3.415,0.114,-0.160,-53.099,-28.340,104.268
1,1795486,-0.128,-11.800,-7.263,-3.796,0.138,-0.136,-53.625,-28.968,113.183
1,1795489,-0.128,-11.800,-7.263,-3.796,0.138,-0.136,-53.625,-28.968,113.183
1,1795493,-0.104,-11.909,-7.487,-3.796,0.138,-0.136,-53.625,-28.968,113.183
1,1795618,-0.033,-14.091,-7.954,-2.604,0.038,-0.064,-53.815,-32.914,133.952
1,1795635,0.122,-14.166,-7.979,-2.341,-0.013,-0.035,-54.224,-33.163,136.919
1,1795639,0.122,-14.166,-7.979,-2.341,-0.013,-0.035,-54.224,-33.163,136.919
1,1795642,0.151,-14.059,-8.066,-2.204,-0.027,-0.037,-54.224,-33.163,136.919
1,1795666,0.057,-13.775,-7.941,-1.934,-0.043,-0.035,-54.224,-34.332,139.374
1,1795695,-0.337,-13.194,-8.660,-1.527,-0.098,-0.022,-54.019,-35.034,142.093
1,1795725,-0.329,-11.428,-10.012,-1.120,-0.140,-0.024,-54.165,-35.253,143.306
1,1795754,-0.449,-10.027,-11.835,-0.649,-0.169,-0.010,-53.420,-35.355,145.148
1,1795758,-0.663,-9.352,-12.202,-0.505,-0.169,-0.015,-53.522,-35.355,145.148
1,1795761,-0.663,-9.352,-12.202,-0.505,-0.169,-0.015,-53.522,-35.355,145.148
1,1795785,-0.700,-8.065,-12.969,-0.219,-0.203,-0.002,-53.552,-35.531,144.373
1,1795789,-0.560,-7.551,-13.250,-0.066,-0.206,0.002,-53.552,-35.531,144.373
1,1795792,-0.560,-7.551,-13.250,-0.066,-0.206,0.002,-53.069,-35.647,144.738
1,1795814,-0.272,-6.374,-13.225,0.266,-0.204,-0.002,-53.464,-35.443,144.548
1,1795818,-0.242,-5.896,-13.128,0.442,-0.211,0.007,-53.537,-35.472,144.680
1,1795822,-0.242,-5.896,-13.128,0.442,-0.211,0.007,-53.537,-35.472,144.680
1,1795875,-0.394,-4.014,-12.413,1.394,-0.252,0.037,-53.391,-35.165,143.116
1,1795879,-0.394,-4.014,-12.413,1.394,-0.252,0.037,-53.435,-34.420,143.379
1,1795882,-0.394,-4.014,-12.413,1.394,-0.252,0.037,-53.435,-34.420,143.379
1,1795905,-0.269,-3.376,-11.967,1.852,-0.285,0.031,-53.172,-33.821,140.807
1,1795965,-0.065,-3.855,-9.478,2.819,-0.316,0.067,-52.543,-32.125,134.113
1,1795969,-0.065,-3.855,-9.478,2.819,-0.316,0.067,-52.543,-32.125,134.113
1,1795972,-0.105,-3.808,-9.109,2.971,-0.336,0.055,-52.543,-32.125,134.113
1,1795995,-0.103,-3.448,-8.692,3.244,-0.353,0.049,-52.733,-31.774,130.985
1,1795998,-0.103,-3.448,-8.692,3.244,-0.353,0.049,-52.733,-31.774,130.985
1,1796001,-0.079,-3.342,-8.362,3.244,-0.353,0.051,-52.295,-31.350,128.764
1,1796025,-0.038,-3.773,-7.109,3.649,-0.348,0.071,-52.879,-30.254,124.423
1,1796028,-0.038,-3.773,-7.109,3.649,-0.348,0.071,-52.879,-30.254,124.423
1,1796032,-0.156,-4.158,-6.449,3.782,-0.352,0.079,-52.879,-30.254,124.423
1,1796054,-0.150,-4.497,-5.216,4.041,-0.378,0.072,-52.762,-29.202,118.693
1,1796058,-0.150,-4.497,-5.216,4.041,-0.378,0.072,-52.762,-29.202,118.693
1,1796062,-0.141,-4.379,-4.654,4.166,-0.382,0.064,-52.441,-28.632,116.516
1,1796084,-0.074,-3.570,-3.170,4.297,-0.373,0.073,-52.485,-28.807,112.906
1,1796146,-0.278,-4.369,1.850,3.582,-0.324,0.043,-52.324,-27.624,98.758
1,1796149,-0.286,-4.226,2.416,3.411,-0.312,0.042,-51.929,-27.580,96.580
1,1796153,-0.286,-4.226,2.416,3.411,-0.312,0.042,-51.929,-27.580,96.580
1,1796175,-0.380,-4.231,3.876,3.060,-0.271,0.035,-51.593,-28.237,92.020
1,1796179,-0.422,-4.312,4.637,2.898,-0.257,0.028,-51.593,-28.237,92.020
1,1796182,-0.422,-4.312,4.637,2.898,-0.257,0.028,-51.593,-28.237,92.020
1,1796205,-0.430,-4.231,5.727,2.597,-0.243,0.016,-51.827,-27.901,88.161
1,1796265,-0.282,-3.557,5.925,1.427,-0.172,-0.046,-51.652,-27.463,81.204
1,1796294,-0.033,-3.300,4.765,0.821,-0.136,-0.082,-51.754,-27.697,79.801
1,1796298,0.045,-3.300,4.765,0.611,-0.122,-0.088,-51.754,-27.697,79.801
1,1796301,0.045,-3.300,4.765,0.611,-0.122,-0.088,-51.754,-27.697,79.801
1,1796325,0.018,-3.928,3.733,-0.051,-0.076,-0.114,-51.900,-27.580,79.319
1,1796355,-0.074,-4.367,2.294,-0.695,-0.053,-0.144,-52.192,-27.755,81.336
1,1796359,-0.074,-4.367,2.294,-0.695,-0.053,-0.144,-52.192,-27.755,81.336
1,1796385,-0.068,-4.989,0.742,-1.363,0.001,-0.165,-52.002,-27.843,82.914
1,1796389,-0.068,-4.989,0.742,-1.363,0.001,-0.165,-52.002,-27.843,82.914
1,1796392,-0.138,-5.328,0.409,-1.363,0.001,-0.165,-52.207,-27.624,84.332
1,1796415,-0.097,-6.028,-0.751,-1.982,0.027,-0.177,-51.856,-27.433,85.428
1,1796418,-0.097,-6.028,-0.751,-1.982,0.027,-0.177,-52.309,-27.404,87.357
1,1796421,-0.093,-6.225,-1.558,-1.982,0.027,-0.177,-52.309,-27.404,87.357
1,1796445,-0.126,-6.548,-3.060,-2.573,0.070,-0.204,-52.645,-27.653,90.456
1,1796448,-0.126,-6.548,-3.060,-2.573,0.070,-0.204,-52.645,-27.653,90.456
1,1796452,-0.199,-6.751,-3.519,-2.761,0.090,-0.204,-52.645,-27.653,90.456
1,1796475,-0.359,-7.565,-3.872,-3.142,0.139,-0.200,-52.295,-27.887,95.425
1,1796504,-0.202,-8.344,-4.911,-3.543,0.155,-0.225,-52.704,-27.697,102.514
1,1796508,-0.202,-8.344,-4.911,-3.543,0.155,-0.225,-52.704,-27.697,102.514
1,1796511,-0.123,-8.564,-5.301,-3.603,0.160,-0.225,-52.704,-27.697,102.514
1,1796535,-0.243,-9.014,-5.754,-3.586,0.173,-0.221,-52.762,-28.281,108.623
1,1796539,-0.243,-9.014,-5.754,-3.586,0.173,-0.221,-52.675,-28.252,111.137
1,1796541,-0.294,-8.883,-5.934,-3.490,0.175,-0.226,-52.675,-28.252,111.137
1,1796565,-0.397,-8.693,-6.573,-3.316,0.149,-0.210,-53.055,-29.319,115.873
1,1796569,-0.336,-8.611,-7.091,-3.316,0.148,-0.203,-53.055,-29.319,115.873
1,1796573,-0.336,-8.611,-7.091,-3.235,0.148,-0.203,-53.055,-29.319,115.873
1,1796594,-0.245,-8.132,-7.583,-3.146,0.162,-0.205,-52.660,-29.407,120.096
1,1796625,-0.059,-8.109,-7.862,-2.988,0.151,-0.176,-53.289,-30.561,127.024
1,1796628,-0.066,-7.992,-8.234,-2.952,0.143,-0.170,-53.289,-30.561,127.024
1,1796632,-0.066,-7.992,-8.234,-2.952,0.143,-0.170,-53.289,-30.561,127.024
1,1796655,0.080,-6.931,-9.138,-3.057,0.153,-0.188,-53.099,-31.804,130.532
1,1796659,0.080,-6.908,-9.605,-3.220,0.153,-0.182,-53.099,-31.804,130.532
1,1796663,0.080,-6.908,-9.605,-3.220,0.153,-0.182,-52.938,-31.716,132.812
1,1796684,0.096,-7.452,-10.000,-3.310,0.170,-0.165,-53.566,-32.169,138.132
1,1796715,0.296,-6.776,-11.066,-2.975,0.132,-0.156,-54.195,-33.996,139.141
1,1796719,0.296,-6.776,-11.066,-2.872,0.110,-0.147,-54.195,-33.996,139.141
1,1796722,0.296,-6.776,-11.066,-2.872,0.110,-0.147,-53.449,-34.449,141.274
1,1796745,0.281,-6.240,-11.429,-2.676,0.115,-0.143,-53.829,-34.858,142.034
1,1796749,0.281,-6.240,-11.429,-2.562,0.119,-0.137,-54.063,-35.545,143.262
1,1796751,0.281,-6.240,-11.429,-2.562,0.119,-0.137,-54.063,-35.545,143.262
1,1796877,0.323,-7.454,-12.802,-1.477,-0.004,-0.073,-54.268,-39.477,150.599
1,1796925,0.140,-8.103,-11.679,-0.760,-0.088,-0.075,-54.092,-41.084,151.798
1,1796985,0.018,-7.269,-11.955,0.170,-0.177,-0.051,-53.566,-41.406,151.988
1,1796989,0.018,-6.830,-12.420,0.170,-0.177,-0.051,-53.566,-41.406,151.988
1,1796993,0.048,-6.830,-12.420,0.312,-0.197,-0.059,-53.771,-41.011,152.148
1,1797014,0.123,-5.579,-13.089,0.610,-0.210,-0.059,-54.019,-41.406,152.485
1,1797122,0.237,-3.387,-12.680,2.293,-0.304,0.021,-53.873,-38.205,148.422
1,1797135,0.135,-3.433,-12.373,2.441,-0.325,0.027,-53.756,-37.752,147.486
1,1797166,-0.053,-3.515,-12.173,2.843,-0.356,0.048,-53.405,-36.188,144.768
1,1797168,-0.053,-3.515,-12.173,2.981,-0.363,0.048,-53.405,-36.188,144.768
1,1797195,0.166,-4.107,-11.398,3.438,-0.384,0.071,-53.259,-34.800,141.333
1,1797255,0.175,-4.597,-9.721,4.297,-0.431,0.105,-52.514,-32.052,131.920
1,1797258,0.175,-4.597,-9.721,4.297,-0.431,0.105,-52.514,-32.052,131.920
1,1797286,0.378,-3.745,-8.612,4.397,-0.456,0.093,-52.353,-30.254,124.613
1,1797289,0.378,-3.745,-8.612,4.397,-0.456,0.093,-52.353,-30.254,124.613
1,1797292,0.427,-3.570,-8.303,4.397,-0.456,0.084,-52.353,-30.254,124.613
1,1797345,0.194,-4.865,-5.288,4.191,-0.421,0.112,-52.397,-28.384,112.876
1,1797375,0.100,-4.063,-3.260,4.570,-0.440,0.104,-52.046,-28.281,103.435
1,1797379,0.100,-4.063,-3.260,4.570,-0.440,0.104,-52.046,-28.281,103.435
1,1797382,0.078,-3.521,-2.572,4.531,-0.436,0.106,-52.046,-28.281,100.716
1,1797405,0.096,-3.617,-0.912,4.192,-0.398,0.121,-51.827,-27.594,97.398
1,1797435,-0.372,-3.966,1.965,3.706,-0.353,0.105,-51.885,-27.755,89.345
1,1797439,-0.507,-3.878,2.729,3.706,-0.353,0.105,-51.885,-27.755,89.345
1,1797465,-0.842,-3.736,4.203,3.385,-0.315,0.095,-51.915,-27.141,84.054
1,1797469,-0.957,-3.842,4.970,3.330,-0.301,0.097,-51.462,-26.995,81.526
1,1797472,-0.957,-3.842,4.970,3.330,-0.301,0.097,-51.462,-26.995,81.526
1,1797495,-0.904,-3.746,6.380,3.321,-0.294,0.099,-51.812,-27.930,77.229
1,1797525,-0.620,-2.989,7.423,2.894,-0.263,0.067,-51.403,-28.720,73.093
1,1797529,-0.596,-2.919,7.625,2.684,-0.243,0.053,-51.403,-28.720,73.093
1,1797533,-0.596,-2.919,7.625,2.684,-0.243,0.053,-51.315,-28.632,71.163
1,1797554,-0.500,-2.899,7.720,2.288,-0.225,0.040,-51.666,-28.705,68.196
1,1797558,-0.336,-2.935,7.530,2.083,-0.215,0.032,-51.666,-28.705,68.196
1,1797562,-0.336,-2.935,7.530,2.083,-0.215,0.032,-51.666,-28.705,68.196
1,1797584,-0.108,-2.897,6.949,1.669,-0.198,0.000,-51.345,-29.027,65.873
1,1797588,0.099,-2.816,6.617,1.471,-0.184,-0.010,-51.345,-29.027,65.873
1,1797591,0.099,-2.816,6.617,1.471,-0.184,-0.010,-50.848,-29.465,65.200
1,1797615,0.278,-3.363,5.477,1.071,-0.165,-0.017,-51.286,-29.524,64.440
1,1797645,0.334,-3.702,4.635,0.236,-0.130,-0.061,-51.491,-29.860,63.870
1,1797649,0.334,-3.702,4.635,0.236,-0.130,-0.061,-51.491,-29.860,63.870
1,1797653,0.334,-3.702,4.635,0.236,-0.130,-0.061,-51.140,-29.524,64.572
1,1797675,0.185,-4.382,3.325,-0.441,-0.098,-0.086,-50.979,-29.363,63.680
1,1797679,0.185,-4.382,3.325,-0.441,-0.098,-0.086,-51.286,-28.851,64.630
1,1797682,0.185,-4.382,3.325,-0.441,-0.098,-0.086,-51.286,-28.851,64.630
1,1797705,0.014,-5.239,2.264,-1.146,-0.064,-0.108,-51.578,-29.348,65.858
1,1797708,0.014,-5.239,2.264,-1.146,-0.064,-0.108,-51.578,-29.348,65.858
1,1797711,0.014,-5.239,2.264,-1.146,-0.064,-0.108,-51.578,-29.348,65.858
1,1797735,-0.214,-6.238,0.671,-1.812,-0.022,-0.127,-51.681,-29.114,68.606
1,1797765,-0.494,-7.182,-0.915,-2.467,0.031,-0.144,-51.578,-28.617,73.473
1,1797769,-0.494,-7.182,-0.915,-2.467,0.031,-0.144,-51.578,-28.617,73.473
1,1797772,-0.575,-7.573,-1.295,-2.700,0.059,-0.150,-51.578,-28.617,73.473
1,1797795,-0.640,-8.116,-2.082,-3.162,0.089,-0.172,-52.251,-28.194,77.755
1,1797798,-0.640,-8.116,-2.082,-3.162,0.089,-0.172,-52.251,-28.194,80.123
1,1797825,-0.699,-9.289,-3.302,-3.756,0.138,-0.181,-52.236,-27.477,86.291
1,1797829,-0.699,-9.289,-3.302,-3.756,0.138,-0.181,-52.236,-27.477,86.291
1,1797855,-0.742,-10.075,-3.831,-3.653,0.156,-0.182,-52.046,-27.624,91.918
1,1797859,-0.742,-10.075,-3.913,-3.653,0.156,-0.182,-52.046,-27.624,91.918
1,1797863,-0.715,-10.064,-3.913,-3.555,0.154,-0.180,-52.061,-27.492,94.885
1,1797884,-0.853,-10.217,-4.110,-3.355,0.144,-0.161,-52.426,-27.740,100.278
1,1797945,-0.561,-9.490,-4.926,-2.798,0.122,-0.134,-52.616,-28.413,108.842
1,1798005,-0.403,-9.168,-6.987,-3.323,0.153,-0.127,-52.558,-29.977,121.134
1,1798008,-0.422,-9.309,-7.511,-3.257,0.137,-0.112,-52.675,-29.144,123.166
1,1798036,-0.322,-8.051,-9.450,-3.220,0.138,-0.136,-53.069,-31.380,127.127
1,1798039,-0.322,-8.051,-9.450,-3.382,0.149,-0.133,-53.069,-31.380,127.127
1,1798042,-0.322,-8.051,-9.450,-3.382,0.149,-0.133,-53.069,-31.380,127.127
1,1798065,-0.095,-9.397,-11.031,-3.701,0.162,-0.110,-53.011,-32.125,131.307
1,1798095,0.035,-9.103,-11.746,-3.308,0.138,-0.104,-53.522,-33.952,138.001
1,1798099,0.035,-9.103,-11.746,-3.308,0.138,-0.104,-53.522,-33.952,138.001
1,1798102,0.035,-9.103,-11.746,-3.308,0.138,-0.104,-53.522,-33.952,138.001
1,1798125,0.007,-9.683,-12.206,-2.977,0.132,-0.098,-53.654,-34.215,140.602
1,1798128,0.007,-9.683,-12.206,-2.977,0.132,-0.098,-53.654,-34.215,140.602
1,1798155,0.025,-10.126,-12.124,-2.580,0.083,-0.067,-54.136,-36.466,144.855
1,1798159,0.025,-10.126,-12.124,-2.580,0.083,-0.067,-54.136,-36.466,144.855
1,1798163,0.025,-10.400,-12.053,-2.580,0.083,-0.067,-54.136,-36.466,144.855
1,1798184,0.006,-10.466,-11.275,-2.114,0.072,-0.079,-54.019,-36.977,146.317
1,1798275,-0.187,-10.411,-10.664,-0.684,-0.089,-0.023,-53.888,-39.038,149.678
1,1798305,-0.217,-8.791,-11.835,-0.206,-0.140,-0.037,-53.391,-39.199,149.503
1,1798395,-0.059,-4.384,-13.943,1.291,-0.235,0.001,-53.142,-38.527,149.138
1,1798425,-0.211,-3.970,-13.596,1.759,-0.271,0.045,-53.595,-37.226,147.808
1,1798429,-0.376,-3.856,-13.370,1.917,-0.277,0.038,-53.595,-37.226,147.808
1,1798432,-0.376,-3.856,-13.370,1.917,-0.277,0.038,-53.595,-37.226,147.808
1,1798455,-0.479,-2.958,-12.979,2.235,-0.299,0.028,-53.376,-36.276,145.323
1,1798458,-0.371,-2.692,-12.888,2.395,-0.318,0.040,-53.376,-36.276,145.323
1,1798485,-0.258,-3.129,-11.939,2.733,-0.329,0.072,-52.938,-34.873,142.371
1,1798489,-0.258,-3.129,-11.939,2.906,-0.329,0.072,-52.938,-34.873,142.371
1,1798493,-0.258,-3.129,-11.939,2.906,-0.329,0.072,-52.938,-34.873,142.371
1,1798514,-0.310,-3.309,-10.515,3.234,-0.353,0.079,-52.952,-34.069,139.272
1,1798622,-0.056,-3.917,-5.754,4.354,-0.429,0.108,-51.885,-29.363,116.165
1,1798635,-0.114,-4.831,-4.514,4.198,-0.413,0.111,-51.491,-29.275,114.119
1,1798639,-0.114,-4.831,-4.514,4.198,-0.413,0.111,-51.491,-29.275,114.119
1,1798643,-0.146,-4.878,-3.881,4.197,-0.409,0.105,-51.491,-29.275,114.119
1,1798665,-0.084,-4.533,-2.737,4.162,-0.407,0.097,-51.432,-28.588,108.024
1,1798695,-0.262,-5.298,-0.111,4.111,-0.362,0.121,-51.973,-27.624,99.123
1,1798725,-0.422,-4.499,2.028,4.000,-0.380,0.086,-51.666,-27.331,92.765
1,1798729,-0.422,-4.499,2.028,4.000,-0.380,0.086,-51.666,-27.331,92.765
1,1798733,-0.421,-4.068,2.523,3.823,-0.364,0.076,-51.052,-27.697,90.602
1,1798754,-0.489,-3.830,4.062,3.416,-0.316,0.072,-51.155,-27.550,85.443
1,1798758,-0.489,-3.830,4.062,3.416,-0.316,0.072,-51.155,-27.550,85.443
1,1798816,-0.536,-2.712,6.157,2.362,-0.247,0.002,-50.833,-28.252,76.045
1,1798820,-0.465,-2.449,6.097,2.160,-0.238,0.000,-50.833,-28.252,76.045
1,1798823,-0.465,-2.449,6.097,2.160,-0.238,0.000,-50.833,-28.252,76.045
1,1798844,-0.334,-2.563,5.962,1.757,-0.206,-0.013,-50.892,-28.530,72.757
1,1798875,-0.203,-2.911,5.740,1.185,-0.175,-0.050,-51.082,-28.574,71.178
1,1798879,-0.134,-2.832,5.256,0.993,-0.169,-0.061,-50.731,-28.106,70.681
1,1798882,-0.134,-2.832,5.256,0.993,-0.169,-0.061,-50.731,-28.106,70.681
1,1798905,-0.115,-3.096,4.235,0.567,-0.140,-0.077,-50.789,-28.442,69.643
1,1798935,-0.213,-4.271,3.084,-0.055,-0.090,-0.115,-51.374,-28.939,70.330
1,1798939,-0.213,-4.271,3.084,-0.264,-0.090,-0.115,-50.950,-28.310,71.412
1,1798943,-0.213,-4.271,3.084,-0.264,-0.090,-0.115,-50.950,-28.310,71.412
1,1799069,-0.665,-8.463,-2.902,-2.838,0.112,-0.225,-51.915,-27.799,84.098
1,1799116,-0.461,-9.838,-3.951,-3.383,0.182,-0.237,-52.265,-27.740,94.534
1,1799119,-0.461,-9.838,-3.951,-3.383,0.182,-0.237,-52.265,-27.740,94.534
1,1799123,-0.578,-9.945,-3.814,-3.306,0.183,-0.231,-51.915,-28.179,97.340
1,1799145,-0.502,-10.303,-4.269,-3.161,0.153,-0.206,-52.192,-27.989,99.766
1,1799175,-0.427,-9.768,-5.306,-3.219,0.173,-0.228,-52.236,-28.544,107.074
1,1799179,-0.427,-9.768,-5.306,-3.219,0.173,-0.228,-52.236,-28.544,107.074
1,1799286,-0.118,-8.625,-7.631,-3.123,0.186,-0.162,-53.230,-30.795,126.893
1,1799355,0.279,-8.114,-10.195,-2.546,0.104,-0.090,-53.742,-33.090,136.685
1,1799359,0.226,-8.114,-10.195,-2.486,0.100,-0.087,-53.742,-33.090,136.685
1,1799363,0.226,-8.114,-10.195,-2.486,0.100,-0.087,-53.742,-33.090,136.685
1,1799384,0.236,-8.572,-11.273,-2.541,0.087,-0.090,-54.019,-33.806,138.731
1,1799388,0.366,-8.572,-11.273,-2.561,0.076,-0.078,-54.019,-33.806,138.731
1,1799392,0.366,-8.572,-11.273,-2.561,0.076,-0.078,-53.756,-34.493,140.222
1,1799415,0.578,-9.558,-11.816,-2.396,0.050,-0.057,-53.391,-34.654,141.304
1,1799418,0.578,-9.558,-11.816,-2.250,0.050,-0.057,-53.625,-34.975,142.809
1,1799421,0.578,-9.558,-11.816,-2.250,0.050,-0.057,-53.625,-34.975,142.809
1,1799445,0.226,-10.215,-11.295,-1.837,0.011,-0.028,-53.683,-35.867,144.519
1,1799475,0.214,-10.532,-10.756,-1.488,-0.032,-0.032,-53.552,-36.656,145.411
1,1799479,0.214,-10.532,-10.756,-1.488,-0.032,-0.032,-53.493,-36.481,146.434
1,1799483,0.153,-10.574,-10.661,-1.488,-0.032,-0.032,-53.493,-36.481,146.434
1,1799504,-0.074,-10.904,-10.432,-1.056,-0.076,0.002,-53.639,-37.474,147.398
1,1799536,-0.329,-10.410,-10.097,-0.613,-0.115,-0.002,-53.727,-38.088,147.852
1,1799539,-0.329,-10.410,-10.097,-0.613,-0.115,-0.002,-53.347,-37.621,148.319
1,1799542,-0.303,-10.287,-10.126,-0.470,-0.137,0.010,-53.347,-37.621,148.319
1,1799565,-0.431,-10.140,-10.483,-0.183,-0.165,0.022,-53.683,-38.454,148.831
1,1799595,-0.730,-8.599,-11.704,0.270,-0.208,0.011,-53.318,-38.191,148.348
1,1799599,-0.730,-8.599,-11.704,0.270,-0.208,0.011,-52.821,-37.664,148.392
1,1799603,-0.726,-8.059,-12.156,0.419,-0.220,0.020,-52.821,-37.664,148.392
1,1799625,-0.492,-7.271,-12.537,0.717,-0.217,0.037,-53.025,-37.869,148.246
1,1799656,-0.408,-6.944,-12.523,1.179,-0.247,0.064,-53.201,-37.621,147.106
1,1799659,-0.470,-6.798,-12.519,1.179,-0.247,0.066,-53.201,-37.621,147.106
1,1799685,-0.593,-6.074,-12.394,1.670,-0.264,0.057,-52.923,-36.583,145.981
1,1799689,-0.518,-5.661,-12.353,1.815,-0.275,0.062,-52.923,-36.583,145.981
1,1799693,-0.518,-5.661,-12.353,1.815,-0.275,0.062,-52.923,-36.583,145.981
1,1799714,-0.301,-5.227,-12.306,2.088,-0.287,0.078,-52.909,-35.881,143.964
1,1799745,-0.159,-4.880,-11.921,2.518,-0.303,0.093,-52.806,-34.961,141.669
1,1799749,-0.124,-4.988,-11.721,2.665,-0.310,0.108,-52.996,-34.595,140.222
1,1799775,-0.200,-5.100,-11.179,2.942,-0.318,0.108,-51.958,-33.791,136.744
1,1799779,-0.298,-4.953,-10.977,3.086,-0.327,0.105,-51.958,-33.791,136.744
1,1799783,-0.298,-4.953,-10.977,3.086,-0.327,0.105,-52.748,-32.710,135.647
1,1799804,-0.379,-5.039,-10.587,3.355,-0.347,0.121,-52.441,-32.505,134.201
1,1799808,-0.459,-5.231,-10.357,3.492,-0.348,0.131,-52.397,-31.672,132.213
1,1799812,-0.459,-5.231,-10.357,3.492,-0.348,0.131,-52.397,-31.672,132.213
1,1799834,-0.323,-5.426,-9.382,3.758,-0.349,0.134,-52.236,-31.058,127.667
1,1799838,-0.323,-5.426,-9.382,3.879,-0.368,0.127,-52.236,-31.058,127.667
1,1799842,-0.323,-5.426,-9.382,3.879,-0.368,0.127,-52.236,-31.058,127.667
1,1799866,-0.388,-5.770,-8.335,3.966,-0.364,0.131,-52.368,-30.064,122.406
1,1799925,-0.145,-4.984,-5.766,4.547,-0.391,0.130,-52.061,-28.179,106.562
1,1799929,-0.145,-4.984,-5.766,4.547,-0.391,0.130,-52.061,-28.179,103.142
1,1799932,-0.106,-5.021,-5.093,4.547,-0.391,0.130,-51.593,-27.594,103.142
1,1799955,-0.130,-5.213,-3.728,4.078,-0.356,0.122,-51.827,-27.814,97.281
1,1799958,-0.130,-5.213,-3.728,4.078,-0.356,0.122,-51.827,-27.814,97.281
1,1799985,-0.109,-5.252,-1.719,3.680,-0.324,0.097,-51.476,-27.770,91.508
1,1800045,-0.095,-4.305,2.745,3.385,-0.290,0.081,-50.848,-27.945,79.158
1,1800076,-0.359,-3.498,4.469,2.896,-0.274,0.043,-50.892,-28.647,74.393
1,1800079,-0.359,-3.210,5.062,2.896,-0.274,0.043,-51.155,-28.574,73.590
1,1800083,-0.433,-3.210,5.062,2.728,-0.257,0.034,-51.155,-28.574,73.590
1,1800208,-0.290,-2.039,6.682,0.699,-0.142,-0.062,-50.731,-30.327,61.225
1,1800255,-0.153,-2.810,4.043,-0.064,-0.110,-0.114,-51.096,-30.181,61.356
1,1800259,-0.153,-2.810,4.043,-0.253,-0.097,-0.114,-51.096,-30.181,61.356
1,1800262,-0.153,-2.810,4.043,-0.253,-0.097,-0.114,-51.096,-29.918,61.678
1,1800315,-0.343,-5.218,0.835,-1.520,-0.022,-0.156,-51.476,-29.524,64.601
1,1800375,-0.404,-8.085,-1.058,-2.770,0.073,-0.202,-51.944,-28.749,72.420
1,1800378,-0.404,-8.085,-1.058,-2.770,0.073,-0.202,-51.944,-28.749,72.420
1,1800435,-0.311,-10.493,-3.138,-3.896,0.166,-0.222,-51.768,-27.930,85.545
1,1800465,-0.424,-10.637,-3.454,-3.720,0.178,-0.222,-52.222,-27.667,91.581
1,1800469,-0.424,-10.637,-3.454,-3.720,0.178,-0.222,-51.637,-27.273,94.212
1,1800472,-0.486,-10.592,-3.461,-3.605,0.172,-0.211,-51.637,-27.273,94.212
1,1800525,-0.272,-10.213,-4.370,-3.122,0.130,-0.183,-52.280,-28.033,104.735
1,1800529,-0.274,-9.833,-4.763,-3.122,0.130,-0.183,-52.280,-28.033,107.205
1,1800533,-0.274,-9.833,-4.763,-3.092,0.126,-0.170,-51.915,-27.565,107.205
1,1800554,-0.435,-10.081,-5.578,-3.234,0.136,-0.158,-52.338,-28.179,111.678
1,1800558,-0.560,-10.378,-5.914,-3.234,0.136,-0.158,-52.338,-28.179,111.678
1,1800562,-0.560,-10.378,-5.914,-3.274,0.134,-0.159,-52.338,-28.179,111.678
1,1800585,-0.601,-10.338,-6.573,-3.128,0.123,-0.149,-52.704,-29.085,116.369
1,1800645,-0.669,-9.802,-8.078,-2.696,0.108,-0.119,-53.099,-30.839,126.893
1,1800649,-0.749,-9.802,-8.237,-2.623,0.101,-0.101,-53.099,-30.839,126.893
1,1800653,-0.749,-9.802,-8.237,-2.623,0.101,-0.101,-52.967,-30.707,128.383
1,1800674,-0.518,-9.969,-8.983,-2.447,0.065,-0.077,-52.894,-31.234,129.290
1,1800678,-0.382,-9.881,-9.337,-2.380,0.062,-0.082,-52.952,-31.599,130.897
1,1800682,-0.382,-9.881,-9.337,-2.380,0.062,-0.082,-52.952,-31.599,130.897
1,1800735,-0.524,-10.241,-10.247,-1.842,0.012,-0.056,-53.201,-32.973,136.393
1,1800739,-0.524,-10.241,-10.247,-1.842,0.012,-0.056,-53.215,-32.534,138.585
1,1800743,-0.524,-10.241,-10.247,-1.842,0.012,-0.056,-53.215,-32.534,138.585
1,1800795,-0.522,-10.971,-9.258,-1.152,-0.023,-0.031,-53.479,-33.908,140.953
1,1800799,-0.522,-10.971,-9.258,-1.152,-0.023,-0.031,-52.967,-33.733,141.289
1,1800802,-0.522,-10.903,-8.974,-1.152,-0.023,-0.031,-52.967,-33.733,141.289
1,1800855,-0.639,-11.366,-7.705,-0.334,-0.092,-0.004,-53.186,-35.136,142.721
1,1800859,-0.639,-11.366,-7.705,-0.334,-0.092,-0.004,-53.186,-35.136,142.721
1,1800862,-0.658,-11.267,-7.742,-0.214,-0.120,0.002,-53.084,-34.858,142.224
1,1800916,-0.802,-10.947,-8.640,0.381,-0.160,0.028,-53.055,-34.858,142.268
1,1800918,-0.802,-10.947,-8.640,0.381,-0.160,0.028,-53.055,-34.858,142.268
1,1800922,-0.817,-10.830,-8.959,0.501,-0.180,0.034,-53.186,-34.858,142.502
1,1800945,-0.694,-10.154,-9.905,0.726,-0.200,0.024,-52.967,-34.931,145.513
1,1800949,-0.694,-10.154,-9.905,0.726,-0.200,0.024,-53.201,-34.551,142.444
1,1800952,-0.596,-9.683,-10.347,0.834,-0.206,0.021,-53.201,-34.551,142.444
1,1801036,-0.531,-8.047,-11.112,1.896,-0.264,0.055,-52.382,-33.090,136.568
1,1801039,-0.461,-7.996,-11.152,2.029,-0.269,0.060,-52.382,-33.090,136.568
1,1801042,-0.461,-7.996,-11.152,2.029,-0.269,0.060,-52.382,-33.090,136.568
1,1801065,-0.525,-7.906,-10.729,2.302,-0.272,0.064,-52.353,-32.710,134.537
1,1801095,-0.714,-7.582,-10.289,2.673,-0.307,0.066,-52.017,-31.044,129.655
1,1801099,-0.708,-7.397,-10.251,2.787,-0.312,0.062,-52.017,-31.044,129.655
1,1801103,-0.708,-7.397,-10.251,2.787,-0.312,0.062,-52.017,-31.044,129.655
1,1801125,-0.633,-7.211,-9.838,3.003,-0.319,0.068,-52.148,-30.590,126.016
1,1801128,-0.641,-7.363,-9.608,3.113,-0.320,0.079,-52.148,-30.590,126.016
1,1801155,-0.736,-7.534,-8.763,3.670,-0.338,0.076,-51.944,-29.217,119.000
1,1801215,-0.628,-7.146,-6.502,3.886,-0.342,0.087,-51.768,-27.872,106.051
1,1801219,-0.628,-7.146,-6.502,3.886,-0.342,0.087,-51.768,-27.872,106.051
1,1801305,0.018,-5.975,-1.194,3.751,-0.356,0.076,-51.257,-27.711,84.230
1,1801309,0.018,-5.975,-1.194,3.751,-0.356,0.076,-51.257,-27.711,84.230
1,1801395,-0.229,-3.438,5.167,4.282,-0.400,0.065,-50.906,-29.553,64.426
1,1801425,-0.376,-2.597,7.663,3.759,-0.327,0.055,-50.935,-30.503,57.454
1,1801485,-0.485,-0.629,8.466,2.539,-0.287,-0.012,-51.096,-32.724,49.737
1,1801489,-0.382,-0.488,8.126,2.336,-0.286,-0.015,-51.096,-32.724,49.737
1,1801493,-0.382,-0.488,8.126,2.336,-0.286,-0.015,-51.096,-32.724,49.737
1,1801514,-0.245,-0.353,7.245,1.944,-0.268,-0.032,-51.140,-33.762,47.223
1,1801545,-0.129,-0.824,5.978,1.282,-0.230,-0.056,-50.526,-33.704,46.127
1,1801549,-0.075,-1.018,5.677,1.095,-0.217,-0.061,-50.526,-33.704,46.127
1,1801552,-0.075,-1.018,5.677,1.095,-0.217,-0.061,-50.526,-33.704,46.127
1,1801575,-0.071,-1.671,5.158,0.716,-0.193,-0.076,-50.877,-34.171,44.505
1,1801579,0.012,-1.913,5.038,0.533,-0.181,-0.081,-50.877,-34.171,44.505
1,1801582,0.012,-1.913,5.038,0.533,-0.181,-0.081,-51.067,-33.996,44.738
1,1801605,0.019,-2.926,4.540,0.198,-0.164,-0.092,-51.447,-34.054,44.680
1,1801608,0.019,-2.926,4.540,0.031,-0.156,-0.097,-51.096,-33.674,45.235
1,1801612,0.019,-2.926,4.540,0.031,-0.156,-0.097,-51.096,-33.674,45.235
1,1801634,-0.132,-3.881,4.745,-0.506,-0.109,-0.120,-51.257,-33.426,45.571
1,1801638,-0.132,-3.881,4.745,-0.506,-0.109,-0.120,-51.257,-33.426,45.571
1,1801642,-0.132,-3.881,4.745,-0.506,-0.109,-0.120,-51.257,-33.426,45.571
1,1801665,-0.255,-4.823,4.829,-1.100,-0.086,-0.134,-51.082,-33.645,46.492
1,1801668,-0.255,-4.823,4.829,-1.100,-0.086,-0.134,-51.213,-32.812,47.018
1,1801671,-0.255,-4.823,4.829,-1.100,-0.086,-0.134,-51.213,-32.812,47.018
1,1801695,-0.300,-6.030,4.210,-1.688,-0.051,-0.155,-51.505,-33.280,48.100
1,1801725,-0.407,-7.091,3.765,-2.276,-0.007,-0.173,-51.754,-31.979,51.666
1,1801729,-0.407,-7.091,3.765,-2.276,-0.007,-0.173,-51.432,-31.526,52.821
1,1801732,-0.316,-7.390,3.572,-2.472,0.009,-0.181,-51.432,-31.526,52.821
1,1801754,-0.220,-8.142,2.937,-2.858,0.027,-0.189,-51.944,-30.810,56.767
1,1801758,-0.220,-8.142,2.937,-2.858,0.027,-0.189,-51.944,-30.810,56.767
1,1801815,-0.385,-10.001,1.777,-3.125,0.066,-0.191,-51.842,-29.070,67.290
1,1801819,-0.385,-10.001,1.777,-3.125,0.066,-0.191,-51.842,-29.070,67.290
1,1801823,-0.341,-9.850,1.446,-3.117,0.066,-0.192,-51.842,-29.070,67.290
1,1801845,-0.386,-10.459,0.724,-3.279,0.081,-0.187,-52.075,-28.457,71.003
1,1801875,-0.604,-10.880,-0.016,-3.134,0.087,-0.180,-51.885,-27.770,79.260
1,1801879,-0.676,-10.854,-0.221,-3.047,0.084,-0.172,-51.885,-27.770,79.260
1,1801883,-0.676,-10.854,-0.221,-3.047,0.084,-0.172,-51.885,-27.770,79.260
1,1801905,-0.715,-10.926,-0.587,-2.867,0.076,-0.153,-52.090,-27.814,83.002
1,1801965,-0.707,-11.831,-2.088,-2.622,0.071,-0.099,-52.163,-27.214,93.496
1,1801969,-0.670,-12.101,-2.382,-2.630,0.075,-0.100,-52.163,-27.214,93.496
1,1801972,-0.670,-12.101,-2.382,-2.630,0.075,-0.100,-52.163,-27.214,93.496
1,1801995,-0.756,-12.796,-2.748,-2.669,0.082,-0.112,-52.762,-27.638,97.091
1,1802025,-0.682,-13.454,-3.837,-2.376,0.050,-0.082,-52.967,-28.340,103.025
1,1802056,-0.680,-13.535,-3.509,-1.945,0.037,-0.054,-52.222,-27.989,107.337
1,1802084,-0.577,-13.293,-3.901,-1.609,-0.001,-0.064,-52.499,-28.530,110.362
1,1802088,-0.577,-13.293,-3.901,-1.609,-0.001,-0.064,-52.499,-28.530,110.362
1,1802092,-0.577,-13.293,-3.901,-1.609,-0.001,-0.064,-52.499,-28.530,110.362
1,1802115,-0.483,-12.840,-3.638,-1.218,-0.022,-0.018,-52.821,-28.208,112.949
1,1802145,-0.529,-11.742,-3.376,-0.836,-0.059,-0.037,-52.455,-28.369,114.747
1,1802149,-0.529,-11.742,-3.376,-0.836,-0.059,-0.037,-52.455,-28.369,114.747
1,1802175,-0.477,-11.100,-3.421,-0.468,-0.088,0.000,-52.280,-29.202,115.653
1,1802179,-0.477,-11.100,-3.421,-0.468,-0.088,0.000,-52.280,-29.202,115.653
1,1802182,-0.483,-10.810,-3.287,-0.340,-0.090,-0.005,-52.455,-28.807,115.858
1,1802205,-0.520,-10.075,-3.147,-0.055,-0.117,0.002,-52.426,-28.632,115.712
1,1802235,-0.528,-9.241,-3.462,0.330,-0.148,0.021,-52.748,-28.924,115.975
1,1802239,-0.528,-9.241,-3.462,0.330,-0.148,0.021,-52.748,-28.924,115.975
1,1802295,-0.614,-8.624,-3.509,0.453,-0.147,0.026,-52.675,-28.983,114.557
1,1802299,-0.605,-8.469,-3.625,0.453,-0.147,0.026,-52.675,-28.983,114.557
1,1802326,-0.583,-8.504,-3.933,0.246,-0.136,0.027,-52.587,-28.603,113.768
1,1802329,-0.633,-8.627,-4.030,0.153,-0.126,0.022,-52.397,-28.033,114.309
1,1802333,-0.633,-8.627,-4.030,0.153,-0.126,0.022,-52.397,-28.033,114.309
1,1802385,-0.590,-9.077,-4.391,0.106,-0.116,0.018,-52.265,-28.647,114.440
1,1802389,-0.598,-9.109,-4.430,0.132,-0.116,0.013,-52.265,-28.647,114.440
1,1802392,-0.598,-9.109,-4.430,0.132,-0.116,0.013,-51.827,-28.384,114.879
1,1802415,-0.609,-9.075,-4.402,0.222,-0.121,0.013,-52.265,-28.267,114.484
1,1802418,-0.597,-9.063,-4.360,0.274,-0.120,0.016,-52.265,-28.267,114.484
1,1802421,-0.597,-9.063,-4.360,0.274,-0.120,0.016,-52.265,-28.267,114.484
1,1802445,-0.553,-8.810,-4.257,0.348,-0.121,0.011,-52.397,-28.354,113.841
1,1802448,-0.520,-8.679,-4.183,0.349,-0.119,0.006,-52.397,-28.354,113.841
1,1802505,-0.435,-8.522,-3.663,0.191,-0.100,-0.009,-51.783,-28.442,113.490
1,1802535,-0.395,-8.302,-3.438,0.204,-0.095,-0.013,-52.368,-27.799,112.306
1,1802540,-0.395,-8.302,-3.438,0.204,-0.095,-0.013,-52.499,-28.120,112.701
1,1802542,-0.395,-8.302,-3.438,0.204,-0.095,-0.013,-52.499,-28.120,112.701
1,1802565,-0.360,-7.947,-3.450,0.035,-0.083,-0.027,-52.105,-28.369,112.818
1,1802568,-0.360,-7.947,-3.450,0.035,-0.083,-0.027,-52.105,-28.369,112.818
1,1802572,-0.360,-7.947,-3.450,0.035,-0.083,-0.027,-52.105,-28.369,112.818
1,1802594,-0.414,-8.193,-3.480,-0.247,-0.060,-0.040,-52.105,-28.413,113.183
1,1802598,-0.414,-8.193,-3.480,-0.247,-0.060,-0.040,-51.929,-28.033,113.446
