Scanning for devices...
Connecting to new device: Feather Node #02 (9C16003E-0EE5-0DB0-7940-B20EE27F10FA)
Connected to all 1 devices. Listening for data...
Disconnected or failed to connect: Device with address 9C16003E-0EE5-0DB0-7940-B20EE27F10FA was not found
Retrying in 3 seconds...
Connected to 9C16003E-0EE5-0DB0-7940-B20EE27F10FA
2,AX,1467645,1.5
2,AZ,1467645,3.3
2,MY,1467645,-75.9
2,GX,1467645,0.1
2,GZ,1467645,0.0
2,AY,1468163,9.9
2,MX,1468163,60.3
2,GX,1468163,-0.1
2,GY,1468163,-0.1
2,AX,1468832,1.8
2,AY,1468832,10.0
2,AZ,1468832,3.0
2,MX,1468832,62.6
2,MY,1468832,-74.4
2,MZ,1468832,17.6
2,GX,1468832,0.6
2,GY,1468832,-0.1
2,GZ,1468832,-0.2
2,AX,1469482,-0.0
2,MX,1469482,66.3
2,MZ,1469482,27.4
2,GY,1469482,-0.3
2,GZ,1469482,-0.1
2,AY,1470113,7.8
2,MX,1470113,66.0
2,MY,1470113,-71.9
2,GY,1470113,-0.2
2,AX,1470871,1.9
2,AY,1470871,9.4
2,AZ,1470871,1.7
2,MX,1470871,65.8
2,MY,1470871,-72.8
2,MZ,1470871,30.4
2,GX,1470871,-0.6
2,GY,1470871,0.0
2,GZ,1470871,-0.1
2,AY,1471522,9.3
2,MX,1471522,65.1
2,MY,1471522,-74.0
2,MZ,1471522,23.4
2,GX,1471522,-0.1
2,GZ,1471522,-0.0
2,AX,1472153,2.0
2,MX,1472153,61.2
2,MY,1472153,-75.7
2,MZ,1472153,16.3
2,GZ,1472153,0.2
2,AX,1472841,2.8
2,AY,1472841,9.1
2,MX,1472841,59.8
2,MY,1472841,-75.0
2,MZ,1472841,14.8
2,GX,1472841,-0.1
2,GY,1472841,0.1
2,GZ,1472841,-0.2
2,AX,1473442,1.2
2,AY,1473442,9.7
2,AZ,1473442,2.0
2,MZ,1473442,25.6
2,GX,1473442,-0.2
2,GY,1473442,0.1
2,GZ,1473442,-0.2
2,AX,1474132,0.7
2,AZ,1474132,1.2
2,MX,1474132,64.7
2,MY,1474132,-72.0
2,MZ,1474132,32.2
2,GX,1474132,0.1
2,GY,1474132,-0.0
2,GZ,1474132,0.0
2,AX,1474703,1.1
2,AZ,1474703,2.1
2,MX,1474703,66.9
2,MY,1474703,-71.9
2,MZ,1474703,31.2
2,GX,1474703,-0.0
2,GY,1474703,-0.0
2,GZ,1474703,-0.1
2,AX,1475271,1.3
2,AZ,1475271,3.8
2,MY,1475271,-73.0
2,GX,1475271,-0.4
2,GY,1475271,-0.1
2,GZ,1475271,0.1
2,AY,1475993,8.7
2,AZ,1475993,3.7
2,MX,1475993,62.6
2,MY,1475993,-75.7
2,GY,1475993,-0.1
2,GZ,1475993,-0.1
2,AX,1476652,1.3
2,AY,1476652,9.7
2,MX,1476652,65.4
2,MY,1476652,-73.7
2,MZ,1476652,23.4
2,GX,1476652,0.2
2,GY,1476652,-0.0
2,GZ,1476652,-0.2
2,AX,1477342,0.9
2,AY,1477342,7.4
2,MX,1477342,66.3
2,GX,1477342,-0.8
2,GZ,1477342,-0.2
2,AY,1477913,9.2
2,AZ,1477913,1.7
2,MX,1477913,66.2
2,MY,1477913,-70.5
2,MZ,1477913,32.7
2,GX,1477913,-0.1
2,GY,1477913,-0.0
2,GZ,1477913,-0.0
2,AY,1478572,9.6
2,AZ,1478572,3.7
2,MY,1478572,-72.3
2,GX,1478572,0.3
2,GZ,1478572,0.0
2,AX,1479142,1.1
2,AZ,1479142,6.5
2,MX,1479142,65.6
2,GX,1479142,0.5
2,GY,1479142,-0.1
2,AY,1479812,9.8
2,MY,1479812,-75.1
2,MZ,1479812,21.0
2,GX,1479812,-0.2
2,GY,1479812,-0.1
2,GZ,1479812,0.1
2,AX,1480462,1.8
2,AY,1480462,7.6
2,AZ,1480462,5.6
2,MX,1480462,63.5
2,MY,1480462,-72.7
2,MZ,1480462,21.1
2,GX,1480462,-0.4
2,GY,1480462,0.1
2,GZ,1480462,-0.2
2,AX,1481002,0.4
2,AZ,1481002,2.9
2,MX,1481002,66.9
2,MY,1481002,-71.4
2,MZ,1481002,30.2
2,GX,1481002,-0.5
2,GZ,1481002,-0.3
2,AX,1481542,-0.4
2,AY,1481542,9.9
2,AZ,1481542,2.2
2,MX,1481542,67.4
2,MY,1481542,-71.0
2,GX,1481542,-0.1
2,GY,1481542,-0.0
2,GZ,1481542,0.0
2,AX,1482203,0.1
2,AY,1482203,8.7
2,AZ,1482203,3.1
2,MX,1482203,67.8
2,MZ,1482203,32.0
2,GX,1482203,-0.8
2,GZ,1482203,0.1
2,AX,1482862,2.3
2,AY,1482862,9.4
2,AZ,1482862,5.3
2,MX,1482862,63.9
2,MY,1482862,-72.9
2,MZ,1482862,20.3
2,GY,1482862,-0.1
2,AX,1483590,0.9
2,AY,1483590,8.0
2,MX,1483590,67.3
2,MY,1483590,-71.1
2,MZ,1483590,20.5
2,GY,1483590,-0.0
2,GZ,1483590,-0.1
2,AX,1484151,1.2
2,AY,1484151,8.4
2,AZ,1484151,5.6
2,MX,1484151,66.1
2,MY,1484151,-71.2
2,MZ,1484151,22.1
2,GX,1484151,0.3
2,GY,1484151,-0.1
2,GZ,1484151,0.0
2,AX,1484782,1.2
2,AY,1484782,10.0
2,AZ,1484782,3.6
2,MY,1484782,-71.5
2,MZ,1484782,27.2
2,GY,1484782,-0.1
2,AX,1485392,0.4
2,AY,1485392,10.5
2,AZ,1485392,3.4
2,MX,1485392,65.8
2,MY,1485392,-74.7
2,MZ,1485392,29.1
2,GX,1485392,1.1
2,GZ,1485392,0.1
2,AX,1485922,0.9
2,AY,1485922,8.1
2,AZ,1485922,4.3
2,MZ,1485922,23.6
2,GX,1485922,-0.1
2,GY,1485922,-0.1
2,GZ,1485922,0.0
2,AX,1486612,0.8
2,AY,1486612,8.4
2,AZ,1486612,5.9
2,MY,1486612,-70.1
2,MZ,1486612,19.3
2,GY,1486612,0.2
2,GZ,1486612,-0.1
2,AX,1487212,0.5
2,AY,1487212,8.1
2,AZ,1487212,5.7
2,MX,1487212,68.9
2,MY,1487212,-69.4
2,MZ,1487212,23.9
2,GY,1487212,-0.2
2,GZ,1487212,0.1
2,AX,1487842,1.3
2,AZ,1487842,6.1
2,MX,1487842,66.7
2,MY,1487842,-70.7
2,GX,1487842,-0.3
2,GZ,1487842,-0.1
2,AX,1488623,0.0
2,MY,1488623,-70.0
2,GX,1488623,-0.1
2,AX,1489391,-3.0
2,AY,1489391,3.5
2,MX,1489391,73.9
2,MY,1489391,-57.9
2,GX,1489391,-1.4
2,GY,1489391,0.6
2,GZ,1489391,-0.2
2,AX,1490033,-7.2
2,AY,1490033,0.0
2,MY,1490033,-47.2
2,GX,1490033,-0.8
2,GY,1490033,0.7
2,GZ,1490033,0.4
2,AX,1490692,-8.8
2,AY,1490692,0.8
2,MX,1490692,80.5
2,MY,1490692,-50.1
2,MZ,1490692,90.4
2,GX,1490692,0.2
2,GY,1490692,0.2
2,AX,1491332,-6.5
2,AZ,1491332,2.4
2,MX,1491332,78.7
2,MY,1491332,-50.0
2,MZ,1491332,93.9
2,GX,1491332,0.1
2,GZ,1491332,-0.1
2,AY,1491953,1.9
2,AZ,1491953,3.6
2,MX,1491953,78.2
2,GX,1491953,0.3
2,GY,1491953,0.0
2,GZ,1491953,0.0
2,AY,1492612,2.6
2,AZ,1492612,2.8
2,MX,1492612,75.9
2,MY,1492612,-48.6
2,MZ,1492612,96.9
2,GX,1492612,0.1
2,GY,1492612,-0.0
2,AX,1493282,-9.2
2,AZ,1493282,2.5
2,MX,1493282,75.3
2,MZ,1493282,97.5
2,GY,1493282,0.1
2,GZ,1493282,-0.1
2,AX,1493873,-9.6
2,AZ,1493873,1.4
2,MY,1493873,-45.7
2,GX,1493873,0.1
2,AX,1494521,-9.1
2,AZ,1494521,1.8
2,MY,1494521,-46.2
2,GX,1494521,1.0
2,GY,1494521,-0.4
2,AX,1495111,-8.4
2,AY,1495111,2.7
2,AZ,1495111,1.0
2,MX,1495111,71.3
2,MY,1495111,-48.4
2,MZ,1495111,99.8
2,GX,1495111,-0.0
2,GY,1495111,0.1
2,AX,1495682,-9.4
2,AY,1495682,3.0
2,MX,1495682,64.8
2,MY,1495682,-52.2
2,GX,1495682,-0.6
2,GY,1495682,0.3
2,GZ,1495682,0.1
2,AX,1496243,-9.4
2,AY,1496243,2.5
2,AZ,1496243,1.1
2,MX,1496243,54.0
2,MY,1496243,-63.3
2,MZ,1496243,80.6
2,GX,1496243,-0.8
2,GY,1496243,0.3
2,GZ,1496243,-0.0
2,AY,1496783,3.7
2,AZ,1496783,0.1
2,MY,1496783,-73.5
2,MZ,1496783,58.0
2,GY,1496783,-0.1
2,GZ,1496783,-0.0
2,AX,1497352,-9.2
Traceback (most recent call last):
  File "/opt/homebrew/Cellar/python@3.13/3.13.7/Frameworks/Python.framework/Versions/3.13/lib/python3.13/asyncio/runners.py", line 118, in run
    return self._loop.run_until_complete(task)
           ~~~~~~~~~~~~~~~~~~~~~~~~~~~~~^^^^^^
  File "/opt/homebrew/Cellar/python@3.13/3.13.7/Frameworks/Python.framework/Versions/3.13/lib/python3.13/asyncio/base_events.py", line 725, in run_until_complete
    return future.result()
           ~~~~~~~~~~~~~^^
  File "/Users/j/8803/project/tester.py", line 56, in main
    await asyncio.gather(*tasks)
  File "/Users/j/8803/project/tester.py", line 29, in connect_and_listen
    await asyncio.sleep(1)
  File "/opt/homebrew/Cellar/python@3.13/3.13.7/Frameworks/Python.framework/Versions/3.13/lib/python3.13/asyncio/tasks.py", line 718, in sleep
    return await future
           ^^^^^^^^^^^^
asyncio.exceptions.CancelledError

During handling of the above exception, another exception occurred:

Traceback (most recent call last):
  File "/Users/j/8803/project/tester.py", line 58, in <module>
    asyncio.run(main())
    ~~~~~~~~~~~^^^^^^^^
  File "/opt/homebrew/Cellar/python@3.13/3.13.7/Frameworks/Python.framework/Versions/3.13/lib/python3.13/asyncio/runners.py", line 195, in run
    return runner.run(main)
           ~~~~~~~~~~^^^^^^
  File "/opt/homebrew/Cellar/python@3.13/3.13.7/Frameworks/Python.framework/Versions/3.13/lib/python3.13/asyncio/runners.py", line 123, in run
    raise KeyboardInterrupt()
KeyboardInterrupt
