Scanning for devices...
Connecting to new device: Feather Node #02 (9C16003E-0EE5-0DB0-7940-B20EE27F10FA)
Connected to all 1 devices. Listening for data...
Connected to 9C16003E-0EE5-0DB0-7940-B20EE27F10FA
2,AX,2552812,0.4
2,AY,2552812,2.0
2,AZ,2552812,9.3
2,MX,2552812,43.2
2,MY,2552812,-81.4
2,MZ,2552812,14.7
2,GX,2552812,-0.4
2,GZ,2552812,-0.1
2,AX,2553390,0.0
2,AZ,2553390,10.0
2,MX,2553390,42.6
2,MY,2553390,-81.9
2,MZ,2553390,9.3
2,GX,2553390,0.3
2,GY,2553390,-0.2
2,GZ,2553390,0.0
2,AX,2554111,0.9
2,AY,2554111,1.2
2,AZ,2554111,9.6
2,MX,2554111,39.8
2,MZ,2554111,9.1
2,GX,2554111,0.2
2,GZ,2554111,0.0
2,AX,2554770,0.4
2,AY,2554770,1.2
2,AZ,2554770,10.4
2,MX,2554770,41.0
2,MY,2554770,-82.6
2,MZ,2554770,5.5
2,GX,2554770,0.1
2,GZ,2554770,-0.1
2,AX,2555371,1.1
2,AY,2555371,0.6
2,AZ,2555371,10.9
2,MX,2555371,41.3
2,MZ,2555371,13.7
2,GY,2555371,-0.3
2,GZ,2555371,-0.1
2,AX,2555970,1.3
2,AZ,2555970,10.1
2,MX,2555970,37.6
2,MY,2555970,-80.7
2,MZ,2555970,13.1
2,GX,2555970,0.2
2,GY,2555970,-0.1
2,GZ,2555970,0.0
2,AZ,2556541,10.3
2,MX,2556541,41.0
2,MY,2556541,-82.0
2,MZ,2556541,4.7
2,GX,2556541,-0.5
2,GY,2556541,0.2
2,AX,2557180,-0.3
2,AY,2557180,-1.8
2,AZ,2557180,12.1
2,MX,2557180,40.7
2,MY,2557180,-81.2
2,MZ,2557180,-0.2
2,GX,2557180,0.6
2,GY,2557180,-0.3
2,GZ,2557180,-0.1
2,AY,2557741,2.4
2,AZ,2557741,6.8
2,MX,2557741,39.9
2,MY,2557741,-79.9
2,MZ,2557741,7.1
2,GX,2557741,-0.3
2,GY,2557741,0.1
2,GZ,2557741,-0.0
2,AX,2558310,-0.1
2,AY,2558310,0.4
2,MX,2558310,41.5
2,MZ,2558310,5.2
2,GX,2558310,0.0
2,GY,2558310,-0.1
2,GZ,2558310,-0.0
2,AX,2558910,0.2
2,AY,2558910,-3.2
2,AZ,2558910,10.7
2,MX,2558910,40.3
2,MY,2558910,-80.0
2,GX,2558910,0.3
2,GZ,2558910,-0.1
2,AX,2559571,-0.3
2,AY,2559571,-2.3
2,AZ,2559571,11.4
2,MX,2559571,41.8
2,MY,2559571,-80.3
2,MZ,2559571,0.2
2,GY,2559571,-0.0
2,GZ,2559571,-0.0
2,AX,2560111,-0.0
2,AY,2560111,-0.3
2,AZ,2560111,9.2
2,MX,2560111,41.0
2,MY,2560111,-80.0
2,MZ,2560111,2.7
2,GX,2560111,0.2
2,GY,2560111,-0.1
2,GZ,2560111,0.0
2,AX,2560710,0.1
2,AZ,2560710,10.5
2,MX,2560710,38.3
2,MY,2560710,-80.2
2,MZ,2560710,-1.8
2,GX,2560710,-0.4
2,GY,2560710,-0.2
2,GZ,2560710,-0.0
2,AX,2561310,0.1
2,AY,2561310,-2.7
2,AZ,2561310,10.4
2,MX,2561310,37.8
2,MY,2561310,-78.7
2,MZ,2561310,-6.5
2,GX,2561310,0.2
2,GY,2561310,-0.0
2,GZ,2561310,-0.0
2,AX,2561911,0.4
2,AY,2561911,1.6
2,AZ,2561911,4.9
2,MX,2561911,38.9
2,MY,2561911,-80.4
2,MZ,2561911,5.6
2,GX,2561911,0.1
2,GY,2561911,0.0
2,GZ,2561911,-0.0
2,AX,2562480,-0.1
2,AY,2562480,-0.6
2,AZ,2562480,10.3
2,MX,2562480,39.6
2,MY,2562480,-80.5
2,MZ,2562480,1.7
2,GX,2562480,0.1
2,GY,2562480,-0.1
2,GZ,2562480,-0.1
2,AX,2563050,-0.1
2,AY,2563050,-3.8
2,AZ,2563050,10.7
2,MX,2563050,40.6
2,MZ,2563050,-5.0
2,GX,2563050,0.2
2,GY,2563050,-0.2
2,GZ,2563050,-0.1
2,AX,2563650,-0.7
2,AY,2563650,-4.8
2,AZ,2563650,11.6
2,MX,2563650,42.1
2,MY,2563650,-79.0
2,MZ,2563650,-2.9
2,GX,2563650,0.5
2,GY,2563650,-0.1
2,GZ,2563650,-0.0
2,AX,2564220,-0.2
2,AY,2564220,0.3
2,AZ,2564220,9.3
2,MX,2564220,43.1
2,MY,2564220,-78.9
2,MZ,2564220,2.0
2,GX,2564220,-0.3
2,GY,2564220,0.1
2,GZ,2564220,0.0
2,AX,2564791,-0.5
2,AY,2564791,-2.4
2,AZ,2564791,9.8
2,MX,2564791,42.8
2,MY,2564791,-80.2
2,MZ,2564791,-0.7
2,GX,2564791,-0.3
2,GY,2564791,-0.1
2,GZ,2564791,-0.0
2,AX,2565360,-0.5
2,AY,2565360,-4.3
2,AZ,2565360,9.7
2,MX,2565360,41.9
2,MY,2565360,-77.2
2,MZ,2565360,-5.7
2,GX,2565360,0.1
2,GY,2565360,-0.1
2,GZ,2565360,-0.1
2,AX,2565960,-0.7
2,AY,2565960,-3.7
2,AZ,2565960,11.0
2,MX,2565960,41.1
2,MY,2565960,-78.9
2,MZ,2565960,-3.1
2,GX,2565960,0.8
2,GY,2565960,-0.2
2,GZ,2565960,-0.0
2,AX,2566531,-0.0
2,AY,2566531,-1.1
2,AZ,2566531,10.4
2,MX,2566531,39.5
2,MY,2566531,-79.2
2,MZ,2566531,0.1
2,GX,2566531,0.2
2,GY,2566531,-0.2
2,GZ,2566531,0.0
2,AX,2567100,0.1
2,AY,2567100,-1.6
2,AZ,2567100,9.5
2,MX,2567100,39.0
2,MY,2567100,-80.4
2,MZ,2567100,-3.4
2,GX,2567100,-0.2
2,GY,2567100,-0.0
2,GZ,2567100,-0.0
2,AX,2567640,-0.2
2,AY,2567640,-3.2
2,AZ,2567640,9.3
2,MX,2567640,40.5
2,MZ,2567640,-6.2
2,GX,2567640,0.1
2,GY,2567640,-0.1
2,GZ,2567640,-0.1
2,AX,2568210,0.5
2,AY,2568210,-0.3
2,AZ,2568210,8.4
2,MX,2568210,39.1
2,MY,2568210,-80.2
2,MZ,2568210,1.4
2,GX,2568210,1.0
2,GY,2568210,-0.3
2,GZ,2568210,-0.0
2,AX,2568810,-0.2
2,AY,2568810,-1.5
2,AZ,2568810,8.8
2,MX,2568810,38.8
2,MY,2568810,-80.3
2,MZ,2568810,-0.3
2,GX,2568810,-0.1
2,GY,2568810,0.0
2,GZ,2568810,0.0
2,AX,2569440,-1.0
2,AY,2569440,-3.4
2,AZ,2569440,10.4
2,MX,2569440,42.2
2,MY,2569440,-79.2
2,MZ,2569440,-5.0
2,GX,2569440,-0.7
2,GY,2569440,0.1
2,GZ,2569440,-0.1
2,AX,2570010,-0.9
2,AY,2570010,-4.8
2,AZ,2570010,11.4
2,MX,2570010,42.4
2,MY,2570010,-78.8
2,MZ,2570010,-5.4
2,GX,2570010,0.5
2,GY,2570010,-0.2
2,GZ,2570010,-0.1
2,AX,2570610,0.1
2,AY,2570610,0.8
2,AZ,2570610,6.6
2,MX,2570610,41.1
2,MY,2570610,-79.1
2,MZ,2570610,-0.0
2,GX,2570610,-0.3
2,GY,2570610,0.0
2,GZ,2570610,0.0
2,AX,2571210,-0.4
2,AY,2571210,-1.8
2,AZ,2571210,9.0
2,MX,2571210,41.4
2,MY,2571210,-80.0
2,MZ,2571210,-1.5
2,GX,2571210,0.3
2,GY,2571210,-0.1
2,GZ,2571210,-0.0
2,AY,2571840,-4.3
2,MX,2571840,41.9
2,MY,2571840,-76.9
2,MZ,2571840,-7.4
2,GX,2571840,-0.1
2,GY,2571840,-0.1
2,GZ,2571840,-0.1
2,AX,2572440,-0.6
2,AY,2572440,-3.4
2,AZ,2572440,9.6
2,MX,2572440,40.8
2,MY,2572440,-79.7
2,MZ,2572440,-1.6
2,GX,2572440,0.9
2,GY,2572440,-0.2
2,GZ,2572440,0.0
2,AX,2573010,-0.1
2,AY,2573010,-1.9
2,AZ,2573010,9.8
2,MX,2573010,38.7
2,MY,2573010,-79.5
2,MZ,2573010,-1.5
2,GX,2573010,0.1
2,GY,2573010,-0.1
2,GZ,2573010,0.0
2,AY,2573550,-4.6
2,AZ,2573550,10.1
2,MX,2573550,39.9
2,MY,2573550,-77.9
2,MZ,2573550,-7.2
2,GX,2573550,-1.3
2,GY,2573550,0.2
2,AX,2574280,-1.2
2,AY,2574280,-7.0
2,AZ,2574280,11.3
2,MX,2574280,40.7
2,MY,2574280,-75.3
2,MZ,2574280,-7.0
2,GX,2574280,-0.0
2,GY,2574280,-0.1
2,GZ,2574280,-0.1
2,AX,2574840,0.1
2,AY,2574840,1.3
2,AZ,2574840,5.6
2,MX,2574840,39.7
2,MY,2574840,-77.9
2,MZ,2574840,-0.7
2,GX,2574840,-0.1
2,GY,2574840,-0.1
2,GZ,2574840,-0.0
2,AX,2575380,0.1
2,AY,2575380,-2.2
2,AZ,2575380,9.6
2,MX,2575380,38.7
2,MY,2575380,-78.9
2,MZ,2575380,-2.2
2,GX,2575380,-0.2
2,GY,2575380,-0.1
2,GZ,2575380,-0.0
2,AX,2576041,-0.8
2,AY,2576041,-5.6
2,AZ,2576041,10.5
2,MX,2576041,39.8
2,MY,2576041,-76.0
2,MZ,2576041,-6.6
2,GX,2576041,-0.6
2,GY,2576041,0.0
2,AX,2576680,-0.5
2,AY,2576680,-4.8
2,MX,2576680,39.7
2,MY,2576680,-75.1
2,GX,2576680,-0.0
2,GY,2576680,-0.0
2,GZ,2576680,-0.0
2,AX,2577240,-0.7
2,AZ,2577240,8.0
2,MX,2577240,40.7
Traceback (most recent call last):
  File "/opt/homebrew/Cellar/python@3.13/3.13.7/Frameworks/Python.framework/Versions/3.13/lib/python3.13/asyncio/runners.py", line 118, in run
    return self._loop.run_until_complete(task)
           ~~~~~~~~~~~~~~~~~~~~~~~~~~~~~^^^^^^
  File "/opt/homebrew/Cellar/python@3.13/3.13.7/Frameworks/Python.framework/Versions/3.13/lib/python3.13/asyncio/base_events.py", line 725, in run_until_complete
    return future.result()
           ~~~~~~~~~~~~~^^
  File "/Users/j/8803/project/tester.py", line 56, in main
    await asyncio.gather(*tasks)
  File "/Users/j/8803/project/tester.py", line 29, in connect_and_listen
    await asyncio.sleep(1)
  File "/opt/homebrew/Cellar/python@3.13/3.13.7/Frameworks/Python.framework/Versions/3.13/lib/python3.13/asyncio/tasks.py", line 718, in sleep
    return await future
           ^^^^^^^^^^^^
asyncio.exceptions.CancelledError

During handling of the above exception, another exception occurred:

Traceback (most recent call last):
  File "/Users/j/8803/project/tester.py", line 58, in <module>
    asyncio.run(main())
    ~~~~~~~~~~~^^^^^^^^
  File "/opt/homebrew/Cellar/python@3.13/3.13.7/Frameworks/Python.framework/Versions/3.13/lib/python3.13/asyncio/runners.py", line 195, in run
    return runner.run(main)
           ~~~~~~~~~~^^^^^^
  File "/opt/homebrew/Cellar/python@3.13/3.13.7/Frameworks/Python.framework/Versions/3.13/lib/python3.13/asyncio/runners.py", line 123, in run
    raise KeyboardInterrupt()
KeyboardInterrupt
