Scanning for devices...
Connecting to new device: Feather Node #02 (9C16003E-0EE5-0DB0-7940-B20EE27F10FA)
Connected to all 1 devices. Listening for data...
Connected to 9C16003E-0EE5-0DB0-7940-B20EE27F10FA
2,AX,745918,4.0
2,AY,745918,6.5
2,AZ,745918,-6.7
2,MX,745918,91.4
2,MY,745918,-37.3
2,MZ,745918,152.5
2,GX,745918,-1.2
2,GY,745918,0.4
2,GZ,745918,0.1
2,AX,746435,4.4
2,AY,746435,9.8
2,AZ,746435,-0.7
2,MX,746435,84.3
2,MY,746435,-58.5
2,MZ,746435,118.9
2,GX,746435,0.2
2,GY,746435,-0.2
2,GZ,746435,-0.0
2,AX,746975,4.1
2,AY,746975,8.0
2,AZ,746975,0.6
2,MX,746975,81.7
2,MY,746975,-59.1
2,MZ,746975,116.9
2,GX,746975,2.6
2,GY,746975,-1.1
2,GZ,746975,0.0
2,AY,747515,-0.6
2,AZ,747515,-9.0
2,MX,747515,99.6
2,MY,747515,-22.4
2,MZ,747515,156.0
2,GX,747515,0.3
2,GY,747515,-0.4
2,GZ,747515,-0.0
2,AX,748084,-0.6
2,AZ,748084,-9.9
2,MX,748084,98.1
2,MY,748084,-20.2
2,MZ,748084,158.8
2,GX,748084,0.4
2,GY,748084,-0.2
2,GZ,748084,-0.1
2,AX,748655,-1.1
2,AY,748655,-2.8
2,AZ,748655,-11.5
2,MX,748655,99.4
2,MY,748655,-17.9
2,MZ,748655,153.2
2,GX,748655,0.5
2,GY,748655,-0.3
2,GZ,748655,-0.1
2,AX,749224,-1.8
2,AY,749224,-5.5
2,AZ,749224,-6.1
2,MX,749224,93.0
2,MY,749224,-22.1
2,MZ,749224,122.0
2,GX,749224,1.5
2,GY,749224,-0.7
2,GZ,749224,0.1
2,AX,749765,-4.2
2,AY,749765,-7.9
2,AZ,749765,0.5
2,MX,749765,84.3
2,MZ,749765,75.1
2,GX,749765,1.0
2,GY,749765,-0.8
2,GZ,749765,0.0
2,AX,750395,-3.8
2,AY,750395,-9.1
2,AZ,750395,-0.3
2,MX,750395,81.8
2,MY,750395,-38.4
2,MZ,750395,75.7
2,GX,750395,-0.4
2,GY,750395,0.2
2,GZ,750395,0.1
2,AX,750965,-3.1
2,AY,750965,-6.0
2,AZ,750965,-5.7
2,MX,750965,92.2
2,MY,750965,-25.5
2,MZ,750965,113.3
2,GX,750965,-1.3
2,GY,750965,0.8
2,GZ,750965,-0.1
2,AX,751505,0.4
2,AY,751505,-1.0
2,AZ,751505,-11.1
2,MX,751505,98.4
2,MY,751505,-17.1
2,MZ,751505,155.9
2,GX,751505,-0.9
2,GY,751505,0.4
2,GZ,751505,-0.1
2,AX,752045,0.9
2,AY,752045,0.6
2,AZ,752045,-9.8
2,MX,752045,97.6
2,MY,752045,-19.5
2,MZ,752045,162.1
2,GX,752045,0.0
2,GY,752045,-0.0
2,GZ,752045,-0.1
2,AX,752585,0.3
2,AY,752585,-2.1
2,AZ,752585,-10.8
2,MX,752585,97.8
2,MY,752585,-15.2
2,MZ,752585,156.9
2,GX,752585,1.5
2,GY,752585,-0.7
2,GZ,752585,0.1
2,AX,753155,-3.0
2,AY,753155,-6.8
2,AZ,753155,-4.9
2,MX,753155,92.2
2,MY,753155,-28.3
2,MZ,753155,106.2
2,GX,753155,1.3
2,GY,753155,-0.8
2,GZ,753155,0.2
2,AX,753695,-3.7
2,AY,753695,-8.6
2,MX,753695,79.7
2,MY,753695,-45.6
2,MZ,753695,63.1
2,GX,753695,0.4
2,GY,753695,-0.4
2,GZ,753695,-0.2
2,AX,754295,-3.7
2,AY,754295,-7.0
2,AZ,754295,-1.3
2,MX,754295,88.6
2,MY,754295,-35.3
2,MZ,754295,91.0
2,GX,754295,-1.2
2,GY,754295,0.5
2,GZ,754295,0.1
2,AX,754835,-1.9
2,AY,754835,-2.9
2,AZ,754835,-9.8
2,MX,754835,99.7
2,MY,754835,-21.6
2,MZ,754835,139.9
2,GX,754835,-1.3
2,GY,754835,0.8
2,GZ,754835,-0.0
2,AX,755405,0.9
2,AY,755405,0.3
2,AZ,755405,-10.5
2,MX,755405,97.1
2,MY,755405,-18.4
2,MZ,755405,163.4
2,GX,755405,-0.2
2,GY,755405,0.1
2,GZ,755405,-0.3
2,AX,755944,0.6
2,AY,755944,-0.1
2,AZ,755944,-11.1
2,MX,755944,97.0
2,MY,755944,-18.1
2,MZ,755944,162.8
2,GX,755944,0.5
2,GY,755944,-0.2
2,GZ,755944,0.1
2,AX,756515,-0.8
2,AY,756515,-4.0
2,AZ,756515,-8.8
2,MX,756515,96.6
2,MY,756515,-19.2
2,MZ,756515,136.2
2,GX,756515,1.9
2,GY,756515,-1.0
2,GZ,756515,0.2
2,AX,757085,-4.3
2,AY,757085,-7.7
2,AZ,757085,2.0
2,MX,757085,84.2
2,MY,757085,-43.9
2,MZ,757085,70.8
2,GX,757085,0.7
2,GY,757085,-0.7
2,GZ,757085,-0.1
2,AX,757685,-3.4
2,AY,757685,-8.3
2,AZ,757685,0.6
2,MX,757685,83.8
2,MY,757685,-39.8
2,MZ,757685,77.4
2,GX,757685,-0.9
2,GY,757685,0.6
2,GZ,757685,0.1
2,AX,758224,-2.5
2,AY,758224,-4.3
2,AZ,758224,-8.5
2,MX,758224,96.8
2,MY,758224,-21.8
2,MZ,758224,130.8
2,GX,758224,-1.3
2,GY,758224,0.6
2,GZ,758224,-0.2
2,AX,758765,1.1
2,AY,758765,0.6
2,AZ,758765,-10.8
2,MX,758765,98.6
2,MY,758765,-18.3
2,MZ,758765,160.3
2,GX,758765,-0.9
2,GY,758765,0.4
2,GZ,758765,-0.2
2,AX,759305,1.5
2,AY,759305,1.8
2,AZ,759305,-9.7
2,MX,759305,97.1
2,MY,759305,-19.1
2,MZ,759305,163.1
2,GX,759305,0.3
2,GY,759305,-0.2
2,GZ,759305,0.0
2,AX,759845,-0.0
2,AY,759845,-2.0
2,AZ,759845,-10.8
2,MX,759845,98.7
2,MY,759845,-16.2
2,MZ,759845,152.5
2,GX,759845,1.8
2,GY,759845,-0.9
2,GZ,759845,0.2
2,AY,760384,-6.1
2,AZ,760384,-1.0
2,MX,760384,90.0
2,MY,760384,-33.9
2,MZ,760384,92.4
2,GX,760384,1.7
2,GY,760384,-1.0
2,GZ,760384,0.0
2,AX,760924,-3.9
2,AY,760924,-8.3
2,AZ,760924,1.9
2,MX,760924,82.6
2,MY,760924,-42.1
2,MZ,760924,71.9
2,GX,760924,-0.4
2,GY,760924,0.2
2,GZ,760924,-0.0
2,AX,761464,-2.4
2,AY,761464,-4.9
2,AZ,761464,-5.8
2,MX,761464,95.9
2,MY,761464,-25.3
2,MZ,761464,116.2
2,GX,761464,-1.3
2,GY,761464,0.5
2,GZ,761464,-0.0
2,AX,762035,-0.2
2,AY,762035,-0.5
2,AZ,762035,-11.6
2,MX,762035,102.3
2,MY,762035,-22.0
2,MZ,762035,153.0
2,GX,762035,-1.0
2,GY,762035,0.6
2,GZ,762035,0.0
2,AX,762605,0.6
2,AY,762605,1.2
2,AZ,762605,-10.4
2,MX,762605,98.5
2,MY,762605,-20.4
2,MZ,762605,160.7
2,GX,762605,0.3
2,GY,762605,-0.0
2,GZ,762605,-0.1
2,AX,763174,0.3
2,AY,763174,-2.1
2,AZ,763174,-10.8
2,MX,763174,98.4
2,MY,763174,-15.9
2,MZ,763174,151.5
2,GX,763174,1.8
2,GY,763174,-0.9
2,GZ,763174,0.2
2,AX,763745,-3.5
2,AY,763745,-6.8
2,AZ,763745,-0.1
2,MX,763745,89.4
2,MY,763745,-36.4
2,MZ,763745,85.8
2,GX,763745,0.9
2,GY,763745,-0.7
2,GZ,763745,0.0
2,AX,764284,-3.7
2,AY,764284,-8.3
2,AZ,764284,1.1
2,MX,764284,86.0
2,MY,764284,-37.7
2,MZ,764284,80.7
2,GX,764284,-0.9
2,GY,764284,0.5
2,GZ,764284,0.1
2,AX,764884,-2.5
2,AY,764884,-3.2
2,AZ,764884,-9.6
2,MX,764884,100.3
2,MY,764884,-21.9
2,MZ,764884,134.9
2,GX,764884,-1.2
2,GY,764884,0.6
2,GZ,764884,-0.0
2,AX,765455,1.0
2,AY,765455,0.9
2,AZ,765455,-10.2
2,MX,765455,100.3
2,MY,765455,-20.7
2,MZ,765455,157.8
2,GX,765455,-0.3
2,GY,765455,0.2
2,GZ,765455,-0.2
2,AX,765994,0.9
2,AY,765994,0.3
2,AZ,765994,-11.4
2,MX,765994,98.1
2,MY,765994,-18.5
2,MZ,765994,160.3
2,GX,765994,0.9
2,GY,765994,-0.3
2,GZ,765994,-0.0
2,AX,766535,-1.7
2,AY,766535,-4.3
2,AZ,766535,-8.3
2,MX,766535,98.5
2,MY,766535,-19.2
2,MZ,766535,132.9
2,GX,766535,1.4
2,GY,766535,-0.8
2,GZ,766535,0.2
2,AX,767105,-4.0
2,AY,767105,-8.8
2,AZ,767105,2.3
2,MX,767105,86.1
2,MY,767105,-38.8
2,MZ,767105,77.1
2,GX,767105,0.7
2,GY,767105,-0.6
2,GZ,767105,-0.2
2,AX,767645,-3.2
2,AY,767645,-6.9
2,AZ,767645,-2.2
2,MX,767645,91.2
2,MY,767645,-31.6
2,MZ,767645,97.2
2,GX,767645,-1.1
2,GY,767645,0.6
2,GZ,767645,0.1
2,AX,768185,-0.7
2,AY,768185,-2.9
2,AZ,768185,-10.3
2,MX,768185,100.4
2,MY,768185,-18.3
2,MZ,768185,146.3
2,GX,768185,-1.0
2,GY,768185,0.7
2,GZ,768185,-0.2
2,AX,768754,0.5
2,AZ,768754,-10.1
2,MX,768754,98.9
2,MY,768754,-17.0
2,MZ,768754,157.8
2,GX,768754,-0.2
2,GY,768754,-0.1
2,GZ,768754,-0.2
2,AX,769294,0.4
2,AY,769294,-1.4
2,AZ,769294,-11.4
2,MX,769294,99.1
2,MY,769294,-15.9
2,MZ,769294,158.4
2,GX,769294,1.0
2,GY,769294,-0.3
2,GZ,769294,0.2
2,AX,769834,-2.0
2,AY,769834,-5.6
2,AZ,769834,-6.2
2,MX,769834,96.5
2,MY,769834,-21.5
2,MZ,769834,121.7
2,GX,769834,1.8
2,GY,769834,-0.9
2,GZ,769834,0.1
2,AX,770404,-4.1
2,AY,770404,-8.7
2,AZ,770404,2.6
2,MX,770404,84.3
2,MY,770404,-40.7
2,MZ,770404,75.4
2,GX,770404,0.1
2,GY,770404,-0.2
2,GZ,770404,0.1
2,AX,771004,-2.5
2,AY,771004,-4.7
2,AZ,771004,-6.5
2,MX,771004,96.3
2,MY,771004,-25.2
2,MZ,771004,120.6
2,GX,771004,-1.6
2,GY,771004,0.7
2,GZ,771004,-0.1
2,AX,771575,0.6
2,AY,771575,-0.2
2,AZ,771575,-10.7
2,MX,771575,100.2
2,MY,771575,-18.3
2,MZ,771575,157.5
2,GX,771575,-0.8
2,GY,771575,0.4
2,GZ,771575,-0.2
2,AX,772145,0.5
2,AY,772145,-0.5
2,AZ,772145,-11.3
2,MX,772145,98.3
2,MY,772145,-17.6
2,MZ,772145,158.5
2,GX,772145,0.9
2,GY,772145,-0.5
2,GZ,772145,0.1
2,AX,772714,-1.6
2,AY,772714,-4.7
2,AZ,772714,-7.7
2,MX,772714,97.6
2,MY,772714,-20.3
2,MZ,772714,128.5
2,GX,772714,1.9
2,GY,772714,-1.0
2,GZ,772714,0.1
2,AX,773315,-4.8
2,AY,773315,-9.4
2,AZ,773315,3.4
2,MX,773315,83.9
2,MY,773315,-41.2
2,MZ,773315,73.3
2,GX,773315,0.1
2,GY,773315,-0.3
2,GZ,773315,-0.0
2,AX,773884,-2.4
2,AY,773884,-5.9
2,AZ,773884,-5.0
2,MX,773884,94.4
2,MY,773884,-25.0
2,MZ,773884,115.7
2,GX,773884,-1.6
2,GY,773884,0.8
2,GZ,773884,0.0
2,AX,774424,-0.9
2,AY,774424,-1.3
2,AZ,774424,-11.2
2,MX,774424,101.3
2,MY,774424,-18.0
2,MZ,774424,149.9
2,GX,774424,-1.4
2,GY,774424,0.6
2,GZ,774424,-0.0
2,AX,775025,0.3
2,AY,775025,-0.2
2,AZ,775025,-11.3
2,MX,775025,97.6
2,MY,775025,-18.2
2,MZ,775025,159.4
2,GX,775025,0.4
2,GY,775025,-0.1
2,GZ,775025,-0.1
2,AX,775594,-1.6
2,AY,775594,-4.5
2,AZ,775594,-8.5
2,MX,775594,98.3
2,MY,775594,-20.0
2,MZ,775594,129.7
2,GX,775594,1.9
2,GY,775594,-1.0
2,GZ,775594,0.2
2,AX,776195,-3.9
2,AY,776195,-10.2
2,MX,776195,83.2
2,MY,776195,-42.1
2,MZ,776195,69.8
2,GX,776195,0.4
2,GY,776195,-0.4
2,GZ,776195,-0.1
2,AX,776734,-2.8
2,AY,776734,-5.7
2,AZ,776734,-3.8
2,MX,776734,93.8
2,MY,776734,-29.6
2,MZ,776734,106.2
2,GX,776734,-1.6
2,GY,776734,0.7
2,GZ,776734,0.1
2,AX,777305,0.1
2,AY,777305,-1.0
2,MX,777305,100.8
2,MY,777305,-18.5
2,MZ,777305,152.5
2,GX,777305,-1.0
2,GY,777305,0.7
2,GZ,777305,-0.1
2,AX,777875,0.6
2,AY,777875,0.7
2,MX,777875,97.8
2,MY,777875,-19.3
2,MZ,777875,158.7
2,GX,777875,-0.1
2,GY,777875,-0.1
2,GZ,777875,-0.2
2,AX,778415,-0.2
2,AY,778415,-1.8
2,AZ,778415,-11.2
2,MX,778415,100.5
2,MY,778415,-16.9
2,MZ,778415,152.5
2,GX,778415,1.7
2,GY,778415,-0.9
2,GZ,778415,0.2
2,AX,778955,-3.1
2,AY,778955,-5.9
2,AZ,778955,-3.4
2,MX,778955,92.7
2,MY,778955,-29.8
2,MZ,778955,99.4
2,GX,778955,1.8
2,GY,778955,-0.9
2,GZ,778955,-0.1
2,AX,779495,-3.2
2,AY,779495,-7.7
2,AZ,779495,0.3
2,MX,779495,88.1
2,MY,779495,-35.5
2,MZ,779495,87.3
2,GX,779495,-1.1
2,GY,779495,0.5
2,GZ,779495,-0.0
2,AX,780065,-1.1
2,AY,780065,-3.1
2,AZ,780065,-8.1
2,MX,780065,99.8
2,MY,780065,-18.4
2,MZ,780065,140.9
2,GX,780065,-1.3
2,GY,780065,0.6
2,GZ,780065,-0.1
2,AX,780695,1.7
2,AY,780695,1.5
2,AZ,780695,-10.2
2,MX,780695,97.9
2,MY,780695,-23.3
2,MZ,780695,158.2
2,GX,780695,-0.1
2,GY,780695,0.1
2,GZ,780695,-0.2
2,AX,781265,2.2
2,AY,781265,3.1
2,AZ,781265,-9.0
2,MX,781265,98.1
2,MY,781265,-22.7
2,MZ,781265,160.4
2,GX,781265,-0.0
2,GY,781265,-0.1
2,GZ,781265,-0.0
2,AX,781834,2.4
2,AY,781834,3.7
2,AZ,781834,-8.8
2,MX,781834,97.9
2,MY,781834,-24.1
2,MZ,781834,159.9
2,GX,781834,-0.1
2,GY,781834,-0.0
2,GZ,781834,-0.0
2,AX,782375,2.6
2,AY,782375,4.0
2,AZ,782375,-8.6
2,MX,782375,98.3
2,MY,782375,-24.1
2,MZ,782375,160.4
2,GX,782375,0.1
2,GY,782375,-0.1
2,GZ,782375,-0.0
2,AX,782915,2.8
2,AY,782915,4.2
2,AZ,782915,-8.4
2,MX,782915,97.5
2,MY,782915,-24.8
2,MZ,782915,161.4
2,GX,782915,0.0
2,GY,782915,-0.1
2,GZ,782915,-0.0
2,AX,783455,3.1
2,AY,783455,4.3
2,AZ,783455,-8.2
2,MX,783455,97.3
2,MY,783455,-25.7
2,MZ,783455,160.7
2,GX,783455,0.0
2,GY,783455,-0.0
2,GZ,783455,0.1
2,AX,784025,6.4
2,AY,784025,3.3
2,AZ,784025,-6.3
2,MX,784025,82.7
2,MY,784025,-31.3
2,MZ,784025,153.1
2,GX,784025,0.1
2,GY,784025,0.6
2,GZ,784025,0.8
2,AX,784685,8.7
2,AY,784685,-0.1
2,AZ,784685,-4.9
2,MY,784685,-24.8
2,MZ,784685,156.3
2,GX,784685,0.4
2,GY,784685,-0.0
2,GZ,784685,0.2
2,AY,785405,-4.1
2,AZ,785405,-0.6
2,MX,785405,60.8
2,MY,785405,-15.9
2,MZ,785405,167.4
2,GX,785405,-0.0