Scanning for devices...
Connecting to new device: Feather Node #02 (9C16003E-0EE5-0DB0-7940-B20EE27F10FA)
Connected to all 1 devices. Listening for data...
Connected to 9C16003E-0EE5-0DB0-7940-B20EE27F10FA
2,AX,916082,-1.0
2,AY,916082,-2.4
2,AZ,916082,11.1
2,MX,916082,79.2
2,MY,916082,-73.1
2,MZ,916082,43.9
2,GX,916082,0.4
2,GY,916082,-0.2
2,GZ,916082,-0.1
2,AX,916624,1.0
2,AY,916624,2.8
2,AZ,916624,8.7
2,MX,916624,75.9
2,MZ,916624,53.4
2,GX,916624,1.9
2,GY,916624,-1.0
2,GZ,916624,-0.1
2,AX,917224,4.6
2,AY,917224,9.3
2,AZ,917224,1.5
2,MX,917224,77.4
2,MY,917224,-65.9
2,MZ,917224,95.5
2,GX,917224,-0.2
2,GY,917224,0.2
2,GZ,917224,0.0
2,AX,917792,2.5
2,AY,917792,4.4
2,AZ,917792,7.8
2,MX,917792,74.6
2,MY,917792,-74.2
2,MZ,917792,66.3
2,GX,917792,-1.3
2,GY,917792,0.4
2,GZ,917792,0.1
2,AX,918333,-0.4
2,AY,918333,-2.5
2,AZ,918333,10.4
2,MX,918333,75.0
2,MZ,918333,38.4
2,GX,918333,-1.0
2,GY,918333,0.6
2,GZ,918333,0.1
2,AX,918934,-0.4
2,AY,918934,-0.7
2,AZ,918934,11.4
2,MX,918934,76.6
2,MY,918934,-75.8
2,MZ,918934,44.8
2,GX,918934,1.4
2,GY,918934,-0.7
2,GZ,918934,-0.2
2,AX,919503,2.9
2,AY,919503,6.2
2,AZ,919503,4.9
2,MX,919503,75.3
2,MY,919503,-70.4
2,GX,919503,2.0
2,GY,919503,-1.1
2,GZ,919503,0.0
2,AX,920134,4.1
2,AY,920134,7.7
2,AZ,920134,2.2
2,MX,920134,76.4
2,MY,920134,-66.5
2,MZ,920134,94.9
2,GX,920134,-1.5
2,GY,920134,0.7
2,GZ,920134,0.0
2,AX,920703,0.9
2,AY,920703,0.3
2,AZ,920703,11.3
2,MX,920703,73.7
2,MY,920703,-76.4
2,MZ,920703,43.1
2,GX,920703,-0.6
2,GY,920703,0.3
2,GZ,920703,0.1
2,AX,921304,-1.0
2,AY,921304,-1.9
2,AZ,921304,11.6
2,MX,921304,77.6
2,MY,921304,-73.2
2,MZ,921304,41.6
2,GX,921304,0.7
2,GY,921304,-0.4
2,GZ,921304,0.0
2,AX,921874,2.3
2,AY,921874,4.0
2,AZ,921874,7.0
2,MX,921874,72.0
2,MY,921874,-74.0
2,MZ,921874,63.2
2,GX,921874,1.6
2,GY,921874,-0.9
2,GZ,921874,-0.2
2,AX,922474,4.8
2,AY,922474,10.3
2,AZ,922474,-1.6
2,MX,922474,80.5
2,MY,922474,-60.0
2,MZ,922474,115.0
2,GX,922474,-0.3
2,GZ,922474,-0.1
2,AX,923074,2.2
2,AY,923074,3.3
2,AZ,923074,7.6
2,MX,923074,73.2
2,MY,923074,-74.3
2,MZ,923074,63.4
2,GX,923074,-1.5
2,GY,923074,0.7
2,GZ,923074,0.0
2,AX,923644,-1.1
2,AY,923644,-2.2
2,AZ,923644,11.3
2,MX,923644,79.6
2,MY,923644,-73.0
2,MZ,923644,43.0
2,GX,923644,-1.1
2,GY,923644,0.6
2,GZ,923644,-0.1
2,AX,924274,0.5
2,AY,924274,-1.0
2,AZ,924274,10.0
2,MX,924274,72.5
2,MY,924274,-75.8
2,MZ,924274,44.1
2,GX,924274,1.7
2,GY,924274,-1.0
2,GZ,924274,-0.1
2,AX,924844,4.0
2,AY,924844,6.7
2,AZ,924844,4.2
2,MX,924844,75.0
2,MY,924844,-69.2
2,MZ,924844,86.5
2,GX,924844,1.1
2,GZ,924844,-0.0
2,AX,925384,4.6
2,AY,925384,7.6
2,MX,925384,77.3
2,MY,925384,-64.1
2,MZ,925384,102.1
2,GX,925384,-1.2
2,GY,925384,0.7
2,GZ,925384,-0.1
2,AX,925924,-0.4
2,AY,925924,-0.6
2,AZ,925924,11.0
2,MX,925924,76.0
2,MY,925924,-76.2
2,GX,925924,-2.1
2,GZ,925924,-0.0
2,AX,926524,-1.7
2,AY,926524,-3.8
2,AZ,926524,11.6
2,MX,926524,79.2
2,MY,926524,-71.6
2,MZ,926524,43.2
2,GX,926524,1.5
2,GY,926524,-0.9
2,GZ,926524,-0.1
2,AX,927064,1.9
2,AY,927064,3.7
2,AZ,927064,6.8
2,MX,927064,72.0
2,MY,927064,-74.3
2,MZ,927064,63.3
2,GX,927064,1.9
2,GY,927064,-1.0
2,GZ,927064,-0.2
2,AX,927633,5.7
2,AY,927633,9.5
2,AZ,927633,-3.2
2,MX,927633,79.5
2,MY,927633,-58.8
2,MZ,927633,118.9
2,GX,927633,1.0
2,GY,927633,-0.5
2,GZ,927633,0.1
2,AX,928173,3.4
2,AY,928173,5.7
2,AZ,928173,4.2
2,MX,928173,73.4
2,MY,928173,-70.6
2,MZ,928173,78.1
2,GX,928173,-1.9
2,GY,928173,0.9
2,GZ,928173,-0.1
2,AX,928713,-1.5
2,AY,928713,-4.9
2,AZ,928713,10.6
2,MX,928713,77.9
2,MY,928713,-70.0
2,MZ,928713,43.4
2,GX,928713,-1.5
2,GY,928713,0.7
2,GZ,928713,0.1
2,AX,929374,-1.9
2,AY,929374,-3.6
2,AZ,929374,10.5
2,MX,929374,78.5
2,MY,929374,-73.4
2,MZ,929374,44.8
2,GX,929374,2.0
2,GY,929374,-0.9
2,GZ,929374,-0.1
2,AX,929944,3.2
2,AY,929944,6.4
2,AZ,929944,1.5
2,MX,929944,76.3
2,MY,929944,-65.0
2,MZ,929944,100.6
2,GX,929944,2.2
2,GY,929944,-1.2
2,GZ,929944,0.0
2,AX,930484,4.6
2,AY,930484,7.8
2,AZ,930484,0.2
2,MX,930484,77.1
2,MY,930484,-61.2
2,MZ,930484,110.3
2,GX,930484,-0.6
2,GY,930484,0.4
2,GZ,930484,-0.1
2,AX,931052,0.9
2,AY,931052,1.9
2,AZ,931052,10.1
2,MX,931052,74.8
2,MY,931052,-76.3
2,MZ,931052,53.3
2,GY,931052,1.0
2,GZ,931052,-0.1
2,AX,931593,-3.3
2,AY,931593,-6.9
2,MX,931593,83.0
2,MY,931593,-65.6
2,MZ,931593,50.2
2,GX,931593,-0.9
2,GY,931593,0.3
2,GZ,931593,-0.1
2,AX,932164,0.8
2,AY,932164,1.0
2,AZ,932164,9.0
2,MX,932164,73.5
2,MY,932164,-76.1
2,MZ,932164,50.0
2,GX,932164,2.6
2,GY,932164,-1.3
2,GZ,932164,-0.1
2,AX,932704,4.1
2,AY,932704,7.7
2,AZ,932704,0.2
2,MX,932704,78.3
2,MY,932704,-61.1
2,MZ,932704,111.6
2,GX,932704,1.7
2,GY,932704,-0.8
2,GZ,932704,-0.1
2,AX,933244,4.2
2,AY,933244,7.8
2,AZ,933244,0.4
2,MX,933244,77.5
2,MY,933244,-61.9
2,MZ,933244,107.9
2,GX,933244,-0.9
2,GY,933244,0.5
2,GZ,933244,-0.0
2,AX,933813,0.7
2,AY,933813,0.3
2,AZ,933813,10.7
2,MX,933813,74.8
2,MY,933813,-76.2
2,MZ,933813,47.3
2,GX,933813,-1.9
2,GY,933813,0.8
2,GZ,933813,-0.1
2,AX,934383,-1.7
2,AY,934383,-5.3
2,AZ,934383,11.5
2,MX,934383,80.5
2,MY,934383,-67.9
2,MZ,934383,45.2
2,GX,934383,0.8
2,GY,934383,-0.5
2,GZ,934383,-0.1
2,AX,934923,1.7
2,AY,934923,2.1
2,AZ,934923,8.4
2,MX,934923,71.9
2,MY,934923,-75.4
2,MZ,934923,51.4
2,GX,934923,2.1
2,GY,934923,-1.2
2,GZ,934923,-0.2
2,AX,935494,4.8
2,AY,935494,8.9
2,AZ,935494,-0.7
2,MX,935494,78.7
2,MY,935494,-61.3
2,MZ,935494,111.4
2,GX,935494,1.2
2,GY,935494,-0.5
2,GZ,935494,-0.2
2,AX,936034,3.9
2,AY,936034,7.0
2,AZ,936034,2.2
2,MX,936034,75.6
2,MY,936034,-65.4
2,MZ,936034,96.2
2,GX,936034,-0.6
2,GY,936034,0.4
2,GZ,936034,0.1
2,AX,936574,0.2
2,AY,936574,-0.2
2,AZ,936574,10.6
2,MX,936574,74.4
2,MY,936574,-75.4
2,MZ,936574,42.0
2,GX,936574,-1.9
2,GY,936574,0.9
2,GZ,936574,0.0
2,AX,937114,-2.0
2,AY,937114,-5.3
2,AZ,937114,10.6
2,MX,937114,78.5
2,MY,937114,-68.5
2,MZ,937114,42.9
2,GX,937114,0.8
2,GY,937114,-0.6
2,GZ,937114,-0.1
2,AX,937654,2.0
2,AY,937654,2.9
2,AZ,937654,8.1
2,MX,937654,72.7
2,MY,937654,-75.5
2,MZ,937654,56.2
2,GX,937654,2.3
2,GY,937654,-1.2
2,GZ,937654,-0.3
2,AX,938194,5.0
2,AY,938194,8.8
2,AZ,938194,0.1
2,MX,938194,79.0
2,MY,938194,-60.2
2,MZ,938194,112.7
2,GX,938194,1.0
2,GY,938194,-0.5
2,GZ,938194,0.1
2,AX,938763,4.6
2,AY,938763,7.6
2,AZ,938763,0.7
2,MX,938763,77.5
2,MY,938763,-62.7
2,MZ,938763,105.3
2,GX,938763,-1.6
2,GY,938763,0.8
2,GZ,938763,-0.0
2,AX,939303,-0.7
2,AY,939303,-2.0
2,AZ,939303,10.7
2,MX,939303,72.7
2,MY,939303,-74.8
2,MZ,939303,40.3
2,GX,939303,-2.3
2,GY,939303,1.2
2,GZ,939303,0.0
2,AX,939874,-2.7
2,AY,939874,-6.1
2,AZ,939874,10.7
2,MX,939874,81.7
2,MY,939874,-67.5
2,MZ,939874,47.8
2,GX,939874,1.6
2,GY,939874,-0.8
2,GZ,939874,-0.1
2,AX,940503,3.1
2,AY,940503,5.4
2,AZ,940503,4.5
2,MX,940503,73.3
2,MY,940503,-71.4
2,MZ,940503,77.9
2,GX,940503,2.5
2,GY,940503,-1.4
2,GZ,940503,0.1
2,AX,941103,4.1
2,AY,941103,8.1
2,AZ,941103,-1.7
2,MX,941103,82.3
2,MY,941103,-57.0
2,MZ,941103,123.9
2,GX,941103,-0.8
2,GY,941103,0.4
2,GZ,941103,-0.0
2,AX,941643,3.8
2,AY,941643,6.2
2,AZ,941643,5.3
2,MX,941643,73.6
2,MY,941643,-69.7
2,MZ,941643,83.0
2,GX,941643,-1.8
2,GY,941643,0.9
2,GZ,941643,0.2
2,AX,942183,0.4
2,AY,942183,-2.2
2,AZ,942183,9.8
2,MX,942183,72.0
2,MY,942183,-73.7
2,MZ,942183,37.3
2,GX,942183,-1.5
2,GY,942183,0.7
2,GZ,942183,0.1
2,AX,942814,-1.2
2,AY,942814,-4.2
2,AZ,942814,11.0
2,MX,942814,75.6
2,MY,942814,-72.1
2,MZ,942814,40.7
2,GX,942814,1.6
2,GY,942814,-0.7
2,GZ,942814,-0.2
2,AX,943383,3.4
2,AY,943383,6.4
2,AZ,943383,5.4
2,MX,943383,73.2
2,MY,943383,-71.3
2,MZ,943383,77.9
2,GX,943383,1.7
2,GY,943383,-1.0
2,GZ,943383,-0.2
2,AX,943923,4.2
2,AY,943923,8.5
2,AZ,943923,-4.4
2,MX,943923,82.7
2,MY,943923,-53.6
2,MZ,943923,132.6
2,GX,943923,0.5
2,GY,943923,-0.3
2,GZ,943923,-0.0
2,AX,944494,3.5
2,AY,944494,5.7
2,AZ,944494,4.7
2,MX,944494,75.5
2,MY,944494,-70.5
2,MZ,944494,82.0
2,GX,944494,-1.6
2,GY,944494,0.8
2,GZ,944494,0.1
2,AX,945034,-1.7
2,AY,945034,-5.5
2,AZ,945034,13.1
2,MX,945034,79.1
2,MY,945034,-68.8
2,MZ,945034,43.1
2,GX,945034,-0.9
2,GY,945034,0.5
2,GZ,945034,0.1
2,AX,945604,-1.1
2,AY,945604,-5.1
2,AZ,945604,7.4
2,MX,945604,78.0
2,MY,945604,-63.4
2,MZ,945604,46.6
2,GX,945604,-0.6
2,GY,945604,-0.7
2,AX,946213,6.5
2,AY,946213,-8.4
2,MX,946213,45.9
2,MY,946213,-47.2
2,GX,946213,0.6
2,GY,946213,-1.4
2,GZ,946213,-0.7
2,AX,946803,8.4
2,AY,946803,-5.7
2,AZ,946803,1.0
2,MX,946803,28.6
Traceback (most recent call last):
  File "/opt/homebrew/Cellar/python@3.13/3.13.7/Frameworks/Python.framework/Versions/3.13/lib/python3.13/asyncio/runners.py", line 118, in run
    return self._loop.run_until_complete(task)
           ~~~~~~~~~~~~~~~~~~~~~~~~~~~~~^^^^^^
  File "/opt/homebrew/Cellar/python@3.13/3.13.7/Frameworks/Python.framework/Versions/3.13/lib/python3.13/asyncio/base_events.py", line 725, in run_until_complete
    return future.result()
           ~~~~~~~~~~~~~^^
  File "/Users/j/8803/project/tester.py", line 56, in main
    await asyncio.gather(*tasks)
  File "/Users/j/8803/project/tester.py", line 29, in connect_and_listen
    await asyncio.sleep(1)
  File "/opt/homebrew/Cellar/python@3.13/3.13.7/Frameworks/Python.framework/Versions/3.13/lib/python3.13/asyncio/tasks.py", line 718, in sleep
    return await future
           ^^^^^^^^^^^^
asyncio.exceptions.CancelledError

During handling of the above exception, another exception occurred:

Traceback (most recent call last):
  File "/Users/j/8803/project/tester.py", line 58, in <module>
    asyncio.run(main())
    ~~~~~~~~~~~^^^^^^^^
  File "/opt/homebrew/Cellar/python@3.13/3.13.7/Frameworks/Python.framework/Versions/3.13/lib/python3.13/asyncio/runners.py", line 195, in run
    return runner.run(main)
           ~~~~~~~~~~^^^^^^
  File "/opt/homebrew/Cellar/python@3.13/3.13.7/Frameworks/Python.framework/Versions/3.13/lib/python3.13/asyncio/runners.py", line 123, in run
    raise KeyboardInterrupt()
KeyboardInterrupt
