1,348886,0.127,-3.433,-8.930,0.110,-0.084,-0.020,47.837,-35.677,-6.255
1,348890,0.127,-3.433,-8.930,0.110,-0.084,-0.020,48.568,-36.013,-6.212
1,348894,0.127,-3.433,-8.930,0.110,-0.084,-0.020,48.568,-36.013,-6.212
1,348897,0.130,-3.466,-8.928,0.077,-0.083,-0.020,48.568,-36.013,-6.212
1,348918,0.142,-3.468,-8.920,0.043,-0.086,-0.020,48.699,-36.232,-6.255
1,348921,0.142,-3.468,-8.920,0.043,-0.086,-0.020,48.699,-36.232,-6.255
1,348925,0.121,-3.478,-8.943,0.033,-0.083,-0.018,48.699,-36.232,-6.255
1,348947,0.133,-3.537,-8.997,0.035,-0.087,-0.021,48.392,-36.042,-6.621
1,348978,0.118,-3.502,-9.032,0.061,-0.084,-0.018,48.422,-36.071,-6.723
1,348981,0.118,-3.502,-9.032,0.061,-0.084,-0.018,48.422,-36.071,-6.723
1,348985,0.146,-3.492,-9.052,0.067,-0.078,-0.018,48.422,-36.071,-6.723
1,349007,0.152,-3.472,-9.033,0.075,-0.084,-0.020,47.925,-36.437,-6.504
1,349010,0.152,-3.472,-9.033,0.075,-0.084,-0.020,47.925,-36.437,-6.504
1,349014,0.170,-3.531,-9.075,0.067,-0.082,-0.021,48.714,-35.399,-6.285
1,349037,0.163,-3.498,-9.117,0.050,-0.081,-0.022,48.568,-36.364,-5.978
1,349041,0.163,-3.520,-9.114,0.050,-0.081,-0.022,48.568,-36.364,-5.978
1,349044,0.128,-3.520,-9.114,0.042,-0.083,-0.021,48.568,-36.364,-5.978
1,349067,0.177,-3.523,-9.145,0.038,-0.083,-0.022,48.714,-36.261,-6.299
1,349098,0.179,-3.541,-9.143,0.078,-0.075,-0.022,48.845,-36.656,-6.709
1,349127,0.185,-3.517,-9.120,0.143,-0.071,-0.023,48.612,-36.539,-6.738
1,349131,0.200,-3.460,-9.120,0.155,-0.070,-0.023,48.612,-36.539,-6.738
1,349135,0.200,-3.460,-9.120,0.155,-0.070,-0.023,48.889,-36.217,-6.343
1,349157,0.197,-3.427,-9.105,0.143,-0.072,-0.024,48.875,-36.144,-6.811
1,349161,0.196,-3.470,-9.087,0.126,-0.070,-0.023,48.553,-35.647,-6.095
1,349187,0.196,-3.501,-9.075,0.111,-0.071,-0.024,48.875,-36.320,-6.767
1,349191,0.209,-3.523,-9.059,0.116,-0.070,-0.023,48.875,-36.320,-6.767
1,349194,0.209,-3.523,-9.059,0.116,-0.070,-0.023,48.875,-36.320,-6.767
1,349217,0.212,-3.532,-9.021,0.162,-0.078,-0.023,48.553,-36.086,-7.293
1,349278,0.236,-3.572,-8.955,0.081,-0.068,-0.024,48.144,-36.013,-6.913
1,349308,0.234,-3.665,-8.935,0.073,-0.068,-0.028,48.202,-35.881,-6.855
1,349311,0.234,-3.665,-8.935,0.073,-0.068,-0.028,48.202,-35.881,-6.855
1,349368,0.280,-3.672,-8.928,0.164,-0.061,-0.026,48.158,-36.437,-7.191
1,349372,0.280,-3.672,-8.928,0.164,-0.061,-0.026,48.158,-36.437,-7.191
1,349375,0.279,-3.683,-8.929,0.161,-0.060,-0.024,48.158,-36.437,-7.191
1,349397,0.292,-3.686,-8.926,0.147,-0.062,-0.027,48.641,-36.101,-7.059
1,349427,0.287,-3.736,-8.942,0.097,-0.067,-0.028,48.217,-35.925,-7.001
1,349431,0.287,-3.736,-8.942,0.097,-0.067,-0.028,48.772,-35.516,-6.884
1,349435,0.274,-3.745,-8.935,0.098,-0.065,-0.026,48.772,-35.516,-6.884
1,349457,0.300,-3.718,-8.943,0.131,-0.065,-0.029,48.495,-35.721,-7.469
1,349460,0.300,-3.718,-8.943,0.131,-0.065,-0.029,48.495,-35.721,-7.469
1,349488,0.287,-3.662,-8.898,0.165,-0.061,-0.028,48.261,-35.984,-7.425
1,349492,0.286,-3.665,-8.916,0.162,-0.061,-0.026,48.787,-35.253,-6.986
1,349495,0.286,-3.665,-8.916,0.162,-0.061,-0.026,48.787,-35.253,-6.986
1,349517,0.301,-3.620,-8.897,0.144,-0.060,-0.027,48.553,-35.721,-7.118
1,349521,0.256,-3.635,-8.899,0.127,-0.065,-0.027,48.553,-35.721,-7.118
1,349524,0.256,-3.635,-8.899,0.127,-0.065,-0.027,48.553,-35.721,-7.118
1,349547,0.292,-3.632,-8.906,0.078,-0.068,-0.028,47.925,-35.735,-7.162
1,349550,0.290,-3.649,-8.870,0.051,-0.076,-0.028,47.925,-35.735,-6.986
1,349554,0.290,-3.649,-8.870,0.051,-0.076,-0.028,48.480,-35.428,-6.986
1,349577,0.287,-3.716,-8.930,0.007,-0.075,-0.027,48.407,-35.925,-6.635
1,349581,0.287,-3.756,-8.961,0.006,-0.082,-0.029,48.407,-35.925,-6.635
1,349584,0.287,-3.756,-8.961,0.006,-0.082,-0.029,48.407,-35.925,-6.635
1,349607,0.273,-3.735,-8.916,0.031,-0.075,-0.028,48.056,-35.954,-7.834
1,349638,0.284,-3.683,-8.924,0.059,-0.078,-0.028,48.071,-35.954,-7.542
1,349667,0.306,-3.809,-8.959,0.054,-0.078,-0.029,48.422,-35.911,-7.308
1,349757,0.325,-3.745,-9.001,0.127,-0.072,-0.032,47.866,-35.969,-7.118
1,349788,0.345,-3.642,-8.983,0.064,-0.079,-0.031,47.968,-35.823,-7.264
1,349791,0.345,-3.642,-8.983,0.064,-0.079,-0.031,47.968,-35.823,-7.264
1,349794,0.391,-3.660,-8.977,0.037,-0.082,-0.033,47.968,-35.823,-7.264
1,349920,0.348,-3.423,-8.669,0.026,-0.083,-0.031,48.042,-36.027,-6.942
1,349998,0.173,-3.715,-9.587,0.009,-0.095,-0.029,48.290,-36.101,-6.051
1,350001,0.188,-3.905,-9.899,-0.005,-0.097,-0.029,48.290,-36.101,-6.051
1,350004,0.188,-3.905,-9.899,-0.005,-0.097,-0.029,48.612,-36.027,-6.285
1,350027,0.255,-4.404,-10.704,0.026,-0.095,-0.024,48.378,-36.203,-6.065
1,350058,0.498,-5.934,-12.526,0.406,-0.066,-0.021,48.217,-35.721,-6.899
1,350061,0.522,-5.934,-12.526,0.644,-0.042,-0.020,48.217,-35.721,-6.899
1,350065,0.522,-5.934,-12.526,0.644,-0.042,-0.020,48.217,-35.764,-7.089
1,350087,0.583,-6.019,-13.206,0.998,0.000,-0.027,47.749,-35.940,-7.892
1,350178,0.609,-6.403,-11.658,1.429,0.053,-0.042,47.252,-33.821,-10.056
1,350181,0.609,-6.403,-11.658,1.429,0.053,-0.042,47.252,-33.821,-10.056
1,350185,0.610,-6.264,-11.332,1.429,0.053,-0.042,47.252,-33.821,-10.056
1,350414,0.924,-7.435,-7.826,0.072,-0.084,-0.060,47.603,-29.728,-16.808
1,350418,0.924,-7.435,-7.826,0.072,-0.084,-0.060,47.603,-29.728,-16.808
1,350421,1.010,-7.893,-7.740,0.111,-0.083,-0.066,47.325,-28.895,-16.662
1,350425,1.010,-7.893,-7.740,0.111,-0.083,-0.066,47.325,-28.895,-16.662
1,350447,0.975,-7.534,-7.506,0.243,-0.072,-0.057,47.194,-29.553,-17.144
1,350451,0.854,-6.634,-7.473,0.195,-0.075,-0.061,47.194,-29.553,-17.144
1,350538,0.714,-6.470,-7.089,-0.555,-0.149,-0.075,47.471,-30.444,-14.806
1,350541,0.714,-6.470,-7.089,-0.555,-0.149,-0.075,47.471,-30.444,-14.806
1,350648,0.334,-4.047,-5.754,-0.127,-0.148,-0.051,47.296,-32.008,-11.839
1,350658,0.214,-3.654,-5.414,0.015,-0.132,-0.050,47.048,-32.184,-11.809
1,350662,0.214,-3.654,-5.414,0.015,-0.132,-0.050,47.048,-32.184,-11.809
1,350688,-0.043,-1.283,-4.321,-0.580,-0.187,-0.056,47.091,-32.344,-11.590
1,350692,-0.043,-1.283,-4.321,-0.580,-0.187,-0.056,47.208,-32.388,-11.049
1,350695,-0.205,-0.035,-3.666,-0.991,-0.220,-0.060,47.208,-32.388,-11.049
1,350717,-0.160,-1.043,-2.818,-1.633,-0.286,-0.045,47.632,-32.841,-9.398
1,350721,-0.160,-1.043,-2.818,-1.633,-0.286,-0.045,47.632,-32.841,-9.398
1,350724,-0.430,-0.346,-2.357,-1.173,-0.255,-0.044,47.632,-32.841,-9.398
1,350747,-0.440,-0.233,-1.740,-0.650,-0.225,-0.016,47.530,-33.616,-8.828
1,350750,-0.440,-0.233,-1.740,-0.650,-0.225,-0.016,47.735,-33.484,-8.009
1,350808,-0.115,1.184,-2.145,0.979,-0.099,0.015,47.778,-33.236,-9.018
1,350837,0.260,-0.223,-1.991,0.531,-0.143,0.009,47.778,-32.417,-10.362
1,350840,0.248,-0.426,-2.660,0.531,-0.139,0.007,47.778,-32.417,-10.362
1,350868,0.249,-0.726,-2.516,0.589,-0.130,-0.002,47.632,-32.081,-10.319
1,350872,0.324,-1.050,-2.749,0.611,-0.125,-0.004,47.632,-32.081,-10.319
1,350875,0.324,-1.050,-2.749,0.611,-0.125,-0.004,48.115,-31.950,-10.699
1,350897,0.323,-1.655,-3.636,0.691,-0.130,0.007,47.808,-31.745,-11.269
1,350901,0.351,-1.762,-3.897,0.671,-0.136,0.010,47.281,-31.745,-11.269
1,350904,0.351,-1.762,-3.897,0.671,-0.136,0.010,47.281,-31.745,-11.269
1,350927,0.287,-3.014,-4.088,0.635,-0.117,-0.005,48.392,-31.540,-12.072
1,350931,0.377,-3.179,-4.861,0.632,-0.117,-0.009,48.392,-31.540,-12.072
1,350934,0.377,-3.179,-4.861,0.632,-0.117,-0.009,48.261,-31.570,-12.599
1,350958,0.449,-4.418,-5.681,0.779,-0.120,0.016,48.348,-31.117,-13.139
1,350960,0.440,-5.183,-6.069,0.931,-0.119,0.022,48.158,-30.854,-13.607
1,350988,0.425,-4.985,-6.543,1.014,-0.073,-0.017,47.822,-30.284,-14.484
1,351018,0.425,-6.425,-7.055,0.419,-0.172,0.034,48.480,-30.284,-15.361
1,351227,-0.041,-7.589,-8.375,-0.347,-0.225,0.028,49.065,-29.845,-15.741
1,351230,-0.041,-7.589,-8.375,-0.347,-0.225,0.028,48.860,-29.626,-14.718
1,351336,-0.190,-6.893,-9.398,0.013,-0.181,0.020,49.839,-30.780,-14.323
1,351348,-0.187,-6.920,-9.875,0.158,-0.165,0.029,49.927,-30.459,-14.309
1,351351,-0.217,-6.971,-9.808,0.362,-0.144,0.021,49.795,-30.137,-14.996
1,351377,-0.514,-6.281,-10.071,0.395,-0.133,0.004,49.795,-30.634,-14.499
1,351381,-0.636,-6.407,-10.071,0.178,-0.150,0.010,49.795,-30.634,-14.499
1,351385,-0.636,-6.407,-10.071,0.178,-0.150,0.010,49.795,-30.634,-14.499
1,351510,0.226,-7.046,-9.750,-0.552,-0.137,-0.054,50.102,-31.219,-13.622
1,351793,-0.130,-5.677,-7.734,-0.214,-0.011,-0.088,48.831,-31.818,-14.163
1,351797,-0.130,-5.677,-7.734,-0.214,-0.011,-0.088,48.831,-31.818,-14.163
1,352034,0.899,-9.571,-11.950,0.032,0.060,-0.048,47.939,-31.453,-15.156
1,352037,0.899,-9.571,-11.950,-0.066,0.057,-0.049,47.559,-31.467,-14.689
1,352041,0.899,-9.571,-11.950,-0.066,0.057,-0.049,47.559,-31.467,-14.689
1,352044,0.951,-9.391,-11.593,-0.023,0.053,-0.051,47.559,-31.467,-14.689
1,352127,0.830,-7.634,-8.869,-0.032,0.021,-0.044,47.676,-30.678,-15.756
1,352131,0.849,-7.819,-8.670,-0.032,0.035,-0.040,47.676,-30.678,-15.756
1,352135,0.849,-7.819,-8.670,0.181,0.035,-0.040,47.369,-30.722,-16.223
1,352157,0.780,-6.260,-8.335,1.252,0.115,-0.033,47.311,-30.298,-17.393
1,352218,0.751,-5.579,-6.857,0.227,0.002,-0.022,47.457,-29.553,-19.205
1,352221,0.693,-5.838,-6.711,-0.005,-0.021,-0.029,47.018,-29.290,-18.416
1,352278,0.727,-5.492,-6.595,-0.279,-0.059,-0.029,47.194,-30.298,-18.445
1,352282,0.727,-5.492,-6.595,-0.429,-0.071,-0.037,46.872,-29.524,-17.685
1,352285,0.727,-5.492,-6.595,-0.429,-0.071,-0.037,46.872,-29.524,-17.685
1,352337,0.863,-5.835,-6.120,-0.448,-0.082,-0.034,46.653,-30.576,-16.194
1,352428,0.331,-2.932,-4.403,-0.463,-0.105,-0.018,46.960,-30.517,-14.513
1,352458,0.123,-2.392,-3.759,-1.296,-0.172,-0.024,47.106,-31.380,-13.797
1,352547,-0.617,-0.793,-2.142,-0.589,-0.180,0.017,47.369,-33.631,-9.106
1,352551,-0.311,-1.517,-2.076,-0.589,-0.180,0.017,47.355,-33.484,-8.565
1,352555,-0.367,-1.517,-2.076,-0.154,-0.143,0.020,47.355,-33.484,-8.565
1,352813,0.522,-5.699,-6.575,0.549,-0.083,-0.011,47.837,-30.868,-14.601
1,352877,0.660,-5.691,-6.834,0.199,-0.131,-0.021,47.471,-30.152,-16.691
1,352985,0.724,-6.867,-8.261,0.084,-0.147,-0.012,48.246,-30.488,-16.004
1,353058,0.779,-6.461,-9.307,-0.561,-0.214,-0.039,48.071,-31.234,-16.194
1,353062,0.677,-6.967,-9.665,-0.766,-0.225,-0.059,48.071,-31.234,-16.194
1,353065,0.677,-6.967,-9.665,-0.766,-0.225,-0.059,48.728,-30.737,-15.039
1,353087,0.587,-7.558,-9.764,-0.713,-0.221,-0.061,48.217,-31.117,-15.712
1,353090,0.599,-6.859,-9.867,-0.448,-0.197,-0.055,48.290,-31.263,-14.820
1,353117,0.938,-7.223,-10.088,0.136,-0.153,-0.060,48.378,-31.409,-15.405
1,353121,0.974,-6.993,-10.222,0.430,-0.127,-0.062,48.378,-31.409,-15.405
1,353125,0.974,-6.993,-10.222,0.430,-0.127,-0.062,48.378,-31.409,-15.376
1,353208,0.753,-7.409,-10.414,-0.936,-0.230,-0.082,47.837,-31.628,-15.215
1,353268,0.626,-6.292,-11.407,-0.450,-0.150,-0.101,48.232,-32.198,-12.949
1,353564,0.609,-4.471,-5.087,0.352,0.017,-0.116,46.565,-30.108,-18.386
1,353568,0.609,-4.471,-5.087,0.352,0.017,-0.116,46.697,-30.386,-18.898
1,353598,0.668,-5.620,-6.159,0.336,0.004,-0.115,46.551,-29.904,-19.322
1,353658,1.113,-8.583,-9.087,-0.268,-0.064,-0.094,46.317,-30.210,-18.620
1,353688,1.305,-10.414,-10.786,-0.017,-0.045,-0.101,46.054,-29.933,-18.693
1,353794,1.350,-11.986,-12.564,0.352,-0.050,-0.053,46.083,-28.997,-22.040
1,353837,1.193,-10.717,-11.082,-0.547,-0.101,-0.048,46.141,-29.392,-20.257
1,353841,1.193,-10.717,-11.082,-0.547,-0.101,-0.048,46.141,-29.392,-20.257
1,353845,1.171,-9.988,-10.740,-0.525,-0.100,-0.039,46.141,-29.392,-20.257
1,353897,0.933,-8.812,-9.145,0.215,-0.062,-0.013,46.054,-30.123,-20.096
1,353901,0.933,-8.812,-8.839,0.215,-0.062,-0.013,46.054,-30.123,-20.096
1,353988,1.327,-6.601,-6.317,0.423,-0.068,0.020,46.141,-28.442,-23.180
1,353992,1.356,-6.603,-6.260,0.155,-0.101,0.022,46.141,-28.442,-23.180
1,353995,1.356,-6.603,-6.260,0.155,-0.101,0.022,46.814,-28.427,-23.385
1,354047,1.560,-6.888,-5.951,0.007,-0.106,0.001,46.302,-28.500,-22.172
1,354078,1.097,-6.325,-5.274,0.246,-0.089,-0.001,46.244,-28.296,-22.669
1,354082,1.097,-6.325,-5.274,0.246,-0.089,-0.001,46.068,-27.799,-22.318
1,354108,0.748,-6.197,-4.981,-0.055,-0.122,-0.002,46.156,-28.661,-22.537
1,354112,0.748,-6.197,-4.981,-0.055,-0.122,-0.002,46.156,-28.661,-22.537
1,354115,0.748,-6.197,-4.981,-0.055,-0.122,-0.002,46.156,-28.661,-22.537
1,354167,0.351,-4.930,-4.686,-1.861,-0.281,-0.013,46.755,-29.085,-19.161
1,354171,0.351,-4.930,-4.686,-1.861,-0.281,-0.013,46.755,-29.085,-19.161
1,354175,0.414,-4.856,-4.731,-1.861,-0.281,-0.013,46.755,-29.085,-19.161
1,354197,0.230,-5.082,-4.568,-2.022,-0.299,-0.018,46.960,-30.620,-16.501
1,354258,0.315,-2.657,-3.734,-0.872,-0.216,-0.010,47.091,-32.008,-13.066
1,354288,0.068,-0.014,-2.619,-2.254,-0.334,-0.023,47.325,-33.207,-10.684
1,354291,0.068,-0.014,-2.619,-2.254,-0.334,-0.023,47.325,-33.207,-10.684
1,354295,0.167,-1.443,-2.412,-2.525,-0.358,-0.021,47.325,-33.207,-10.684
1,354420,0.540,-2.609,-3.399,-0.150,-0.177,0.000,47.939,-32.944,-10.406
1,354438,0.501,-3.186,-4.262,0.060,-0.154,-0.009,48.042,-32.871,-10.742
1,354442,0.506,-3.021,-3.611,0.235,-0.131,-0.010,48.042,-32.871,-10.742
1,354445,0.506,-3.021,-3.611,0.235,-0.131,-0.010,48.042,-32.871,-10.742
1,354467,0.400,-2.704,-3.531,0.483,-0.086,-0.026,47.881,-32.593,-11.239
1,354631,0.535,-7.131,-7.107,0.825,-0.093,-0.013,47.325,-30.488,-14.601
1,354678,0.437,-5.779,-7.711,1.377,-0.061,-0.004,47.925,-30.517,-17.100
1,354737,0.388,-7.711,-7.872,0.611,-0.104,-0.012,47.822,-29.290,-18.167
1,354768,0.240,-5.783,-7.335,0.084,-0.150,-0.013,48.305,-28.895,-19.117
1,354772,0.128,-6.479,-7.199,0.084,-0.150,-0.013,48.305,-28.895,-19.117
1,354775,0.128,-6.479,-7.199,-0.293,-0.184,-0.006,48.305,-28.895,-19.117
1,354797,-0.059,-6.989,-7.758,-0.562,-0.211,0.006,48.232,-29.845,-18.211
1,354888,0.341,-7.127,-9.175,0.772,-0.123,0.035,48.538,-28.574,-19.877
1,354917,0.567,-7.775,-9.745,0.458,-0.130,0.016,48.772,-28.924,-20.418
1,354978,0.239,-9.310,-8.987,0.561,-0.105,-0.007,48.772,-28.515,-22.099
1,354982,0.239,-9.310,-8.987,0.561,-0.105,-0.007,48.772,-28.515,-22.099
1,354985,0.239,-9.310,-8.987,0.561,-0.105,-0.007,48.597,-28.778,-21.631
1,355038,0.610,-11.506,-10.155,-0.005,-0.150,-0.055,48.612,-28.281,-21.836
1,355098,0.718,-9.846,-10.092,-0.389,-0.158,-0.075,49.094,-29.158,-20.710
1,355158,0.330,-7.911,-7.937,-0.154,-0.112,-0.099,49.035,-29.056,-19.336
1,355162,0.330,-7.911,-7.937,-0.154,-0.112,-0.099,49.035,-29.056,-19.336
1,355166,0.254,-7.522,-7.603,0.012,-0.090,-0.098,49.035,-29.056,-19.336
1,355187,0.144,-6.389,-6.925,0.351,-0.053,-0.093,48.889,-29.348,-19.278
1,355248,0.201,-4.676,-5.044,0.331,-0.043,-0.099,48.275,-28.910,-19.804
1,355251,0.211,-4.577,-4.866,0.243,-0.055,-0.098,48.275,-28.910,-19.804
1,355255,0.211,-4.577,-4.866,0.243,-0.055,-0.098,48.670,-29.041,-19.819
1,355308,0.250,-4.987,-5.234,0.020,-0.059,-0.095,48.085,-29.129,-20.403
1,355312,0.292,-5.573,-5.419,-0.060,-0.065,-0.094,48.085,-29.129,-20.403
1,355315,0.292,-5.573,-5.419,-0.060,-0.065,-0.094,48.085,-29.129,-20.403
1,355368,0.493,-6.934,-7.480,-0.246,-0.070,-0.089,48.188,-29.319,-19.643
1,355428,1.076,-11.774,-11.545,0.100,-0.018,-0.072,47.822,-29.772,-17.933
1,355432,1.076,-11.774,-11.545,0.100,-0.018,-0.072,47.822,-29.772,-17.933
1,355435,1.076,-11.774,-11.545,0.100,-0.018,-0.072,47.822,-29.772,-17.933
1,355518,0.848,-12.769,-12.770,0.580,0.035,-0.081,48.129,-29.509,-19.892
1,355522,0.848,-12.769,-12.770,0.580,0.035,-0.081,48.129,-29.509,-19.892
1,355525,0.735,-11.783,-12.571,0.602,0.042,-0.079,47.822,-28.778,-20.827
1,355547,0.613,-10.757,-12.016,0.199,0.023,-0.087,47.793,-29.392,-21.616
1,355654,0.033,-7.697,-8.148,0.115,-0.018,-0.049,47.559,-29.845,-19.249
1,355668,0.044,-7.271,-7.962,0.313,-0.013,-0.043,47.545,-29.260,-19.146
1,355758,0.942,-6.319,-6.457,0.693,-0.007,-0.040,47.208,-28.004,-21.046
1,355761,0.939,-6.203,-6.502,0.582,-0.018,-0.040,47.208,-28.004,-21.046
1,355765,0.939,-6.203,-6.502,0.582,-0.018,-0.040,47.208,-28.004,-21.046
1,355788,0.821,-6.163,-6.276,0.211,-0.055,-0.042,46.741,-28.077,-21.280
1,355818,0.836,-6.659,-5.952,-0.327,-0.099,-0.053,47.091,-28.267,-20.550
1,355822,0.836,-6.659,-5.952,-0.440,-0.115,-0.050,47.091,-28.267,-20.550
1,355848,0.784,-6.689,-5.697,-0.340,-0.106,-0.045,47.281,-28.340,-20.535
1,355852,0.784,-6.689,-5.697,-0.340,-0.106,-0.045,47.281,-28.340,-20.535
1,355855,0.784,-6.689,-5.697,-0.340,-0.106,-0.045,47.091,-28.325,-20.023
1,355877,0.713,-6.278,-5.307,-0.094,-0.092,-0.049,47.296,-28.647,-19.994
1,355881,0.713,-6.278,-5.307,-0.094,-0.092,-0.049,46.448,-28.384,-19.541
1,355884,0.713,-6.278,-5.307,-0.094,-0.092,-0.049,46.448,-28.384,-19.541
1,355908,0.573,-5.490,-4.948,-0.099,-0.098,-0.046,46.551,-28.384,-20.053
1,355911,0.573,-5.490,-4.948,-0.099,-0.098,-0.046,46.551,-28.384,-20.053
1,355915,0.573,-5.490,-4.948,-0.099,-0.098,-0.046,46.551,-28.384,-20.053
1,355938,0.640,-5.157,-4.550,-0.264,-0.116,-0.044,46.770,-28.574,-19.366
1,355942,0.640,-5.157,-4.550,-0.264,-0.116,-0.044,46.580,-28.457,-18.796
1,356028,0.403,-1.068,-2.468,-1.097,-0.200,-0.053,46.960,-30.298,-16.779
1,356088,0.206,-0.507,-1.815,-1.464,-0.241,-0.049,47.618,-32.096,-11.196
1,356195,0.419,-2.649,-2.971,-0.424,-0.155,-0.062,47.720,-32.184,-10.889
1,356208,0.430,-2.867,-2.953,-0.137,-0.114,-0.062,47.881,-31.847,-11.970
1,356238,0.248,-0.908,-3.180,1.102,-0.035,-0.048,47.618,-31.906,-12.672
1,356344,0.980,-6.395,-6.418,1.990,0.016,0.000,47.837,-29.450,-18.898
1,356388,0.806,-8.243,-6.528,0.199,-0.140,-0.018,47.252,-28.807,-19.249
1,356495,0.243,-7.165,-7.104,0.121,-0.150,-0.032,47.311,-29.553,-19.073
1,356568,0.424,-7.336,-7.908,0.272,-0.150,-0.023,47.311,-29.582,-19.161
1,356572,0.469,-7.352,-8.193,0.362,-0.120,-0.035,47.311,-29.582,-19.161
1,356781,1.278,-10.014,-10.024,-0.742,-0.200,-0.035,47.545,-30.006,-18.050
1,356808,1.415,-9.436,-10.250,-1.230,-0.232,-0.054,47.705,-30.444,-16.691
1,356898,0.632,-5.557,-8.191,0.046,-0.072,-0.073,47.939,-31.555,-14.981
1,356988,-0.333,-5.569,-7.164,0.395,-0.010,-0.057,47.515,-31.044,-15.843
1,356992,-0.358,-5.653,-7.308,0.395,-0.010,-0.057,47.515,-31.044,-15.843
1,356996,-0.358,-5.653,-7.308,0.330,-0.012,-0.055,48.056,-30.386,-15.376
1,357017,-0.415,-5.874,-7.504,0.175,-0.023,-0.053,47.486,-31.146,-16.019
1,357313,1.245,-8.467,-9.436,1.137,0.079,-0.039,47.135,-29.684,-17.890
1,357408,0.732,-5.889,-6.657,-0.660,-0.106,-0.024,46.653,-29.801,-17.641
1,357412,0.732,-5.889,-6.657,-0.660,-0.106,-0.024,46.916,-29.801,-17.641
1,357498,0.620,-5.141,-5.776,-0.563,-0.125,0.001,46.960,-31.555,-14.148
1,357501,0.668,-4.977,-5.696,-0.624,-0.133,0.001,46.960,-31.555,-14.148
1,357558,0.645,-4.611,-5.086,-0.470,-0.132,-0.002,47.106,-31.540,-12.672
1,357665,0.328,-1.664,-2.722,-0.770,-0.166,-0.012,46.872,-32.681,-11.400
1,357781,0.163,-0.171,-1.296,0.933,-0.051,-0.001,47.545,-34.157,-9.632
1,357797,0.166,-0.068,-1.914,0.368,-0.104,0.001,47.559,-33.791,-9.529
1,357801,0.166,-0.068,-1.914,0.368,-0.104,0.001,47.471,-33.397,-8.872
1,357828,0.300,-2.107,-2.893,-0.175,-0.140,-0.018,47.603,-33.470,-8.930
1,357832,0.300,-2.107,-2.893,-0.175,-0.140,-0.018,47.603,-33.470,-8.930
1,357835,0.263,-2.227,-2.904,-0.007,-0.122,-0.021,47.603,-33.470,-8.930
1,357888,0.446,-2.749,-3.909,1.111,-0.040,-0.004,47.881,-33.309,-9.895
1,358021,0.281,-5.928,-7.710,0.437,-0.048,-0.034,48.173,-30.927,-14.309
1,358038,0.219,-5.241,-7.537,0.270,-0.075,-0.044,47.837,-30.722,-14.309
1,358041,0.219,-5.241,-7.537,-0.364,-0.166,-0.022,47.837,-30.722,-14.309
1,358045,0.219,-5.241,-7.537,-0.364,-0.166,-0.022,48.056,-31.307,-13.461
1,358067,0.604,-7.431,-8.597,-0.496,-0.200,0.028,48.217,-30.897,-13.110
1,358071,0.604,-7.431,-8.597,0.048,-0.130,0.009,48.480,-30.707,-13.139
1,358075,0.604,-7.431,-8.597,0.048,-0.130,0.009,48.480,-30.707,-13.139
1,358158,0.114,-6.299,-9.538,0.292,-0.123,-0.005,47.998,-30.780,-15.113
1,358162,0.114,-6.299,-9.538,0.292,-0.123,-0.005,47.998,-30.780,-15.113
1,358166,0.327,-7.816,-8.669,0.292,-0.123,-0.005,47.998,-30.780,-15.113
1,358187,0.343,-5.847,-9.667,0.668,-0.057,-0.038,47.925,-30.532,-15.522
1,358191,0.343,-5.847,-9.667,0.668,-0.057,-0.038,47.925,-30.532,-15.507
1,358195,0.474,-6.937,-9.331,0.668,-0.057,-0.038,48.378,-30.488,-15.507
1,358249,0.969,-6.580,-10.148,-0.178,-0.139,-0.037,47.968,-31.117,-14.791
1,358251,0.969,-6.580,-10.148,-0.178,-0.139,-0.037,47.968,-31.117,-14.791
1,358255,1.145,-7.377,-10.290,-0.006,-0.131,-0.031,48.378,-30.751,-15.127
1,358411,1.630,-9.035,-10.174,-0.230,-0.099,-0.121,47.881,-30.123,-17.056
1,358766,1.225,-9.471,-13.316,-0.663,-0.104,-0.016,47.603,-33.104,-11.459
1,358818,1.196,-10.272,-14.822,0.378,-0.006,-0.026,47.208,-32.914,-11.897
1,358822,1.180,-10.428,-14.883,0.408,0.004,-0.029,47.208,-32.914,-11.897
1,358981,0.396,-6.602,-9.068,1.548,0.072,-0.021,47.135,-30.181,-16.194
1,359058,0.681,-5.637,-6.805,0.144,-0.067,-0.033,46.638,-29.684,-17.042
1,359062,0.681,-5.637,-6.805,0.144,-0.067,-0.033,46.624,-28.939,-17.378
1,359088,0.785,-5.611,-6.327,-0.301,-0.110,-0.027,46.901,-29.582,-17.276
1,359092,0.785,-5.611,-6.327,-0.301,-0.110,-0.027,46.901,-29.582,-17.276
1,359095,0.833,-5.136,-6.299,-0.326,-0.120,-0.028,46.901,-29.582,-17.276
1,359118,0.894,-5.208,-6.275,-0.331,-0.125,-0.021,46.346,-29.597,-16.925
1,359121,0.894,-5.208,-6.275,-0.331,-0.125,-0.021,46.346,-29.597,-16.238
1,359178,1.071,-5.648,-6.000,-0.276,-0.122,-0.027,46.960,-30.737,-14.952
1,359182,1.071,-5.648,-6.000,-0.276,-0.122,-0.027,46.960,-30.737,-14.952
1,359238,0.797,-4.690,-5.262,0.072,-0.092,-0.039,47.325,-30.605,-14.557
1,359268,0.657,-4.445,-4.700,0.056,-0.105,-0.039,47.135,-30.064,-13.388
1,359272,0.680,-4.372,-4.533,0.078,-0.110,-0.037,47.135,-30.064,-13.388
1,359275,0.680,-4.372,-4.533,0.078,-0.110,-0.037,47.135,-30.064,-13.388
1,359297,0.680,-4.333,-4.064,0.055,-0.108,-0.040,47.077,-30.605,-13.680
1,359328,0.723,-2.209,-3.121,-0.310,-0.149,-0.051,47.077,-30.342,-14.163
1,359331,0.611,-1.567,-2.685,-0.688,-0.178,-0.061,46.901,-30.766,-12.789
1,359388,-0.639,-0.233,-1.092,-1.618,-0.288,-0.062,46.989,-32.666,-9.676
1,359418,0.730,-1.619,-1.371,0.298,-0.138,-0.026,47.457,-33.397,-7.659
1,359421,0.730,-1.619,-1.371,0.298,-0.138,-0.026,47.457,-33.397,-7.659
1,359508,0.715,-3.588,-5.038,0.738,-0.082,-0.061,47.881,-32.286,-10.056
1,359512,0.715,-3.588,-5.038,0.738,-0.082,-0.061,47.881,-32.286,-10.056
1,359515,0.577,-2.745,-4.979,0.786,-0.075,-0.083,48.188,-31.950,-10.494
1,359670,0.426,-5.545,-6.822,0.854,-0.086,-0.075,48.232,-31.804,-11.517
1,359718,0.391,-4.895,-7.268,0.694,-0.086,-0.087,47.486,-31.292,-13.198
1,359778,0.471,-6.282,-7.332,0.531,-0.127,-0.057,47.735,-30.795,-13.315
1,359781,0.325,-4.515,-7.293,0.538,-0.132,-0.062,47.735,-30.795,-13.315
1,359785,0.325,-4.515,-7.293,0.538,-0.132,-0.062,48.232,-30.737,-13.417
1,359807,0.513,-6.571,-7.980,-0.572,-0.247,-0.038,48.553,-31.453,-12.949
1,359811,0.483,-6.516,-8.182,-0.605,-0.261,-0.027,48.553,-31.453,-12.949
1,360001,0.202,-6.050,-9.590,-0.147,-0.208,-0.013,48.422,-32.110,-11.853
1,360018,0.123,-5.627,-9.558,-0.105,-0.219,-0.035,48.465,-32.505,-11.254
1,360022,0.123,-5.627,-9.558,-0.105,-0.219,-0.035,48.465,-32.505,-11.254
1,360025,0.300,-5.542,-9.501,-0.318,-0.225,-0.033,48.465,-32.505,-11.254
1,360151,0.682,-6.377,-11.594,0.261,-0.149,-0.051,49.035,-33.660,-10.304
1,360198,0.601,-7.474,-12.754,-0.043,-0.155,-0.090,49.284,-33.996,-8.974
1,360258,0.347,-8.231,-12.231,-0.153,-0.123,-0.173,48.904,-34.507,-9.179
1,360317,-0.187,-3.998,-7.773,0.640,-0.054,-0.095,48.948,-34.084,-9.149
1,360322,-0.187,-3.998,-7.773,0.640,-0.054,-0.095,49.065,-33.455,-9.632
1,360326,-0.187,-3.998,-7.773,0.640,-0.054,-0.095,49.065,-33.455,-9.632
1,360408,-0.048,-3.578,-6.229,0.461,-0.055,-0.065,48.655,-33.309,-10.392
1,360412,-0.048,-3.578,-6.229,0.461,-0.055,-0.065,48.655,-33.309,-10.392
1,360416,0.007,-3.873,-6.547,0.539,-0.050,-0.062,48.655,-33.309,-10.392
1,360437,0.079,-4.271,-7.089,0.610,-0.035,-0.050,48.904,-33.265,-11.152
1,360468,0.351,-5.777,-8.283,0.568,-0.031,-0.050,48.305,-32.973,-11.985
1,360498,0.523,-7.426,-10.055,0.522,-0.020,-0.053,48.100,-32.447,-12.394
1,360528,0.642,-9.343,-11.937,0.434,-0.012,-0.065,48.495,-32.286,-11.999
1,360588,1.035,-10.531,-14.113,0.617,0.051,-0.103,47.939,-32.110,-13.739
1,360648,0.493,-10.056,-13.234,1.207,0.132,-0.108,47.837,-30.795,-15.449
1,360652,0.463,-9.887,-12.851,1.278,0.133,-0.108,47.574,-29.933,-16.413
1,360656,0.463,-9.887,-12.851,1.278,0.133,-0.108,47.574,-29.933,-16.413
1,360883,1.031,-5.584,-6.933,-0.965,-0.132,-0.043,47.208,-32.344,-12.569
1,360888,1.041,-6.348,-6.936,-1.025,-0.137,-0.032,47.062,-32.637,-12.906
1,360892,1.041,-6.348,-6.936,-1.025,-0.137,-0.032,47.062,-32.637,-12.906
1,361124,0.660,0.229,-2.947,-0.808,-0.121,-0.059,46.828,-33.791,-9.296
1,361159,0.805,-1.047,-2.471,-0.896,-0.137,-0.051,46.682,-35.004,-7.162
1,361162,0.805,-1.047,-2.471,-0.896,-0.137,-0.051,46.682,-35.004,-7.162
1,361166,0.805,-1.047,-2.471,-0.896,-0.137,-0.051,46.872,-34.624,-6.533
1,361187,0.178,-1.080,-2.752,0.231,-0.031,-0.046,46.989,-34.683,-6.855
1,361191,0.178,-1.080,-2.752,0.231,-0.031,-0.046,47.048,-34.215,-6.358
1,361195,0.178,-1.080,-2.752,0.231,-0.031,-0.046,47.048,-34.215,-6.358
1,361217,0.536,-1.612,-3.176,0.067,-0.054,-0.055,46.960,-34.478,-7.498
1,361278,0.615,-2.270,-5.250,-0.115,-0.054,-0.076,46.521,-34.902,-6.928
1,361338,0.333,-2.085,-4.035,0.298,-0.026,-0.077,46.419,-35.136,-6.928
1,361369,0.400,-2.426,-4.314,0.700,-0.016,-0.067,46.434,-35.048,-7.834
1,361604,0.654,-5.695,-8.319,0.313,-0.120,-0.031,46.302,-32.110,-13.329
1,361608,0.541,-6.178,-8.538,-0.090,-0.149,-0.032,46.346,-32.344,-13.037
1,361818,1.226,-4.801,-9.452,-0.397,-0.236,0.018,47.442,-34.347,-9.076
1,362027,0.540,-5.861,-11.767,-0.197,-0.189,-0.093,47.983,-35.750,-6.869
1,362088,-0.010,-4.183,-8.378,0.723,-0.100,-0.066,48.261,-35.852,-7.790
1,362091,-0.010,-4.183,-8.378,0.723,-0.100,-0.066,48.261,-35.852,-7.790
1,362119,-0.104,-3.279,-7.469,0.296,-0.147,-0.065,48.348,-35.399,-8.360
1,362122,-0.104,-3.279,-7.469,0.296,-0.147,-0.065,48.042,-34.668,-7.498
1,362148,-0.074,-3.386,-7.251,-0.101,-0.166,-0.043,48.232,-35.224,-8.170
1,362152,-0.074,-3.386,-7.251,-0.101,-0.166,-0.043,48.232,-35.224,-8.170
1,362156,-0.063,-3.138,-7.332,-0.101,-0.166,-0.045,48.232,-35.224,-8.170
1,362177,0.067,-3.509,-7.236,-0.215,-0.170,-0.045,48.538,-35.618,-7.688
1,362181,0.067,-3.509,-7.236,-0.215,-0.170,-0.045,48.436,-34.727,-7.878
1,362185,0.078,-3.606,-7.172,-0.215,-0.170,-0.039,48.436,-34.727,-7.878
1,362238,0.067,-3.875,-8.309,-0.128,-0.138,-0.031,48.641,-35.574,-6.635
1,362267,0.211,-4.256,-9.397,-0.067,-0.119,-0.028,48.319,-35.560,-7.293
1,362298,0.499,-5.239,-10.397,0.263,-0.072,-0.022,48.436,-35.925,-6.752
1,362302,0.601,-5.554,-10.884,0.263,-0.072,-0.018,48.436,-35.925,-6.752
1,362305,0.601,-5.554,-10.884,0.421,-0.050,-0.018,48.962,-35.881,-7.395
1,362388,1.059,-8.627,-14.851,0.056,-0.040,-0.039,48.042,-34.464,-8.082
1,362392,0.961,-8.703,-15.302,-0.077,-0.042,-0.029,48.261,-34.727,-7.761
1,362395,0.961,-8.703,-15.302,-0.077,-0.042,-0.029,48.261,-34.727,-7.761
1,362417,0.782,-8.894,-15.960,-0.238,-0.039,-0.040,48.465,-35.267,-7.542
1,362449,0.324,-8.296,-15.958,-0.002,0.004,-0.034,48.261,-34.858,-7.410
1,362582,0.604,-4.216,-9.203,1.580,0.111,0.027,47.764,-33.879,-9.792
1,362804,0.451,-5.476,-6.989,0.231,-0.009,-0.038,47.647,-31.555,-12.730
1,362808,0.451,-5.476,-6.989,0.231,-0.009,-0.038,47.457,-31.687,-13.052
1,362812,0.519,-5.580,-6.870,0.067,-0.011,-0.051,47.457,-31.687,-13.052
1,362815,0.519,-5.580,-6.870,0.067,-0.011,-0.051,47.457,-31.687,-13.052
1,362941,0.462,-5.213,-6.560,0.513,0.021,-0.070,47.121,-32.856,-11.400
1,362958,0.495,-5.099,-6.251,0.431,0.005,-0.066,47.223,-32.564,-11.999
1,362962,0.495,-5.099,-6.251,0.431,0.005,-0.066,47.223,-32.564,-11.999
1,363069,-0.130,0.024,-3.119,-1.506,-0.200,-0.065,46.799,-33.718,-9.427
1,363138,-0.033,0.890,-1.942,1.800,0.029,-0.020,47.165,-33.441,-8.813
1,363168,0.274,-1.464,-2.680,0.825,-0.053,-0.011,47.135,-33.061,-9.602
1,363171,0.274,-1.464,-2.675,0.825,-0.053,-0.011,47.135,-32.607,-9.500
1,363199,0.276,-0.967,-2.472,0.805,-0.049,-0.033,46.945,-32.593,-10.640
1,363305,0.804,-4.848,-5.978,1.018,-0.075,0.002,47.515,-30.824,-12.745
1,363318,0.684,-4.499,-6.055,1.092,-0.049,-0.021,47.004,-31.160,-12.862
1,363322,0.535,-4.064,-6.011,0.969,-0.040,-0.053,47.223,-30.883,-13.183
1,363326,0.535,-4.064,-6.011,0.969,-0.040,-0.053,47.223,-30.883,-13.183
1,363347,0.858,-6.435,-6.773,0.281,-0.125,-0.032,47.384,-30.707,-13.753
1,363438,0.603,-8.084,-7.414,0.002,-0.161,-0.032,47.471,-30.795,-15.186
1,363442,0.603,-8.084,-7.414,0.002,-0.161,-0.032,47.588,-30.284,-14.177
1,363499,0.596,-7.030,-8.479,0.360,-0.154,-0.006,47.238,-30.108,-15.215
1,363528,0.997,-8.552,-8.636,0.893,-0.126,0.002,47.428,-30.035,-16.136
1,363588,0.566,-7.704,-7.760,-0.020,-0.214,0.006,47.939,-29.202,-17.173
1,363592,0.566,-7.704,-7.760,-0.020,-0.214,0.006,47.939,-29.202,-17.173
1,363595,0.401,-7.074,-8.252,-0.210,-0.219,0.002,47.939,-29.202,-17.173
1,363619,0.224,-7.573,-8.347,-0.329,-0.232,0.006,47.881,-29.290,-16.910
1,363648,0.380,-8.626,-8.169,-0.418,-0.241,-0.001,47.881,-29.217,-15.989
1,363652,0.385,-8.087,-8.393,-0.232,-0.227,0.012,47.647,-29.260,-15.317
1,363656,0.385,-8.087,-8.393,-0.232,-0.227,0.012,47.647,-29.260,-15.317
1,363708,0.724,-7.863,-8.365,0.393,-0.160,0.020,47.939,-29.655,-15.887
1,363712,0.686,-7.015,-8.356,0.367,-0.160,0.023,48.699,-29.509,-16.179
1,363715,0.686,-7.015,-8.356,0.367,-0.160,0.023,48.699,-29.509,-16.179
1,363738,0.692,-7.011,-8.483,-0.120,-0.215,0.009,48.524,-29.787,-15.463
1,363742,0.713,-7.277,-8.469,-0.467,-0.246,0.007,48.524,-29.787,-15.463
1,363872,0.703,-7.231,-10.146,-0.150,-0.155,-0.040,48.597,-30.430,-13.373
1,363888,0.677,-7.702,-10.167,-0.210,-0.150,-0.040,48.904,-31.424,-13.739
1,363892,0.677,-7.702,-10.167,-0.210,-0.150,-0.040,48.904,-31.424,-13.739
1,363978,0.150,-8.234,-9.567,-0.079,-0.087,-0.055,48.553,-32.184,-12.745
1,363982,0.150,-8.234,-9.567,-0.079,-0.087,-0.055,48.875,-31.540,-12.686
1,363986,0.129,-8.131,-9.245,0.162,-0.050,-0.057,48.875,-31.540,-12.686
1,364007,-0.004,-7.542,-8.913,0.432,-0.016,-0.059,48.597,-31.862,-12.569
1,364011,-0.004,-7.542,-8.913,0.432,-0.016,-0.059,48.597,-31.862,-12.569
1,364015,-0.054,-7.068,-8.583,0.443,-0.018,-0.061,48.597,-31.862,-12.569
1,364038,0.049,-6.680,-7.919,0.186,-0.033,-0.067,48.670,-31.745,-13.666
1,364041,0.049,-6.680,-7.919,0.186,-0.033,-0.067,48.261,-31.526,-13.885
1,364068,0.062,-5.952,-7.755,-0.280,-0.057,-0.071,48.319,-31.862,-13.695
1,364072,0.157,-5.992,-7.488,-0.280,-0.057,-0.071,48.319,-31.862,-13.695
1,364076,0.157,-5.992,-7.488,-0.382,-0.071,-0.076,48.319,-31.862,-13.695
1,364097,0.201,-5.754,-7.390,-0.414,-0.057,-0.070,47.939,-32.067,-13.110
1,364159,0.400,-4.757,-7.414,-0.246,-0.032,-0.071,47.735,-32.593,-12.569
1,364162,0.376,-4.702,-7.346,-0.321,-0.042,-0.076,47.735,-32.593,-12.569
1,364166,0.376,-4.702,-7.346,-0.321,-0.042,-0.076,48.290,-32.257,-11.839
1,364188,0.485,-4.910,-7.189,-0.453,-0.051,-0.077,47.968,-32.666,-11.210
1,364218,0.500,-4.856,-7.116,-0.248,-0.037,-0.076,48.305,-32.739,-10.962
1,364222,0.498,-4.856,-7.116,-0.161,-0.033,-0.077,48.305,-32.739,-10.962
1,364225,0.498,-4.856,-7.116,-0.161,-0.033,-0.077,47.939,-33.148,-10.976
1,364249,0.463,-4.248,-7.105,-0.100,-0.023,-0.067,47.954,-33.148,-10.246
1,364355,0.213,-2.911,-6.815,-0.684,-0.090,-0.042,47.530,-34.361,-8.813
1,364369,0.232,-3.064,-6.955,-0.447,-0.087,-0.027,47.442,-34.420,-8.857
1,364372,0.232,-3.064,-6.955,-0.447,-0.087,-0.027,47.764,-34.449,-8.375
1,364458,0.617,-7.304,-12.322,0.270,-0.082,0.056,47.735,-34.449,-8.769
1,364462,0.617,-7.304,-12.322,0.270,-0.082,0.056,47.735,-34.449,-8.769
1,364671,0.243,-6.335,-10.155,0.341,-0.062,0.070,48.129,-31.409,-14.075
1,364758,0.652,-6.203,-6.786,1.357,0.023,0.071,48.568,-29.524,-17.963
1,364762,0.652,-6.203,-6.786,1.357,0.023,0.071,48.568,-29.524,-17.963
1,364765,0.652,-6.203,-6.786,1.357,0.023,0.071,48.597,-28.924,-18.591
1,364788,0.481,-5.999,-5.972,0.429,-0.059,0.060,48.582,-28.544,-19.176
1,364791,0.481,-5.999,-5.972,0.429,-0.059,0.060,48.582,-28.544,-19.176
1,364795,0.481,-6.218,-5.888,0.429,-0.059,0.060,48.582,-28.544,-19.176
1,365125,0.703,-3.435,-3.904,0.522,-0.013,-0.026,48.626,-30.371,-12.935
1,365178,0.378,-3.328,-3.538,-1.560,-0.178,-0.062,49.386,-31.497,-8.039
1,365182,0.378,-3.328,-3.538,-1.560,-0.178,-0.062,49.401,-31.614,-10.436
1,365185,0.378,-3.328,-3.538,-1.560,-0.178,-0.062,49.401,-31.614,-10.436
1,365208,0.329,-2.595,-3.681,-0.855,-0.105,-0.060,49.211,-32.812,-10.246
1,365268,0.635,-3.692,-4.987,0.227,-0.021,-0.062,49.050,-32.856,-9.880
1,365272,0.635,-3.692,-4.987,0.227,-0.021,-0.062,49.050,-32.856,-9.880
1,365358,-0.103,-2.611,-4.215,0.495,0.004,-0.090,48.714,-32.052,-11.736
1,365388,-0.300,-2.579,-4.178,0.525,-0.018,-0.082,48.480,-31.833,-12.131
1,365392,-0.300,-3.048,-4.460,0.525,-0.018,-0.082,48.480,-31.833,-12.131
1,365395,-0.270,-3.048,-4.460,0.547,-0.028,-0.077,48.480,-31.833,-12.131
1,365418,-0.342,-4.015,-5.255,0.679,-0.039,-0.048,48.728,-31.526,-12.920
1,365525,-0.226,-4.510,-6.208,0.711,-0.079,-0.044,48.056,-29.231,-15.989
1,365539,-0.118,-5.338,-6.462,0.480,-0.122,-0.034,48.392,-29.407,-16.179
1,365541,0.051,-6.390,-6.462,0.354,-0.140,-0.026,48.392,-29.407,-16.179
1,365568,0.282,-5.639,-7.056,0.623,-0.100,-0.046,48.042,-28.939,-17.173
1,365628,0.115,-7.470,-8.097,-0.110,-0.175,-0.040,48.743,-29.494,-16.428
1,365632,0.115,-7.470,-8.097,-0.110,-0.175,-0.040,48.568,-29.027,-16.603
1,365635,0.115,-7.470,-8.097,-0.110,-0.175,-0.040,48.568,-29.027,-16.603
1,365658,0.115,-8.444,-7.754,0.068,-0.173,-0.060,48.261,-29.962,-16.399
1,365718,-0.035,-7.121,-8.898,-0.122,-0.197,-0.048,48.509,-29.977,-16.457
1,365927,1.022,-9.184,-10.034,-0.070,-0.088,-0.100,48.305,-30.313,-16.516
1,365958,0.968,-9.125,-9.855,0.089,-0.079,-0.117,48.319,-30.386,-16.282
1,366018,0.416,-8.388,-9.252,0.508,-0.007,-0.128,47.939,-30.517,-17.217
1,366125,0.353,-6.376,-7.755,-0.315,-0.050,-0.130,47.471,-30.488,-16.808
1,366138,0.470,-6.199,-7.451,-0.347,-0.054,-0.136,47.223,-31.087,-16.691
1,366198,0.895,-5.927,-6.738,0.206,0.011,-0.127,46.507,-30.751,-16.647
1,366228,0.968,-5.476,-6.522,0.280,0.020,-0.131,46.551,-30.620,-16.925
1,366289,1.090,-5.283,-6.126,-0.044,-0.002,-0.137,46.258,-30.664,-16.340
1,366292,1.083,-5.084,-6.112,-0.044,-0.005,-0.138,46.258,-30.664,-15.916
1,366295,1.083,-5.084,-6.112,-0.110,-0.005,-0.138,46.858,-30.927,-15.916
1,366481,0.709,-6.368,-9.681,0.465,-0.038,0.016,45.805,-32.096,-14.733
1,366499,0.946,-7.539,-10.946,0.319,-0.051,0.037,45.776,-32.140,-14.820
1,366708,1.352,-11.099,-10.930,-0.346,-0.089,0.093,45.995,-30.357,-19.278
1,366798,1.073,-6.528,-6.981,0.490,-0.020,0.103,46.668,-28.764,-20.900
1,366905,0.967,-5.746,-5.225,-1.111,-0.167,0.090,47.852,-30.108,-18.328
1,366948,0.566,-5.267,-5.313,0.076,-0.067,0.070,47.852,-30.050,-16.983
1,366952,0.566,-5.267,-5.313,0.076,-0.067,0.070,47.852,-30.050,-16.983
1,366956,0.566,-5.267,-5.313,0.076,-0.067,0.070,48.100,-29.830,-16.852
1,366978,0.675,-5.320,-4.814,0.413,-0.043,0.057,48.012,-29.480,-17.129
1,366982,0.675,-5.320,-4.814,0.413,-0.043,0.057,48.012,-29.480,-17.129
1,367088,0.431,-4.580,-3.507,0.596,-0.037,0.016,47.822,-28.164,-19.220
1,367097,0.372,-3.918,-3.136,0.593,-0.043,0.011,47.822,-28.164,-19.220
1,367128,0.296,-2.660,-2.423,-0.040,-0.088,-0.018,48.012,-28.910,-18.854
1,367132,0.296,-2.660,-2.423,-0.040,-0.088,-0.018,48.012,-28.910,-18.854
1,367135,0.261,-1.481,-2.227,-0.501,-0.131,-0.024,48.012,-28.910,-18.854
1,367188,0.103,-2.018,-2.412,-1.765,-0.276,-0.038,48.027,-30.985,-14.353
1,367249,0.108,-0.261,-2.634,0.616,-0.094,0.010,47.852,-30.444,-15.361
1,367338,0.231,-2.644,-3.893,0.509,-0.064,-0.089,48.100,-29.655,-17.129
1,367342,0.231,-2.644,-3.893,0.329,-0.070,-0.089,48.100,-29.655,-17.129
1,367345,0.231,-2.644,-3.893,0.329,-0.070,-0.089,48.042,-29.684,-17.027
1,367573,0.237,-7.074,-6.756,1.993,-0.022,0.032,48.115,-28.296,-20.593
1,367638,0.406,-7.189,-6.537,0.896,-0.105,0.020,48.027,-27.390,-22.289
1,367642,0.170,-7.624,-6.883,0.728,-0.126,0.017,48.027,-27.390,-22.289
1,367668,0.162,-7.924,-6.757,0.193,-0.183,0.028,48.612,-27.814,-23.180
1,368083,-0.050,-4.537,-5.921,-1.502,-0.188,-0.088,49.050,-32.490,-11.897
1,368293,-0.331,2.595,-6.818,-6.041,-0.512,-0.098,50.205,-51.637,0.029
1,368298,-0.353,1.860,-6.541,-6.621,-0.566,-0.093,50.205,-51.637,0.029
1,368302,-0.353,1.860,-6.541,-6.621,-0.566,-0.093,50.424,-53.595,-0.234
1,368305,-0.353,1.860,-6.541,-6.621,-0.566,-0.093,50.424,-53.595,-0.234
1,368329,-0.337,3.996,-6.093,-6.815,-0.578,-0.075,50.526,-56.752,-3.859
1,368461,-0.239,7.472,1.055,-4.904,-0.486,-0.050,51.403,-66.355,-38.191
1,368508,-0.864,8.882,2.834,-3.896,-0.428,-0.042,51.564,-66.267,-48.232
1,368512,-0.700,8.935,3.111,-3.896,-0.419,-0.037,51.564,-66.267,-48.232
