1,441553,0.321,7.853,6.781,-2.518,-0.027,-0.032,-52.616,-61.137,55.963
1,441557,0.321,7.853,6.781,-2.518,-0.027,-0.032,-52.616,-61.137,55.963
1,441561,0.316,7.585,7.013,-2.657,-0.020,-0.040,-52.280,-60.932,54.297
1,441667,0.272,4.301,8.564,-1.444,-0.099,-0.007,-52.587,-57.951,44.914
1,441737,0.229,4.409,8.954,-0.230,-0.162,0.026,-52.748,-57.279,43.058
1,441767,0.294,5.131,9.237,-0.439,-0.158,0.017,-52.689,-57.132,42.868
1,441771,0.294,5.131,9.237,-0.439,-0.158,0.017,-52.952,-56.299,42.575
1,441774,0.242,5.017,9.308,-0.588,-0.155,0.018,-52.952,-56.299,42.575
1,441796,0.290,4.761,9.212,-0.903,-0.147,0.012,-53.069,-56.314,41.844
1,441827,0.432,4.496,9.407,-1.337,-0.125,-0.004,-52.850,-56.007,40.354
1,441856,0.368,3.692,9.864,-1.723,-0.121,-0.013,-52.689,-54.750,38.688
1,441887,0.370,2.146,9.864,-1.530,-0.134,-0.010,-52.806,-54.458,37.489
1,441890,0.306,2.014,10.063,-1.530,-0.134,-0.007,-52.806,-53.669,37.387
1,441894,0.306,2.014,10.063,-1.343,-0.138,-0.007,-52.470,-53.669,37.387
1,441916,0.310,1.754,10.223,-0.966,-0.167,-0.001,-53.040,-53.142,37.431
1,441947,0.397,1.563,9.815,-0.368,-0.205,0.016,-52.645,-52.821,36.729
1,441951,0.419,1.546,9.896,-0.165,-0.204,0.022,-52.645,-52.821,36.729
1,441954,0.419,1.546,9.896,-0.165,-0.204,0.022,-52.631,-52.967,36.904
1,441976,0.378,1.802,10.027,0.208,-0.217,0.029,-52.821,-52.923,36.393
1,442067,0.677,2.767,9.447,0.093,-0.206,0.037,-53.215,-53.318,37.445
1,442071,0.677,2.767,9.447,0.093,-0.206,0.037,-53.215,-53.318,37.445
1,442177,0.599,1.859,9.454,-0.618,-0.162,0.015,-53.669,-52.470,36.451
1,442277,0.599,1.552,9.686,0.073,-0.150,0.018,-53.859,-51.988,36.334
1,442367,0.781,1.622,10.022,-0.470,-0.089,-0.006,-53.859,-51.008,36.115
1,442371,0.781,1.539,9.970,-0.485,-0.084,-0.010,-53.698,-50.702,35.969
1,442374,0.781,1.539,9.970,-0.485,-0.084,-0.010,-53.698,-50.702,35.969
1,442396,0.858,1.229,9.876,-0.465,-0.075,-0.011,-54.165,-50.775,35.487
1,442457,1.010,1.283,9.532,0.148,-0.083,0.002,-53.508,-50.643,35.764
1,442460,1.016,1.260,9.430,0.182,-0.078,0.005,-53.508,-50.643,35.764
1,442464,1.016,1.260,9.430,0.182,-0.078,0.005,-53.508,-50.643,35.764
1,442487,0.976,1.473,9.264,0.172,-0.066,-0.007,-53.654,-50.409,35.837
1,442546,0.864,2.022,9.361,0.127,-0.043,-0.006,-53.932,-51.082,36.144
1,442637,0.720,1.462,9.800,-1.255,0.009,-0.037,-53.873,-49.298,34.376
1,442640,0.720,1.462,9.800,-1.255,0.009,-0.037,-53.698,-49.167,34.376
1,442666,0.532,0.339,9.880,-1.308,0.024,-0.027,-54.005,-48.553,34.084
1,442670,0.532,0.339,9.880,-1.308,0.024,-0.027,-54.005,-48.553,34.084
1,442674,0.482,0.103,10.058,-1.197,0.021,-0.029,-53.727,-48.363,33.937
1,442799,0.698,-0.004,10.324,0.859,-0.097,0.012,-54.063,-48.889,32.739
1,442847,0.794,0.601,10.916,0.991,-0.111,0.011,-53.289,-49.123,33.645
1,442851,0.836,0.841,10.847,0.968,-0.117,0.013,-53.289,-49.123,33.645
1,442958,0.879,1.158,9.805,0.842,-0.147,0.022,-53.975,-50.585,34.990
1,443027,0.735,2.321,10.086,0.546,-0.140,0.020,-53.405,-51.257,35.297
1,443031,0.735,2.321,10.086,0.546,-0.140,0.020,-53.084,-50.921,36.115
1,443137,0.537,1.828,9.417,-0.904,-0.092,-0.020,-53.391,-50.965,35.034
1,443237,0.550,1.138,9.771,-1.059,-0.090,-0.022,-53.669,-48.626,34.347
1,443241,0.583,1.105,9.762,-1.172,-0.088,-0.031,-53.669,-48.626,34.347
1,443244,0.583,1.105,9.762,-1.172,-0.088,-0.031,-53.669,-48.626,34.347
1,443266,0.532,0.885,9.709,-1.454,-0.075,-0.045,-53.347,-47.749,33.777
1,443327,0.293,-1.362,9.842,-1.169,-0.082,-0.038,-53.625,-46.200,33.236
1,443331,0.304,-1.529,9.821,-0.991,-0.099,-0.029,-53.625,-46.200,33.236
1,443356,0.388,-1.589,9.696,-0.652,-0.112,-0.035,-53.581,-45.601,33.455
1,443490,0.617,-1.719,10.058,-1.174,-0.077,-0.053,-53.742,-44.797,34.391
1,443507,0.683,-1.844,9.913,-1.513,-0.062,-0.076,-53.844,-43.496,34.551
1,443510,0.683,-1.844,9.913,-1.513,-0.062,-0.076,-53.844,-43.496,34.551
1,443514,0.702,-2.126,9.773,-1.676,-0.056,-0.077,-53.844,-43.496,34.551
1,443639,0.916,-3.762,8.997,-0.326,-0.093,-0.035,-53.625,-41.158,35.267
1,443657,0.907,-3.783,9.331,0.022,-0.108,-0.022,-53.712,-41.669,35.764
1,443661,0.968,-3.319,9.281,0.022,-0.108,-0.024,-53.712,-41.669,35.764
1,443664,0.968,-3.319,9.281,0.142,-0.122,-0.024,-53.712,-41.669,35.764
1,443686,0.976,-2.953,8.931,0.090,-0.125,-0.023,-53.274,-41.728,35.633
1,443690,0.920,-2.998,8.801,0.090,-0.125,-0.020,-53.303,-41.552,35.457
1,443899,0.330,-4.116,9.170,-0.519,-0.034,-0.020,-54.224,-40.178,37.226
1,443957,0.328,-4.283,9.042,-0.478,-0.027,-0.013,-53.932,-39.988,36.934
1,443960,0.328,-4.283,9.042,-0.478,-0.027,-0.013,-54.034,-39.798,37.781
1,444067,0.546,-4.829,8.679,-1.328,0.012,-0.024,-53.844,-38.454,38.746
1,444077,0.544,-4.947,8.481,-1.489,0.017,-0.031,-54.122,-38.088,39.608
1,444081,0.544,-5.271,8.277,-1.489,0.017,-0.031,-54.122,-38.088,39.608
1,444084,0.514,-5.271,8.277,-1.658,0.023,-0.040,-53.829,-37.708,40.149
1,444312,0.211,-6.187,6.756,-1.003,-0.016,-0.009,-53.055,-34.990,46.507
1,444480,-0.169,-7.783,6.263,0.619,-0.090,0.038,-53.069,-34.040,49.942
1,444557,-0.079,-8.091,6.511,0.184,-0.075,0.016,-52.923,-34.011,49.605
1,444561,-0.124,-8.003,6.585,0.270,-0.076,0.013,-53.128,-34.069,49.562
1,444564,-0.124,-8.003,6.585,0.270,-0.076,0.013,-53.128,-34.069,49.562
1,444586,-0.065,-7.804,6.589,0.420,-0.090,0.017,-53.493,-33.937,48.933
1,444590,-0.048,-7.738,6.518,0.492,-0.098,0.018,-53.493,-33.937,48.933
1,444593,-0.048,-7.738,6.518,0.492,-0.098,0.018,-53.493,-33.937,48.933
1,444617,-0.031,-7.741,6.532,0.681,-0.103,0.018,-53.391,-34.113,48.100
1,444723,0.030,-6.092,7.653,2.294,-0.188,0.044,-52.909,-36.495,41.611
1,444767,0.138,-5.573,9.002,2.312,-0.189,0.044,-52.762,-38.030,39.184
1,444797,0.286,-4.604,9.340,1.929,-0.199,0.023,-53.201,-38.878,37.431
1,444827,0.372,-4.526,10.135,1.392,-0.167,0.010,-53.230,-39.404,37.007
1,444916,0.409,-3.727,11.493,-0.349,-0.133,-0.045,-53.332,-40.164,35.341
1,445024,-0.176,-6.215,10.253,-0.516,-0.138,-0.059,-53.172,-38.118,38.541
1,445097,-0.262,-5.521,9.727,0.027,-0.134,-0.054,-53.142,-38.074,39.214
1,445101,-0.234,-5.267,9.553,-0.109,-0.127,-0.053,-52.850,-37.971,39.214
1,445104,-0.234,-5.267,9.553,-0.109,-0.127,-0.053,-52.850,-37.971,39.214
1,445126,-0.329,-5.771,9.080,-0.520,-0.101,-0.053,-53.449,-37.986,39.053
1,445187,-0.084,-6.925,8.264,0.226,-0.108,-0.038,-53.391,-37.723,39.594
1,445217,0.037,-6.883,8.398,0.696,-0.105,-0.004,-53.522,-37.840,39.901
1,445221,0.037,-6.883,8.398,0.696,-0.105,-0.004,-53.099,-37.489,39.433
1,445224,0.037,-6.883,8.398,0.696,-0.105,-0.004,-53.099,-37.489,39.433
1,445247,0.090,-6.456,8.353,1.106,-0.123,-0.005,-53.362,-38.234,38.790
1,445250,0.090,-6.456,8.353,1.106,-0.123,-0.005,-53.362,-38.234,38.790
1,445254,0.090,-6.036,8.311,1.106,-0.123,-0.005,-53.362,-38.234,38.790
1,445276,0.066,-5.286,8.459,1.125,-0.106,0.005,-53.669,-38.439,38.001
1,445307,0.081,-5.342,8.553,0.810,-0.092,-0.011,-53.522,-38.878,37.679
1,445311,0.081,-5.342,8.553,0.810,-0.092,-0.011,-53.522,-38.878,37.679
1,445314,0.017,-5.425,8.655,0.811,-0.081,-0.006,-53.522,-38.878,37.679
1,445336,-0.014,-5.342,8.796,0.958,-0.089,-0.001,-53.405,-39.769,36.758
1,445367,0.098,-4.497,8.792,1.256,-0.098,0.002,-52.865,-40.076,36.013
1,445397,0.126,-3.722,9.170,1.027,-0.083,-0.002,-53.040,-40.778,34.931
1,445426,0.030,-3.278,9.109,0.501,-0.056,-0.022,-53.084,-40.441,34.946
1,445457,0.080,-3.197,9.109,-0.067,-0.026,-0.033,-53.332,-41.114,34.478
1,445460,0.069,-3.246,9.112,-0.247,-0.016,-0.040,-53.332,-41.114,34.478
1,445464,0.069,-3.246,9.112,-0.247,-0.016,-0.040,-53.332,-41.114,34.478
1,445487,0.031,-3.570,9.151,-0.522,0.004,-0.049,-53.084,-40.310,34.873
1,445491,-0.043,-3.840,9.151,-0.582,0.006,-0.045,-52.412,-39.798,35.180
1,445495,-0.043,-3.840,9.151,-0.582,0.006,-0.045,-52.412,-39.798,35.180
1,445516,-0.078,-4.342,9.050,-0.512,0.005,-0.046,-52.879,-40.091,34.975
1,445547,0.029,-4.290,9.057,-0.149,-0.011,-0.038,-53.113,-40.061,34.946
1,445550,0.025,-4.313,9.031,-0.027,-0.015,-0.033,-51.973,-39.462,35.151
1,445607,-0.072,-4.082,9.022,0.508,-0.039,-0.026,-53.142,-40.588,35.209
1,445611,-0.072,-4.082,9.022,0.508,-0.039,-0.026,-53.142,-40.588,35.209
1,445637,-0.039,-3.748,9.052,0.691,-0.049,-0.031,-52.879,-40.909,34.259
1,445640,-0.039,-3.748,9.052,0.691,-0.049,-0.031,-52.879,-40.909,34.259
1,445697,-0.026,-2.668,8.995,0.275,-0.042,-0.046,-52.558,-40.734,34.814
1,445701,-0.026,-2.668,8.995,0.275,-0.042,-0.046,-52.470,-40.734,34.814
1,445705,-0.037,-2.736,9.002,0.275,-0.042,-0.046,-52.470,-40.734,34.814
1,445727,-0.018,-2.916,8.977,-0.308,-0.031,-0.065,-52.733,-40.968,34.581
1,445731,-0.018,-2.916,8.977,-0.308,-0.031,-0.065,-52.733,-40.968,34.581
1,445734,-0.069,-2.901,8.941,-0.475,-0.027,-0.073,-52.572,-41.070,34.551
1,445756,-0.130,-2.869,8.837,-0.822,-0.013,-0.079,-52.222,-40.734,34.551
1,445760,-0.130,-2.869,8.837,-0.822,-0.013,-0.079,-52.295,-40.120,34.990
1,445763,-0.098,-2.965,8.700,-1.021,-0.012,-0.082,-52.295,-40.120,34.990
1,445847,-0.209,-5.477,8.246,-1.454,-0.007,-0.094,-52.397,-38.454,37.621
1,445851,-0.182,-5.618,8.043,-1.454,-0.007,-0.094,-52.397,-38.454,37.621
1,445854,-0.182,-5.618,8.043,-1.315,-0.031,-0.093,-52.397,-38.454,37.621
1,445876,-0.139,-5.798,7.773,-1.047,-0.038,-0.090,-52.148,-37.752,38.205
1,445907,-0.217,-6.054,7.915,-0.610,-0.072,-0.083,-52.397,-37.971,39.564
1,445911,-0.089,-5.929,7.644,-0.448,-0.088,-0.087,-52.397,-37.971,39.564
1,445997,0.022,-4.252,6.366,0.461,-0.145,-0.065,-52.222,-37.694,39.433
1,446103,0.236,-3.564,4.850,-0.640,-0.095,-0.099,-52.280,-36.554,41.391
1,446147,0.294,-5.147,5.976,-0.726,-0.079,-0.105,-52.441,-35.721,41.888
1,446151,0.294,-5.147,5.976,-0.726,-0.079,-0.105,-52.236,-35.326,41.844
1,446154,0.223,-5.270,6.120,-0.726,-0.079,-0.109,-52.236,-35.326,41.844
1,446176,0.178,-5.304,6.465,-0.358,-0.093,-0.104,-52.572,-36.203,41.932
1,446180,0.178,-5.304,6.465,-0.358,-0.093,-0.104,-52.572,-36.203,41.932
1,446183,0.282,-5.378,6.589,-0.358,-0.093,-0.099,-52.572,-36.203,41.932
1,446207,0.226,-5.545,6.536,0.061,-0.134,-0.098,-52.441,-36.305,42.108
1,446209,0.226,-5.545,6.536,0.061,-0.134,-0.098,-52.441,-36.305,42.108
1,446236,0.163,-5.306,6.102,0.420,-0.162,-0.088,-52.412,-36.291,43.350
1,446240,0.163,-5.306,6.102,0.420,-0.162,-0.088,-52.412,-36.291,43.350
1,446244,0.385,-5.441,6.079,0.481,-0.167,-0.092,-52.412,-36.291,43.350
1,446296,0.164,-5.301,6.402,1.035,-0.221,-0.081,-53.274,-36.861,42.108
1,446300,0.164,-5.301,6.402,1.035,-0.221,-0.081,-53.099,-36.744,42.707
1,446303,0.413,-4.873,6.112,1.043,-0.228,-0.089,-53.099,-36.744,42.707
1,446357,0.262,-4.330,5.398,0.266,-0.203,-0.106,-53.142,-37.357,40.792
1,446361,0.590,-4.841,5.423,0.093,-0.182,-0.122,-53.464,-37.343,40.865
1,446364,0.590,-4.841,5.423,0.093,-0.182,-0.122,-53.464,-37.343,40.865
1,446386,0.438,-5.462,6.908,0.140,-0.125,-0.105,-53.522,-37.431,40.938
1,446390,0.093,-5.734,7.074,0.232,-0.162,-0.095,-53.522,-37.431,40.938
1,446393,0.093,-5.734,7.074,0.232,-0.162,-0.095,-53.522,-37.431,40.938
1,446417,0.337,-4.916,5.110,0.327,-0.249,-0.128,-53.639,-37.372,40.734
1,446420,0.756,-4.883,5.006,0.313,-0.216,-0.139,-53.683,-36.758,40.807
1,446424,0.756,-4.883,5.006,0.313,-0.216,-0.139,-53.683,-36.758,40.807
1,446447,0.485,-5.545,7.519,0.502,-0.125,-0.092,-53.669,-37.255,40.558
1,446506,0.202,-4.924,8.542,0.436,-0.194,-0.082,-53.888,-38.220,40.544
1,446510,0.202,-4.924,8.542,0.436,-0.194,-0.082,-53.888,-38.220,40.544
1,446514,0.202,-4.924,8.542,0.436,-0.194,-0.082,-53.888,-38.220,40.544
1,446639,0.188,-6.389,7.706,-0.687,-0.161,-0.177,-53.946,-37.109,41.684
1,446657,-0.060,-6.766,7.898,-0.423,-0.199,-0.138,-54.122,-37.314,42.312
1,446687,0.254,-6.543,7.001,-0.182,-0.208,-0.161,-54.385,-37.401,42.575
1,446793,0.408,-7.278,8.508,-0.374,-0.181,-0.170,-55.072,-37.226,43.759
1,446867,0.875,-6.998,8.186,-0.740,-0.166,-0.165,-55.042,-37.021,44.665
1,446871,0.767,-7.755,8.046,-0.776,-0.167,-0.137,-55.042,-37.021,44.665
1,446977,0.881,-7.364,6.713,-0.279,-0.155,-0.098,-55.305,-36.203,47.179
1,447047,0.934,-8.763,7.085,-0.066,-0.123,-0.076,-55.685,-35.794,47.442
1,447051,0.934,-8.763,7.085,-0.066,-0.123,-0.076,-55.685,-35.794,47.442
1,447054,1.070,-7.835,7.016,0.042,-0.106,-0.075,-55.685,-35.794,47.442
1,447077,0.964,-7.866,7.320,-0.013,-0.075,-0.012,-55.452,-35.881,47.705
1,447081,0.964,-7.866,7.320,-0.013,-0.075,-0.012,-55.305,-35.194,47.822
1,447084,0.991,-8.550,7.451,-0.070,-0.066,-0.004,-55.305,-35.194,47.822
1,447106,0.966,-8.752,7.641,0.040,-0.067,-0.035,-55.671,-36.115,47.296
1,447167,1.126,-7.738,7.554,0.308,-0.037,0.020,-55.890,-36.057,47.574
1,447170,1.126,-7.738,7.628,0.308,-0.037,0.020,-55.890,-36.057,47.574
1,447174,1.074,-7.730,7.628,0.259,-0.028,0.031,-55.890,-36.057,47.574
1,447299,1.491,-5.776,8.553,0.976,-0.023,0.105,-55.627,-36.554,43.891
1,447317,1.458,-5.375,8.688,0.738,0.000,0.082,-55.086,-36.744,43.730
1,447377,1.253,-5.824,9.056,-0.312,0.054,0.075,-54.502,-36.539,43.745
1,447380,1.253,-5.824,9.056,-0.312,0.054,0.075,-54.502,-36.539,43.745
1,447384,1.253,-5.824,9.056,-0.312,0.054,0.075,-54.502,-36.539,43.745
1,447407,1.061,-6.385,8.782,-0.002,0.034,0.097,-54.370,-36.510,43.028
1,447497,0.188,-7.027,8.078,-0.281,0.054,0.127,-54.224,-36.086,44.329
1,447661,-0.170,-7.921,8.936,-0.594,0.068,0.079,-53.113,-35.399,44.198
1,447737,-0.171,-8.819,8.788,-0.173,0.032,0.046,-52.982,-35.341,44.388
1,447870,0.121,-7.178,9.135,1.038,-0.108,0.028,-52.777,-36.510,40.529
1,447917,-0.156,-8.097,9.013,0.443,-0.083,0.006,-52.499,-36.714,39.579
1,447920,-0.156,-8.097,9.013,0.443,-0.083,0.006,-52.499,-36.714,39.579
1,447924,-0.095,-8.016,8.902,0.443,-0.083,0.000,-52.499,-36.714,39.579
1,448049,-0.102,-4.889,8.741,1.152,-0.116,-0.018,-52.178,-38.483,36.831
1,448201,0.007,-4.202,8.764,-0.033,-0.035,-0.034,-52.046,-39.491,34.581
1,448217,-0.144,-4.442,8.989,0.040,-0.038,-0.027,-51.900,-39.681,34.551
1,448221,-0.144,-4.442,8.989,0.161,-0.050,-0.016,-51.900,-39.243,34.756
1,448225,-0.144,-4.442,8.989,0.161,-0.050,-0.016,-51.900,-39.243,34.756
1,448247,-0.124,-3.464,8.701,0.324,-0.068,-0.015,-52.178,-39.564,34.230
1,448307,-0.322,-4.545,8.560,0.114,-0.056,-0.022,-52.061,-39.813,34.025
1,448367,-0.293,-3.794,8.411,0.375,-0.065,-0.015,-51.710,-39.959,34.303
1,448427,-0.530,-3.968,8.493,0.701,-0.078,-0.005,-51.725,-40.500,34.201
1,448431,-0.530,-3.968,8.493,0.701,-0.078,-0.005,-51.725,-40.500,34.201
1,448434,-0.528,-3.802,8.495,0.783,-0.083,-0.001,-51.725,-40.500,34.201
1,448487,-0.690,-2.770,8.926,0.308,-0.067,-0.021,-51.666,-41.026,32.914
1,448547,-1.161,-3.907,8.966,-0.739,-0.022,-0.051,-51.929,-40.281,33.733
1,448551,-1.110,-4.041,9.042,-0.735,-0.031,-0.053,-51.008,-39.667,33.689
1,448658,-0.794,-3.854,8.093,-0.098,-0.083,-0.051,-51.973,-39.418,34.347
1,448697,-0.244,-3.874,7.473,-0.436,-0.098,-0.067,-51.783,-38.936,35.867
1,448701,-0.244,-3.874,7.473,-0.436,-0.098,-0.067,-51.783,-38.936,35.867
1,448705,-0.244,-3.874,7.473,-0.436,-0.098,-0.067,-51.783,-38.936,35.867
1,448726,0.134,-3.849,7.025,-0.704,-0.094,-0.099,-51.345,-39.024,36.261
1,448730,0.134,-3.849,7.025,-0.704,-0.094,-0.099,-51.345,-39.024,36.261
1,448734,0.134,-3.849,7.025,-0.704,-0.094,-0.099,-51.403,-38.541,36.232
1,448817,0.675,-3.724,6.891,0.098,-0.205,-0.119,-51.710,-38.395,36.422
1,448821,0.675,-3.724,6.891,0.098,-0.205,-0.119,-51.812,-37.884,36.773
1,448825,0.623,-3.556,6.991,0.086,-0.210,-0.132,-51.812,-37.884,36.773
1,448846,0.602,-3.695,7.198,0.035,-0.219,-0.120,-51.871,-38.424,36.568
1,448937,0.080,-3.891,7.914,-0.150,-0.225,-0.155,-52.528,-38.088,37.884
1,448941,0.080,-4.197,7.854,-0.150,-0.225,-0.155,-52.528,-38.088,37.884
1,448944,0.169,-4.065,7.854,-0.216,-0.225,-0.156,-52.192,-37.884,37.957
1,448966,-0.195,-4.378,7.604,-0.211,-0.220,-0.148,-52.675,-38.512,37.679
1,448970,-0.195,-4.378,7.568,-0.211,-0.220,-0.148,-52.675,-38.512,37.679
1,448997,-0.109,-4.283,7.450,0.033,-0.217,-0.154,-53.099,-37.708,36.963
1,449000,-0.037,-4.132,7.429,0.033,-0.217,-0.143,-53.099,-37.708,36.963
1,449057,-0.335,-3.533,7.697,0.381,-0.231,-0.133,-52.879,-38.556,37.957
1,449061,-0.330,-2.995,7.037,0.204,-0.230,-0.142,-52.879,-38.556,37.957
1,449167,-0.004,-3.117,6.112,0.420,-0.211,-0.086,-53.230,-38.746,38.103
1,449208,0.376,-3.777,6.755,0.219,-0.140,-0.099,-53.230,-38.994,37.942
1,449210,0.376,-3.777,6.755,0.219,-0.140,-0.099,-53.230,-39.170,38.512
1,449237,-0.154,-4.294,7.239,0.665,-0.210,-0.070,-53.303,-39.331,38.176
1,449267,-0.025,-3.705,7.522,0.409,-0.142,-0.081,-53.595,-39.243,38.001
1,449271,-0.025,-3.705,7.522,0.409,-0.142,-0.081,-53.595,-39.243,38.001
1,449357,0.272,-5.122,9.005,0.006,-0.150,-0.111,-53.289,-39.681,37.738
1,449361,0.272,-5.122,9.005,0.006,-0.150,-0.111,-53.566,-39.506,38.249
1,449365,0.451,-4.046,8.289,0.084,-0.177,-0.126,-53.566,-39.506,38.249
1,449386,0.925,-4.026,7.887,-0.148,-0.137,-0.090,-53.332,-39.579,38.234
1,449390,0.925,-4.026,7.887,-0.148,-0.137,-0.090,-53.332,-39.579,38.234
1,449394,0.678,-4.969,8.608,-0.276,-0.095,-0.086,-53.332,-39.579,38.234
1,449447,0.968,-4.269,7.297,-0.263,-0.164,-0.103,-54.399,-39.097,38.001
1,449451,0.747,-5.246,8.051,-0.400,-0.103,-0.103,-54.399,-39.097,38.001
1,449557,0.398,-5.837,8.694,-0.098,-0.176,-0.104,-54.326,-38.761,38.629
1,449597,0.559,-5.031,8.649,0.200,-0.182,-0.082,-53.990,-38.600,38.001
1,449601,0.559,-5.031,8.649,0.200,-0.182,-0.082,-53.990,-38.600,38.001
1,449604,0.559,-5.031,8.649,0.200,-0.182,-0.082,-53.771,-38.571,38.980
1,449657,0.589,-5.665,8.156,-0.580,-0.117,-0.097,-54.458,-37.928,39.243
1,449748,0.620,-6.842,8.014,0.092,-0.078,-0.011,-54.633,-37.708,41.421
1,449750,0.620,-6.842,8.014,0.092,-0.078,-0.011,-54.282,-37.489,41.450
1,449754,0.628,-6.592,7.931,0.142,-0.084,-0.012,-54.282,-37.489,41.450
1,449777,0.604,-6.298,7.970,-0.145,-0.056,-0.059,-54.312,-37.387,41.128
1,449781,0.604,-6.298,7.970,-0.145,-0.056,-0.059,-54.312,-37.387,41.128
1,449785,0.565,-6.532,8.040,-0.239,-0.045,-0.056,-54.312,-37.387,41.128
1,450042,-0.019,-7.992,7.815,0.099,0.057,0.088,-53.259,-36.057,42.853
1,450137,-0.077,-6.839,9.638,0.136,0.083,0.082,-53.025,-35.954,41.114
1,450227,-0.022,-6.982,9.738,-0.061,0.061,0.073,-52.441,-36.407,41.304
1,450333,0.014,-6.458,9.027,-0.378,0.039,0.031,-51.885,-35.779,41.026
1,450346,0.006,-6.645,9.108,-0.430,0.039,0.016,-51.505,-35.604,40.938
1,450377,-0.057,-7.073,8.996,-0.225,-0.002,0.028,-51.856,-35.940,40.924
1,450381,-0.065,-7.033,9.038,-0.132,-0.002,0.027,-51.856,-35.940,40.924
1,450384,-0.065,-7.033,9.038,-0.132,-0.002,0.027,-51.856,-35.940,40.924
1,450407,-0.139,-6.720,9.344,-0.106,-0.001,0.010,-52.075,-35.779,40.514
1,450411,-0.172,-6.770,9.326,-0.159,-0.020,0.009,-52.075,-35.779,41.362
1,450414,-0.172,-6.770,9.326,-0.159,-0.020,0.009,-51.505,-35.121,41.362
1,450466,-0.311,-7.310,9.613,-0.156,-0.037,0.001,-51.871,-35.180,42.005
1,450470,-0.311,-7.310,9.613,-0.193,-0.044,0.000,-51.871,-35.180,42.005
1,450703,-0.767,-7.892,7.857,0.297,-0.104,-0.001,-51.929,-34.844,43.306
1,450913,-0.796,-7.278,7.457,0.386,-0.112,-0.011,-51.535,-35.618,41.888
1,451007,-0.803,-6.316,7.494,-0.051,-0.098,-0.026,-51.505,-35.808,40.558
1,451097,-0.805,-6.001,7.286,-0.128,-0.094,-0.028,-51.535,-36.101,40.997
1,451101,-0.805,-6.001,7.286,-0.128,-0.094,-0.028,-51.535,-36.101,40.997
1,451104,-0.817,-6.153,7.196,-0.081,-0.095,-0.026,-51.535,-36.101,40.997
1,451126,-0.750,-6.187,7.399,0.137,-0.099,-0.026,-51.812,-35.984,40.091
1,451130,-0.750,-6.187,7.399,0.137,-0.099,-0.026,-51.812,-35.984,40.091
1,451133,-0.739,-6.158,7.439,0.271,-0.110,-0.020,-51.725,-36.013,40.938
1,451291,-0.402,-5.218,6.983,-0.261,-0.121,-0.039,-51.739,-35.925,41.216
1,451337,-0.488,-6.252,6.785,-0.435,-0.136,-0.045,-51.315,-35.267,42.385
1,451444,-0.321,-6.787,6.882,-0.042,-0.162,-0.029,-51.871,-35.136,42.926
1,451517,-0.480,-6.513,7.368,0.788,-0.222,0.006,-51.885,-36.013,42.239
1,451521,-0.480,-6.513,7.368,0.788,-0.222,0.006,-51.885,-36.013,42.239
1,451607,-0.572,-6.194,7.072,-0.732,-0.160,-0.044,-52.222,-35.808,42.634
1,451611,-0.639,-6.351,6.988,-0.732,-0.160,-0.044,-51.637,-35.370,43.189
1,451615,-0.639,-6.351,6.988,-0.805,-0.158,-0.040,-51.637,-35.370,43.189
1,451636,-0.849,-6.516,6.544,-0.860,-0.162,-0.048,-51.944,-35.560,44.519
1,451667,-1.030,-6.123,5.777,-0.798,-0.156,-0.048,-52.192,-35.107,44.943
1,451671,-1.083,-6.006,5.507,-0.777,-0.161,-0.053,-52.192,-35.107,44.943
1,451674,-1.083,-6.006,5.507,-0.777,-0.161,-0.053,-51.666,-34.507,45.352
1,451727,-0.860,-5.671,5.003,-0.527,-0.150,-0.029,-52.382,-34.405,46.960
1,451731,-0.766,-5.690,4.820,-0.539,-0.155,-0.039,-52.382,-34.405,46.960
1,451735,-0.766,-5.690,4.820,-0.539,-0.155,-0.039,-52.207,-34.142,47.062
1,451788,-0.488,-6.256,5.243,-0.224,-0.156,-0.029,-52.207,-34.434,48.524
1,451791,-0.488,-6.256,5.243,-0.224,-0.156,-0.029,-52.207,-34.434,48.524
1,451846,0.044,-6.994,6.024,0.494,-0.205,-0.035,-52.338,-34.157,48.129
1,451850,0.044,-6.994,6.024,0.494,-0.205,-0.035,-52.338,-34.157,48.129
1,451854,0.044,-6.994,6.024,0.494,-0.205,-0.035,-52.338,-34.157,48.129
1,451937,0.184,-5.265,6.845,1.478,-0.299,-0.045,-52.441,-35.721,44.885
1,451941,0.184,-5.265,6.845,1.478,-0.299,-0.045,-52.075,-35.194,44.081
1,451945,0.151,-5.072,6.754,1.311,-0.299,-0.057,-52.075,-35.194,44.081
1,451997,0.310,-4.658,6.753,0.349,-0.274,-0.093,-52.236,-35.896,42.838
1,452000,0.310,-4.658,6.753,0.349,-0.274,-0.093,-52.236,-35.896,42.838
1,452027,0.554,-5.450,6.915,-0.034,-0.270,-0.138,-52.660,-35.735,42.970
1,452087,0.042,-4.586,6.598,0.721,-0.335,-0.130,-53.464,-36.217,42.853
1,452118,0.528,-5.398,7.153,0.297,-0.301,-0.126,-53.785,-36.612,42.999
1,452121,0.200,-5.850,7.431,0.255,-0.293,-0.128,-53.785,-36.612,42.999
1,452125,0.200,-5.850,7.431,0.255,-0.293,-0.128,-53.785,-36.349,43.277
1,452147,-0.195,-5.173,7.192,0.435,-0.323,-0.131,-53.873,-36.524,42.488
1,452208,0.636,-5.635,6.919,-0.114,-0.299,-0.144,-54.019,-36.919,43.321
1,452211,0.636,-5.635,6.919,-0.031,-0.297,-0.151,-53.522,-36.101,43.584
1,452214,0.636,-5.635,6.919,-0.031,-0.297,-0.151,-53.522,-36.101,43.584
1,452237,0.605,-6.287,8.630,0.249,-0.255,-0.130,-53.829,-37.109,43.321
1,452267,0.946,-4.289,6.977,0.557,-0.351,-0.158,-54.282,-36.904,43.175
1,452271,0.946,-4.289,6.977,0.557,-0.351,-0.158,-54.282,-36.904,43.175
1,452296,0.458,-5.885,8.558,0.147,-0.227,-0.103,-54.502,-37.226,43.233
1,452301,0.458,-5.885,8.558,0.147,-0.227,-0.103,-54.502,-37.226,43.233
1,452304,0.458,-5.885,8.558,0.147,-0.227,-0.103,-54.502,-37.226,43.233
1,452430,1.228,-4.918,6.979,-0.316,-0.203,-0.108,-55.276,-37.153,44.841
1,452507,1.297,-5.463,7.482,0.116,-0.202,-0.068,-54.925,-37.036,45.659
1,452538,1.082,-5.937,7.257,-0.156,-0.160,-0.064,-54.999,-37.211,45.381
1,452541,0.889,-6.044,7.218,-0.172,-0.155,-0.050,-55.349,-36.948,45.513
1,452544,0.889,-6.044,7.218,-0.172,-0.155,-0.050,-55.349,-36.948,45.513
1,452567,1.021,-6.189,6.882,-0.270,-0.144,-0.034,-54.823,-36.729,45.805
1,452570,1.033,-6.335,6.875,-0.368,-0.122,-0.042,-54.823,-36.729,45.805
1,452627,0.564,-7.208,6.482,-0.538,-0.089,-0.012,-55.305,-36.437,47.355
1,452631,0.554,-7.164,6.574,-0.484,-0.064,-0.016,-55.305,-36.437,47.355
1,452634,0.554,-7.164,6.574,-0.484,-0.064,-0.016,-55.305,-36.437,47.355
1,452658,0.791,-7.391,6.913,-0.362,-0.053,0.021,-55.218,-36.466,47.311
1,452661,0.791,-7.391,6.913,-0.283,-0.062,0.021,-55.218,-36.466,47.311
1,452687,0.343,-7.140,6.644,-0.162,-0.057,0.027,-55.510,-36.013,47.311
1,452690,0.343,-7.140,6.644,-0.186,-0.038,0.020,-55.379,-35.823,47.720
1,452694,0.343,-7.140,6.644,-0.186,-0.038,0.020,-55.379,-35.823,47.720
1,452716,0.499,-7.563,7.005,-0.230,-0.011,0.049,-55.013,-36.086,47.808
1,452720,0.499,-7.563,7.005,-0.230,-0.011,0.049,-55.013,-36.086,47.808
1,452827,0.389,-8.670,6.859,0.011,0.031,0.099,-54.882,-35.224,49.328
1,452837,0.441,-8.040,6.644,0.160,0.022,0.092,-54.326,-35.355,49.313
1,452841,0.441,-8.040,6.644,0.160,0.022,0.092,-54.326,-35.355,49.313
1,452844,0.468,-7.393,6.485,0.199,0.031,0.088,-54.326,-35.355,49.313
1,452927,0.376,-8.064,7.153,-0.324,0.081,0.111,-54.443,-34.975,49.167
1,452931,0.376,-8.631,7.353,-0.324,0.081,0.111,-54.443,-34.975,49.167
1,452957,0.404,-8.747,7.894,-0.258,0.088,0.093,-54.136,-34.844,50.497
1,452960,0.404,-8.460,7.981,-0.258,0.088,0.093,-54.107,-34.595,50.497
1,452963,0.468,-8.460,7.981,-0.199,0.076,0.088,-54.107,-34.595,50.497
1,453017,0.573,-9.211,8.772,-0.290,0.083,0.092,-53.859,-34.624,50.161
1,453021,0.579,-9.193,8.727,-0.276,0.067,0.092,-53.873,-34.113,50.833
1,453024,0.579,-9.193,8.727,-0.276,0.067,0.092,-53.873,-34.113,50.833
1,453077,0.549,-9.325,9.136,-0.231,0.056,0.087,-53.274,-34.142,49.781
1,453137,0.451,-9.849,8.143,-0.376,0.038,0.104,-53.201,-33.397,52.412
1,453141,0.451,-9.849,8.143,-0.376,0.038,0.104,-52.309,-33.587,52.660
1,453144,0.451,-9.849,8.143,-0.376,0.038,0.104,-52.309,-33.587,52.660
1,453166,0.416,-9.288,7.723,0.131,0.012,0.095,-52.528,-33.733,51.958
1,453227,0.132,-8.222,7.596,0.230,0.004,0.103,-52.675,-33.850,51.125
1,453231,0.132,-8.222,7.596,0.230,0.004,0.103,-52.675,-33.850,51.125
1,453235,0.147,-8.328,7.548,0.230,0.004,0.110,-52.675,-33.850,51.125
1,453257,0.011,-9.015,7.557,-0.106,0.017,0.105,-52.923,-33.674,51.023
1,453261,0.011,-9.015,7.557,-0.106,0.017,0.105,-52.923,-33.674,51.023
1,453264,-0.124,-9.042,7.627,-0.126,0.024,0.095,-52.324,-33.177,51.447
1,453287,-0.307,-8.839,7.423,-0.121,0.010,0.098,-52.675,-33.265,51.155
1,453291,-0.307,-8.839,7.423,-0.121,0.010,0.098,-52.719,-33.075,51.301
1,453419,-0.578,-8.802,7.594,0.629,-0.031,0.097,-52.382,-33.821,48.670
1,453600,-1.247,-8.359,6.605,0.303,-0.031,0.029,-51.768,-33.499,47.267
1,453647,-0.944,-8.055,6.694,0.963,-0.067,0.027,-51.768,-33.894,46.083
1,453677,-0.988,-7.204,6.875,1.188,-0.083,0.028,-51.871,-34.361,45.191
1,453681,-0.988,-7.204,6.875,1.188,-0.083,0.028,-51.184,-33.981,44.768
1,453737,-0.849,-6.811,7.168,0.198,-0.042,-0.021,-50.833,-34.902,43.306
1,453767,-0.900,-7.021,6.950,0.242,-0.073,-0.029,-50.994,-34.595,43.379
1,453771,-0.900,-7.021,6.950,0.242,-0.073,-0.029,-50.994,-34.595,43.379
1,453775,-0.893,-6.949,6.921,0.324,-0.075,-0.028,-50.994,-34.595,43.379
1,453796,-0.937,-6.651,7.149,0.450,-0.073,-0.032,-50.716,-35.063,42.809
1,453857,-0.915,-6.519,7.281,0.316,-0.087,-0.050,-50.526,-35.180,42.093
1,453861,-0.913,-6.730,7.273,0.337,-0.095,-0.048,-50.526,-35.180,42.093
1,453865,-0.913,-6.730,7.273,0.337,-0.095,-0.048,-50.278,-35.092,42.034
1,454092,-0.541,-5.981,7.426,0.127,-0.130,-0.101,-50.760,-36.071,39.930
1,454187,-0.479,-5.754,7.718,0.042,-0.143,-0.114,-51.505,-36.437,40.704
1,454191,-0.479,-5.754,7.718,0.042,-0.143,-0.114,-51.505,-36.437,40.704
1,454400,0.035,-3.929,7.445,0.596,-0.192,-0.109,-52.075,-37.431,39.535
1,454458,0.364,-3.521,6.026,-0.750,-0.132,-0.147,-52.075,-37.328,39.638
1,454461,0.364,-3.521,6.026,-0.750,-0.132,-0.147,-52.075,-37.328,39.638
1,454464,0.364,-3.521,6.026,-0.750,-0.132,-0.147,-51.754,-36.831,40.251
1,454487,0.111,-4.186,4.881,-1.145,-0.111,-0.148,-52.192,-37.080,40.617
1,454490,0.111,-4.186,4.881,-1.145,-0.111,-0.148,-52.368,-36.451,41.523
1,454547,-0.252,-4.555,5.160,-0.277,-0.095,-0.089,-52.879,-36.027,42.312
1,454578,-0.205,-5.021,6.001,0.215,-0.097,-0.056,-52.835,-36.086,42.765
1,454581,-0.205,-5.021,6.001,0.215,-0.097,-0.056,-52.835,-36.086,42.765
1,454584,-0.266,-5.292,6.129,0.373,-0.101,-0.043,-52.835,-36.086,42.765
1,454709,-0.224,-5.736,6.976,0.222,-0.038,-0.018,-52.134,-36.671,41.903
1,454727,-0.354,-5.151,6.377,0.467,-0.055,-0.013,-51.900,-36.671,41.508
1,454730,-0.486,-4.648,6.093,0.467,-0.055,-0.013,-51.900,-36.671,41.508
1,454734,-0.486,-4.648,6.093,0.562,-0.053,0.001,-52.163,-36.261,41.713
1,454756,-0.396,-4.259,5.838,0.489,-0.034,0.002,-51.958,-36.802,41.728
1,454760,-0.044,-4.473,6.062,0.408,-0.020,0.001,-51.958,-36.802,41.728
1,454764,-0.044,-4.473,6.062,0.408,-0.020,0.001,-51.958,-36.802,41.728
1,454847,-0.011,-5.241,7.170,0.325,-0.001,0.017,-51.929,-37.109,39.769
1,454876,-0.158,-3.753,5.852,0.258,-0.056,-0.031,-51.695,-37.080,40.061
1,454880,-0.045,-3.916,5.852,0.076,-0.023,-0.029,-51.447,-36.861,40.339
1,454937,-0.073,-4.192,5.909,0.153,-0.038,-0.031,-51.418,-37.065,39.550
1,455027,-0.617,-5.529,7.981,0.192,0.037,0.022,-51.169,-37.007,39.024
1,455031,-0.617,-5.529,7.981,0.192,0.037,0.022,-51.169,-37.007,39.024
1,455498,-0.855,-6.471,7.871,0.009,-0.076,-0.077,-50.102,-35.633,40.544
1,455537,-0.798,-7.938,8.026,-0.224,-0.072,-0.060,-50.088,-35.662,40.485
1,455644,-0.616,-6.604,7.565,-0.270,-0.123,-0.119,-50.628,-34.931,41.859
1,455658,-0.590,-6.371,7.468,-0.408,-0.104,-0.122,-50.716,-34.741,42.078
1,455821,-1.341,-9.200,9.214,-0.243,-0.092,-0.106,-50.555,-34.069,46.463
1,455837,-1.342,-9.350,9.155,-0.191,-0.117,-0.111,-51.082,-34.084,45.951
1,455927,-1.333,-9.344,7.875,-0.415,-0.097,-0.128,-50.789,-33.791,47.866
1,455931,-1.333,-9.344,7.875,-0.415,-0.097,-0.128,-50.789,-33.791,47.866
1,455934,-1.287,-9.406,7.712,-0.314,-0.093,-0.112,-50.745,-33.163,48.392
1,455958,-1.232,-9.449,7.531,-0.071,-0.099,-0.112,-50.921,-33.616,48.743
1,455988,-1.053,-9.036,7.205,0.249,-0.119,-0.103,-51.462,-33.821,47.939
1,455991,-1.053,-9.036,7.205,0.249,-0.119,-0.103,-51.462,-33.821,47.939
1,456223,-0.431,-9.105,7.803,0.165,-0.147,-0.093,-51.432,-33.689,46.244
1,456257,-0.345,-8.445,7.210,0.084,-0.170,-0.114,-51.622,-34.449,46.112
1,456390,-0.608,-7.719,6.270,0.478,-0.159,-0.075,-52.119,-34.610,44.227
1,456408,-0.476,-6.987,6.299,0.687,-0.164,-0.067,-52.338,-34.975,43.949
1,456411,-0.476,-6.987,6.299,0.687,-0.164,-0.067,-52.821,-35.063,43.803
1,456415,-0.414,-6.538,6.372,0.654,-0.166,-0.076,-52.821,-35.063,43.803
1,456600,-0.337,-6.787,7.010,0.536,-0.134,-0.054,-52.485,-36.393,42.663
1,456618,-0.327,-6.255,7.098,0.700,-0.144,-0.051,-52.192,-36.378,42.064
1,456621,-0.275,-6.255,7.098,0.845,-0.144,-0.045,-52.192,-36.378,42.064
1,456625,-0.275,-6.255,7.098,0.845,-0.144,-0.045,-52.192,-36.378,42.064
1,456647,-0.225,-5.454,7.445,0.803,-0.138,-0.038,-52.455,-36.919,41.318
1,456650,-0.220,-5.476,7.445,0.611,-0.134,-0.044,-52.455,-36.919,41.318
1,456654,-0.220,-5.476,7.445,0.611,-0.134,-0.044,-51.929,-36.597,40.997
1,456676,-0.250,-6.049,7.327,0.237,-0.114,-0.065,-52.192,-37.021,40.675
1,456680,-0.250,-6.049,7.327,0.132,-0.114,-0.065,-52.324,-36.773,41.538
1,456684,-0.250,-6.049,7.327,0.132,-0.114,-0.065,-52.324,-36.773,41.538
1,456707,-0.266,-6.432,7.279,0.415,-0.127,-0.045,-52.192,-36.378,40.821
1,456737,-0.252,-5.637,7.348,0.573,-0.128,-0.042,-52.865,-36.875,40.471
1,456767,-0.408,-6.087,7.570,0.413,-0.122,-0.049,-52.689,-36.729,39.608
1,456771,-0.408,-6.087,7.570,0.413,-0.122,-0.049,-52.689,-36.729,39.608
1,456828,-0.432,-5.373,7.847,0.837,-0.131,-0.027,-52.675,-37.621,39.813
1,456831,-0.432,-5.373,7.847,0.837,-0.131,-0.027,-52.675,-37.621,39.813
1,456938,0.022,-4.804,7.220,-0.225,-0.095,-0.049,-52.032,-37.679,38.541
1,457140,0.564,-4.908,6.298,-0.887,-0.110,-0.064,-52.397,-36.437,40.953
1,457158,0.432,-4.933,6.060,-0.588,-0.130,-0.067,-52.528,-36.627,41.815
1,457161,0.432,-4.933,6.060,-0.588,-0.130,-0.067,-52.528,-36.627,41.815
1,457165,0.432,-4.933,6.060,-0.588,-0.130,-0.067,-52.528,-36.627,41.815
1,457187,0.056,-4.246,5.688,-0.156,-0.154,-0.053,-53.128,-36.729,42.151
1,457191,0.056,-4.246,5.688,-0.156,-0.154,-0.053,-53.128,-36.729,42.151
1,457216,0.236,-4.532,5.838,-0.111,-0.131,-0.048,-52.762,-36.466,42.502
1,457248,0.049,-5.708,6.692,0.165,-0.138,-0.018,-52.733,-36.042,42.283
1,457251,0.049,-5.708,6.692,0.165,-0.138,-0.018,-52.733,-36.042,42.283
1,457254,0.063,-5.718,6.773,0.323,-0.147,-0.022,-52.806,-36.188,42.327
1,457277,0.043,-4.988,6.636,0.608,-0.154,-0.026,-52.923,-36.349,42.429
1,457368,-0.221,-4.844,6.909,-0.291,-0.112,-0.043,-52.631,-36.773,42.926
1,457458,-0.038,-6.236,6.475,-0.183,-0.111,-0.042,-52.806,-35.706,43.628
1,457487,-0.061,-5.769,5.713,0.307,-0.162,-0.065,-53.069,-36.115,44.051
1,457517,0.199,-5.480,5.999,0.659,-0.158,-0.023,-53.084,-36.101,43.058
1,457547,0.111,-4.924,6.091,0.480,-0.165,-0.045,-53.069,-36.349,42.400
1,457551,0.111,-4.924,6.091,0.480,-0.165,-0.045,-53.069,-36.349,42.400
1,457783,0.504,-6.063,7.535,-0.203,-0.159,-0.072,-53.347,-37.328,42.531
1,457787,0.504,-6.063,7.535,-0.203,-0.159,-0.072,-53.347,-37.328,42.531
1,457791,0.628,-5.858,7.480,-0.203,-0.159,-0.072,-53.347,-37.328,42.531
1,457794,0.628,-5.858,7.480,-0.276,-0.150,-0.087,-53.362,-36.919,42.093
1,457817,0.444,-6.317,8.142,-0.412,-0.114,-0.051,-53.332,-36.495,42.473
1,457877,0.282,-6.890,7.551,-0.551,-0.100,-0.039,-53.698,-36.232,43.774
1,457881,0.276,-7.329,7.640,-0.452,-0.117,-0.037,-53.669,-36.130,44.709
1,457908,0.322,-6.858,7.269,-0.192,-0.139,-0.070,-53.742,-36.217,44.271
1,457998,0.368,-6.416,6.700,-0.101,-0.089,-0.009,-53.946,-35.940,43.964
1,458000,0.368,-6.416,6.700,-0.101,-0.089,-0.009,-53.625,-35.867,44.782
1,458161,0.328,-7.517,6.598,0.187,-0.037,0.056,-53.449,-35.911,45.075
1,458177,0.169,-7.072,6.932,0.321,-0.048,0.039,-53.274,-35.706,44.373
1,458181,0.169,-7.072,6.932,0.321,-0.048,0.039,-53.274,-35.706,44.373
1,458184,0.239,-6.799,6.790,0.382,-0.064,0.055,-53.128,-35.531,44.329
1,458207,0.288,-6.532,6.598,0.287,-0.049,0.067,-52.865,-35.531,43.832
1,458210,0.288,-6.532,6.598,0.287,-0.049,0.067,-53.186,-35.370,44.621
1,458213,0.130,-6.531,6.742,0.130,-0.026,0.053,-53.186,-35.370,44.621
1,458267,-0.109,-7.244,6.475,-0.219,-0.015,0.044,-52.938,-35.750,44.841
1,458271,-0.191,-7.418,6.830,-0.127,-0.009,0.054,-52.207,-35.399,45.455
1,458275,-0.191,-7.418,6.830,-0.127,-0.009,0.054,-52.207,-35.399,45.455
1,458296,-0.426,-7.887,7.365,0.044,-0.026,0.082,-52.777,-35.326,44.797
1,458300,-0.388,-7.808,7.224,0.046,-0.040,0.068,-52.777,-35.326,44.797
1,458303,-0.388,-7.808,7.224,0.046,-0.040,0.068,-52.777,-35.326,44.797
1,458430,-0.549,-9.294,8.971,-0.430,0.009,0.040,-52.821,-34.712,46.638
1,458477,-0.438,-8.542,8.260,-0.571,0.002,0.026,-52.733,-34.449,48.348
1,458567,-0.471,-9.537,8.807,-0.194,-0.043,0.022,-51.885,-33.908,48.802
1,458571,-0.471,-9.537,8.807,-0.194,-0.043,0.022,-51.885,-33.908,48.802
1,458575,-0.458,-9.461,8.822,-0.221,-0.050,0.006,-51.885,-33.908,48.802
1,458597,-0.388,-9.212,8.536,-0.316,-0.061,-0.007,-52.309,-33.733,49.415
1,458601,-0.388,-9.212,8.536,-0.316,-0.061,-0.007,-52.061,-33.587,49.269
1,458708,-0.331,-10.421,8.073,0.122,-0.116,-0.026,-52.236,-33.324,51.374
1,458747,-0.524,-10.100,8.284,0.530,-0.143,-0.020,-52.382,-33.616,51.564
1,458777,-0.398,-9.768,7.662,0.419,-0.155,-0.024,-52.178,-33.441,50.702
1,458781,-0.438,-9.835,7.624,0.365,-0.145,-0.028,-52.178,-33.441,50.702
1,458837,-0.351,-9.500,7.157,0.133,-0.154,-0.048,-52.792,-34.244,50.058
1,458841,-0.351,-9.500,7.157,0.061,-0.143,-0.057,-52.792,-34.244,50.058
1,458844,-0.351,-9.500,7.157,0.061,-0.143,-0.057,-52.792,-34.244,49.942
1,458867,-0.485,-10.088,7.364,0.115,-0.138,-0.038,-52.558,-33.704,49.182
1,458871,-0.485,-10.088,7.364,0.237,-0.158,-0.027,-52.178,-33.616,49.664
1,458898,-0.287,-8.736,6.775,0.520,-0.182,-0.053,-52.777,-34.317,49.532
1,458901,-0.287,-8.736,6.775,0.520,-0.182,-0.053,-52.777,-34.317,49.532
1,458927,-0.370,-9.315,6.677,0.342,-0.165,-0.031,-52.748,-33.937,48.641
1,459017,-0.416,-7.630,6.148,0.371,-0.173,-0.059,-52.309,-35.048,47.720
1,459047,-0.191,-6.858,5.999,0.261,-0.164,-0.054,-52.733,-35.267,46.755
1,459154,-0.430,-7.401,5.779,0.414,-0.164,-0.055,-53.289,-34.697,48.290
1,459198,-0.337,-7.243,5.932,0.797,-0.181,-0.033,-53.186,-34.537,47.369
1,459509,-0.138,-5.897,6.981,-0.354,-0.076,-0.028,-52.982,-35.589,43.350
1,459557,-0.141,-7.068,6.565,-0.677,-0.064,-0.035,-53.318,-35.253,45.455
1,459618,-0.060,-7.405,6.312,-0.021,-0.076,-0.018,-53.069,-35.034,45.338
1,459677,0.195,-6.774,6.654,0.503,-0.093,-0.007,-52.733,-35.209,45.820
1,459681,0.175,-6.885,6.830,0.525,-0.099,-0.001,-52.733,-35.209,45.820
1,459684,0.175,-6.885,6.830,0.525,-0.099,-0.001,-52.733,-35.209,45.820
1,459767,0.272,-5.532,6.968,-0.395,-0.068,-0.033,-52.748,-35.311,44.095
1,459771,0.272,-5.532,6.968,-0.395,-0.068,-0.033,-52.748,-35.311,44.095
1,459775,0.272,-5.532,6.968,-0.395,-0.068,-0.033,-52.748,-35.311,44.095
1,459797,0.226,-5.916,6.267,-0.893,-0.071,-0.049,-52.879,-34.975,45.381
1,459801,0.226,-5.916,6.267,-0.893,-0.071,-0.049,-52.894,-34.449,45.908
1,459804,0.226,-5.916,6.267,-0.893,-0.071,-0.049,-52.894,-34.449,45.908
1,459887,0.193,-6.464,5.514,-0.136,-0.110,-0.040,-52.894,-34.434,48.042
1,459891,0.193,-6.464,5.514,-0.136,-0.110,-0.040,-52.894,-34.434,48.042
1,459894,0.166,-6.372,5.387,0.034,-0.128,-0.038,-52.894,-34.434,48.042
1,459916,-0.068,-5.537,5.264,0.349,-0.125,-0.048,-53.084,-34.186,47.910
1,459920,-0.068,-5.537,5.264,0.349,-0.125,-0.048,-53.084,-34.186,47.910
1,459923,-0.200,-4.830,5.378,0.398,-0.122,-0.040,-52.967,-34.317,47.749
1,460049,-0.001,-7.291,6.682,0.122,-0.108,-0.043,-52.645,-34.244,48.436
1,460067,-0.306,-7.435,6.780,0.530,-0.133,-0.051,-52.792,-34.420,47.808
1,460071,-0.346,-6.820,6.702,0.727,-0.151,-0.070,-52.835,-34.376,48.436
1,460075,-0.346,-6.820,6.702,0.727,-0.151,-0.070,-52.835,-34.376,48.436
1,460097,0.025,-5.350,6.602,0.935,-0.155,-0.050,-52.762,-35.136,46.828
1,460101,0.130,-5.387,6.747,0.850,-0.148,-0.038,-52.762,-35.136,46.828
1,460105,0.130,-5.387,6.747,0.850,-0.148,-0.038,-52.762,-35.136,46.828
1,460126,-0.025,-5.736,7.161,0.542,-0.123,-0.046,-52.835,-35.253,46.025
1,460130,-0.170,-5.649,7.018,0.363,-0.126,-0.065,-52.514,-34.668,46.054
1,460133,-0.170,-5.649,7.018,0.363,-0.126,-0.065,-52.514,-34.668,46.054
1,460157,0.105,-5.191,6.206,-0.011,-0.133,-0.090,-52.660,-35.370,46.215
1,460187,0.209,-5.617,5.836,-0.667,-0.086,-0.098,-52.441,-34.873,46.785
1,460191,0.209,-5.617,5.836,-0.667,-0.086,-0.098,-52.441,-34.873,47.077
1,460195,0.209,-5.617,5.836,-0.667,-0.086,-0.098,-52.689,-34.756,47.077
1,460216,0.294,-6.042,5.377,-0.392,-0.088,-0.117,-52.441,-34.727,48.217
1,460220,0.294,-6.042,5.377,-0.560,-0.088,-0.117,-52.441,-34.727,48.217
1,460277,0.229,-6.321,5.672,0.561,-0.120,-0.066,-52.865,-34.113,47.925
1,460281,0.229,-6.321,5.672,0.561,-0.120,-0.066,-52.865,-34.113,47.925
1,460285,-0.078,-6.839,6.089,0.561,-0.120,-0.066,-52.865,-34.113,47.925
1,460306,-0.227,-7.108,6.141,1.080,-0.180,-0.048,-53.172,-35.180,46.887
1,460310,-0.227,-7.108,6.141,1.080,-0.180,-0.048,-53.172,-35.180,46.887
1,460416,0.520,-7.223,6.937,-0.400,-0.082,-0.066,-53.245,-35.282,45.805
1,460458,0.413,-7.157,6.390,-0.039,-0.149,-0.103,-53.581,-34.917,45.396
1,460487,0.199,-7.423,7.144,0.280,-0.111,-0.073,-53.040,-35.151,45.820
1,460578,0.347,-6.230,6.485,-0.167,-0.104,-0.093,-53.508,-35.077,45.542
1,460581,0.452,-5.920,6.449,-0.215,-0.090,-0.097,-53.508,-35.077,45.542
1,460584,0.452,-5.920,6.449,-0.215,-0.090,-0.097,-53.566,-34.507,46.098
1,460607,0.245,-5.970,6.757,-0.443,-0.064,-0.087,-53.888,-35.107,45.747
1,460667,0.158,-7.194,6.459,-0.205,-0.055,-0.054,-53.785,-34.756,47.135
1,460670,0.158,-7.194,6.459,-0.205,-0.055,-0.054,-53.391,-34.610,47.925
1,460757,-0.141,-6.038,6.525,0.210,-0.048,-0.016,-53.537,-35.545,46.697
1,460761,-0.141,-6.038,6.525,0.210,-0.048,-0.016,-53.537,-35.545,46.697
1,460764,-0.104,-5.926,6.132,0.071,-0.055,-0.012,-53.537,-35.545,46.697
1,460788,-0.026,-5.816,5.767,-0.290,-0.013,-0.017,-53.785,-34.931,46.901
1,460791,-0.026,-5.816,5.767,-0.290,-0.013,-0.017,-53.873,-34.639,47.618
1,460794,-0.078,-6.321,6.067,-0.442,0.013,-0.016,-53.873,-34.639,47.618
1,460817,-0.074,-7.036,6.409,-0.414,0.009,0.011,-53.756,-34.493,48.144
1,460877,-0.072,-6.896,5.809,-1.071,0.046,0.022,-53.347,-34.215,49.971
1,460967,-0.230,-9.249,5.791,-0.385,0.040,0.067,-52.938,-33.499,52.719
1,461027,-0.334,-9.181,5.908,0.182,-0.001,0.089,-52.982,-33.367,51.856
1,461134,-0.727,-9.178,6.105,-0.804,0.073,0.115,-52.251,-32.564,53.654
1,461147,-0.983,-10.422,6.165,-0.800,0.054,0.098,-52.163,-32.637,54.253
1,461151,-0.983,-10.422,6.165,-0.800,0.054,0.098,-52.163,-32.637,54.253
1,461155,-0.983,-10.422,5.859,-0.800,0.054,0.098,-52.163,-32.637,54.253
1,461176,-0.836,-9.800,5.384,-0.489,0.018,0.094,-52.455,-32.242,54.823
1,461386,-1.356,-11.508,6.913,-0.353,-0.012,0.043,-51.345,-31.701,57.337
1,461448,-1.297,-11.348,6.232,0.370,-0.059,0.049,-51.008,-31.730,57.322
1,461451,-1.271,-11.352,6.068,0.465,-0.072,0.039,-51.008,-31.730,57.322
1,461558,-1.245,-10.485,5.527,0.254,-0.068,-0.002,-50.789,-31.555,55.247
1,461658,-0.948,-8.642,4.859,0.761,-0.115,-0.035,-51.228,-31.964,54.165
1,461717,-0.946,-7.896,4.848,0.204,-0.094,-0.067,-50.950,-32.739,53.362
1,461850,-0.729,-8.905,4.441,0.378,-0.120,-0.099,-50.979,-31.862,54.999
1,461868,-0.729,-8.782,4.460,0.698,-0.128,-0.098,-50.906,-32.242,54.677
1,461958,-0.806,-8.454,4.981,0.243,-0.117,-0.128,-51.491,-32.564,52.748
1,461961,-0.806,-8.454,4.981,0.243,-0.117,-0.128,-51.491,-32.564,52.748
1,461964,-0.806,-8.454,4.981,0.243,-0.117,-0.128,-51.491,-32.564,52.748
1,461987,-0.782,-8.411,5.017,0.594,-0.136,-0.127,-51.652,-32.754,52.338
1,461991,-0.782,-8.411,5.017,0.594,-0.136,-0.127,-51.652,-32.257,53.069
1,461994,-0.782,-8.411,5.017,0.594,-0.136,-0.127,-51.359,-32.257,53.069
1,462047,-0.702,-8.008,5.472,1.432,-0.181,-0.105,-51.710,-33.353,50.000
1,462077,-0.724,-7.547,6.000,1.775,-0.204,-0.088,-51.681,-34.434,47.852
1,462286,-0.701,-6.926,7.059,0.288,-0.183,-0.138,-52.075,-35.487,44.329
1,462289,-0.701,-6.926,7.059,0.288,-0.183,-0.138,-52.075,-35.487,44.329
1,462480,-0.315,-6.165,5.742,-0.059,-0.132,-0.140,-52.967,-33.952,49.094
1,462527,-0.227,-5.880,5.379,-0.779,-0.076,-0.145,-52.748,-33.937,50.468
1,462531,-0.227,-5.880,5.379,-0.779,-0.076,-0.145,-52.426,-33.499,51.505
1,462762,0.334,-9.976,4.929,0.842,-0.151,-0.115,-53.859,-32.724,59.442
1,462973,0.317,-7.016,3.235,0.652,-0.125,-0.106,-54.604,-32.900,57.264
1,463183,0.501,-7.959,5.555,0.090,-0.087,-0.100,-54.122,-33.557,52.821
1,463217,0.693,-6.556,4.950,0.132,-0.095,-0.061,-54.253,-33.908,52.514
1,463277,0.556,-7.070,4.861,-0.095,-0.042,-0.045,-54.078,-33.879,53.318
1,463281,0.556,-7.070,4.861,-0.176,-0.042,-0.045,-54.078,-33.879,53.318
1,463285,0.556,-7.070,4.861,-0.176,-0.042,-0.045,-54.078,-33.879,53.318
1,463336,0.371,-6.732,4.979,-0.187,-0.029,-0.032,-54.224,-33.616,54.239
1,463368,0.319,-8.012,4.903,-0.556,-0.007,-0.002,-54.078,-33.528,54.735
1,463371,0.319,-8.012,4.903,-0.556,-0.007,-0.002,-54.078,-33.528,54.735
1,463427,0.085,-8.546,4.702,-0.252,0.010,0.038,-54.063,-32.973,56.285
1,463590,0.179,-8.204,4.838,-0.119,-0.001,0.046,-53.815,-32.944,55.335
1,463607,0.205,-7.951,4.808,-0.084,0.011,0.068,-53.669,-32.490,55.773
1,463611,0.234,-7.881,4.683,-0.188,0.009,0.072,-53.669,-32.490,55.773
1,463637,0.244,-7.887,4.428,-0.487,0.022,0.053,-53.581,-32.388,55.495
1,463641,0.221,-7.930,4.569,-0.594,0.039,0.049,-53.581,-32.388,55.495
1,463644,0.221,-7.930,4.569,-0.594,0.039,0.049,-53.654,-31.745,56.153
1,463727,-0.117,-10.248,4.012,-0.932,0.031,0.088,-53.829,-31.628,58.974
1,463731,-0.117,-10.248,4.012,-0.932,0.031,0.088,-52.777,-31.906,60.129
1,463735,-0.117,-10.248,4.012,-0.932,0.031,0.088,-52.777,-31.906,60.129
1,463756,-0.358,-10.241,3.733,-0.551,0.002,0.083,-53.157,-31.906,60.962
1,463787,-0.170,-10.905,3.795,-0.345,0.002,0.104,-52.982,-31.000,61.619
1,463791,-0.170,-10.905,3.795,-0.345,0.002,0.104,-53.025,-30.868,61.999
1,463816,-0.313,-11.407,4.298,0.042,-0.029,0.100,-52.499,-31.482,61.269
1,463821,-0.313,-11.407,4.298,0.042,-0.029,0.100,-52.499,-31.482,61.269
1,463824,-0.313,-11.407,4.298,0.042,-0.029,0.100,-52.499,-31.482,61.269
1,463846,-0.280,-10.746,4.336,0.116,-0.032,0.104,-53.259,-31.000,61.327
1,463937,-0.629,-11.928,3.742,-0.888,-0.012,0.055,-52.455,-30.503,66.077
1,464027,-0.899,-11.191,3.549,-0.083,-0.057,0.073,-52.148,-30.152,68.138
1,464030,-0.931,-11.320,3.602,-0.083,-0.057,0.081,-52.148,-30.152,68.138
1,464087,-1.138,-11.361,3.290,-0.400,-0.056,0.055,-52.806,-30.254,68.474
1,464091,-1.134,-11.626,3.163,-0.467,-0.054,0.054,-52.806,-30.254,68.474
1,464177,-0.976,-12.127,3.169,0.144,-0.081,0.044,-52.251,-30.342,70.564
1,464267,-0.701,-11.574,2.493,0.022,-0.092,-0.005,-51.915,-30.444,69.950
1,464271,-0.701,-11.574,2.493,0.022,-0.092,-0.005,-51.915,-30.444,69.950
1,464275,-0.699,-11.420,2.423,0.022,-0.092,-0.010,-51.915,-30.444,69.950
1,464296,-0.724,-11.554,2.459,-0.077,-0.082,0.001,-51.345,-30.561,70.111
1,464300,-0.724,-11.554,2.459,-0.077,-0.082,0.001,-51.345,-30.561,70.111
1,464328,-0.625,-10.805,2.015,-0.172,-0.087,-0.031,-51.462,-30.547,70.900
1,464331,-0.625,-10.805,2.015,-0.172,-0.087,-0.031,-51.725,-30.400,71.178
1,464334,-0.610,-10.491,1.868,-0.291,-0.081,-0.038,-51.725,-30.400,71.178
1,464357,-0.579,-10.836,1.655,-0.519,-0.068,-0.033,-51.871,-30.167,71.646
1,464417,-0.922,-10.589,1.280,0.359,-0.114,-0.027,-51.739,-30.210,72.143
1,464421,-0.616,-10.400,1.235,0.359,-0.114,-0.027,-51.739,-30.210,72.143
1,464477,-0.711,-8.942,1.317,0.700,-0.125,-0.028,-52.587,-30.722,69.994
1,464481,-0.790,-8.655,1.317,0.600,-0.117,-0.033,-52.587,-30.722,69.994
1,464537,-0.604,-8.707,1.530,-0.231,-0.078,-0.064,-51.827,-30.503,70.272
1,464541,-0.591,-8.910,1.466,-0.325,-0.077,-0.071,-51.827,-30.503,70.272
1,464544,-0.591,-8.910,1.466,-0.325,-0.077,-0.071,-51.827,-30.503,70.272
1,464566,-0.665,-9.113,1.409,-0.297,-0.073,-0.067,-51.812,-30.123,70.096
1,464570,-0.690,-9.145,1.315,-0.228,-0.081,-0.065,-51.812,-30.123,70.096
1,464596,-0.663,-9.111,1.107,-0.055,-0.092,-0.077,-52.046,-30.517,70.462
1,464627,-0.553,-9.546,1.524,0.639,-0.115,-0.048,-51.944,-30.444,70.491
1,464631,-0.553,-9.546,1.524,0.639,-0.115,-0.048,-51.944,-30.444,70.491
1,464634,-0.553,-9.546,1.524,0.639,-0.115,-0.048,-52.119,-30.079,69.833
1,464922,-0.742,-8.358,4.257,0.754,-0.153,-0.103,-52.148,-32.052,56.065
1,464927,-0.742,-8.358,4.257,0.754,-0.153,-0.103,-52.148,-32.052,56.065
1,464931,-0.743,-8.414,4.303,0.624,-0.145,-0.109,-51.710,-31.350,55.759
1,464934,-0.743,-8.414,4.303,0.624,-0.145,-0.109,-51.710,-31.350,55.759
1,464957,-0.778,-8.814,4.472,0.517,-0.140,-0.100,-52.178,-31.818,55.495
1,465090,-0.676,-9.199,4.926,0.441,-0.137,-0.109,-52.148,-32.724,55.174
1,465475,-0.498,-7.919,4.484,-0.062,-0.104,-0.089,-53.040,-32.797,56.387
1,465498,-0.444,-7.501,4.314,-0.071,-0.094,-0.098,-53.186,-32.607,56.460
1,465501,-0.444,-7.501,4.314,-0.071,-0.094,-0.098,-53.186,-32.607,56.460
1,465504,-0.444,-7.501,4.314,-0.071,-0.094,-0.098,-53.011,-32.344,56.928
1,465527,-0.377,-7.425,3.870,-0.354,-0.093,-0.093,-53.011,-32.885,56.299
1,465530,-0.377,-7.425,3.870,-0.354,-0.093,-0.093,-53.303,-31.979,57.045
1,465587,-0.404,-7.738,4.019,-0.011,-0.098,-0.082,-53.025,-32.461,57.980
1,465823,0.098,-9.667,4.301,0.509,-0.187,-0.183,-53.698,-32.505,59.047
1,465917,0.100,-7.314,4.908,0.720,-0.189,-0.186,-54.049,-33.645,55.773
1,465977,0.290,-8.006,4.985,-0.527,-0.138,-0.219,-54.239,-33.192,56.153
1,465981,0.290,-8.006,4.985,-0.527,-0.138,-0.219,-54.239,-33.192,56.153
1,465985,0.290,-8.006,4.985,-0.527,-0.138,-0.219,-53.800,-32.856,56.972
1,466006,0.659,-7.037,4.123,-0.927,-0.089,-0.225,-54.487,-32.973,58.185
1,466067,0.573,-8.359,3.976,-0.494,-0.087,-0.208,-54.823,-32.593,60.728
1,466071,0.573,-8.359,3.976,-0.494,-0.087,-0.208,-54.823,-32.593,60.728
1,466075,0.587,-8.332,3.941,-0.315,-0.100,-0.213,-54.823,-32.593,60.728
1,466096,0.805,-7.284,3.549,0.001,-0.123,-0.231,-55.335,-32.549,60.728
1,466127,0.847,-6.354,3.593,-0.039,-0.109,-0.209,-55.510,-32.710,60.216
1,466131,0.847,-6.354,3.593,-0.039,-0.109,-0.209,-55.525,-32.476,61.298
1,466134,0.902,-6.895,3.595,-0.049,-0.112,-0.203,-55.525,-32.476,61.298
1,466259,1.309,-8.453,4.865,1.291,-0.202,-0.188,-54.969,-33.499,58.287
1,466277,1.535,-7.328,5.030,1.148,-0.204,-0.206,-55.744,-33.514,57.293
1,466281,1.631,-6.942,4.924,0.955,-0.206,-0.204,-55.744,-33.514,57.293
1,466307,1.619,-6.999,4.678,0.461,-0.188,-0.203,-55.919,-34.201,56.285
1,466516,1.327,-7.881,3.624,0.285,-0.120,-0.059,-56.723,-33.908,59.559
1,466578,1.046,-7.844,4.119,0.348,-0.105,0.001,-56.168,-33.850,58.448
1,466581,1.046,-7.844,4.119,0.348,-0.105,0.001,-56.168,-33.850,58.448
1,466607,1.104,-8.624,4.397,0.205,-0.105,0.035,-56.270,-33.689,58.682
1,466637,1.034,-7.512,4.231,0.055,-0.088,0.038,-56.884,-33.601,58.550
1,466641,0.969,-7.808,4.164,0.055,-0.088,0.038,-56.884,-33.601,58.550
1,466667,0.778,-8.493,4.248,-0.243,-0.059,0.075,-56.372,-33.353,58.989
1,466670,0.755,-8.406,4.240,-0.279,-0.056,0.068,-56.606,-33.353,58.989
1,466697,0.885,-7.938,3.782,-0.430,-0.065,0.059,-56.504,-33.733,59.500
1,466727,0.455,-9.050,3.821,-0.402,-0.024,0.104,-56.314,-33.280,59.690
1,466731,0.461,-9.159,3.947,-0.233,-0.038,0.110,-55.949,-33.148,59.836
1,466735,0.461,-9.159,3.947,-0.233,-0.038,0.110,-55.949,-33.148,59.836
1,466962,0.802,-9.419,2.947,-0.601,-0.042,0.175,-55.203,-31.760,64.835
1,467071,0.409,-10.622,2.054,-0.535,-0.056,0.221,-54.195,-31.204,69.088
1,467147,0.133,-11.185,2.154,-0.495,-0.066,0.224,-54.195,-30.839,71.763
1,467237,-0.252,-12.321,2.599,0.024,-0.094,0.249,-52.982,-30.547,72.011
1,467267,-0.236,-12.500,2.515,-0.101,-0.106,0.227,-52.865,-30.868,71.558
1,467271,-0.236,-12.500,2.515,-0.101,-0.106,0.227,-52.996,-30.912,72.523
1,467357,-0.465,-12.101,3.236,0.360,-0.123,0.225,-52.382,-30.444,71.938
1,467360,-0.465,-12.101,3.236,0.360,-0.123,0.225,-52.382,-30.444,71.938
1,467364,-0.465,-12.101,3.236,0.360,-0.123,0.225,-52.382,-30.444,71.938
1,467490,-0.951,-11.549,2.291,-0.026,-0.125,0.150,-51.535,-30.254,73.239
1,467610,-1.207,-10.142,1.394,-0.133,-0.114,0.095,-50.862,-30.430,72.873
1,467658,-1.515,-10.409,1.229,-0.312,-0.101,0.067,-51.125,-30.181,74.920
1,467662,-1.249,-10.409,1.229,-0.277,-0.108,0.062,-50.994,-29.757,75.227
1,467687,-1.193,-10.540,1.091,0.067,-0.138,0.070,-51.082,-30.313,74.145
1,467717,-1.216,-9.227,1.241,0.474,-0.150,0.050,-50.570,-30.547,73.999
1,467721,-1.216,-9.227,1.241,0.474,-0.150,0.050,-50.570,-30.269,73.721
1,467724,-1.216,-9.227,1.241,0.474,-0.150,0.050,-50.468,-30.269,73.721
1,468158,-0.829,-10.197,2.201,0.137,-0.147,-0.182,-51.666,-30.561,71.266
1,468197,-0.717,-9.850,2.528,0.569,-0.166,-0.173,-52.002,-30.137,70.579
1,468304,-0.530,-9.010,3.129,0.104,-0.165,-0.210,-52.441,-30.970,68.679
1,468318,-0.535,-9.036,3.118,-0.040,-0.155,-0.214,-52.353,-30.196,68.591
1,468321,-0.535,-9.036,3.118,-0.040,-0.155,-0.214,-52.455,-30.444,68.898
1,468377,-0.736,-9.211,2.335,-1.045,-0.104,-0.252,-52.645,-29.933,70.550
1,468381,-0.736,-9.211,2.225,-1.045,-0.104,-0.252,-52.645,-29.933,70.550
1,468384,-0.741,-9.340,2.225,-1.137,-0.097,-0.265,-52.485,-30.079,72.289
1,468407,-0.735,-9.590,1.899,-1.137,-0.101,-0.266,-52.719,-30.532,73.999
1,468437,-0.730,-9.958,1.624,-0.591,-0.108,-0.237,-53.040,-30.897,74.876
1,468441,-0.724,-9.734,1.592,-0.348,-0.117,-0.235,-53.040,-30.897,74.876
1,468498,-0.450,-8.950,1.503,0.437,-0.149,-0.202,-53.595,-30.532,74.540
1,468527,-0.327,-8.368,1.570,0.771,-0.166,-0.171,-52.967,-30.620,72.654
1,468557,-0.191,-7.449,1.822,0.468,-0.148,-0.171,-53.566,-31.073,72.727
1,468561,-0.129,-7.449,1.822,0.227,-0.139,-0.169,-53.566,-31.073,72.727
1,468564,-0.129,-7.449,1.822,0.227,-0.139,-0.169,-53.566,-31.073,72.727
1,468586,-0.086,-7.336,1.621,-0.233,-0.114,-0.175,-53.099,-30.985,72.523
1,468795,0.385,-8.850,1.134,-0.202,-0.061,-0.061,-53.815,-31.102,75.855
1,468857,1.184,-9.278,1.038,-0.131,-0.055,-0.077,-53.888,-30.912,77.682
1,469153,0.191,-7.612,1.937,0.677,-0.095,-0.130,-54.443,-31.336,70.769
1,469157,0.251,-7.208,2.014,0.710,-0.099,-0.128,-54.662,-31.102,70.403
1,469161,0.251,-7.208,2.014,0.710,-0.099,-0.128,-54.662,-31.102,70.403
1,469165,0.359,-6.803,2.027,0.674,-0.101,-0.119,-54.662,-31.102,70.403
1,469248,0.349,-7.921,2.718,0.089,-0.065,-0.073,-54.355,-31.657,69.030
1,469250,0.349,-7.921,2.718,0.089,-0.065,-0.073,-54.355,-31.657,69.030
1,469357,0.276,-7.546,1.842,-0.044,-0.044,-0.013,-54.692,-31.438,71.193
1,469458,0.543,-8.607,1.851,0.117,-0.050,0.011,-54.326,-31.789,70.272
1,469487,0.541,-9.211,1.766,-0.103,-0.026,0.043,-54.092,-31.190,70.696
1,469491,0.541,-9.211,1.766,-0.103,-0.026,0.043,-54.092,-31.190,70.696
1,469495,0.541,-9.211,1.766,-0.103,-0.026,0.043,-54.092,-31.190,70.696
1,469620,0.141,-9.029,2.090,0.269,-0.064,0.048,-54.034,-31.190,71.836
1,469637,0.138,-8.838,2.012,-0.032,-0.048,0.045,-54.239,-31.511,72.026
1,469641,0.138,-8.838,2.012,-0.032,-0.048,0.045,-54.239,-31.511,72.026
1,469644,0.144,-9.271,2.145,-0.144,-0.034,0.057,-53.552,-30.941,72.581
1,469667,0.110,-9.571,2.258,-0.162,-0.038,0.067,-54.034,-31.175,72.420
1,469670,0.110,-9.571,2.258,-0.162,-0.038,0.067,-54.092,-30.912,71.894
1,469674,0.157,-9.180,2.096,-0.206,-0.045,0.056,-54.092,-30.912,71.894
1,469697,0.256,-8.365,1.457,-0.552,-0.034,0.045,-53.479,-30.590,72.800
1,469701,0.256,-8.365,1.457,-0.552,-0.034,0.045,-53.479,-30.590,72.800
1,469757,0.304,-10.037,0.954,-1.056,-0.018,0.051,-53.785,-30.868,76.951
1,469787,-0.006,-10.289,0.407,-1.100,-0.017,0.059,-53.712,-30.780,78.135
1,469817,-0.039,-10.538,0.123,-1.016,-0.026,0.055,-53.800,-30.693,80.342
1,469877,-0.311,-11.082,-1.077,-1.184,-0.028,0.054,-53.800,-30.357,84.887
1,470009,-0.402,-12.817,-2.619,-0.844,-0.071,0.038,-53.376,-30.678,94.885
1,470263,-0.129,-11.069,-2.623,-0.224,-0.122,-0.066,-53.011,-30.941,99.445
1,470267,-0.129,-11.069,-2.623,-0.224,-0.122,-0.066,-53.011,-30.941,99.445
1,470271,-0.078,-10.697,-2.764,-0.220,-0.121,-0.071,-52.660,-30.561,100.132
1,470274,-0.078,-10.697,-2.764,-0.220,-0.121,-0.071,-52.660,-30.561,100.132
1,470296,-0.104,-10.728,-2.879,-0.237,-0.106,-0.065,-53.055,-31.234,100.278
1,470460,-0.179,-9.929,-3.282,-0.132,-0.133,-0.086,-53.376,-30.868,99.079
1,470477,-0.183,-10.904,-3.381,-0.364,-0.117,-0.093,-52.996,-31.307,100.292
1,470481,-0.183,-10.904,-3.381,-0.364,-0.117,-0.093,-52.996,-31.307,100.292
1,470484,-0.193,-11.113,-3.316,-0.263,-0.122,-0.092,-52.996,-31.307,100.292
1,470610,-0.156,-9.577,-2.887,1.071,-0.192,-0.068,-53.771,-30.839,96.507
1,470657,0.092,-10.455,-2.249,0.911,-0.181,-0.062,-53.508,-30.956,94.885
1,470661,-0.041,-10.400,-2.079,1.054,-0.193,-0.060,-53.025,-31.350,94.212
1,470893,0.019,-10.129,-0.104,0.182,-0.139,-0.054,-53.303,-31.029,85.531
1,470897,-0.010,-9.923,-0.142,0.331,-0.147,-0.053,-53.566,-31.029,85.531
1,470901,-0.010,-9.923,-0.142,0.331,-0.147,-0.053,-53.566,-31.029,85.531
1,470905,-0.049,-9.449,-0.080,0.400,-0.148,-0.056,-53.566,-31.029,85.531
1,470926,-0.097,-9.106,0.173,0.193,-0.123,-0.068,-53.479,-30.766,86.115
1,470930,-0.097,-9.106,0.173,0.193,-0.123,-0.068,-53.464,-30.167,85.677
1,471037,-0.261,-9.271,0.380,0.852,-0.149,-0.048,-53.669,-30.839,82.154
1,471047,-0.223,-9.381,0.368,0.804,-0.156,-0.046,-53.522,-30.839,81.716
1,471050,-0.223,-9.561,0.374,0.804,-0.156,-0.046,-53.522,-30.839,81.716
1,471077,-0.190,-9.576,0.617,0.885,-0.142,-0.044,-53.566,-31.087,79.991
1,471240,-0.133,-9.157,2.333,0.809,-0.121,-0.075,-54.034,-31.555,74.963
1,471257,0.122,-9.257,2.497,0.275,-0.111,-0.089,-53.771,-31.511,74.803
1,471260,0.122,-9.257,2.497,0.275,-0.111,-0.089,-53.201,-31.014,74.262
1,471287,0.044,-9.958,2.646,-0.391,-0.070,-0.130,-53.815,-31.117,74.408
1,471317,0.315,-9.689,2.213,-0.536,-0.079,-0.139,-54.472,-31.029,75.943
1,471321,0.315,-9.689,2.213,-0.536,-0.079,-0.139,-54.472,-31.029,75.943
1,471324,0.315,-9.689,2.081,-0.536,-0.079,-0.139,-54.019,-31.380,76.834
1,471347,0.455,-9.781,2.023,-0.790,-0.055,-0.160,-54.414,-31.599,77.726
1,471376,0.374,-10.284,1.540,-0.586,-0.072,-0.160,-54.165,-31.146,78.690
1,471407,0.312,-9.922,1.559,-0.130,-0.081,-0.149,-54.633,-31.277,79.962
1,471411,0.312,-9.922,1.559,-0.130,-0.081,-0.149,-54.575,-31.380,79.962
1,471415,0.324,-9.857,1.450,0.012,-0.098,-0.142,-54.575,-31.380,79.962
1,471436,0.220,-9.692,1.366,0.224,-0.100,-0.143,-54.443,-31.438,79.129
1,471440,0.220,-9.692,1.366,0.224,-0.100,-0.143,-54.443,-31.438,79.129
1,471444,0.187,-9.665,1.486,0.320,-0.097,-0.144,-54.443,-31.438,79.129
1,471497,0.333,-8.346,1.856,0.577,-0.109,-0.133,-54.619,-31.540,77.346
1,471500,0.386,-7.966,1.844,0.577,-0.109,-0.133,-54.619,-31.540,77.346
1,471504,0.386,-7.966,1.844,0.348,-0.104,-0.140,-54.619,-31.540,77.346
1,471556,0.169,-8.862,1.296,-0.694,-0.043,-0.161,-54.896,-31.453,78.822
1,471586,0.258,-8.859,0.904,-0.417,-0.065,-0.133,-55.276,-31.102,80.064
1,471590,0.328,-8.613,0.863,-0.326,-0.062,-0.132,-55.276,-31.102,80.517
1,471594,0.328,-8.613,0.863,-0.326,-0.062,-0.132,-54.443,-31.073,80.517
1,471616,0.287,-8.365,0.774,-0.296,-0.066,-0.137,-55.057,-31.277,80.912
1,471677,0.189,-7.560,0.384,0.167,-0.089,-0.076,-54.925,-31.409,81.482
1,471680,0.189,-7.560,0.384,0.255,-0.089,-0.076,-54.925,-31.409,81.482
1,471684,0.189,-7.560,0.384,0.255,-0.089,-0.076,-54.925,-31.409,81.482
1,471707,0.251,-6.780,0.473,0.395,-0.078,-0.033,-54.735,-31.160,80.079
1,471709,0.251,-6.780,0.473,0.390,-0.078,-0.033,-54.735,-31.160,80.079
1,471713,0.251,-6.780,0.473,0.390,-0.078,-0.033,-54.735,-31.204,79.524
1,471840,1.472,-8.158,0.887,0.573,-0.090,0.031,-54.911,-31.263,76.542
1,471857,1.480,-8.605,1.068,0.373,-0.076,0.012,-54.809,-31.234,77.740
1,472066,0.184,-7.328,2.049,1.065,-0.095,0.038,-53.932,-31.248,69.848
1,472097,0.115,-6.973,2.152,0.577,-0.077,0.048,-54.589,-31.745,69.716
1,472100,0.115,-6.973,2.152,0.463,-0.062,0.064,-54.589,-31.745,69.716
1,472104,0.115,-6.973,2.152,0.463,-0.062,0.064,-54.589,-31.745,69.716
1,472156,0.029,-7.315,2.617,0.878,-0.071,0.095,-53.771,-31.555,67.188
1,472217,0.522,-7.933,3.742,1.060,-0.070,0.112,-53.698,-31.979,64.002
1,472277,0.558,-7.906,4.203,0.162,-0.034,0.076,-53.201,-31.687,62.438
1,472281,0.558,-7.906,4.203,0.162,-0.034,0.076,-53.201,-31.687,62.438
1,472284,0.569,-7.756,4.041,0.020,-0.029,0.076,-53.201,-31.687,62.438
1,472306,0.340,-7.773,3.539,-0.255,-0.023,0.068,-52.850,-31.920,62.716
1,472367,-0.145,-8.456,3.090,0.296,-0.048,0.082,-53.025,-31.687,62.262
1,472576,-0.313,-7.781,2.843,-0.214,-0.049,0.016,-52.280,-31.555,62.613
1,472607,-0.535,-9.178,3.252,-0.360,-0.038,0.006,-52.412,-31.891,64.119
1,472610,-0.535,-9.178,3.252,-0.360,-0.038,0.006,-52.338,-31.497,64.206
1,472637,-0.296,-8.693,2.867,-0.172,-0.064,-0.006,-52.689,-31.833,64.440
1,472696,-0.024,-9.324,3.285,-0.257,-0.078,-0.028,-52.733,-31.044,65.829
1,472700,-0.024,-9.324,3.285,-0.257,-0.078,-0.028,-52.733,-31.044,65.829
1,472704,-0.047,-9.172,3.220,-0.257,-0.078,-0.028,-52.733,-31.044,65.829
1,472727,-0.081,-9.462,2.928,-0.644,-0.073,-0.038,-52.178,-30.868,66.121
1,472860,-0.639,-10.722,1.571,-1.389,-0.065,-0.055,-52.543,-30.240,74.540
1,472876,-0.684,-10.707,1.414,-1.746,-0.042,-0.060,-52.353,-30.751,77.433
1,472880,-0.689,-10.860,1.310,-1.873,-0.037,-0.045,-52.353,-30.751,77.433
1,472884,-0.689,-10.860,1.310,-1.873,-0.037,-0.045,-52.353,-30.751,77.433
1,472906,-0.914,-11.331,0.939,-2.017,-0.035,-0.038,-52.499,-30.269,80.342
1,472937,-1.125,-10.744,0.486,-2.066,-0.024,-0.027,-52.455,-30.225,83.645
1,472997,-0.951,-9.046,-1.017,-2.661,-0.007,-0.005,-52.835,-30.576,93.335
1,473000,-0.951,-9.046,-1.017,-2.891,-0.004,-0.005,-52.338,-30.152,96.419
1,473004,-0.951,-9.046,-1.017,-2.891,-0.004,-0.005,-52.338,-30.152,96.419
1,473026,-0.875,-8.691,-1.911,-3.366,0.023,-0.015,-52.733,-30.839,101.622
1,473030,-0.875,-8.691,-1.911,-3.577,0.028,-0.015,-52.733,-30.839,101.622
1,473057,-0.668,-8.759,-3.135,-3.947,0.017,-0.012,-52.602,-31.716,107.132
1,473060,-0.668,-8.759,-3.135,-3.947,0.017,-0.012,-52.602,-31.774,110.699
1,473064,-0.668,-8.759,-3.135,-3.947,0.017,-0.012,-52.192,-31.774,110.699
1,473086,-0.542,-8.437,-3.734,-3.960,0.007,-0.021,-53.172,-32.812,115.916
1,473117,-0.267,-7.452,-4.810,-3.845,-0.032,-0.024,-52.792,-33.747,121.324
1,473121,-0.267,-7.452,-4.810,-3.845,-0.032,-0.024,-52.792,-33.747,121.324
1,473352,-0.367,-0.099,-8.524,-3.382,-0.126,-0.178,-53.099,-47.968,154.925
1,473416,-0.581,2.398,-8.571,-3.451,-0.123,-0.216,-52.265,-52.002,157.819
1,473420,-0.650,2.398,-8.571,-3.497,-0.100,-0.215,-52.265,-52.002,157.819
1,473424,-0.650,2.398,-8.571,-3.497,-0.100,-0.215,-52.265,-52.002,157.819
1,473446,-0.756,2.550,-8.253,-3.459,-0.106,-0.217,-52.514,-54.151,156.519
1,473537,-1.132,5.938,-8.248,-1.923,-0.126,-0.205,-51.622,-58.579,154.648
1,473596,-1.049,6.780,-7.400,-1.685,-0.092,-0.176,-51.549,-60.567,151.725
1,473600,-1.049,6.780,-7.400,-1.685,-0.092,-0.176,-51.549,-60.085,151.768
1,473604,-0.960,6.918,-7.403,-1.682,-0.112,-0.172,-51.549,-60.085,151.768
1,473625,-0.441,6.920,-7.872,-1.736,-0.121,-0.182,-51.681,-61.225,150.219
1,473657,-0.709,6.999,-6.695,-1.637,-0.079,-0.161,-51.637,-62.350,149.532
