Scanning for devices...
Connecting to new device: Feather Node #02 (9C16003E-0EE5-0DB0-7940-B20EE27F10FA)
Connected to all 1 devices. Listening for data...
Connected to 9C16003E-0EE5-0DB0-7940-B20EE27F10FA
2,AX,3012431,2.5
2,AY,3012431,8.6
2,AZ,3012431,3.3
2,MX,3012431,41.5
2,MY,3012431,-62.6
2,MZ,3012431,74.0
2,GX,3012431,-1.9
2,GY,3012431,0.3
2,GZ,3012431,0.1
2,AX,3012918,3.2
2,AY,3012918,9.7
2,AZ,3012918,3.8
2,MX,3012918,40.6
2,MY,3012918,-63.4
2,MZ,3012918,72.0
2,GX,3012918,0.3
2,GY,3012918,-0.1
2,GZ,3012918,-0.2
2,AX,3013458,2.2
2,AY,3013458,9.5
2,AZ,3013458,6.0
2,MX,3013458,42.6
2,MY,3013458,-65.9
2,MZ,3013458,64.3
2,GX,3013458,-2.5
2,GY,3013458,0.5
2,GZ,3013458,-0.1
2,AX,3013999,1.2
2,AY,3013999,-1.4
2,AZ,3013999,9.5
2,MX,3013999,40.1
2,MY,3013999,-77.4
2,MZ,3013999,-0.9
2,GX,3013999,-0.7
2,GY,3013999,-0.0
2,GZ,3013999,-0.1
2,AX,3014539,-1.9
2,AY,3014539,-8.9
2,AZ,3014539,3.9
2,MX,3014539,44.4
2,MY,3014539,-54.6
2,MZ,3014539,11.7
2,GX,3014539,-2.2
2,GY,3014539,0.4
2,GZ,3014539,-0.2
2,AX,3015078,-2.3
2,AY,3015078,-9.1
2,AZ,3015078,5.4
2,MX,3015078,43.6
2,MY,3015078,-58.3
2,MZ,3015078,6.3
2,GX,3015078,0.2
2,GY,3015078,-0.1
2,GZ,3015078,0.0
2,AX,3015618,-2.1
2,AY,3015618,-8.0
2,AZ,3015618,5.3
2,MX,3015618,43.6
2,MY,3015618,-59.1
2,MZ,3015618,4.5
2,GX,3015618,0.1
2,GY,3015618,-0.1
2,GZ,3015618,-0.0
2,AX,3016159,-2.1
2,AY,3016159,-8.1
2,AZ,3016159,5.5
2,MX,3016159,43.0
2,MY,3016159,-60.1
2,MZ,3016159,3.6
2,GX,3016159,0.1
2,GY,3016159,-0.1
2,GZ,3016159,-0.0
2,AX,3016699,-2.0
2,AY,3016699,-7.8
2,AZ,3016699,5.6
2,MX,3016699,42.5
2,MY,3016699,-60.6
2,MZ,3016699,2.9
2,GX,3016699,0.3
2,GY,3016699,-0.1
2,GZ,3016699,-0.0
2,AX,3017268,-1.8
2,AY,3017268,-7.6
2,AZ,3017268,6.4
2,MX,3017268,42.9
2,MY,3017268,-63.4
2,MZ,3017268,1.2
2,GX,3017268,-0.0
2,GY,3017268,-0.1
2,GZ,3017268,-0.1
2,AX,3017809,-1.8
2,AY,3017809,-6.6
2,AZ,3017809,7.1
2,MY,3017809,-65.9
2,MZ,3017809,-1.2
2,GX,3017809,0.1
2,GY,3017809,-0.1
2,GZ,3017809,-0.0
2,AX,3018349,-1.5
2,AY,3018349,-5.6
2,AZ,3018349,7.7
2,MX,3018349,41.1
2,MY,3018349,-68.8
2,MZ,3018349,-3.8
2,GX,3018349,-0.1
2,GY,3018349,-0.1
2,GZ,3018349,-0.1
2,AX,3018918,-1.3
2,AY,3018918,-4.9
2,AZ,3018918,8.7
2,MX,3018918,40.6
2,MY,3018918,-72.3
2,MZ,3018918,-5.0
2,GX,3018918,0.2
2,GY,3018918,-0.1
2,GZ,3018918,-0.0
2,AY,3019489,-3.9
2,AZ,3019489,9.7
2,MX,3019489,39.9
2,MY,3019489,-74.1
2,MZ,3019489,-5.8
2,GX,3019489,0.1
2,GY,3019489,-0.1
2,GZ,3019489,-0.0
2,AX,3020088,-1.0
2,AY,3020088,-4.0
2,MX,3020088,40.4
2,MY,3020088,-74.3
2,MZ,3020088,-5.9
2,GX,3020088,-0.1
2,GY,3020088,-0.1
2,GZ,3020088,-0.0
2,AX,3020718,-0.9
2,AY,3020718,-3.3
2,AZ,3020718,7.9
2,MX,3020718,38.8
2,MY,3020718,-73.5
2,GX,3020718,0.3
2,GY,3020718,-0.2
2,GZ,3020718,-0.0
2,AX,3021409,-0.6
2,MX,3021409,37.5
2,MY,3021409,-76.0
2,MZ,3021409,-5.6
2,GY,3021409,-0.1
2,GZ,3021409,-0.0
2,AX,3022069,-0.5
2,AY,3022069,-2.9
2,AZ,3022069,10.5
2,MX,3022069,35.8
2,MY,3022069,-76.7
2,GX,3022069,0.1
2,GY,3022069,-0.1
2,GZ,3022069,-0.0
2,AX,3022668,-0.4
2,AY,3022668,-2.7
2,AZ,3022668,9.7
2,MX,3022668,37.1
2,MY,3022668,-77.1
2,MZ,3022668,-5.2
2,GX,3022668,-0.4
2,GY,3022668,0.0
2,GZ,3022668,-0.0
2,AX,3023329,-0.4
2,AY,3023329,-2.4
2,AZ,3023329,10.2
2,MX,3023329,36.3
2,MY,3023329,-77.1
2,MZ,3023329,-3.5
2,GX,3023329,0.7
2,GY,3023329,-0.2
2,GZ,3023329,-0.0
2,AX,3023869,-0.4
2,AY,3023869,-1.4
2,AZ,3023869,9.1
2,MX,3023869,37.2
2,MY,3023869,-77.0
2,MZ,3023869,-3.4
2,GX,3023869,0.6
2,GY,3023869,-0.2
2,AY,3024568,-1.7
2,AZ,3024568,10.2
2,MX,3024568,37.0
2,MY,3024568,-78.4
2,GX,3024568,0.2
2,GZ,3024568,-0.1
2,AX,3025189,-0.3
2,AZ,3025189,11.0
2,MX,3025189,36.6
2,MY,3025189,-78.7
2,MZ,3025189,-3.6
2,GX,3025189,0.1
2,GZ,3025189,-0.0
2,AX,3025789,-0.5
2,AY,3025789,-2.1
2,AZ,3025789,9.6
2,MX,3025789,37.6
2,MY,3025789,-77.1
2,MZ,3025789,-5.3
2,GX,3025789,0.1
2,GY,3025789,-0.1
2,GZ,3025789,-0.0
2,AX,3026478,-0.5
2,AY,3026478,-1.9
2,AZ,3026478,10.2
2,MX,3026478,36.6
2,MY,3026478,-77.7
2,MZ,3026478,-2.8
2,GX,3026478,0.2
2,GY,3026478,-0.1
2,GZ,3026478,-0.0
2,AX,3027048,-0.5
2,AY,3027048,-1.9
2,AZ,3027048,10.2
2,MY,3027048,-77.6
2,MZ,3027048,-3.3
2,GY,3027048,-0.1
2,GZ,3027048,-0.1
2,AX,3027708,-0.3
2,AY,3027708,-1.2
2,AZ,3027708,10.3
2,MX,3027708,36.9
2,MY,3027708,-78.1
2,MZ,3027708,-2.0
2,GX,3027708,0.2
2,GY,3027708,-0.1
2,GZ,3027708,-0.1
2,AX,3028279,-0.3
2,AY,3028279,-1.1
2,AZ,3028279,10.6
2,MX,3028279,38.0
2,MY,3028279,-79.1
2,MZ,3028279,-2.5
2,GX,3028279,0.1
2,GY,3028279,-0.1
2,GZ,3028279,-0.0
2,AX,3028848,-0.2
2,AY,3028848,-0.8
2,MX,3028848,38.3
2,MZ,3028848,-1.7
2,GY,3028848,-0.0
2,GZ,3028848,0.0
2,AY,3029449,-0.6
2,AZ,3029449,7.3
2,MX,3029449,36.8
2,MY,3029449,-78.1
2,MZ,3029449,-0.5
2,GX,3029449,-0.2
2,GY,3029449,-0.0
2,GZ,3029449,-0.0
2,AX,3030048,-0.4
2,AY,3030048,-1.2
2,AZ,3030048,10.2
2,MY,3030048,-78.6
2,MZ,3030048,-1.7
2,GX,3030048,-0.0
2,GY,3030048,-0.1
2,GZ,3030048,-0.1
2,AX,3030648,-0.3
2,AY,3030648,-0.9
2,AZ,3030648,10.7
2,MX,3030648,36.6
2,MY,3030648,-78.7
2,MZ,3030648,-1.4
2,GX,3030648,-0.0
2,GY,3030648,-0.1
2,GZ,3030648,-0.1
2,AX,3031249,-0.4
2,AZ,3031249,9.8
2,MX,3031249,37.8
2,MY,3031249,-78.2
2,MZ,3031249,-0.7
2,GX,3031249,-0.4
2,GY,3031249,0.0
2,GZ,3031249,-0.0
2,AX,3031937,-0.5
2,AY,3031937,-1.6
2,AZ,3031937,9.7
2,MX,3031937,37.7
2,MY,3031937,-77.8
2,GX,3031937,-0.1
2,GY,3031937,-0.1
2,GZ,3031937,-0.0
2,AX,3032539,-0.4
2,AY,3032539,-1.5
2,AZ,3032539,9.9
2,MX,3032539,37.3
2,MY,3032539,-77.9
2,MZ,3032539,-2.5
2,GX,3032539,0.2
2,GY,3032539,-0.1
2,GZ,3032539,-0.0
2,AX,3033108,-0.3
2,AY,3033108,-1.2
2,AZ,3033108,10.2
2,MX,3033108,36.5
2,MY,3033108,-78.6
2,MZ,3033108,-2.4
2,GX,3033108,0.3
2,GZ,3033108,-0.1
2,AX,3033768,-0.4
2,AY,3033768,-1.0
2,AZ,3033768,11.2
2,MX,3033768,37.1
2,MY,3033768,-79.1
2,MZ,3033768,-1.8
2,GX,3033768,-0.1
2,GZ,3033768,-0.1
2,AX,3034338,-0.2
2,AY,3034338,-1.1
2,AZ,3034338,9.4
2,MX,3034338,37.9
2,MY,3034338,-78.3
2,GX,3034338,0.5
2,GY,3034338,-0.2
2,GZ,3034338,-0.0
2,AX,3034968,-0.2
2,AY,3034968,-1.2
2,AZ,3034968,10.2
2,MX,3034968,37.6
2,MY,3034968,-78.3
2,MZ,3034968,-0.5
2,GX,3034968,0.5
2,GY,3034968,-0.2
2,GZ,3034968,-0.0
2,AX,3035568,-0.3
2,AY,3035568,-1.1
2,AZ,3035568,9.7
2,MX,3035568,37.4
2,MY,3035568,-77.9
2,MZ,3035568,-2.2
2,GX,3035568,0.2
2,GY,3035568,-0.1
2,GZ,3035568,-0.1
2,AX,3036108,-0.3
2,AY,3036108,-0.7
2,AZ,3036108,10.7
2,MX,3036108,37.4
2,MY,3036108,-78.9
2,MZ,3036108,-1.4
2,GX,3036108,0.3
2,GY,3036108,-0.1
2,GZ,3036108,-0.1
2,AX,3036768,-0.2
2,AY,3036768,-0.4
2,AZ,3036768,10.6
2,MX,3036768,38.1
2,MY,3036768,-79.2
2,MZ,3036768,-0.1
2,GX,3036768,-0.0
2,GY,3036768,-0.1
2,GZ,3036768,-0.0
2,AX,3037338,-0.1
2,AY,3037338,-0.8
2,AZ,3037338,9.9
2,MX,3037338,37.2
2,MZ,3037338,-0.6
2,GX,3037338,0.6
2,GY,3037338,-0.2
2,GZ,3037338,0.0
2,AX,3037968,-0.0
2,AY,3037968,-0.6
2,AZ,3037968,8.6
2,MX,3037968,38.1
2,MY,3037968,-78.8
2,MZ,3037968,0.0
2,GX,3037968,0.9
2,GY,3037968,-0.3
2,GZ,3037968,-0.0
2,AX,3038538,-0.3
2,AY,3038538,-0.4
2,AZ,3038538,10.5
2,MX,3038538,37.6
2,MY,3038538,-78.7
2,MZ,3038538,-0.5
2,GX,3038538,0.1
2,GY,3038538,-0.1
2,GZ,3038538,-0.1
2,AX,3039108,-0.2
2,AY,3039108,-0.3
2,AZ,3039108,11.2
2,MX,3039108,37.8
2,MY,3039108,-79.0
2,MZ,3039108,0.8
2,GX,3039108,0.3
2,GY,3039108,-0.1
2,GZ,3039108,-0.0
2,AX,3039678,-0.1
2,AY,3039678,-0.7
2,AZ,3039678,9.5
2,MX,3039678,38.9
2,MY,3039678,-79.1
2,MZ,3039678,-0.8
2,GX,3039678,0.0
2,GY,3039678,-0.1
2,GZ,3039678,-0.0
2,AX,3040218,-0.3
2,AY,3040218,-1.0
2,AZ,3040218,10.0
2,MX,3040218,37.5
2,MY,3040218,-78.2
2,MZ,3040218,0.4
2,GX,3040218,-0.2
2,GY,3040218,-0.1
2,GZ,3040218,-0.0
2,AX,3040787,-0.2
2,AY,3040787,-0.7
2,AZ,3040787,9.9
2,MX,3040787,36.9
2,MY,3040787,-78.6
2,MZ,3040787,-1.4
2,GX,3040787,-0.5
2,GY,3040787,0.1
2,GZ,3040787,-0.0
2,AX,3041358,-0.1
2,AY,3041358,-0.5
2,AZ,3041358,10.2
2,MX,3041358,37.3
2,MY,3041358,-79.7
2,GX,3041358,0.1
2,GZ,3041358,-0.1
2,AX,3042018,-0.2
2,AY,3042018,-0.2
2,AZ,3042018,11.1
2,MX,3042018,37.1
2,MY,3042018,-79.6
2,MZ,3042018,0.9
2,GY,3042018,-0.1
2,GZ,3042018,-0.0
2,AX,3042617,0.1
2,AY,3042617,0.2
2,AZ,3042617,9.6
2,MX,3042617,37.3
2,MY,3042617,-78.6
2,MZ,3042617,-1.1
2,GX,3042617,-0.0
2,GZ,3042617,0.0
2,MY,3043218,-78.7
2,MZ,3043218,0.1
2,GX,3043218,-0.2
2,GY,3043218,-0.0
2,GZ,3043218,-0.0
2,AX,3043908,-0.1
2,AY,3043908,0.3
2,AZ,3043908,9.8
2,MX,3043908,36.7
2,MY,3043908,-79.1
2,MZ,3043908,0.7
2,GX,3043908,-0.2
2,GY,3043908,-0.0
2,AX,3044547,-0.2
2,AY,3044547,-0.1
2,AZ,3044547,10.2
2,MX,3044547,37.2
2,MY,3044547,-79.8
2,MZ,3044547,0.9
2,GX,3044547,0.2
2,GY,3044547,-0.1
2,GZ,3044547,-0.1
2,AX,3045108,0.0
2,AY,3045108,0.7
2,AZ,3045108,10.9
2,MX,3045108,36.8
2,MY,3045108,-80.2
2,MZ,3045108,3.4
2,GX,3045108,0.4
2,GY,3045108,-0.1
2,GZ,3045108,-0.1
2,AX,3045708,0.1
2,AY,3045708,0.1
2,AZ,3045708,10.4
2,MY,3045708,-80.0
2,MZ,3045708,3.2
2,GY,3045708,-0.1
2,GZ,3045708,-0.0
2,AX,3046278,-0.4
2,AY,3046278,-1.2
2,AZ,3046278,9.8
2,MY,3046278,-78.0
2,GX,3046278,-0.3
2,GZ,3046278,-0.0
2,AX,3046848,-1.9
2,AZ,3046848,3.8
2,MX,3046848,43.4
2,MY,3046848,-53.4
2,MZ,3046848,11.2
2,GX,3046848,-0.6
2,GZ,3046848,-0.1
2,AX,3047478,-1.6
2,AY,3047478,-7.2
2,AZ,3047478,7.7
2,MX,3047478,40.0
2,MZ,3047478,-5.3
2,GX,3047478,0.1
2,GY,3047478,-0.1
2,AX,3048208,-1.3
2,AY,3048208,-5.0
2,AZ,3048208,8.5
2,MX,3048208,38.4
2,MY,3048208,-72.5
2,GX,3048208,-0.1
2,GY,3048208,0.0
2,GZ,3048208,0.0
2,AX,3048768,-1.2
2,MX,3048768,37.0
2,MY,3048768,-74.1
2,MZ,3048768,-8.5
2,GY,3048768,-0.1
2,GZ,3048768,-0.1
2,AY,3049428,-4.3
2,AZ,3049428,8.6
2,MX,3049428,35.5
Traceback (most recent call last):
  File "/opt/homebrew/Cellar/python@3.13/3.13.7/Frameworks/Python.framework/Versions/3.13/lib/python3.13/asyncio/runners.py", line 118, in run
    return self._loop.run_until_complete(task)
           ~~~~~~~~~~~~~~~~~~~~~~~~~~~~~^^^^^^
  File "/opt/homebrew/Cellar/python@3.13/3.13.7/Frameworks/Python.framework/Versions/3.13/lib/python3.13/asyncio/base_events.py", line 725, in run_until_complete
    return future.result()
           ~~~~~~~~~~~~~^^
  File "/Users/j/8803/project/tester.py", line 56, in main
    await asyncio.gather(*tasks)
  File "/Users/j/8803/project/tester.py", line 29, in connect_and_listen
    await asyncio.sleep(1)
  File "/opt/homebrew/Cellar/python@3.13/3.13.7/Frameworks/Python.framework/Versions/3.13/lib/python3.13/asyncio/tasks.py", line 718, in sleep
    return await future
           ^^^^^^^^^^^^
asyncio.exceptions.CancelledError

During handling of the above exception, another exception occurred:

Traceback (most recent call last):
  File "/Users/j/8803/project/tester.py", line 58, in <module>
    asyncio.run(main())
    ~~~~~~~~~~~^^^^^^^^
  File "/opt/homebrew/Cellar/python@3.13/3.13.7/Frameworks/Python.framework/Versions/3.13/lib/python3.13/asyncio/runners.py", line 195, in run
    return runner.run(main)
           ~~~~~~~~~~^^^^^^
  File "/opt/homebrew/Cellar/python@3.13/3.13.7/Frameworks/Python.framework/Versions/3.13/lib/python3.13/asyncio/runners.py", line 123, in run
    raise KeyboardInterrupt()
KeyboardInterrupt
