1,611708,-0.507,5.587,-8.064,0.035,-0.045,-0.046,51.739,-56.051,-2.631
1,611711,-0.507,5.587,-8.064,0.035,-0.045,-0.046,51.739,-56.051,-2.631
1,611715,-0.507,5.587,-8.064,0.035,-0.045,-0.046,51.213,-56.299,-3.245
1,611718,-0.465,5.567,-7.969,0.057,-0.043,-0.046,51.213,-56.299,-3.245
1,611769,-0.473,5.610,-7.992,0.153,-0.039,-0.048,51.301,-56.445,-2.952
1,611979,-0.322,5.554,-7.906,0.054,-0.070,-0.062,50.336,-56.153,-3.069
1,612009,-0.274,5.545,-7.907,0.071,-0.073,-0.065,50.643,-56.182,-3.230
1,612012,-0.297,5.598,-7.920,0.076,-0.077,-0.066,50.643,-56.182,-3.230
1,612016,-0.297,5.598,-7.920,0.076,-0.077,-0.066,50.643,-56.182,-3.230
1,612039,-0.252,5.597,-7.919,0.056,-0.087,-0.071,50.570,-56.329,-3.420
1,612069,-0.237,5.557,-7.930,0.044,-0.078,-0.071,50.716,-56.387,-1.929
1,612128,-0.298,5.719,-8.046,0.104,-0.070,-0.071,50.614,-56.168,-2.499
1,612132,-0.298,5.719,-8.046,0.104,-0.070,-0.071,50.614,-56.168,-2.499
1,612136,-0.298,5.719,-8.046,0.104,-0.070,-0.071,50.614,-56.168,-2.499
1,612158,-0.354,5.726,-8.024,0.072,-0.070,-0.070,50.848,-56.314,-2.879
1,612189,-0.383,5.684,-7.970,0.090,-0.065,-0.068,50.468,-55.890,-3.376
1,612219,-0.403,5.642,-7.949,0.144,-0.057,-0.067,50.438,-56.402,-2.441
1,612222,-0.403,5.642,-7.949,0.144,-0.057,-0.067,50.438,-56.402,-2.441
1,612279,-0.420,5.576,-8.029,0.187,-0.053,-0.064,50.848,-56.182,-2.645
1,612283,-0.420,5.576,-8.029,0.187,-0.053,-0.064,50.848,-56.182,-2.645
1,612286,-0.398,5.568,-8.032,0.173,-0.057,-0.064,50.848,-56.182,-2.645
1,612308,-0.386,5.574,-8.049,0.143,-0.056,-0.061,50.804,-56.372,-1.783
1,612312,-0.386,5.574,-8.049,0.143,-0.056,-0.061,50.804,-56.372,-1.783
1,612315,-0.374,5.567,-8.049,0.137,-0.059,-0.061,51.213,-55.759,-2.353
1,612338,-0.366,5.576,-8.059,0.143,-0.057,-0.060,50.789,-56.285,-2.119
1,612342,-0.366,5.576,-8.059,0.143,-0.057,-0.060,50.789,-56.285,-2.119
1,612345,-0.364,5.584,-8.096,0.148,-0.057,-0.061,50.789,-56.285,-2.119
1,612369,-0.331,5.544,-8.131,0.169,-0.056,-0.056,51.067,-55.949,-2.777
1,612373,-0.310,5.464,-8.128,0.169,-0.055,-0.054,51.067,-55.949,-2.777
1,612399,-0.297,5.404,-8.198,0.231,-0.050,-0.051,50.702,-55.861,-2.090
1,612403,-0.299,5.361,-8.225,0.241,-0.048,-0.050,50.702,-55.861,-2.090
1,612406,-0.299,5.361,-8.225,0.241,-0.048,-0.050,50.702,-55.861,-2.090
1,612428,-0.254,5.310,-8.301,0.230,-0.045,-0.050,51.052,-55.598,-2.134
1,612458,-0.188,5.399,-8.372,0.126,-0.056,-0.049,50.395,-56.022,-1.871
1,612462,-0.171,5.413,-8.387,0.070,-0.062,-0.049,51.067,-56.022,-2.412
1,612466,-0.171,5.413,-8.387,0.070,-0.062,-0.049,51.067,-56.022,-2.412
1,612489,-0.153,5.529,-8.329,-0.062,-0.066,-0.048,50.497,-56.329,-2.631
1,612579,-0.305,5.579,-7.756,-0.001,-0.065,-0.034,50.716,-56.416,-3.201
1,612608,-0.321,5.612,-7.796,0.192,-0.048,-0.031,50.102,-56.796,-3.332
1,612612,-0.321,5.612,-7.796,0.192,-0.048,-0.031,50.102,-56.796,-3.332
1,612668,-0.244,5.620,-7.938,0.020,-0.065,-0.029,50.468,-56.723,-2.996
1,612672,-0.244,5.620,-7.938,0.020,-0.065,-0.029,50.468,-56.723,-2.996
1,612699,-0.220,5.679,-8.020,0.122,-0.054,-0.027,50.424,-56.752,-3.493
1,612789,-0.267,5.755,-7.919,0.011,-0.067,-0.023,50.322,-56.840,-3.362
1,612792,-0.268,5.762,-7.894,0.011,-0.067,-0.023,50.424,-55.978,-3.157
1,612796,-0.268,5.762,-7.894,0.009,-0.068,-0.022,50.424,-55.978,-3.157
1,612818,-0.280,5.727,-7.827,0.022,-0.066,-0.021,50.205,-56.519,-2.850
1,612924,-0.194,5.771,-7.809,0.079,-0.077,-0.020,50.161,-56.621,-2.923
1,612969,-0.129,5.780,-7.868,0.075,-0.084,-0.018,50.263,-56.504,-3.128
1,612972,-0.129,5.780,-7.868,0.081,-0.084,-0.018,50.263,-56.504,-3.128
1,612999,-0.120,5.807,-7.874,0.103,-0.084,-0.016,49.985,-56.621,-2.514
1,613002,-0.120,5.807,-7.874,0.103,-0.084,-0.016,49.985,-56.621,-2.514
1,613006,-0.120,5.807,-7.874,0.103,-0.084,-0.016,49.985,-56.621,-2.514
1,613029,-0.086,5.801,-7.844,0.077,-0.089,-0.018,50.132,-56.475,-3.055
1,613033,-0.086,5.801,-7.844,0.077,-0.089,-0.018,50.132,-56.475,-3.055
1,613036,-0.086,5.801,-7.844,0.077,-0.089,-0.018,50.336,-56.533,-2.251
1,613059,-0.072,5.712,-7.779,0.054,-0.095,-0.015,49.942,-56.635,-2.616
1,613063,-0.072,5.712,-7.779,0.054,-0.095,-0.015,50.190,-56.504,-3.055
1,613066,-0.072,5.712,-7.767,0.054,-0.095,-0.015,50.190,-56.504,-3.055
1,613088,-0.090,5.699,-7.775,0.088,-0.097,-0.015,49.942,-56.782,-3.025
1,613092,-0.090,5.699,-7.775,0.088,-0.097,-0.015,49.942,-56.782,-3.025
1,613095,-0.090,5.699,-7.804,0.088,-0.097,-0.015,49.942,-56.782,-3.025
1,613118,-0.118,5.693,-7.816,0.093,-0.101,-0.015,50.365,-56.884,-2.850
1,613122,-0.118,5.693,-7.816,0.093,-0.101,-0.015,50.292,-56.095,-2.368
1,613125,-0.109,5.653,-7.805,0.093,-0.101,-0.013,50.292,-56.095,-2.368
1,613148,-0.128,5.562,-7.764,0.076,-0.103,-0.012,50.219,-56.767,-2.675
1,613208,-0.166,5.076,-7.425,0.132,-0.101,-0.009,49.971,-56.504,-3.259
1,613212,-0.166,5.076,-7.425,0.132,-0.101,-0.009,49.971,-56.504,-3.259
1,613216,-0.184,5.007,-7.387,0.122,-0.100,-0.010,49.971,-56.504,-3.259
1,613238,-0.206,4.896,-7.358,0.099,-0.109,-0.010,49.825,-56.402,-2.806
1,613242,-0.206,4.896,-7.358,0.099,-0.109,-0.010,49.825,-56.402,-2.806
1,613246,-0.270,4.805,-7.341,0.087,-0.110,-0.009,50.175,-56.489,-3.829
1,613268,-0.230,4.593,-7.214,0.076,-0.109,-0.007,50.029,-56.679,-2.470
1,613272,-0.245,4.453,-7.119,0.076,-0.109,-0.007,50.029,-56.679,-2.470
1,613329,-0.189,3.799,-6.339,-0.076,-0.122,-0.009,50.132,-56.562,-3.595
1,613359,-0.162,3.564,-5.755,-0.321,-0.145,-0.015,50.000,-56.606,-4.019
1,613363,-0.124,3.575,-5.611,-0.424,-0.158,-0.016,50.000,-56.606,-4.019
1,613389,-0.099,3.662,-5.371,-0.622,-0.183,-0.026,50.205,-57.147,-4.765
1,613479,-0.154,4.489,-5.526,-0.497,-0.177,-0.029,49.927,-58.609,-6.650
1,613483,-0.154,4.489,-5.526,-0.497,-0.177,-0.029,49.927,-58.609,-6.650
1,613486,-0.154,4.489,-5.526,-0.497,-0.177,-0.029,49.927,-58.609,-6.650
1,613508,-0.147,4.916,-5.914,-0.378,-0.166,-0.028,50.073,-58.477,-6.197
1,613539,-0.135,5.286,-6.318,-0.213,-0.150,-0.022,50.482,-58.769,-6.416
1,613542,-0.135,5.286,-6.318,-0.213,-0.150,-0.022,50.482,-58.769,-6.416
1,613546,-0.122,5.411,-6.434,-0.170,-0.145,-0.021,50.482,-58.769,-6.416
1,613671,-0.140,7.402,-6.760,-0.932,-0.209,-0.013,50.307,-59.281,-8.696
1,613689,-0.201,7.815,-6.571,-1.046,-0.215,-0.015,50.438,-59.866,-9.208
1,613692,-0.275,7.921,-6.439,-1.046,-0.215,-0.016,50.438,-59.866,-9.208
1,613749,-0.386,8.697,-5.890,-0.997,-0.228,-0.011,50.351,-60.611,-12.321
1,613752,-0.384,8.887,-5.793,-0.947,-0.227,-0.012,50.351,-60.611,-12.321
1,613756,-0.384,8.887,-5.793,-0.947,-0.227,-0.012,50.351,-60.611,-12.321
1,613778,-0.491,9.349,-5.708,-0.864,-0.230,-0.010,50.541,-60.947,-12.759
1,613809,-0.549,10.004,-5.877,-0.661,-0.224,-0.011,50.395,-61.678,-14.440
1,613813,-0.554,10.327,-5.941,-0.593,-0.222,-0.012,50.395,-61.678,-14.440
1,613816,-0.554,10.327,-5.941,-0.593,-0.222,-0.012,50.395,-61.678,-14.440
1,613838,-0.491,10.574,-6.056,-0.472,-0.204,-0.010,50.175,-61.473,-14.806
1,613869,-0.487,11.122,-6.105,-0.081,-0.181,-0.004,50.351,-61.736,-14.733
1,613929,-0.713,11.879,-6.491,-0.309,-0.213,-0.007,50.219,-61.941,-15.580
1,613932,-0.713,11.879,-6.491,-0.309,-0.213,-0.007,50.468,-61.926,-15.609
1,613989,-1.306,12.964,-7.338,0.082,-0.193,-0.007,50.555,-61.839,-16.384
1,614018,-1.389,13.377,-7.296,-0.073,-0.204,-0.012,50.848,-61.795,-15.873
1,614022,-1.389,13.377,-7.296,-0.073,-0.204,-0.012,50.848,-61.795,-15.873
1,614079,-1.043,13.121,-6.985,0.043,-0.213,-0.011,50.409,-61.868,-16.004
1,614083,-1.043,13.121,-6.985,0.043,-0.213,-0.011,50.409,-61.868,-16.004
1,614086,-0.998,13.126,-6.974,0.132,-0.208,-0.006,50.409,-61.868,-16.004
1,614108,-0.832,13.028,-6.962,0.244,-0.197,0.006,50.731,-61.678,-15.946
1,614168,-0.464,12.275,-6.628,0.103,-0.203,0.022,51.169,-61.766,-15.829
1,614229,-0.304,11.246,-6.132,0.512,-0.142,0.059,50.658,-61.780,-15.507
1,614233,-0.296,10.987,-6.059,0.536,-0.134,0.062,50.658,-61.780,-15.507
1,614236,-0.296,10.987,-6.059,0.536,-0.134,0.062,50.965,-61.254,-14.923
1,614258,-0.305,10.195,-5.955,0.539,-0.121,0.077,50.906,-61.912,-14.586
1,614262,-0.316,9.852,-5.913,0.553,-0.121,0.081,51.125,-60.976,-13.826
1,614265,-0.316,9.852,-5.913,0.553,-0.121,0.081,51.125,-60.976,-13.826
1,614319,-0.306,8.739,-5.587,0.378,-0.111,0.083,51.023,-61.225,-13.549
1,614323,-0.306,8.739,-5.587,0.378,-0.111,0.083,51.242,-61.049,-13.008
1,614349,-0.208,7.936,-5.304,0.336,-0.100,0.097,50.731,-61.546,-12.248
1,614352,-0.208,7.936,-5.304,0.336,-0.100,0.097,50.731,-61.546,-12.248
1,614356,-0.208,7.936,-5.304,0.336,-0.100,0.097,50.731,-61.546,-12.248
1,614378,-0.117,7.309,-4.884,0.437,-0.081,0.097,50.716,-61.079,-12.043
1,614409,-0.036,6.791,-4.619,0.374,-0.086,0.098,50.760,-60.801,-11.780
1,614499,0.041,5.981,-4.612,0.545,-0.054,0.084,51.023,-60.552,-10.757
1,614502,0.041,5.981,-4.612,0.545,-0.054,0.084,51.023,-60.552,-10.757
1,614506,0.054,5.888,-4.594,0.571,-0.050,0.079,51.008,-60.319,-10.772
1,614528,0.039,5.850,-4.653,0.569,-0.048,0.075,51.038,-60.246,-9.939
1,614532,0.039,5.850,-4.653,0.569,-0.048,0.075,50.892,-60.026,-9.325
1,614559,0.045,5.292,-4.439,0.486,-0.050,0.065,50.570,-60.012,-9.719
1,614562,0.045,5.069,-4.354,0.486,-0.050,0.065,50.570,-60.012,-9.719
1,614566,0.037,5.069,-4.354,0.478,-0.049,0.065,50.570,-60.012,-9.296
1,614588,0.013,4.549,-4.038,0.472,-0.050,0.053,51.008,-59.719,-9.149
1,614695,-0.154,3.837,-4.538,0.033,-0.109,-0.032,50.541,-59.442,-8.550
1,614812,-0.349,6.202,-7.310,0.494,-0.073,-0.078,50.438,-59.442,-7.659
1,614829,-0.330,6.206,-7.139,0.519,-0.067,-0.083,50.175,-59.076,-7.600
1,614833,-0.330,6.206,-7.139,0.519,-0.067,-0.083,50.175,-59.076,-7.600
1,614835,-0.330,6.206,-6.955,0.519,-0.067,-0.083,50.760,-59.222,-7.571
1,614858,-0.286,6.135,-6.542,0.144,-0.099,-0.094,50.599,-59.179,-7.395
1,614862,-0.286,6.135,-6.542,0.144,-0.099,-0.094,50.219,-58.536,-7.556
1,614865,-0.286,6.135,-6.236,0.144,-0.099,-0.094,50.219,-58.536,-7.556
1,614918,-0.237,4.667,-4.932,-0.544,-0.145,-0.093,50.702,-59.690,-8.346
1,614922,-0.237,4.667,-4.932,-0.544,-0.145,-0.093,51.067,-59.208,-8.419
1,614926,-0.236,4.421,-4.606,-0.443,-0.139,-0.090,51.067,-59.208,-8.419
1,614948,-0.275,4.192,-4.186,-0.244,-0.116,-0.089,50.935,-59.661,-8.755
1,614952,-0.275,4.192,-4.186,-0.244,-0.116,-0.089,50.935,-59.661,-8.755
1,614956,-0.319,4.124,-4.010,-0.192,-0.112,-0.089,50.935,-59.661,-8.755
1,615082,-0.173,5.515,-4.052,-0.199,-0.115,-0.120,50.395,-60.479,-11.137
1,615128,0.004,6.036,-4.938,0.060,-0.070,-0.076,50.833,-60.231,-10.713
1,615132,0.032,5.860,-5.103,0.123,-0.057,-0.082,51.067,-60.231,-10.786
1,615136,0.032,5.860,-5.103,0.123,-0.057,-0.082,51.067,-60.231,-10.786
1,615158,0.032,6.822,-5.244,0.175,-0.062,-0.100,50.702,-60.129,-11.079
1,615189,0.035,8.294,-5.993,-0.217,-0.086,-0.081,50.979,-60.172,-11.064
1,615192,0.035,8.294,-5.993,-0.217,-0.086,-0.081,50.731,-59.646,-10.801
1,615249,-0.171,9.173,-6.212,-0.205,-0.078,-0.089,50.380,-61.020,-12.409
1,615279,-0.410,9.772,-6.395,-0.180,-0.071,-0.065,50.497,-60.947,-12.745
1,615283,-0.410,9.772,-6.395,-0.180,-0.071,-0.065,50.497,-60.947,-12.745
1,615286,-0.488,9.550,-6.455,-0.180,-0.071,-0.065,50.497,-60.947,-12.745
1,615308,-0.505,9.240,-6.341,0.110,-0.040,-0.038,50.599,-60.947,-13.417
1,615312,-0.505,9.240,-6.341,0.110,-0.040,-0.038,50.599,-60.947,-13.417
1,615338,-0.675,9.807,-6.538,0.211,-0.042,-0.066,49.927,-60.655,-12.146
1,615342,-0.675,9.807,-6.538,0.211,-0.042,-0.066,49.927,-60.655,-12.146
1,615346,-0.666,10.146,-6.558,0.132,-0.054,-0.067,49.927,-60.655,-12.146
1,615369,-0.723,10.601,-6.723,-0.060,-0.066,-0.051,50.000,-60.859,-13.227
1,615373,-0.723,10.601,-6.723,-0.060,-0.066,-0.051,50.000,-60.859,-13.227
1,615375,-0.681,10.691,-6.645,-0.123,-0.067,-0.048,50.336,-60.494,-13.081
1,615398,-0.755,11.176,-6.520,-0.193,-0.072,-0.049,50.073,-61.020,-13.315
1,615402,-0.755,11.176,-6.520,-0.193,-0.072,-0.049,49.956,-61.049,-13.856
1,615489,-0.925,12.866,-6.918,0.020,-0.061,-0.042,50.438,-61.210,-14.309
1,615493,-0.969,13.139,-6.866,-0.015,-0.064,-0.040,50.438,-61.210,-14.309
1,615519,-1.050,13.345,-6.812,-0.139,-0.090,-0.027,50.117,-60.918,-14.776
1,615579,-0.884,13.810,-7.808,0.330,-0.055,-0.021,49.605,-61.210,-14.455
1,615668,-0.493,11.669,-7.330,0.367,-0.056,-0.010,49.956,-60.713,-13.154
1,615672,-0.493,11.669,-7.330,0.367,-0.056,-0.010,49.956,-60.713,-13.154
1,615699,-0.406,11.060,-7.156,0.230,-0.076,-0.013,50.088,-60.786,-13.198
1,615758,-0.287,10.771,-7.074,0.033,-0.100,-0.022,49.825,-60.859,-13.154
1,615762,-0.287,10.771,-7.074,0.033,-0.100,-0.022,49.825,-60.859,-13.154
1,615789,-0.182,10.868,-6.956,-0.006,-0.104,-0.020,50.088,-60.757,-13.476
1,615792,-0.182,10.868,-6.956,-0.006,-0.104,-0.020,50.278,-60.260,-12.935
1,615795,-0.171,10.867,-6.948,0.027,-0.103,-0.018,50.278,-60.260,-12.935
1,615818,-0.176,10.813,-6.937,0.155,-0.090,-0.015,50.132,-60.991,-13.198
1,615849,-0.226,10.707,-6.814,0.330,-0.065,-0.012,50.029,-60.962,-12.876
1,615852,-0.226,10.707,-6.814,0.330,-0.065,-0.012,50.497,-60.129,-12.350
1,615856,-0.226,10.617,-6.749,0.348,-0.062,-0.011,50.497,-60.129,-12.350
1,615981,-0.066,6.625,-4.920,0.391,-0.032,-0.009,50.102,-60.436,-10.859
1,615999,-0.068,6.304,-4.749,0.302,-0.034,-0.009,50.614,-59.880,-10.392
1,616029,-0.102,5.545,-3.988,0.435,-0.026,-0.015,49.971,-59.749,-10.465
1,616033,-0.118,5.395,-4.235,0.509,-0.018,-0.015,49.971,-59.749,-10.465
1,616139,0.001,3.584,-2.992,0.594,-0.013,-0.022,49.942,-59.120,-7.936
1,616282,0.025,4.679,-5.258,-0.084,-0.122,-0.082,50.146,-59.237,-7.381
1,616298,-0.065,5.842,-6.430,0.044,-0.120,-0.087,50.190,-59.325,-8.082
1,616302,-0.065,5.842,-6.430,0.044,-0.120,-0.087,50.190,-59.325,-8.082
1,616306,-0.078,6.343,-6.993,0.115,-0.108,-0.089,50.015,-58.945,-7.673
1,616328,-0.144,7.138,-8.205,0.338,-0.092,-0.088,49.942,-59.442,-7.629
1,616359,-0.105,7.237,-9.290,0.847,-0.034,-0.055,50.248,-58.799,-6.387
1,616449,-0.017,5.483,-6.946,-0.661,-0.138,-0.064,49.430,-58.404,-7.366
1,616508,0.068,3.703,-4.567,-0.751,-0.136,-0.061,50.512,-59.310,-8.652
1,616512,0.068,3.703,-4.567,-0.622,-0.136,-0.061,50.512,-59.310,-8.652
1,616671,-0.380,5.214,-3.783,-0.797,-0.161,-0.090,50.102,-60.187,-11.707
1,616718,-0.469,7.072,-3.868,-0.200,-0.103,-0.064,49.883,-60.772,-12.233
1,616826,-0.319,9.182,-5.326,0.281,-0.101,-0.044,50.102,-61.386,-14.703
1,616838,-0.359,9.654,-5.316,0.335,-0.098,-0.040,50.307,-61.093,-15.478
1,616869,-0.415,10.293,-6.206,-0.012,-0.144,-0.061,50.263,-61.312,-14.060
1,616928,-0.124,11.167,-6.556,0.089,-0.123,-0.022,50.000,-61.137,-14.396
1,616959,-0.214,12.270,-7.004,-0.389,-0.176,-0.038,49.766,-61.795,-15.259
1,616989,-0.352,12.041,-6.785,-0.276,-0.150,-0.006,50.073,-61.751,-16.238
1,617047,-0.902,13.389,-7.314,0.151,-0.138,-0.017,49.649,-61.239,-15.653
1,617052,-0.902,13.389,-7.314,0.151,-0.138,-0.017,49.708,-61.006,-15.683
1,617056,-1.017,13.780,-7.541,0.151,-0.138,-0.017,49.708,-61.006,-15.683
1,617078,-1.172,13.758,-7.417,-0.508,-0.191,-0.011,49.532,-61.634,-15.478
1,617082,-1.172,13.758,-7.417,-0.508,-0.191,-0.011,49.532,-61.634,-15.478
1,617085,-1.172,13.327,-7.467,-0.508,-0.191,-0.011,49.532,-61.634,-15.478
1,617167,-0.730,14.712,-7.529,-0.105,-0.178,0.027,49.810,-61.707,-16.019
1,617229,-0.453,13.186,-7.091,0.505,-0.125,0.054,49.781,-61.312,-15.799
1,617258,-0.574,13.080,-6.843,0.323,-0.138,0.056,49.678,-61.824,-15.332
1,617262,-0.635,12.743,-6.822,0.144,-0.149,0.056,49.664,-61.444,-15.069
1,617289,-0.568,12.039,-6.494,-0.043,-0.170,0.061,50.117,-61.999,-15.390
1,617395,-0.103,10.744,-6.193,-0.004,-0.151,0.057,50.102,-61.342,-14.893
1,617409,-0.244,10.246,-5.804,0.197,-0.128,0.053,50.351,-61.035,-14.089
1,617413,-0.244,10.246,-5.804,0.197,-0.128,0.053,50.351,-61.035,-14.089
1,617416,-0.244,10.246,-5.804,0.197,-0.128,0.053,50.351,-61.035,-14.089
1,617439,-0.458,9.756,-5.672,0.485,-0.105,0.044,50.453,-61.196,-14.279
1,617442,-0.458,9.756,-5.672,0.485,-0.105,0.044,50.453,-61.196,-14.279
1,617446,-0.458,9.756,-5.672,0.485,-0.105,0.044,50.248,-61.064,-13.183
1,617498,-0.567,7.819,-4.933,0.531,-0.083,0.028,50.438,-60.757,-12.336
1,617558,-0.334,5.842,-3.909,0.465,-0.077,-0.002,50.190,-60.552,-11.473
1,617692,0.220,2.431,-2.264,0.650,-0.043,-0.064,50.512,-60.070,-9.047
1,617739,0.151,2.442,-2.447,0.569,-0.051,-0.094,50.716,-59.880,-7.279
1,617769,0.049,2.879,-3.343,0.435,-0.070,-0.119,50.979,-59.836,-7.542
1,617858,-0.464,7.490,-8.873,0.354,-0.088,-0.148,51.111,-59.412,-7.132
1,617862,-0.464,7.490,-8.873,0.354,-0.088,-0.148,51.388,-58.828,-6.869
1,617866,-0.464,7.490,-8.873,0.354,-0.088,-0.148,51.388,-58.828,-6.869
1,618093,-0.050,3.771,-4.210,0.136,-0.043,-0.077,51.272,-59.646,-8.623
1,618098,-0.050,3.771,-4.210,0.193,-0.043,-0.077,51.272,-59.646,-8.623
1,618102,0.256,3.539,-3.892,0.193,-0.043,-0.077,51.272,-59.646,-8.623
1,618128,-0.067,3.632,-3.460,0.130,-0.040,-0.079,51.082,-59.676,-8.477
1,618159,-0.178,4.197,-2.955,-0.357,-0.092,-0.108,51.169,-59.997,-8.901
1,618163,-0.212,4.204,-3.113,-0.457,-0.103,-0.105,51.169,-59.997,-8.901
1,618189,-0.150,3.650,-2.960,-0.637,-0.123,-0.088,51.637,-59.807,-9.076
1,618218,-0.276,3.939,-2.858,-0.429,-0.104,-0.081,51.827,-59.646,-9.939
1,618221,-0.380,4.915,-2.912,-0.478,-0.115,-0.098,51.827,-59.646,-9.939
1,618225,-0.380,4.915,-2.912,-0.478,-0.115,-0.098,51.827,-59.646,-9.939
1,618278,-0.461,5.749,-4.856,-0.889,-0.170,-0.087,51.403,-60.596,-11.532
1,618308,-0.367,7.296,-4.720,-0.092,-0.078,-0.082,50.950,-61.327,-12.394
1,618312,-0.367,7.296,-4.720,-0.092,-0.078,-0.082,50.950,-61.327,-12.394
1,618316,-0.367,7.296,-4.720,-0.092,-0.078,-0.082,51.622,-61.196,-11.868
1,618369,-0.214,9.403,-5.879,-0.557,-0.117,-0.037,50.892,-61.619,-13.929
1,618373,-0.214,9.403,-5.879,-0.557,-0.117,-0.037,50.892,-61.619,-13.929
1,618399,-0.376,10.018,-5.417,-0.167,-0.084,-0.050,51.272,-61.853,-14.323
1,618428,-0.639,10.752,-5.978,-0.001,-0.078,-0.026,51.520,-61.926,-14.543
1,618431,-0.639,10.752,-5.978,-0.001,-0.078,-0.026,51.520,-61.926,-14.543
1,618435,-0.644,10.616,-6.358,-0.001,-0.081,-0.006,51.520,-61.619,-14.031
1,618458,-0.681,10.893,-6.426,-0.082,-0.067,-0.006,50.877,-62.043,-14.849
1,618622,-1.429,12.642,-6.407,-0.002,-0.059,0.055,50.322,-62.379,-16.910
1,618638,-1.436,12.532,-6.403,0.246,-0.044,0.057,50.058,-62.438,-16.618
1,618642,-1.418,12.604,-6.505,0.487,-0.021,0.056,50.058,-62.438,-16.618
1,618646,-1.418,12.604,-6.505,0.487,-0.021,0.056,50.161,-62.277,-16.852
1,618667,-1.461,13.497,-6.930,0.702,-0.002,0.044,49.474,-61.926,-16.443
1,618699,-1.065,13.155,-7.192,0.121,-0.066,0.060,49.781,-61.722,-16.355
1,618805,-0.067,12.436,-6.951,-0.084,-0.110,0.062,49.167,-62.189,-15.200
1,618848,0.205,11.787,-6.189,0.100,-0.108,0.064,49.211,-62.219,-16.311
1,618852,0.205,11.787,-6.189,0.100,-0.108,0.064,49.532,-61.210,-16.209
1,618856,0.148,11.785,-6.121,0.139,-0.103,0.064,49.532,-61.210,-16.209
1,618877,0.093,11.699,-6.072,0.132,-0.110,0.059,49.138,-61.751,-15.609
1,618985,0.022,10.688,-5.690,0.337,-0.110,0.024,49.240,-61.327,-14.572
1,619028,0.059,10.112,-5.495,0.430,-0.103,0.002,49.240,-61.327,-14.104
1,619032,0.067,10.006,-5.468,0.418,-0.104,-0.004,49.240,-61.327,-14.104
1,619119,0.514,7.650,-4.879,0.919,-0.042,-0.022,49.942,-60.816,-11.429
1,619282,0.074,3.011,-2.541,0.644,-0.045,-0.084,50.424,-59.646,-8.492
1,619329,-0.042,2.887,-2.691,0.524,-0.064,-0.100,50.424,-59.354,-7.746
1,619435,-0.502,6.385,-7.674,0.756,-0.075,-0.126,50.833,-59.062,-6.080
1,619449,-0.575,6.744,-8.267,0.806,-0.066,-0.123,50.599,-58.550,-5.525
1,619453,-0.604,6.962,-8.791,0.885,-0.057,-0.121,51.228,-58.682,-5.569
1,619456,-0.604,6.962,-8.791,0.885,-0.057,-0.121,51.228,-58.682,-5.569
1,619478,-0.598,7.143,-9.523,1.043,-0.042,-0.109,50.892,-58.448,-5.495
1,619508,-0.541,6.787,-9.428,1.018,-0.029,-0.088,50.833,-58.082,-4.677
1,619512,-0.516,6.648,-9.023,0.864,-0.037,-0.088,50.833,-58.082,-4.677
1,619515,-0.516,6.648,-9.023,0.864,-0.037,-0.088,50.672,-57.527,-4.092
1,619744,-0.129,2.629,-2.694,-0.214,-0.122,-0.109,51.359,-58.813,-6.358
1,619838,-0.272,4.750,-5.194,-0.445,-0.167,-0.110,51.637,-60.158,-8.389
1,619842,-0.272,4.750,-5.194,-0.445,-0.167,-0.110,51.637,-60.158,-8.389
1,619845,-0.255,5.161,-5.301,-0.171,-0.136,-0.094,51.827,-59.909,-8.331
1,619868,-0.199,5.605,-5.572,0.144,-0.092,-0.088,51.710,-59.953,-9.266
1,619928,0.090,7.868,-6.678,-0.612,-0.171,-0.077,51.842,-60.099,-9.851
1,619932,0.090,8.049,-6.709,-0.511,-0.155,-0.064,51.257,-59.895,-10.143
1,619936,0.090,8.049,-6.709,-0.511,-0.155,-0.064,51.257,-59.895,-10.143
1,619958,-0.078,8.460,-6.793,-0.197,-0.120,-0.048,51.798,-60.333,-10.114
1,619961,-0.136,8.668,-6.969,0.004,-0.106,-0.055,51.798,-60.333,-10.114
1,619965,-0.136,8.668,-6.969,0.004,-0.106,-0.055,51.798,-60.333,-10.114
1,619988,-0.386,9.549,-7.260,-0.011,-0.105,-0.054,52.134,-60.538,-10.991
1,620094,-0.951,11.057,-7.498,-0.436,-0.132,-0.004,51.652,-60.903,-11.941
1,620168,-1.055,10.820,-6.340,-0.192,-0.095,0.017,51.374,-61.137,-14.455
1,620198,-1.098,10.644,-6.189,-0.032,-0.079,0.023,50.979,-61.166,-14.148
1,620258,-1.086,12.215,-7.109,-0.184,-0.104,0.001,50.818,-61.108,-14.543
1,620699,-0.489,9.327,-6.148,0.582,-0.024,0.061,49.532,-60.552,-12.072
1,620944,0.269,2.174,-1.760,0.373,-0.049,-0.062,49.708,-59.149,-6.957
1,621039,0.252,4.448,-5.197,0.637,-0.071,-0.128,50.278,-58.375,-6.153
1,621069,-0.041,5.953,-7.645,0.616,-0.077,-0.143,50.248,-58.389,-6.051
1,621072,-0.041,5.953,-7.645,0.616,-0.077,-0.143,50.248,-58.389,-6.051
1,621076,-0.092,6.507,-8.309,0.639,-0.078,-0.143,50.248,-58.389,-6.051
1,621098,-0.208,7.163,-9.580,0.735,-0.061,-0.133,50.234,-57.936,-6.036
1,621159,0.001,6.633,-9.100,0.562,-0.034,-0.103,49.576,-56.928,-4.765
1,621188,0.205,6.234,-7.602,-0.134,-0.089,-0.100,49.678,-57.001,-5.247
1,621192,0.205,6.234,-7.602,-0.134,-0.089,-0.100,50.044,-56.840,-4.999
1,621195,0.207,5.917,-7.182,-0.346,-0.106,-0.101,50.044,-56.840,-4.999
1,621217,0.270,5.340,-6.426,-0.590,-0.127,-0.093,50.000,-57.249,-5.393
1,621249,0.193,4.646,-5.945,-0.384,-0.111,-0.078,50.424,-57.849,-5.759
1,621279,0.045,4.525,-5.926,0.007,-0.068,-0.071,50.585,-57.512,-5.583
1,621282,0.017,4.355,-5.868,0.053,-0.060,-0.065,50.585,-57.512,-5.583
1,621286,0.017,4.355,-5.868,0.053,-0.060,-0.065,50.585,-57.512,-5.583
1,621338,-0.006,2.534,-3.525,0.149,-0.021,-0.046,50.482,-57.688,-5.642
1,621342,-0.036,2.310,-3.655,0.132,-0.023,-0.051,50.482,-57.688,-5.642
1,621345,-0.036,2.310,-3.655,0.132,-0.023,-0.051,50.482,-57.688,-5.642
1,621574,0.226,7.188,-6.846,-0.128,-0.065,-0.072,49.927,-58.974,-8.243
1,621579,0.158,7.760,-6.846,-0.274,-0.084,-0.083,49.927,-58.974,-8.243
1,621582,0.158,7.760,-6.846,-0.274,-0.084,-0.083,49.927,-58.901,-8.009
1,621609,0.093,8.724,-7.470,-0.786,-0.132,-0.066,49.810,-59.266,-8.740
1,621612,0.093,8.724,-7.470,-0.786,-0.132,-0.066,49.810,-59.266,-8.740
1,621616,0.085,8.631,-7.324,-0.773,-0.125,-0.043,49.810,-59.266,-8.740
1,621638,-0.126,8.802,-7.097,-0.549,-0.094,-0.021,49.313,-59.325,-9.953
1,621641,-0.126,8.802,-7.097,-0.549,-0.094,-0.021,49.313,-59.325,-9.953
1,621728,-0.304,10.329,-7.078,-0.737,-0.133,-0.017,49.839,-59.997,-12.789
1,621732,-0.352,10.256,-7.121,-0.528,-0.119,-0.015,49.810,-60.129,-12.803
1,621736,-0.352,10.256,-7.121,-0.528,-0.119,-0.015,49.810,-60.129,-12.803
1,621757,-0.540,10.743,-7.155,-0.182,-0.093,-0.009,49.357,-60.304,-13.622
1,621789,-0.770,11.219,-6.857,-0.313,-0.109,-0.013,49.094,-60.304,-13.213
1,621921,-0.315,13.424,-7.738,-0.239,-0.154,-0.040,48.933,-61.181,-15.639
1,621938,-0.317,14.371,-7.973,0.197,-0.119,-0.048,49.474,-60.816,-15.463
1,621942,-0.317,14.371,-7.973,0.197,-0.119,-0.048,49.474,-60.816,-15.463
1,621946,-0.341,14.681,-7.930,0.197,-0.115,-0.043,49.474,-60.816,-15.463
1,621967,-0.327,14.303,-7.854,0.169,-0.125,-0.023,49.415,-60.859,-15.419
1,621999,-0.468,12.998,-7.399,0.235,-0.127,-0.037,49.006,-60.859,-14.806
1,622029,-0.544,12.141,-7.296,0.393,-0.138,-0.043,49.094,-60.713,-15.434
1,622032,-0.544,12.141,-7.296,0.393,-0.138,-0.043,49.094,-60.713,-15.434
1,622036,-0.543,11.874,-7.304,0.431,-0.142,-0.040,49.240,-60.406,-14.382
1,622119,-0.036,10.686,-6.854,-0.073,-0.198,-0.064,49.284,-60.655,-13.943
1,622225,-0.010,10.869,-6.547,-0.147,-0.176,-0.060,49.942,-61.210,-13.461
1,622268,-0.354,10.671,-6.132,0.064,-0.127,-0.049,50.336,-61.093,-13.914
1,622272,-0.354,10.671,-6.132,0.064,-0.127,-0.049,50.336,-61.093,-13.914
1,622329,-0.689,9.887,-5.663,0.326,-0.060,-0.015,50.789,-61.634,-13.446
1,622333,-0.689,9.887,-5.663,0.326,-0.060,-0.015,51.082,-61.225,-13.549
1,622335,-0.689,9.887,-5.663,0.326,-0.060,-0.015,51.082,-61.225,-13.549
1,622359,-0.571,8.611,-5.116,0.616,-0.011,0.009,50.702,-61.459,-13.446
1,622362,-0.571,8.611,-5.116,0.616,-0.011,0.009,50.702,-61.459,-13.446
1,622366,-0.571,8.158,-4.902,0.616,-0.011,0.009,50.702,-61.459,-12.949
1,622417,-0.293,6.797,-4.150,1.064,0.056,0.020,50.541,-60.567,-11.327
1,622478,-0.123,4.173,-3.093,0.927,0.055,0.032,50.073,-59.719,-8.901
1,622539,0.042,3.034,-3.028,1.147,0.073,0.027,50.117,-58.901,-6.957
1,622541,0.083,2.845,-2.944,1.147,0.073,0.023,50.117,-58.901,-6.957
1,622598,0.169,2.256,-2.484,0.700,0.017,0.001,49.678,-58.199,-5.291
1,622602,0.178,2.229,-2.611,0.593,0.004,-0.005,49.678,-58.199,-5.291
1,622606,0.178,2.229,-2.611,0.593,0.004,-0.005,49.678,-58.199,-5.291
1,622658,0.105,3.036,-4.400,0.461,-0.039,-0.034,49.445,-58.053,-5.276
1,622662,0.049,3.598,-4.964,0.516,-0.037,-0.038,49.152,-57.483,-4.999
1,622666,0.049,3.598,-4.964,0.516,-0.037,-0.038,49.152,-57.483,-4.999
1,622688,-0.087,5.240,-7.145,0.550,-0.045,-0.054,49.415,-57.732,-5.539
1,622692,-0.087,5.240,-7.145,0.584,-0.050,-0.061,49.415,-57.732,-5.539
1,622696,-0.087,5.240,-7.145,0.584,-0.050,-0.061,49.415,-57.732,-5.539
1,622717,-0.185,6.823,-9.472,0.612,-0.048,-0.068,49.079,-57.483,-4.224
1,622825,0.234,5.728,-7.638,-0.285,-0.093,-0.065,49.167,-57.015,-3.595
1,622838,0.202,5.221,-6.926,-0.535,-0.114,-0.062,49.532,-56.957,-3.990
1,622842,0.202,5.221,-6.926,-0.535,-0.114,-0.062,49.532,-56.957,-3.990
1,622845,0.142,4.976,-6.650,-0.542,-0.126,-0.062,49.825,-57.089,-3.873
1,622868,0.049,4.581,-6.321,-0.352,-0.109,-0.067,49.284,-57.191,-4.005
1,622872,0.049,4.581,-6.321,-0.352,-0.109,-0.067,49.094,-57.191,-4.005
1,622928,-0.202,4.889,-6.726,0.039,-0.084,-0.068,49.766,-57.322,-5.028
1,623091,0.095,2.783,-4.794,-0.183,-0.112,-0.089,49.342,-57.454,-4.925
1,623138,0.284,3.951,-5.786,0.312,-0.056,-0.081,49.635,-57.454,-4.955
1,623142,0.284,3.951,-5.786,0.232,-0.062,-0.081,49.635,-57.454,-4.955
1,623249,-0.043,7.050,-6.486,-0.497,-0.138,-0.082,49.503,-58.521,-7.381
1,623258,-0.062,7.309,-6.916,-0.354,-0.117,-0.075,49.503,-58.521,-7.381
1,623348,0.096,9.257,-8.043,-0.885,-0.178,-0.050,48.962,-59.164,-9.544
1,623455,-0.364,10.768,-7.194,-0.867,-0.182,-0.026,49.547,-59.924,-12.248
1,623468,-0.432,10.841,-7.126,-0.694,-0.169,-0.021,49.532,-60.392,-12.759
1,623472,-0.560,10.902,-7.254,-0.432,-0.144,-0.016,49.532,-60.392,-12.759
1,623476,-0.560,10.902,-7.254,-0.432,-0.144,-0.016,49.532,-60.392,-12.759
1,623498,-0.703,11.703,-7.464,0.101,-0.111,-0.010,49.474,-60.056,-13.271
1,623501,-0.751,12.275,-7.775,0.204,-0.099,-0.013,49.474,-60.056,-13.271
1,623558,-0.803,12.873,-7.923,-0.512,-0.172,-0.024,49.269,-60.348,-13.797
1,623648,-0.361,13.177,-8.168,-0.384,-0.176,-0.026,49.635,-59.924,-13.519
1,623708,-0.555,11.661,-7.341,0.337,-0.151,-0.006,49.240,-60.713,-14.163
1,623712,-0.555,11.661,-7.341,0.337,-0.151,-0.006,49.240,-60.713,-13.783
1,623715,-0.558,11.539,-7.311,0.316,-0.160,-0.007,49.985,-59.924,-13.783
1,623798,-0.184,9.848,-6.705,0.087,-0.188,-0.026,49.532,-60.816,-13.008
1,623829,0.050,10.403,-6.749,0.149,-0.180,-0.028,49.576,-60.655,-13.271
1,623833,0.050,10.403,-6.810,0.149,-0.180,-0.028,49.576,-60.655,-13.271
1,623835,0.092,10.421,-6.810,0.035,-0.181,-0.028,49.912,-60.479,-13.519
1,623858,0.157,10.326,-6.720,-0.202,-0.198,-0.034,49.576,-60.801,-14.031
1,623861,0.157,10.326,-6.720,-0.202,-0.198,-0.034,49.649,-60.129,-13.505
1,623888,0.042,9.882,-6.847,-0.128,-0.181,-0.037,50.073,-61.137,-13.476
1,623892,-0.018,9.980,-6.812,0.033,-0.160,-0.037,50.073,-61.137,-13.476
1,623896,-0.018,9.980,-6.812,0.033,-0.160,-0.037,50.073,-61.137,-13.476
1,623917,-0.246,10.332,-6.887,0.299,-0.116,-0.038,49.795,-60.713,-13.622
1,623949,-0.440,10.321,-6.505,0.082,-0.116,-0.038,49.737,-60.713,-12.833
1,623952,-0.529,10.120,-6.318,-0.021,-0.121,-0.040,49.737,-60.713,-12.833
1,623956,-0.529,10.120,-6.318,-0.021,-0.121,-0.040,49.737,-60.713,-12.833
1,623978,-0.737,9.641,-5.965,-0.060,-0.114,-0.049,50.409,-60.859,-13.125
1,624084,-0.914,7.631,-4.976,0.320,-0.024,-0.078,50.219,-60.830,-10.991
1,624202,-0.124,3.942,-2.955,0.392,-0.018,-0.098,50.438,-59.851,-8.696
1,624249,0.091,3.084,-2.418,0.558,-0.015,-0.110,50.453,-60.041,-8.550
1,624252,0.091,3.084,-2.418,0.558,-0.015,-0.110,50.789,-59.354,-8.389
1,624255,0.142,3.007,-2.349,0.516,-0.023,-0.112,50.789,-59.354,-8.389
1,624278,0.206,2.852,-2.332,0.402,-0.033,-0.116,50.745,-59.792,-8.462
1,624384,-0.158,6.122,-6.969,0.756,-0.032,-0.147,51.169,-59.252,-6.738
1,624398,-0.229,6.845,-7.746,0.721,-0.032,-0.149,51.491,-59.003,-6.168
1,624428,-0.336,7.937,-9.628,0.650,-0.038,-0.137,50.775,-59.296,-5.919
1,624458,-0.252,7.613,-9.500,0.771,0.001,-0.100,51.345,-58.959,-5.700
1,624565,-0.386,5.377,-5.548,-0.359,-0.090,-0.083,51.535,-59.383,-6.562
1,624578,-0.401,5.043,-5.754,-0.110,-0.078,-0.081,51.812,-58.828,-6.928
1,624638,-0.272,5.115,-6.085,0.170,-0.038,-0.057,51.169,-58.813,-7.395
1,624642,-0.272,5.115,-6.085,0.170,-0.038,-0.057,51.169,-58.813,-7.395
1,624668,-0.086,4.087,-5.337,0.315,-0.017,-0.035,51.228,-59.076,-6.402
1,624672,-0.086,4.087,-5.337,0.315,-0.017,-0.035,51.228,-59.076,-6.402
1,624675,-0.056,3.678,-4.928,0.360,-0.007,-0.032,51.228,-59.076,-6.402
1,624698,-0.061,3.553,-3.849,0.331,0.001,-0.040,50.833,-59.135,-7.089
1,624728,-0.191,3.029,-2.496,-0.331,-0.057,-0.056,51.008,-59.193,-6.796
1,624862,-0.386,6.853,-5.438,-0.457,-0.111,-0.055,50.760,-60.275,-10.202
1,624938,-0.229,8.207,-6.284,0.230,-0.059,0.015,50.307,-60.319,-10.246
1,624968,-0.025,8.504,-7.103,-0.092,-0.076,0.055,49.942,-60.114,-10.772
1,624972,-0.025,8.504,-7.103,-0.092,-0.076,0.055,49.942,-60.114,-10.772
1,624999,0.066,8.273,-6.611,-0.020,-0.044,0.081,49.883,-60.041,-11.605
1,625002,0.066,8.273,-6.611,-0.020,-0.044,0.081,49.883,-60.041,-11.605
1,625005,0.066,8.579,-6.342,-0.020,-0.044,0.081,49.883,-60.041,-11.605
1,625028,-0.035,9.581,-6.540,-0.071,-0.081,0.071,50.117,-60.143,-11.809
1,625088,-0.201,10.020,-7.383,-0.115,-0.076,0.132,49.284,-60.450,-12.014
1,625324,0.049,14.472,-7.959,0.110,-0.188,0.072,48.202,-61.473,-15.887
1,625388,0.392,13.169,-7.543,0.485,-0.180,0.064,47.822,-60.962,-14.455
1,625478,-0.061,10.601,-6.928,-0.187,-0.261,0.022,48.538,-59.968,-13.943
1,625481,-0.061,10.601,-6.928,-0.187,-0.261,0.022,48.538,-59.968,-13.943
1,625568,0.025,10.047,-6.538,-0.077,-0.244,-0.001,49.182,-60.611,-13.768
1,625628,0.083,10.140,-6.431,0.176,-0.170,-0.009,49.956,-60.611,-13.812
1,625632,0.079,10.126,-6.424,0.176,-0.170,-0.011,49.956,-60.611,-13.812
1,625635,0.079,10.126,-6.424,0.272,-0.151,-0.011,49.459,-60.333,-13.271
1,625864,-0.473,4.504,-4.032,0.566,-0.012,-0.082,49.971,-59.412,-9.076
1,625898,-0.427,3.754,-3.504,0.594,-0.022,-0.119,49.708,-58.916,-8.726
1,625958,-0.048,2.833,-2.833,0.739,-0.022,-0.144,49.854,-58.974,-7.308
1,625961,-0.048,2.833,-2.833,0.739,-0.022,-0.144,49.854,-58.974,-7.308
1,625964,0.000,2.712,-2.661,0.739,-0.022,-0.150,49.985,-58.360,-6.767
1,626048,0.013,3.071,-3.303,0.312,-0.093,-0.194,50.000,-58.141,-6.139
1,626138,-0.240,7.330,-9.820,0.778,-0.078,-0.195,50.833,-57.673,-5.086
1,626167,-0.170,7.536,-10.725,0.832,-0.044,-0.153,50.628,-57.220,-4.589
1,626171,-0.124,7.326,-10.513,0.819,-0.034,-0.144,50.628,-57.220,-4.589
1,626199,-0.084,6.883,-9.575,0.583,-0.039,-0.138,50.672,-56.752,-4.589
1,626202,-0.106,6.775,-8.979,0.351,-0.057,-0.138,50.672,-56.752,-4.589
1,626228,-0.097,6.187,-7.385,-0.178,-0.109,-0.139,50.702,-57.235,-4.253
1,626232,-0.097,6.187,-7.385,-0.467,-0.132,-0.140,50.702,-57.235,-4.253
1,626236,-0.097,6.187,-7.385,-0.467,-0.132,-0.140,50.950,-57.220,-4.195
1,626257,-0.231,5.366,-6.395,-0.837,-0.153,-0.132,50.716,-57.162,-4.341
1,626451,-0.007,4.208,-3.251,-0.093,-0.042,-0.070,50.643,-58.594,-5.539
1,626529,-0.035,3.249,-2.326,-0.639,-0.098,-0.048,50.570,-59.208,-7.454
1,626558,-0.249,4.390,-3.214,-0.604,-0.112,-0.062,51.082,-59.193,-8.536
1,626588,-0.456,5.624,-4.762,-0.536,-0.110,-0.053,50.877,-59.602,-9.383
1,626648,-0.432,7.068,-6.083,0.192,-0.027,-0.020,50.555,-59.822,-10.465
1,626708,-0.232,8.369,-7.695,-0.346,-0.099,-0.012,49.752,-59.953,-11.152
1,626712,-0.232,8.369,-7.695,-0.346,-0.099,-0.012,50.512,-59.690,-11.152
1,626715,-0.232,8.369,-7.695,-0.346,-0.099,-0.012,50.512,-59.690,-11.152
1,626738,-0.257,8.770,-7.817,0.094,-0.046,0.028,49.839,-60.085,-11.634
1,626768,-0.164,9.642,-7.448,-0.434,-0.095,0.004,49.912,-60.231,-11.956
1,626829,-0.148,10.373,-5.629,-1.041,-0.142,0.000,49.854,-61.152,-15.142
1,626833,-0.148,10.373,-5.629,-1.041,-0.142,0.000,49.854,-61.152,-15.142
1,626835,-0.255,10.749,-5.377,-0.806,-0.126,0.000,50.029,-60.845,-14.747
1,626857,-0.447,11.270,-5.549,-0.441,-0.115,0.010,49.576,-61.298,-14.908
1,626918,-0.775,12.224,-6.689,0.070,-0.075,-0.009,49.474,-61.298,-15.390
1,626922,-0.775,12.224,-6.689,0.070,-0.075,-0.009,49.255,-61.239,-15.639
1,626949,-0.828,11.447,-6.517,0.248,-0.060,0.016,49.152,-61.751,-16.296
1,627055,-0.421,12.580,-8.052,0.193,-0.109,-0.015,49.649,-61.049,-15.683
1,627097,-0.030,13.907,-8.255,0.236,-0.117,-0.023,49.298,-60.728,-15.639
1,627188,-0.201,11.791,-7.144,0.086,-0.153,0.007,49.430,-60.436,-14.586
1,627192,-0.201,11.791,-7.144,0.086,-0.153,0.007,49.722,-60.304,-14.586
1,627249,-0.095,10.300,-6.093,-0.286,-0.188,0.001,49.605,-60.728,-15.770
1,627251,-0.095,10.300,-6.093,-0.286,-0.188,0.001,50.073,-60.655,-15.931
1,627278,-0.047,10.719,-5.972,0.176,-0.145,0.001,50.015,-60.976,-16.355
1,627282,-0.047,10.719,-5.972,0.176,-0.145,0.001,50.015,-60.976,-16.355
1,627388,-0.364,10.582,-5.903,0.519,-0.072,0.016,50.000,-61.342,-15.566
1,627428,-0.609,9.887,-5.760,0.370,-0.078,-0.001,49.883,-61.532,-14.177
1,627432,-0.628,9.653,-5.761,0.426,-0.068,-0.001,49.883,-61.532,-14.177
1,627435,-0.628,9.653,-5.761,0.426,-0.068,-0.001,50.146,-60.947,-14.689
1,627458,-0.616,9.234,-5.752,0.641,-0.045,0.004,49.956,-61.400,-13.256
1,627461,-0.632,8.989,-5.666,0.753,-0.031,0.006,49.518,-61.342,-13.256
1,627518,-0.645,7.919,-5.722,0.828,-0.015,-0.017,50.117,-60.728,-11.780
1,627522,-0.654,7.728,-5.675,0.766,-0.020,-0.021,50.395,-60.202,-11.225
1,627526,-0.654,7.728,-5.675,0.766,-0.020,-0.021,50.395,-60.202,-11.225
1,627547,-0.631,7.088,-5.597,0.709,-0.020,-0.026,50.438,-60.669,-11.707
1,627579,-0.619,6.337,-5.194,0.765,-0.010,-0.037,50.102,-60.319,-10.421
1,627608,-0.595,5.707,-4.819,0.681,-0.021,-0.043,50.292,-60.012,-9.252
1,627612,-0.595,5.707,-4.819,0.681,-0.021,-0.043,50.292,-60.012,-9.252
1,627638,-0.453,5.141,-4.213,0.618,-0.022,-0.054,49.971,-59.807,-9.018
1,627642,-0.453,5.141,-4.213,0.618,-0.022,-0.054,50.190,-59.047,-8.623
1,627645,-0.453,5.141,-4.213,0.618,-0.022,-0.054,50.190,-59.047,-8.623
1,627667,-0.282,4.280,-3.555,0.552,-0.034,-0.057,49.708,-59.486,-8.170
1,627671,-0.282,4.280,-3.555,0.552,-0.034,-0.057,49.708,-59.486,-8.170
1,627758,-0.080,2.686,-2.304,0.349,-0.067,-0.088,49.752,-58.696,-6.957
1,627788,-0.078,2.694,-2.629,0.448,-0.067,-0.092,49.898,-59.149,-6.065
1,627792,-0.078,2.694,-2.629,0.448,-0.067,-0.092,49.898,-59.149,-6.065
1,627899,-0.148,6.568,-9.308,0.924,-0.056,-0.089,50.789,-57.878,-4.224
1,628114,-0.181,6.317,-7.509,-0.375,-0.150,-0.062,50.848,-57.892,-5.305
1,628178,-0.049,5.131,-6.840,0.700,-0.044,-0.026,50.380,-57.790,-5.159
1,628182,-0.049,5.131,-6.840,0.700,-0.044,-0.026,50.628,-57.045,-4.633
1,628185,-0.048,4.942,-6.574,0.743,-0.038,-0.026,50.628,-57.045,-4.633
1,628208,-0.115,4.673,-6.129,0.574,-0.050,-0.028,50.672,-57.176,-3.829
1,628416,-0.205,3.750,-3.747,-0.594,-0.159,-0.049,50.497,-58.258,-7.118
1,628508,-0.199,7.041,-6.833,0.006,-0.123,-0.027,50.219,-59.690,-8.696
1,628512,-0.199,7.041,-6.833,0.006,-0.123,-0.027,50.512,-58.565,-8.901
1,628515,-0.199,7.041,-6.833,0.006,-0.123,-0.027,50.512,-58.565,-8.901
1,628538,-0.097,7.998,-7.458,0.150,-0.100,-0.012,50.585,-59.252,-8.842
1,628628,-0.629,8.918,-6.668,-1.071,-0.214,-0.007,50.351,-59.880,-12.292
1,628688,-0.218,10.464,-6.937,-0.529,-0.189,-0.002,49.752,-60.216,-12.628
1,628692,-0.218,10.464,-6.937,-0.529,-0.189,-0.002,49.752,-60.216,-12.628
1,628748,0.212,10.836,-6.997,-0.160,-0.153,-0.006,50.395,-60.582,-14.075
1,628778,0.044,11.310,-7.034,-0.033,-0.148,0.004,50.058,-60.757,-14.353
1,628782,-0.116,11.792,-7.101,-0.151,-0.156,-0.006,50.161,-60.114,-13.549
1,628786,-0.116,11.792,-7.101,-0.151,-0.156,-0.006,50.161,-60.114,-13.549
1,628807,-0.297,12.321,-7.188,-0.571,-0.203,-0.038,50.278,-60.728,-14.703
1,628811,-0.427,12.531,-7.293,-0.764,-0.220,-0.042,50.278,-60.728,-14.703
1,628838,-0.675,12.750,-7.280,-0.764,-0.220,-0.037,49.942,-60.976,-16.136
1,629074,-0.602,10.800,-6.692,0.276,-0.111,-0.089,50.892,-61.079,-14.557
1,629181,-0.002,10.416,-6.766,0.164,-0.032,-0.045,51.929,-61.532,-14.908
1,629228,-0.239,10.335,-6.400,0.280,0.046,-0.018,50.994,-61.342,-14.002
1,629258,-0.548,9.979,-6.223,0.443,0.088,-0.007,51.111,-61.298,-13.695
1,629262,-0.596,9.866,-6.209,0.551,0.103,-0.002,51.111,-61.298,-13.695
1,629369,-0.309,7.456,-5.654,0.507,0.136,0.006,50.658,-60.275,-10.801
1,629378,-0.207,6.932,-5.463,0.633,0.145,0.006,50.658,-60.275,-10.801
1,629382,-0.207,6.932,-5.463,0.633,0.145,0.006,50.512,-59.456,-10.552
1,629385,-0.207,6.932,-5.463,0.633,0.145,0.006,50.512,-59.456,-10.552
1,629408,-0.096,6.116,-4.953,0.918,0.162,-0.002,50.745,-59.822,-9.836
1,629499,-0.140,3.832,-3.147,0.476,0.072,-0.046,50.146,-59.208,-8.667
1,629589,-0.264,2.611,-2.128,0.429,0.000,-0.090,50.190,-58.492,-6.694
1,629696,-0.455,5.163,-6.506,0.436,-0.073,-0.131,50.322,-58.433,-6.124
1,629708,-0.499,5.676,-7.211,0.395,-0.081,-0.137,50.205,-58.389,-5.846
1,629711,-0.506,6.219,-7.937,0.385,-0.084,-0.138,50.248,-58.039,-5.744
1,629715,-0.506,6.219,-7.937,0.385,-0.084,-0.138,50.248,-58.039,-5.744
1,629737,-0.477,7.023,-9.301,0.430,-0.084,-0.134,50.263,-58.097,-5.539
1,629798,0.109,6.413,-8.758,0.556,-0.032,-0.105,50.555,-57.498,-5.437
1,629802,0.109,6.413,-8.758,0.556,-0.032,-0.105,50.555,-57.498,-5.437
1,629805,0.109,6.413,-8.758,0.556,-0.032,-0.105,50.555,-57.498,-5.437
1,629930,-0.475,6.681,-6.830,-0.061,-0.128,-0.127,50.190,-58.477,-6.606
1,629978,-0.342,7.046,-7.630,0.349,-0.086,-0.106,50.658,-58.419,-7.702
1,630008,-0.260,6.948,-7.674,0.651,-0.062,-0.097,50.541,-58.346,-6.825
1,630039,-0.239,6.805,-7.568,0.689,-0.061,-0.087,50.965,-58.258,-6.548
1,630098,-0.249,6.298,-7.213,0.032,-0.122,-0.084,50.979,-58.112,-5.934
1,630101,-0.268,6.340,-7.186,-0.066,-0.131,-0.084,50.979,-57.907,-5.262
1,630127,-0.329,6.425,-7.218,-0.219,-0.148,-0.086,50.979,-57.819,-5.642
1,630188,-0.383,6.726,-7.053,-0.144,-0.143,-0.072,50.731,-58.302,-6.782
1,630192,-0.392,6.744,-7.344,-0.076,-0.137,-0.068,50.731,-58.302,-6.782
1,630195,-0.392,6.744,-7.344,-0.076,-0.137,-0.068,50.731,-58.302,-6.782
1,630217,-0.352,6.792,-7.320,0.065,-0.121,-0.062,50.950,-58.360,-6.095
1,630249,-0.336,6.817,-7.237,0.200,-0.109,-0.050,50.994,-58.696,-5.554
1,630251,-0.336,6.817,-7.237,0.200,-0.109,-0.050,51.345,-58.565,-5.554
1,630255,-0.336,6.817,-7.237,0.200,-0.109,-0.050,51.345,-58.565,-5.554
1,630278,-0.368,6.726,-7.184,0.186,-0.106,-0.043,51.155,-58.623,-6.139
1,630282,-0.368,6.726,-7.184,0.186,-0.106,-0.043,51.155,-58.623,-6.139
1,630286,-0.368,6.726,-7.184,0.186,-0.106,-0.043,51.578,-58.579,-5.890
1,630307,-0.412,6.590,-7.147,0.210,-0.103,-0.035,51.388,-58.272,-5.832
1,630338,-0.461,6.651,-7.254,0.265,-0.095,-0.028,51.637,-58.156,-5.422
1,630368,-0.501,6.790,-7.427,0.222,-0.095,-0.021,51.827,-57.995,-4.984
1,630372,-0.501,6.790,-7.427,0.222,-0.095,-0.021,51.842,-57.688,-5.218
1,630375,-0.475,6.822,-7.498,0.200,-0.098,-0.021,51.842,-57.688,-5.218
1,630397,-0.511,6.833,-7.571,0.175,-0.095,-0.015,51.622,-57.936,-5.159
1,630428,-0.504,6.782,-7.624,0.204,-0.087,-0.002,51.432,-58.272,-5.700
