1,1282049,0.203,-9.531,0.833,0.062,-0.183,0.001,33.119,12.146,32.227
1,1282052,0.203,-9.531,0.833,-0.031,-0.169,0.001,33.119,12.146,33.221
1,1282056,0.203,-9.531,0.833,-0.031,-0.169,0.001,33.294,12.087,33.221
1,1282060,0.233,-9.595,0.910,-0.097,-0.173,-0.002,33.294,12.087,33.221
1,1282081,0.156,-9.720,0.753,-0.159,-0.164,0.004,32.783,11.269,33.338
1,1282084,0.156,-9.720,0.753,-0.159,-0.164,0.004,32.783,11.269,33.338
1,1282087,0.118,-9.729,0.737,-0.159,-0.164,0.007,32.783,11.269,33.338
1,1282110,0.138,-9.715,0.765,-0.097,-0.165,0.009,32.593,11.722,32.812
1,1282114,0.138,-9.715,0.765,-0.097,-0.165,0.009,32.593,11.722,32.812
1,1282117,0.135,-9.728,0.731,-0.097,-0.165,0.009,33.090,11.605,33.528
1,1282140,0.140,-9.702,0.665,0.022,-0.172,0.012,32.520,11.576,33.192
1,1282143,0.140,-9.702,0.665,0.022,-0.172,0.012,32.754,11.692,34.157
1,1282170,0.151,-9.766,0.647,0.038,-0.170,0.013,32.534,11.766,33.484
1,1282174,0.151,-9.766,0.647,0.038,-0.170,0.013,32.534,11.766,33.484
1,1282177,0.133,-9.775,0.663,0.031,-0.175,0.013,32.534,11.766,33.484
1,1282201,0.175,-9.662,0.672,0.046,-0.172,0.016,32.534,11.415,33.660
1,1282204,0.175,-9.662,0.366,0.046,-0.172,0.016,32.973,12.043,33.967
1,1282208,0.171,-9.677,0.591,0.046,-0.172,0.017,32.973,12.043,33.967
1,1282229,0.205,-9.617,0.733,0.017,-0.170,0.018,32.578,11.576,33.382
1,1282233,0.205,-9.617,0.733,0.017,-0.170,0.018,32.578,11.576,33.382
1,1282237,0.201,-9.552,0.709,0.001,-0.166,0.020,32.578,11.576,33.382
1,1282259,0.201,-9.495,0.596,-0.076,-0.164,0.018,32.929,11.488,33.367
1,1282291,0.167,-9.601,0.583,-0.219,-0.156,0.016,32.637,11.517,34.201
1,1282294,0.134,-9.654,0.438,-0.226,-0.155,0.017,33.090,11.502,34.727
1,1282297,0.134,-9.654,0.438,-0.226,-0.155,0.017,33.090,11.502,34.727
1,1282320,0.122,-9.728,0.360,-0.193,-0.155,0.020,32.754,11.502,34.712
1,1282380,0.115,-9.752,0.307,0.029,-0.164,0.023,32.885,11.371,35.414
1,1282384,0.115,-9.752,0.307,0.029,-0.164,0.023,32.885,11.371,35.414
1,1282387,0.115,-9.752,0.307,0.029,-0.164,0.023,32.885,11.371,35.414
1,1282411,0.090,-9.735,0.279,0.051,-0.165,0.021,33.104,11.225,34.887
1,1282415,0.090,-9.735,0.279,0.051,-0.165,0.021,33.104,11.225,34.887
1,1282417,0.090,-9.735,0.279,0.051,-0.165,0.021,33.674,11.239,34.873
1,1282440,0.097,-9.730,0.335,0.108,-0.166,0.022,33.221,11.210,34.858
1,1282444,0.097,-9.730,0.335,0.108,-0.166,0.022,32.973,11.605,35.589
1,1282447,0.097,-9.730,0.335,0.108,-0.166,0.022,32.973,11.605,35.589
1,1282469,0.075,-9.663,0.317,0.145,-0.165,0.021,33.411,11.429,34.464
1,1282473,0.075,-9.663,0.317,0.145,-0.165,0.021,33.411,11.429,34.464
1,1282477,0.063,-9.655,0.353,0.145,-0.165,0.021,33.411,11.429,34.464
1,1282531,0.033,-9.631,0.412,0.206,-0.164,0.013,33.382,11.634,34.098
1,1282535,0.033,-9.631,0.412,0.206,-0.164,0.013,33.382,11.634,34.098
1,1282538,0.005,-9.671,0.419,0.216,-0.162,0.013,33.382,11.634,34.098
1,1282560,0.010,-9.648,0.408,0.231,-0.165,0.009,33.177,11.517,33.733
1,1282563,0.010,-9.648,0.408,0.231,-0.165,0.009,33.177,11.517,33.733
1,1282590,-0.020,-9.693,0.530,0.222,-0.160,0.002,33.777,11.795,33.616
1,1282594,-0.045,-9.724,0.512,0.222,-0.161,0.001,33.806,12.555,33.543
1,1282597,-0.045,-9.724,0.512,0.224,-0.161,0.001,33.806,12.555,33.543
1,1282650,-0.083,-9.683,0.571,0.209,-0.156,-0.012,33.894,12.116,33.148
1,1282654,-0.062,-9.671,0.614,0.187,-0.154,-0.015,33.894,12.116,33.148
1,1282658,-0.062,-9.671,0.614,0.187,-0.154,-0.015,34.171,12.131,32.754
1,1282679,-0.087,-9.689,0.587,0.156,-0.149,-0.020,33.806,12.058,32.622
1,1282683,-0.086,-9.734,0.587,0.161,-0.153,-0.023,33.704,12.058,32.622
1,1282687,-0.086,-9.734,0.587,0.161,-0.153,-0.023,33.704,12.058,32.622
1,1282709,-0.075,-9.733,0.610,0.203,-0.150,-0.024,33.631,11.722,32.315
1,1282741,-0.083,-9.625,0.717,0.319,-0.156,-0.035,33.631,12.365,32.344
1,1282744,-0.083,-9.625,0.717,0.319,-0.156,-0.035,33.762,12.306,31.935
1,1282748,-0.083,-9.625,0.717,0.319,-0.156,-0.035,33.762,12.306,31.935
1,1282770,-0.049,-9.706,0.811,0.285,-0.149,-0.043,33.455,12.029,31.219
1,1282832,0.053,-9.790,0.834,0.073,-0.138,-0.059,33.587,12.409,31.292
1,1282834,0.053,-9.790,0.834,0.073,-0.138,-0.059,33.587,12.409,31.292
1,1282941,-0.129,-7.915,1.188,0.498,-0.154,-0.073,33.411,12.233,28.866
1,1282979,0.007,-7.530,0.932,0.281,-0.143,-0.060,33.265,13.344,27.974
1,1283041,0.206,-8.283,1.042,0.254,-0.145,-0.051,33.367,13.943,27.536
1,1283044,0.242,-8.321,1.046,0.220,-0.144,-0.050,33.192,14.353,27.653
1,1283047,0.242,-8.321,1.046,0.220,-0.144,-0.050,33.192,14.353,27.653
1,1283070,0.269,-8.569,0.994,0.114,-0.143,-0.053,33.455,13.856,27.653
1,1283130,0.318,-8.529,0.804,0.209,-0.154,-0.050,33.177,13.973,26.615
1,1283134,0.318,-8.529,0.804,0.209,-0.154,-0.050,32.856,14.484,27.243
1,1283190,0.360,-8.579,0.747,0.387,-0.162,-0.051,33.075,14.236,26.001
1,1283194,0.360,-8.579,0.747,0.387,-0.162,-0.051,33.075,14.236,25.753
1,1283198,0.351,-8.443,0.739,0.481,-0.161,-0.046,33.221,14.703,25.753
1,1283250,0.280,-8.207,1.023,0.351,-0.155,-0.044,32.944,14.923,23.823
1,1283253,0.280,-8.207,1.023,0.351,-0.155,-0.044,32.944,14.923,23.823
1,1283256,0.252,-8.294,0.982,0.199,-0.145,-0.051,32.944,15.434,24.320
1,1283280,0.217,-8.523,1.210,0.280,-0.144,-0.056,32.710,15.376,23.619
1,1283284,0.217,-8.523,1.210,0.280,-0.144,-0.056,33.207,16.004,24.189
1,1283287,0.236,-8.572,1.310,0.258,-0.142,-0.055,33.207,16.004,24.189
1,1283310,0.249,-8.302,1.194,0.136,-0.130,-0.051,32.578,15.989,22.903
1,1283313,0.279,-8.282,1.320,0.136,-0.130,-0.051,32.578,15.989,22.903
1,1283317,0.279,-8.282,1.320,0.241,-0.137,-0.053,32.578,15.989,22.903
1,1283339,0.363,-8.437,1.510,0.117,-0.139,-0.062,33.075,16.369,22.245
1,1283343,0.358,-8.538,1.501,0.032,-0.138,-0.066,33.075,16.369,22.245
1,1283371,0.409,-8.853,1.496,0.089,-0.133,-0.070,32.783,16.486,23.370
1,1283375,0.418,-8.808,1.463,0.114,-0.136,-0.072,32.783,16.486,23.370
1,1283378,0.418,-8.808,1.463,0.114,-0.136,-0.072,32.783,16.486,23.370
1,1283502,0.330,-9.070,2.615,0.293,-0.144,-0.095,32.447,19.015,20.959
1,1283550,0.185,-9.285,2.981,0.241,-0.138,-0.115,32.432,20.272,19.921
1,1283640,0.605,-9.656,2.991,0.263,-0.156,-0.143,32.885,21.061,19.220
1,1283644,0.689,-9.653,2.886,0.263,-0.156,-0.143,32.885,21.061,19.220
1,1283648,0.689,-9.653,2.886,0.288,-0.160,-0.143,32.914,21.017,18.869
1,1283669,0.893,-9.392,2.701,0.321,-0.164,-0.143,32.593,20.681,18.226
1,1283673,0.945,-9.411,2.685,0.321,-0.164,-0.144,32.461,21.134,19.190
1,1283677,0.945,-9.411,2.685,0.320,-0.164,-0.144,32.461,21.134,19.190
1,1283700,0.966,-9.577,2.979,0.268,-0.161,-0.150,31.745,20.871,18.430
1,1283704,0.936,-9.535,2.916,0.237,-0.164,-0.155,31.745,20.871,18.430
1,1283707,0.936,-9.535,2.916,0.237,-0.164,-0.155,31.745,20.871,18.430
1,1283759,0.670,-9.722,2.820,0.165,-0.164,-0.153,31.862,21.587,17.363
1,1283850,0.893,-9.606,3.034,0.290,-0.171,-0.137,31.555,22.947,16.253
1,1283854,0.893,-9.606,3.034,0.290,-0.171,-0.137,31.555,22.947,16.253
1,1283880,0.971,-9.984,3.422,0.255,-0.166,-0.127,31.424,22.742,16.033
1,1283884,0.971,-9.984,3.422,0.255,-0.166,-0.127,31.979,23.750,15.741
1,1283887,0.980,-9.862,3.206,0.255,-0.165,-0.121,31.979,23.750,15.741
1,1283910,0.979,-9.644,3.214,0.272,-0.161,-0.116,31.350,23.692,15.799
1,1283914,0.979,-9.644,3.214,0.272,-0.161,-0.116,31.350,23.692,15.799
1,1283916,0.961,-9.622,3.534,0.318,-0.159,-0.115,31.350,23.692,15.799
1,1283940,0.787,-9.720,3.769,0.270,-0.156,-0.112,31.102,24.437,15.113
1,1283970,0.715,-9.805,3.726,0.038,-0.137,-0.114,31.160,23.911,14.674
1,1283974,0.715,-9.805,3.726,0.038,-0.137,-0.114,30.970,24.554,15.376
1,1284000,0.962,-9.825,3.521,-0.265,-0.111,-0.104,30.664,24.467,15.054
1,1284004,1.058,-10.064,3.418,-0.265,-0.111,-0.098,30.664,24.467,15.054
1,1284007,1.058,-10.064,3.418,-0.389,-0.103,-0.098,30.664,24.467,15.054
1,1284030,1.109,-10.973,3.228,-0.323,-0.103,-0.073,31.029,24.291,16.165
1,1284060,1.184,-11.009,2.599,0.236,-0.116,-0.075,30.722,23.867,16.048
1,1284064,1.195,-10.966,3.252,0.417,-0.122,-0.073,30.722,23.867,16.048
1,1284068,1.195,-10.966,3.252,0.417,-0.122,-0.073,30.722,23.867,16.048
1,1284121,0.731,-11.349,3.704,0.492,-0.114,-0.059,30.897,24.393,14.046
1,1284125,0.913,-11.349,3.704,0.414,-0.112,-0.056,31.131,24.437,14.996
1,1284127,0.913,-11.349,3.704,0.414,-0.112,-0.056,31.131,24.437,14.996
1,1284150,1.375,-11.604,3.604,0.376,-0.097,-0.038,31.365,24.233,12.964
1,1284154,1.375,-11.604,3.604,0.406,-0.114,-0.043,31.365,24.233,12.964
1,1284157,1.375,-11.604,3.604,0.406,-0.114,-0.043,31.365,24.233,12.964
1,1284180,1.510,-12.061,4.073,0.604,-0.125,-0.022,30.956,24.174,12.818
1,1284183,1.510,-12.061,4.073,0.604,-0.125,-0.022,30.956,24.174,12.818
1,1284187,1.510,-12.061,4.073,0.604,-0.125,-0.022,30.897,24.583,12.467
1,1284209,1.844,-11.810,4.099,0.387,-0.111,-0.011,30.883,24.569,11.985
1,1284241,1.639,-11.829,4.330,0.131,-0.089,-0.010,31.131,25.197,12.906
1,1284244,1.639,-11.829,4.330,0.131,-0.089,-0.010,31.131,25.197,12.906
1,1284270,1.161,-11.897,4.198,-0.292,-0.037,-0.002,30.970,25.665,13.213
1,1284299,0.861,-12.047,3.819,-0.420,-0.038,0.009,31.160,25.519,13.534
1,1284303,0.861,-12.047,3.819,-0.420,-0.038,0.009,31.160,25.519,13.534
1,1284307,0.913,-12.065,3.878,-0.290,-0.046,0.016,31.160,25.519,13.534
1,1284330,0.974,-11.844,3.888,-0.070,-0.060,0.018,30.927,25.913,13.403
1,1284333,0.974,-11.844,3.888,-0.070,-0.060,0.018,30.927,25.913,13.403
1,1284337,1.050,-11.553,3.842,-0.010,-0.062,0.022,31.453,25.972,14.396
1,1284360,0.976,-11.446,3.738,0.056,-0.056,0.029,31.701,25.782,14.455
1,1284390,0.767,-11.268,4.039,0.246,-0.053,0.040,31.204,25.870,14.104
1,1284394,0.689,-11.163,4.123,0.343,-0.051,0.044,31.204,25.870,14.104
1,1284420,0.707,-10.544,4.089,0.454,-0.051,0.048,31.409,26.352,13.446
1,1284424,0.733,-10.428,4.108,0.398,-0.049,0.043,31.716,26.659,13.081
1,1284427,0.733,-10.428,4.108,0.398,-0.049,0.043,31.716,26.659,13.081
1,1284450,0.747,-10.307,4.070,0.330,-0.042,0.051,31.467,26.118,13.081
1,1284480,0.723,-10.191,4.135,0.034,-0.018,0.050,31.321,25.957,13.052
1,1284511,0.770,-10.300,3.741,0.038,-0.007,0.043,31.935,26.293,14.338
1,1284515,0.770,-10.300,3.741,0.038,-0.007,0.043,31.935,26.293,14.338
1,1284518,0.770,-10.300,3.741,0.038,-0.007,0.043,31.935,26.293,14.338
1,1284540,0.855,-9.873,4.101,0.261,-0.017,0.040,31.774,25.855,13.125
1,1284571,0.785,-9.600,3.967,0.205,-0.012,0.031,31.643,25.884,12.759
1,1284574,0.785,-9.600,3.967,0.205,-0.012,0.031,31.701,26.557,13.154
1,1284578,0.785,-9.637,4.026,0.205,-0.012,0.031,31.701,26.557,13.154
1,1284600,0.731,-9.624,4.144,0.086,0.007,0.027,31.920,26.293,13.373
1,1284603,0.731,-9.624,4.144,0.086,0.007,0.027,31.920,26.293,13.373
1,1284709,0.621,-9.808,4.044,-0.171,0.037,-0.006,32.008,25.621,13.607
1,1284750,0.642,-10.049,4.318,-0.037,0.029,-0.013,32.330,26.045,14.966
1,1284754,0.684,-9.879,4.324,0.004,0.028,-0.018,32.330,26.045,14.966
1,1284757,0.684,-9.879,4.324,0.004,0.028,-0.018,32.330,26.045,14.966
1,1284780,0.684,-9.886,4.277,-0.043,0.026,-0.029,32.300,25.738,14.747
1,1284784,0.683,-9.940,4.412,-0.111,0.029,-0.032,32.300,25.738,14.747
1,1284787,0.683,-9.940,4.412,-0.111,0.029,-0.032,32.300,25.636,15.405
1,1284810,0.773,-10.021,4.390,-0.358,0.042,-0.039,31.920,25.314,15.639
1,1284814,0.998,-9.843,4.173,-0.511,0.046,-0.046,32.286,25.592,16.443
1,1284818,0.998,-9.843,4.173,-0.511,0.046,-0.046,32.286,25.592,16.443
1,1284901,0.707,-10.178,3.285,-0.435,0.042,-0.075,31.701,24.393,19.760
1,1284904,0.707,-10.178,3.285,-0.435,0.042,-0.075,31.701,24.393,19.760
1,1284908,0.707,-10.178,3.285,-0.435,0.042,-0.075,31.701,24.393,19.760
1,1284930,0.744,-9.995,3.269,-0.233,0.031,-0.082,31.336,24.467,20.126
1,1284933,0.744,-9.995,3.269,-0.233,0.031,-0.082,31.336,24.467,20.126
1,1284937,0.744,-9.995,3.269,-0.233,0.031,-0.082,31.336,24.467,20.126
1,1284959,0.842,-9.618,3.050,-0.192,0.028,-0.097,31.730,24.335,20.053
1,1284991,0.885,-9.381,2.741,0.077,0.022,-0.092,31.394,24.203,20.184
1,1284995,0.885,-9.381,2.741,0.077,0.022,-0.092,31.394,24.203,20.184
1,1284999,0.906,-9.153,2.722,0.126,0.016,-0.098,31.394,24.203,20.184
1,1285020,0.806,-9.078,2.597,0.115,0.007,-0.106,30.664,23.707,20.184
1,1285024,0.806,-9.078,2.597,0.115,0.007,-0.106,30.664,23.707,20.184
1,1285027,0.820,-9.111,2.664,0.200,0.001,-0.111,31.482,24.130,20.725
1,1285049,0.735,-9.216,2.363,0.369,-0.018,-0.097,31.014,23.721,20.111
1,1285053,0.735,-9.216,2.363,0.369,-0.018,-0.097,30.707,23.253,20.111
1,1285057,0.773,-9.126,2.291,0.474,-0.026,-0.092,30.707,23.253,20.111
1,1285080,0.790,-8.107,2.392,0.955,-0.045,-0.082,30.927,23.692,18.723
1,1285083,0.790,-8.053,2.462,0.955,-0.045,-0.082,30.927,23.692,18.723
1,1285086,0.788,-8.053,2.462,1.079,-0.056,-0.075,30.927,23.692,18.723
1,1285110,0.824,-7.589,2.767,1.084,-0.057,-0.067,30.839,23.750,17.919
1,1285114,0.748,-7.222,2.760,0.951,-0.051,-0.065,30.474,24.203,17.334
1,1285117,0.748,-7.222,2.760,0.951,-0.051,-0.065,30.474,24.203,17.334
1,1285140,0.707,-6.561,2.557,0.522,-0.031,-0.070,30.415,24.013,16.691
1,1285143,0.675,-6.435,2.411,0.324,-0.021,-0.076,30.415,24.013,16.691
1,1285169,0.608,-6.499,2.145,0.151,-0.005,-0.075,30.561,23.736,16.866
1,1285231,0.767,-6.341,1.811,0.206,0.006,-0.068,29.611,22.523,16.326
1,1285234,0.767,-6.341,1.811,0.206,0.006,-0.068,29.611,22.523,16.326
1,1285238,0.767,-6.341,1.811,0.206,0.006,-0.068,29.611,22.523,16.326
1,1285260,0.450,-6.184,1.122,0.274,0.010,-0.015,30.167,21.763,16.764
1,1285263,0.450,-6.184,1.122,0.274,0.010,-0.015,30.649,21.850,16.443
1,1285267,0.450,-6.184,1.122,0.274,0.010,-0.015,30.649,21.850,16.443
1,1285290,0.488,-6.111,1.801,0.836,0.021,0.005,30.254,20.184,15.902
1,1285293,0.488,-6.111,1.801,0.836,0.021,0.005,30.254,20.184,15.902
1,1285297,0.488,-6.111,1.801,0.836,0.021,0.005,30.254,20.184,15.902
1,1285321,0.577,-6.032,0.994,0.599,0.027,0.029,30.298,19.804,15.083
1,1285324,0.577,-6.032,0.994,0.599,0.027,0.029,30.298,19.804,15.083
1,1285328,0.568,-6.200,1.646,0.395,0.035,0.033,31.044,20.330,16.033
1,1285350,0.476,-6.268,2.142,0.274,0.048,0.033,30.839,20.038,14.966
1,1285354,0.476,-6.268,2.142,0.274,0.048,0.033,30.897,20.140,15.741
1,1285358,0.353,-6.207,1.346,0.067,0.059,0.039,30.897,20.140,15.741
1,1285410,-0.377,-7.431,1.857,0.031,0.064,0.053,30.576,19.600,15.156
1,1285414,-0.377,-7.431,1.857,0.031,0.064,0.053,30.576,19.600,15.873
1,1285441,-0.450,-7.174,3.269,-0.090,0.066,0.053,31.204,19.220,16.092
1,1285444,-0.401,-7.399,2.849,-0.232,0.077,0.055,31.204,19.220,16.092
1,1285448,-0.401,-7.399,2.849,-0.232,0.077,0.055,31.204,19.220,16.092
1,1285603,0.593,-10.838,1.882,-0.953,0.072,0.077,31.979,14.937,26.878
1,1285621,0.565,-10.662,1.863,-0.575,0.048,0.082,32.461,14.557,28.267
1,1285624,0.565,-10.662,1.863,-0.575,0.048,0.082,32.461,14.557,28.267
1,1285627,0.565,-10.662,1.863,-0.575,0.048,0.082,32.417,14.835,28.047
1,1285680,0.510,-9.842,1.612,0.092,0.005,0.082,33.017,13.929,29.275
1,1285683,0.510,-9.842,1.612,0.092,0.005,0.082,33.017,13.929,29.275
1,1285687,0.487,-9.533,1.638,0.092,0.005,0.082,33.017,13.929,29.275
1,1285770,0.122,-9.109,1.640,-0.232,0.007,0.062,32.914,13.753,30.167
1,1285774,0.122,-9.109,1.640,-0.232,0.007,0.062,32.914,13.753,30.167
1,1285777,0.079,-8.975,1.646,-0.239,0.005,0.059,32.914,13.753,30.737
1,1285800,0.029,-8.778,1.511,-0.454,0.011,0.054,33.470,13.549,30.035
1,1285804,0.012,-8.947,1.560,-0.643,0.018,0.053,33.221,13.505,31.994
1,1285807,0.012,-8.947,1.560,-0.643,0.018,0.053,33.221,13.505,31.994
1,1285830,-0.093,-9.112,1.212,-0.963,0.027,0.044,32.856,12.876,32.359
1,1285833,-0.118,-8.924,0.981,-0.985,0.029,0.042,32.856,12.876,32.359
1,1285836,-0.118,-8.924,0.981,-0.985,0.029,0.042,32.856,12.876,32.359
1,1285860,-0.226,-9.471,0.604,-0.944,0.018,0.037,33.382,12.029,35.077
1,1285920,-0.373,-8.436,0.292,0.084,-0.037,0.042,33.879,11.459,36.188
1,1285924,-0.373,-8.436,0.292,0.084,-0.037,0.042,33.879,11.459,36.188
1,1285927,-0.373,-8.436,0.292,0.084,-0.037,0.042,33.674,11.926,36.320
1,1285950,-0.310,-8.291,0.427,0.566,-0.061,0.042,33.616,11.766,35.457
1,1285954,-0.310,-8.291,0.427,0.566,-0.061,0.042,33.777,12.584,34.829
1,1285957,-0.310,-8.291,0.427,0.566,-0.061,0.042,33.777,12.584,34.829
1,1285980,-0.327,-7.859,0.901,0.806,-0.077,0.034,33.704,11.868,34.244
1,1286216,0.147,-9.300,0.452,-0.153,-0.079,-0.054,34.142,9.866,39.667
1,1286220,0.147,-9.300,0.452,-0.153,-0.079,-0.054,34.142,9.866,39.667
1,1286224,0.118,-9.272,0.502,-0.054,-0.088,-0.057,34.142,9.866,39.667
1,1286228,0.118,-9.272,0.502,-0.054,-0.088,-0.057,34.142,9.866,39.667
1,1286250,0.087,-9.332,0.412,0.205,-0.109,-0.064,33.879,9.602,39.959
1,1286253,0.037,-9.379,0.349,0.364,-0.117,-0.064,33.879,10.172,39.594
1,1286257,0.037,-9.379,0.349,0.364,-0.117,-0.064,34.595,10.172,39.594
1,1286280,-0.054,-8.847,0.748,0.706,-0.138,-0.062,34.040,10.582,38.322
1,1286284,-0.054,-8.847,0.748,0.817,-0.149,-0.064,34.040,10.582,38.322
1,1286287,-0.054,-8.847,0.748,0.817,-0.149,-0.064,34.040,10.582,38.322
1,1286310,-0.017,-8.371,1.022,0.721,-0.155,-0.071,34.084,11.283,36.992
1,1286314,-0.017,-8.371,1.022,0.721,-0.155,-0.071,34.084,11.283,36.992
1,1286318,-0.017,-8.371,1.022,0.721,-0.155,-0.071,34.011,11.020,37.460
1,1286339,0.041,-8.590,1.143,0.280,-0.147,-0.086,33.806,10.859,36.451
1,1286343,0.041,-8.590,1.143,0.280,-0.147,-0.086,33.791,10.976,37.167
1,1286371,0.023,-8.635,1.059,-0.066,-0.138,-0.093,34.011,10.757,36.714
1,1286375,0.023,-8.635,1.059,-0.066,-0.138,-0.093,34.011,10.757,36.714
1,1286377,0.049,-8.617,0.933,-0.138,-0.142,-0.097,34.011,10.757,36.714
1,1286400,0.085,-8.740,0.770,-0.249,-0.139,-0.100,34.420,10.874,37.387
1,1286430,0.103,-9.284,0.572,-0.249,-0.144,-0.106,33.981,11.371,38.059
1,1286434,0.103,-9.284,0.572,-0.249,-0.144,-0.106,33.981,11.371,38.059
1,1286438,0.111,-9.258,0.526,-0.217,-0.147,-0.105,33.981,11.371,38.059
1,1286460,0.063,-8.865,0.354,-0.144,-0.155,-0.106,33.821,10.640,38.234
1,1286464,0.063,-8.865,0.354,-0.144,-0.155,-0.106,33.821,10.640,38.234
1,1286467,0.053,-8.887,0.263,-0.114,-0.159,-0.109,34.127,11.122,38.585
1,1286490,0.054,-9.076,0.219,-0.044,-0.164,-0.112,33.587,10.596,37.913
1,1286494,0.054,-9.076,0.219,-0.044,-0.164,-0.112,33.528,10.684,37.694
1,1286497,0.089,-9.155,0.226,0.010,-0.161,-0.114,33.528,10.684,37.694
1,1286520,0.096,-9.034,0.060,0.139,-0.175,-0.116,33.572,10.947,37.197
1,1286524,0.054,-9.047,0.072,0.208,-0.178,-0.115,33.572,10.947,37.197
1,1286528,0.054,-9.047,0.072,0.208,-0.178,-0.115,33.572,10.947,37.197
1,1286549,-0.031,-9.064,0.353,0.353,-0.186,-0.114,33.528,11.006,36.247
1,1286553,-0.039,-8.998,0.318,0.421,-0.194,-0.115,33.528,11.006,36.247
1,1286557,-0.039,-8.998,0.318,0.421,-0.194,-0.115,34.011,10.874,36.071
1,1286580,-0.086,-8.947,0.328,0.489,-0.204,-0.114,33.747,10.786,35.384
1,1286583,-0.135,-8.824,0.452,0.484,-0.204,-0.114,33.747,10.786,35.384
1,1286610,-0.231,-8.745,0.446,0.424,-0.204,-0.114,33.806,11.400,34.668
1,1286614,-0.275,-8.863,0.558,0.368,-0.205,-0.114,33.806,11.400,34.668
1,1286640,-0.266,-8.953,0.531,0.040,-0.199,-0.109,33.850,11.722,35.004
1,1286670,-0.196,-9.180,0.558,-0.365,-0.184,-0.116,33.543,11.970,35.004
1,1286674,-0.196,-9.180,0.558,-0.365,-0.184,-0.116,33.543,11.970,35.004
1,1286677,-0.196,-9.180,0.558,-0.365,-0.184,-0.116,33.543,11.970,35.004
1,1286700,-0.141,-9.747,0.422,-0.420,-0.187,-0.123,33.207,11.780,36.144
1,1286704,-0.141,-9.747,0.422,-0.420,-0.187,-0.123,33.207,11.780,36.144
1,1286707,-0.141,-9.747,0.422,-0.420,-0.187,-0.123,33.353,11.707,35.925
1,1286730,0.018,-10.022,0.487,-0.138,-0.208,-0.120,33.309,11.663,36.071
1,1286760,0.188,-9.934,0.459,0.026,-0.226,-0.121,33.367,11.853,36.276
1,1286791,0.250,-10.216,0.702,0.442,-0.254,-0.133,33.309,12.526,35.151
1,1286850,0.284,-10.024,0.859,0.415,-0.272,-0.134,33.061,13.768,32.622
1,1286854,0.250,-10.020,0.992,0.415,-0.272,-0.134,33.061,13.768,32.622
1,1286858,0.250,-10.020,0.992,0.329,-0.272,-0.134,33.557,13.914,32.695
1,1286910,0.293,-10.209,1.050,0.054,-0.276,-0.134,32.651,13.797,31.964
1,1286914,0.301,-10.281,0.994,0.034,-0.276,-0.131,32.651,13.797,31.964
1,1286916,0.301,-10.281,0.994,0.034,-0.276,-0.131,32.651,13.797,31.964
1,1286940,0.358,-10.463,0.937,0.031,-0.277,-0.126,32.695,13.987,32.783
1,1286944,0.392,-10.470,1.082,0.050,-0.286,-0.131,32.900,14.499,32.257
1,1286947,0.392,-10.470,1.082,0.050,-0.286,-0.131,32.900,14.499,32.257
1,1286970,0.512,-10.600,1.178,0.079,-0.287,-0.126,32.754,14.762,31.774
1,1286973,0.575,-10.619,1.175,0.028,-0.290,-0.120,32.754,14.762,31.774
1,1286977,0.575,-10.619,1.175,0.028,-0.290,-0.120,32.754,14.762,31.774
1,1287000,0.656,-10.805,1.030,-0.053,-0.286,-0.116,32.534,15.083,31.424
1,1287031,0.611,-10.679,1.139,0.249,-0.310,-0.112,33.265,15.551,31.394
1,1287034,0.611,-10.679,1.139,0.249,-0.310,-0.112,32.783,15.405,31.394
1,1287038,0.611,-10.679,1.139,0.249,-0.310,-0.112,32.783,15.405,31.394
1,1287060,0.480,-10.855,1.285,0.221,-0.308,-0.101,33.280,15.215,29.918
1,1287121,0.270,-10.688,1.429,0.478,-0.340,-0.083,32.739,16.764,28.793
1,1287125,0.270,-10.688,1.429,0.478,-0.340,-0.083,32.739,16.764,28.793
1,1287127,0.257,-10.731,1.387,0.432,-0.343,-0.079,32.739,16.764,28.793
1,1287150,0.426,-10.956,1.645,0.281,-0.363,-0.075,32.754,17.568,27.857
1,1287180,0.682,-11.367,1.631,0.203,-0.346,-0.037,32.871,17.846,26.615
1,1287184,0.682,-11.367,1.713,0.203,-0.346,-0.037,33.134,18.445,27.872
1,1287188,0.747,-11.537,1.713,0.216,-0.340,-0.034,33.134,18.445,27.872
1,1287210,0.888,-12.201,1.949,0.175,-0.338,-0.034,33.119,18.518,26.630
1,1287214,0.942,-12.544,1.960,0.137,-0.342,-0.034,33.119,18.518,26.630
1,1287217,0.942,-12.544,1.960,0.137,-0.342,-0.034,33.119,18.518,26.630
1,1287240,1.067,-12.792,1.821,0.115,-0.336,-0.027,32.914,18.796,26.542
1,1287244,1.101,-12.861,1.707,0.125,-0.331,-0.021,32.914,18.796,26.542
1,1287299,1.017,-13.442,1.607,0.375,-0.341,-0.005,33.353,19.336,25.373
1,1287331,1.080,-13.042,1.676,0.358,-0.354,0.012,32.841,19.307,24.788
1,1287334,1.080,-13.042,1.676,0.340,-0.341,0.012,33.163,20.111,24.277
1,1287337,1.080,-13.042,1.676,0.340,-0.341,0.012,33.163,20.111,24.277
1,1287360,1.187,-12.297,1.911,0.353,-0.329,0.020,33.367,19.804,23.224
1,1287390,1.194,-12.078,1.944,0.055,-0.315,0.021,33.221,20.462,23.166
1,1287394,1.194,-12.078,1.944,0.055,-0.315,0.021,33.221,20.462,24.218
1,1287398,1.194,-12.078,1.944,0.055,-0.315,0.021,33.543,21.236,24.218
1,1287419,1.231,-12.031,1.621,-0.020,-0.309,0.016,33.543,20.915,23.750
1,1287423,1.231,-12.031,1.621,-0.020,-0.309,0.016,33.543,20.915,23.750
1,1287450,1.100,-11.596,1.492,0.015,-0.303,0.018,33.631,21.046,23.122
1,1287481,0.937,-11.163,1.451,0.226,-0.307,0.016,32.841,20.681,22.742
1,1287485,0.937,-11.163,1.451,0.226,-0.307,0.016,32.374,21.719,23.122
1,1287488,0.934,-10.861,1.445,0.307,-0.305,0.016,32.374,21.719,23.122
1,1287614,0.603,-8.889,2.489,0.279,-0.257,0.015,32.359,23.517,18.460
1,1287630,0.580,-9.063,2.509,0.203,-0.258,0.006,32.344,23.443,19.030
1,1287661,0.520,-9.314,2.587,0.172,-0.261,-0.009,32.140,23.794,18.182
1,1287665,0.528,-9.319,2.566,0.198,-0.261,-0.007,32.140,23.794,18.182
1,1287667,0.528,-9.319,2.566,0.198,-0.261,-0.007,32.140,23.794,18.182
1,1287690,0.529,-9.460,2.837,0.247,-0.259,-0.009,31.804,23.590,17.846
1,1287721,0.530,-9.504,2.807,0.252,-0.250,-0.016,31.204,23.955,18.840
1,1287724,0.530,-9.504,2.807,0.252,-0.250,-0.016,31.204,23.955,18.840
1,1287728,0.530,-9.504,2.807,0.252,-0.250,-0.016,31.204,23.955,18.840
1,1287750,0.566,-9.852,3.139,0.352,-0.250,-0.021,31.614,23.823,16.779
1,1287753,0.566,-9.852,3.139,0.352,-0.250,-0.021,31.614,23.823,16.779
1,1287757,0.566,-9.852,3.139,0.352,-0.250,-0.021,31.614,23.823,16.779
1,1287780,0.724,-9.626,3.017,0.529,-0.249,-0.026,31.570,24.057,17.509
1,1287784,0.724,-9.626,3.017,0.529,-0.249,-0.026,31.804,24.642,16.706
1,1287787,0.724,-9.626,3.342,0.529,-0.249,-0.026,31.804,24.642,16.706
1,1287810,0.763,-9.657,3.375,0.417,-0.237,-0.032,31.424,24.510,15.916
1,1287901,0.770,-9.851,2.952,-0.151,-0.209,-0.068,31.102,24.423,15.566
1,1287904,0.774,-9.838,2.908,-0.151,-0.209,-0.068,31.102,24.423,15.566
1,1287908,0.774,-9.838,2.908,-0.159,-0.206,-0.075,31.102,24.423,15.566
1,1288033,0.884,-9.789,3.417,0.250,-0.186,-0.088,30.284,24.393,15.478
1,1288050,0.942,-9.639,3.455,0.068,-0.171,-0.095,30.064,25.168,15.609
1,1288054,0.942,-9.639,3.455,0.068,-0.171,-0.095,30.064,25.168,15.609
1,1288058,0.942,-9.639,3.455,0.068,-0.171,-0.095,30.064,25.168,15.609
1,1288081,0.977,-9.410,3.360,-0.110,-0.155,-0.101,29.991,25.402,15.756
1,1288140,1.100,-9.577,3.035,-0.318,-0.130,-0.114,29.933,25.066,16.282
1,1288248,1.367,-9.624,2.420,-0.062,-0.126,-0.101,29.538,24.920,17.919
1,1288290,1.300,-9.307,2.259,-0.140,-0.112,-0.093,29.450,24.920,18.635
1,1288293,1.251,-9.272,2.223,-0.140,-0.112,-0.092,29.450,24.920,18.635
1,1288297,1.251,-9.272,2.223,-0.171,-0.111,-0.092,29.129,24.949,19.146
1,1288379,1.129,-8.786,1.729,-0.340,-0.083,-0.066,29.144,24.832,20.184
1,1288441,1.100,-7.626,1.455,-0.314,-0.071,-0.035,28.690,24.540,21.120
1,1288500,0.921,-7.297,1.371,-0.104,-0.051,0.023,28.340,23.429,22.347
1,1288504,0.921,-7.297,1.371,-0.104,-0.051,0.023,28.340,23.429,22.347
1,1288507,0.808,-7.402,1.061,-0.077,-0.046,0.027,28.340,23.429,22.347
1,1288530,0.969,-7.372,1.543,0.169,-0.067,0.013,28.910,21.996,22.552
1,1288534,0.969,-7.372,1.543,0.169,-0.067,0.013,28.910,21.996,22.552
1,1288537,0.893,-7.150,1.180,-0.136,-0.051,0.035,28.617,22.143,22.625
1,1288560,0.883,-7.245,0.982,-0.072,-0.065,0.021,28.603,20.652,23.546
1,1288563,0.883,-7.245,0.982,-0.072,-0.065,0.021,28.559,20.652,23.546
1,1288567,0.751,-7.457,1.202,0.153,-0.067,0.026,28.559,20.652,23.546
1,1288590,0.820,-7.503,0.937,-0.220,-0.040,0.067,28.910,19.497,23.049
1,1288594,0.820,-7.503,0.937,-0.220,-0.040,0.067,28.910,19.497,23.049
1,1288597,0.651,-7.356,0.613,-0.346,-0.029,0.095,29.056,19.176,23.327
1,1288620,0.779,-7.522,0.645,-0.294,-0.067,0.097,28.574,18.766,24.043
1,1288650,0.784,-7.668,0.556,-0.259,-0.054,0.110,29.231,17.261,25.504
1,1288680,0.767,-8.203,0.400,-0.181,-0.039,0.127,29.699,17.451,25.007
1,1288684,0.788,-8.227,0.370,-0.010,-0.042,0.138,29.699,17.451,25.007
1,1288688,0.788,-8.227,0.370,-0.010,-0.042,0.138,29.977,17.086,25.826
1,1288709,0.855,-8.400,0.304,0.291,-0.049,0.155,29.714,16.574,25.636
1,1288713,0.889,-8.502,0.270,0.374,-0.049,0.166,29.801,16.676,25.080
1,1288717,0.889,-8.502,0.270,0.374,-0.049,0.166,29.801,16.676,25.080
1,1288740,1.005,-8.308,0.553,0.351,-0.035,0.180,30.035,16.720,24.583
1,1288744,1.017,-8.395,0.628,0.301,-0.032,0.182,30.035,16.720,24.583
1,1288747,1.017,-8.395,0.628,0.301,-0.032,0.182,30.035,16.720,24.583
1,1288770,1.054,-8.990,0.440,0.065,-0.011,0.195,30.605,16.033,24.993
1,1288774,1.054,-8.990,0.440,0.065,-0.011,0.195,30.576,17.261,24.598
1,1288778,1.054,-8.990,0.440,0.065,-0.011,0.195,30.576,17.261,24.598
1,1288831,0.834,-10.061,0.432,0.056,-0.001,0.220,31.394,15.931,25.592
1,1288834,0.834,-10.061,0.432,0.056,-0.001,0.220,31.394,15.931,25.592
1,1288837,0.834,-10.180,0.518,0.056,-0.001,0.220,31.614,15.975,26.162
1,1288860,0.647,-10.208,0.445,0.261,0.005,0.237,31.614,15.624,26.498
1,1288890,0.452,-10.405,0.617,0.356,0.011,0.253,32.315,15.653,25.343
1,1288893,0.452,-10.405,0.617,0.356,0.011,0.253,32.315,15.653,25.343
1,1288920,0.196,-9.747,0.883,0.679,0.010,0.271,32.578,15.522,24.671
1,1289010,0.188,-8.812,1.688,-0.015,0.072,0.250,33.879,15.595,22.537
1,1289014,0.124,-8.835,1.748,-0.177,0.078,0.244,33.952,16.019,23.517
1,1289121,-0.132,-9.793,0.592,-0.643,0.083,0.191,34.347,14.002,28.340
1,1289129,-0.220,-9.660,0.444,-0.387,0.071,0.182,35.165,13.709,28.764
1,1289133,-0.220,-9.660,0.444,-0.077,0.060,0.182,35.165,13.709,28.764
1,1289137,-0.220,-9.660,0.444,-0.077,0.060,0.182,35.151,13.666,28.924
1,1289190,-0.391,-8.600,0.818,0.777,0.017,0.126,35.341,13.432,27.492
1,1289193,-0.391,-8.600,0.818,0.777,0.017,0.126,35.341,13.432,27.492
1,1289220,-0.474,-8.259,1.111,0.419,0.029,0.100,35.998,13.695,26.922
1,1289224,-0.474,-8.259,1.111,0.419,0.029,0.100,35.998,13.695,26.717
1,1289227,-0.510,-8.162,1.060,0.086,0.040,0.098,35.911,14.046,26.717
1,1289250,-0.567,-8.258,1.440,0.303,0.029,0.056,35.911,15.113,26.966
1,1289253,-0.567,-8.258,1.440,0.303,0.029,0.056,35.911,15.113,26.966
1,1289257,-0.625,-8.148,1.312,0.330,0.023,0.044,35.911,15.113,26.966
1,1289280,-0.569,-8.185,1.485,0.259,0.018,0.010,35.677,15.814,25.928
1,1289387,-0.645,-8.992,1.658,-0.305,0.034,-0.105,35.779,16.472,26.352
1,1289401,-0.678,-9.191,1.543,-0.351,0.034,-0.116,35.896,16.443,27.740
1,1289404,-0.614,-9.460,1.446,-0.362,0.033,-0.123,35.896,16.443,27.740
1,1289408,-0.614,-9.460,1.446,-0.362,0.033,-0.123,35.896,16.443,27.740
1,1289533,-0.353,-8.715,1.883,0.335,-0.020,-0.181,35.238,16.486,26.849
1,1289550,-0.427,-8.703,2.075,0.329,-0.021,-0.187,35.034,17.056,27.156
1,1289640,-0.386,-8.629,1.580,-0.176,-0.018,-0.205,34.449,16.896,26.834
1,1289644,-0.386,-8.629,1.580,-0.176,-0.018,-0.205,34.449,16.896,26.834
1,1289701,-0.156,-9.176,1.399,-0.138,-0.027,-0.199,33.864,16.574,28.252
1,1289705,-0.103,-9.214,1.341,-0.086,-0.032,-0.198,33.864,16.574,28.252
1,1289708,-0.103,-9.214,1.341,-0.086,-0.032,-0.198,33.864,16.574,28.252
1,1289730,0.016,-9.211,1.560,0.066,-0.042,-0.189,33.587,16.413,27.857
1,1289821,0.377,-8.522,2.011,0.419,-0.081,-0.159,33.733,17.203,25.826
1,1289824,0.377,-8.522,2.011,0.320,-0.081,-0.159,33.733,17.203,25.826
1,1289828,0.377,-8.522,2.011,0.320,-0.081,-0.159,33.353,17.641,26.425
1,1289850,0.377,-8.693,1.816,0.189,-0.078,-0.144,33.528,17.305,25.636
1,1289853,0.377,-8.693,1.816,0.170,-0.078,-0.144,33.353,17.773,26.250
1,1289857,0.377,-8.693,1.816,0.170,-0.078,-0.144,33.353,17.773,26.250
1,1289879,0.354,-8.547,1.716,0.138,-0.082,-0.126,33.441,17.115,25.592
1,1289911,0.298,-8.675,1.618,-0.016,-0.079,-0.109,33.090,17.904,25.650
1,1289915,0.298,-8.675,1.618,-0.016,-0.079,-0.109,33.426,17.977,25.811
1,1289917,0.245,-8.660,1.505,-0.016,-0.079,-0.104,33.426,17.977,25.811
1,1289940,0.225,-8.754,1.365,-0.059,-0.083,-0.088,33.411,17.758,26.440
1,1289944,0.225,-8.754,1.365,-0.059,-0.083,-0.088,33.411,17.758,26.440
1,1290050,0.179,-9.318,1.385,0.342,-0.112,-0.006,33.017,17.568,24.277
1,1290059,0.215,-9.437,1.395,0.332,-0.110,0.000,33.426,17.919,24.583
1,1290063,0.202,-9.482,1.531,0.332,-0.110,0.000,33.426,17.919,24.583
1,1290067,0.202,-9.482,1.531,0.338,-0.108,0.009,33.616,17.948,24.072
1,1290089,0.225,-9.649,1.980,0.198,-0.114,0.032,33.382,18.357,24.452
1,1290121,0.287,-9.708,1.784,0.274,-0.116,0.040,33.367,18.576,24.861
1,1290125,0.270,-9.762,1.955,0.294,-0.116,0.046,33.367,18.576,24.861
1,1290127,0.270,-9.762,1.955,0.294,-0.116,0.046,34.054,18.489,24.306
1,1290150,0.183,-9.833,2.204,0.238,-0.117,0.053,33.923,18.927,23.590
1,1290210,0.136,-9.942,2.193,-0.023,-0.110,0.067,34.347,19.132,23.531
1,1290214,0.136,-9.942,2.193,-0.023,-0.110,0.067,34.347,19.132,23.531
1,1290300,0.042,-9.902,1.931,-0.144,-0.110,0.072,34.361,18.401,24.569
1,1290304,0.042,-9.902,1.931,-0.144,-0.110,0.072,34.829,18.416,25.139
1,1290307,-0.011,-10.046,1.955,-0.186,-0.115,0.068,34.829,18.416,25.139
1,1290330,-0.080,-10.256,1.836,-0.228,-0.110,0.068,35.238,18.080,25.241
1,1290333,-0.080,-10.256,1.836,-0.228,-0.110,0.068,35.238,18.080,25.241
1,1290336,-0.118,-10.210,1.708,-0.211,-0.106,0.071,35.238,18.080,25.241
1,1290360,-0.170,-10.339,1.580,-0.130,-0.115,0.065,35.136,18.050,24.803
1,1290364,-0.170,-10.339,1.580,-0.130,-0.115,0.065,35.136,18.050,24.803
1,1290367,-0.169,-10.387,1.598,-0.081,-0.121,0.061,35.589,18.109,25.943
1,1290390,-0.184,-10.504,1.692,0.007,-0.126,0.057,35.457,18.094,26.045
1,1290393,-0.184,-10.504,1.692,0.007,-0.126,0.057,35.852,18.255,26.045
1,1290397,-0.185,-10.640,1.736,0.023,-0.125,0.056,35.852,18.255,26.045
1,1290420,-0.182,-10.831,1.865,0.017,-0.127,0.050,35.633,18.138,25.680
1,1290424,-0.175,-10.811,1.820,0.042,-0.131,0.048,35.633,18.138,25.680
1,1290427,-0.175,-10.811,1.820,0.042,-0.131,0.048,35.633,18.065,25.241
1,1290450,-0.218,-10.761,1.814,0.182,-0.140,0.042,35.808,17.963,25.110
1,1290480,-0.309,-10.635,2.264,0.364,-0.150,0.035,36.334,18.430,25.300
1,1290484,-0.291,-10.442,2.207,0.342,-0.150,0.032,36.334,18.430,25.300
1,1290488,-0.291,-10.442,2.207,0.342,-0.150,0.032,36.334,18.430,25.300
1,1290509,-0.242,-10.351,2.273,0.250,-0.153,0.020,36.393,18.065,24.189
1,1290513,-0.233,-10.447,2.371,0.206,-0.149,0.017,36.393,18.065,24.189
1,1290541,-0.218,-10.569,2.267,0.186,-0.153,0.009,36.349,18.240,25.022
1,1290544,-0.218,-10.569,2.267,0.186,-0.153,0.009,36.349,18.240,25.022
1,1290547,-0.218,-10.569,2.267,0.186,-0.153,0.009,36.349,18.240,25.022
1,1290570,-0.262,-10.684,2.418,0.078,-0.151,-0.005,36.597,18.474,24.013
1,1290600,-0.176,-11.043,2.316,-0.114,-0.147,-0.015,36.510,18.080,24.540
1,1290604,-0.176,-11.043,2.316,-0.114,-0.147,-0.015,36.320,18.562,24.174
1,1290630,-0.049,-11.179,2.176,-0.132,-0.149,-0.026,36.597,18.430,24.569
1,1290634,-0.049,-11.179,2.176,-0.132,-0.149,-0.026,36.597,18.430,24.569
1,1290637,-0.062,-11.356,2.192,-0.099,-0.150,-0.028,36.597,18.430,24.569
1,1290660,-0.111,-11.661,2.073,-0.027,-0.156,-0.038,36.656,18.416,25.066
1,1290664,-0.111,-11.661,2.073,-0.027,-0.156,-0.038,36.656,18.416,25.066
1,1290666,-0.098,-11.798,2.041,-0.011,-0.161,-0.042,36.641,18.299,24.335
1,1290690,-0.115,-11.925,1.985,-0.028,-0.162,-0.046,36.758,18.255,23.999
1,1290694,-0.115,-11.925,1.985,-0.028,-0.162,-0.046,36.875,18.123,25.241
1,1290697,-0.112,-11.978,2.047,-0.048,-0.160,-0.049,36.875,18.123,25.241
1,1290720,-0.199,-12.316,1.827,-0.082,-0.162,-0.057,36.641,17.890,24.657
1,1290723,-0.199,-12.316,1.827,-0.082,-0.162,-0.057,36.641,17.890,24.657
1,1290727,-0.246,-12.559,1.863,-0.084,-0.166,-0.062,36.641,17.890,24.657
1,1290750,-0.218,-12.727,1.954,-0.075,-0.161,-0.070,36.714,17.948,24.949
1,1290753,-0.218,-12.727,1.954,-0.075,-0.161,-0.070,36.714,17.948,25.577
1,1290757,-0.148,-12.840,1.961,-0.072,-0.164,-0.075,37.197,17.948,25.577
1,1290780,-0.066,-13.071,1.978,-0.077,-0.162,-0.082,36.787,18.416,25.709
1,1290810,0.080,-13.760,1.972,-0.133,-0.159,-0.095,36.524,18.211,24.320
1,1290814,0.134,-13.859,2.060,-0.172,-0.159,-0.100,36.524,18.211,24.320
1,1290871,0.165,-13.978,1.748,0.026,-0.160,-0.117,35.911,17.875,25.080
1,1290875,0.165,-13.978,1.748,0.088,-0.154,-0.117,35.911,17.875,25.080
1,1290877,0.165,-13.978,1.748,0.088,-0.154,-0.117,35.911,17.875,25.080
1,1290900,0.160,-13.029,2.071,0.336,-0.164,-0.125,35.925,18.182,24.613
1,1290904,0.160,-13.029,2.071,0.453,-0.170,-0.130,35.925,18.182,24.613
1,1290907,0.160,-13.029,2.071,0.453,-0.170,-0.130,36.276,18.284,24.393
1,1290930,0.124,-11.708,2.389,0.563,-0.171,-0.128,35.516,18.313,24.116
1,1290933,0.124,-11.708,2.389,0.563,-0.171,-0.128,35.516,18.313,24.116
1,1290959,0.072,-10.945,2.498,0.430,-0.165,-0.130,35.165,19.088,22.961
1,1290963,0.072,-10.945,2.498,0.430,-0.165,-0.130,35.165,19.088,22.961
1,1290967,0.072,-10.945,2.498,0.430,-0.165,-0.130,35.618,19.322,22.625
1,1290990,0.048,-10.050,2.602,0.380,-0.176,-0.139,34.961,19.775,22.581
1,1290994,0.048,-10.050,2.602,0.380,-0.176,-0.139,34.785,20.608,22.391
1,1290997,0.048,-10.015,2.700,0.380,-0.176,-0.139,34.785,20.608,22.391
1,1291020,0.002,-9.742,2.755,0.137,-0.169,-0.143,34.946,20.184,21.865
1,1291024,0.002,-9.742,2.755,0.137,-0.169,-0.143,34.946,20.184,21.865
1,1291027,0.012,-9.571,2.700,0.130,-0.169,-0.145,34.946,20.184,21.865
1,1291081,0.072,-9.160,2.477,0.053,-0.165,-0.149,34.522,20.783,22.640
1,1291170,0.187,-9.442,2.302,-0.057,-0.164,-0.130,33.864,21.397,22.523
1,1291174,0.200,-9.575,2.390,-0.050,-0.159,-0.122,33.864,21.397,22.523
1,1291177,0.200,-9.575,2.390,-0.050,-0.159,-0.122,33.864,21.397,22.523
1,1291201,0.282,-9.701,2.389,-0.071,-0.155,-0.115,33.104,21.061,22.420
1,1291204,0.324,-9.783,2.266,-0.090,-0.154,-0.109,33.104,21.061,22.420
1,1291208,0.324,-9.783,2.266,-0.090,-0.154,-0.109,33.338,21.397,22.859
1,1291230,0.408,-9.866,2.498,-0.034,-0.155,-0.105,33.031,21.251,22.464
1,1291234,0.467,-9.890,2.546,0.005,-0.156,-0.101,33.207,21.251,22.464
1,1291237,0.467,-9.890,2.546,0.005,-0.156,-0.101,33.207,21.251,22.464
1,1291259,0.560,-9.933,2.605,0.086,-0.155,-0.092,32.797,21.500,21.894
1,1291290,0.524,-9.946,2.432,-0.114,-0.149,-0.082,33.192,21.675,22.230
1,1291350,0.370,-9.911,1.864,-0.109,-0.144,-0.061,32.081,21.383,23.020
1,1291353,0.370,-9.911,1.864,-0.109,-0.144,-0.061,32.081,21.383,23.020
1,1291357,0.409,-9.910,1.814,-0.109,-0.144,-0.061,32.184,21.543,23.166
1,1291379,0.354,-9.634,1.668,-0.075,-0.144,-0.044,32.520,21.748,23.020
1,1291410,0.431,-9.522,1.557,-0.002,-0.142,-0.031,31.833,21.295,23.356
1,1291471,0.590,-9.139,1.665,0.078,-0.139,0.012,32.140,21.280,23.517
1,1291475,0.579,-9.115,1.683,0.037,-0.134,0.020,32.140,21.280,23.517
1,1291478,0.579,-9.115,1.683,0.037,-0.134,0.020,32.140,21.280,23.517
1,1291500,0.481,-9.216,1.665,0.015,-0.131,0.028,32.271,21.251,23.517
1,1291560,0.312,-8.467,1.333,-0.211,-0.112,0.053,32.154,20.725,23.750
1,1291564,0.273,-8.442,1.262,-0.217,-0.112,0.056,32.154,20.725,23.750
1,1291568,0.273,-8.442,1.262,-0.217,-0.112,0.056,32.154,20.725,23.750
1,1291589,0.231,-8.298,1.263,-0.114,-0.106,0.068,31.920,20.696,23.984
1,1291593,0.229,-8.122,1.243,-0.032,-0.114,0.071,31.920,20.696,24.379
1,1291597,0.229,-8.122,1.243,-0.032,-0.114,0.071,32.169,21.280,24.379
1,1291620,0.184,-7.425,1.229,0.062,-0.112,0.083,32.067,20.506,24.540
1,1291651,0.128,-7.318,1.095,-0.032,-0.103,0.088,32.096,20.550,24.043
1,1291654,0.128,-7.318,1.095,-0.032,-0.103,0.088,32.096,20.550,24.043
1,1291658,0.128,-7.318,1.095,-0.032,-0.103,0.088,32.695,20.915,24.452
1,1291680,0.134,-6.914,1.180,0.100,-0.105,0.090,32.417,20.783,24.364
1,1291709,0.172,-6.827,1.201,0.153,-0.100,0.084,32.330,21.090,24.072
1,1291713,0.172,-6.827,1.201,0.153,-0.100,0.084,32.330,21.090,24.072
1,1291716,0.170,-6.797,1.248,0.153,-0.100,0.084,32.330,21.090,24.072
1,1291799,0.081,-6.859,1.018,-0.049,-0.082,0.046,32.388,20.199,24.189
1,1291803,0.081,-6.859,1.018,-0.049,-0.082,0.046,32.388,20.199,24.189
1,1291807,0.136,-6.717,0.857,-0.007,-0.084,0.040,33.031,20.374,24.803
1,1291830,0.200,-6.833,0.901,0.086,-0.083,0.029,32.841,20.740,25.227
1,1291890,0.342,-7.567,1.206,0.269,-0.090,-0.015,33.134,20.842,24.934
1,1291894,0.324,-7.769,1.260,0.224,-0.089,-0.022,33.134,20.842,24.934
1,1291898,0.324,-7.769,1.260,0.224,-0.089,-0.022,33.557,20.886,24.277
1,1291919,0.279,-8.294,1.305,0.051,-0.076,-0.038,33.061,20.900,24.773
1,1291923,0.226,-8.601,1.356,-0.045,-0.073,-0.048,33.061,20.900,24.773
1,1291927,0.226,-8.601,1.356,-0.045,-0.073,-0.048,33.061,20.900,24.773
1,1292053,-0.002,-10.327,1.006,-0.086,-0.064,-0.109,32.812,20.023,26.279
1,1292100,0.152,-9.395,1.577,0.550,-0.092,-0.094,32.666,20.462,25.314
1,1292104,0.152,-9.395,1.577,0.550,-0.092,-0.094,32.666,20.462,25.314
1,1292108,0.152,-9.247,1.679,0.531,-0.090,-0.094,32.666,20.535,24.744
1,1292233,0.319,-9.971,0.848,-0.643,-0.035,-0.086,32.227,20.096,26.133
1,1292281,0.488,-9.953,0.742,-0.116,-0.065,-0.071,32.841,19.731,27.565
1,1292284,0.502,-9.836,0.651,-0.111,-0.064,-0.065,32.490,19.746,28.369
1,1292288,0.502,-9.836,0.651,-0.111,-0.064,-0.065,32.490,19.746,28.369
1,1292310,0.554,-9.272,0.541,0.005,-0.070,-0.055,32.081,19.556,28.004
1,1292313,0.554,-9.391,0.541,0.099,-0.073,-0.050,32.081,19.556,28.004
1,1292317,0.554,-9.391,0.541,0.099,-0.073,-0.050,32.081,19.556,28.004
1,1292338,0.529,-8.595,0.689,0.498,-0.092,-0.033,32.169,19.249,27.477
1,1292371,0.395,-8.311,1.231,0.666,-0.100,-0.026,32.374,19.614,27.565
1,1292375,0.395,-8.311,1.231,0.666,-0.100,-0.026,32.067,19.994,27.565
1,1292377,0.395,-8.311,1.231,0.666,-0.100,-0.026,32.067,19.994,27.565
1,1292400,0.280,-8.157,1.479,0.314,-0.086,-0.011,32.403,20.038,25.826
1,1292404,0.280,-8.157,1.479,0.314,-0.086,-0.011,32.403,20.038,25.826
1,1292431,0.238,-8.221,1.613,0.233,-0.084,-0.016,32.052,20.535,26.103
1,1292434,0.238,-8.221,1.613,0.233,-0.084,-0.016,32.300,20.973,26.381
1,1292438,0.268,-8.230,1.735,0.200,-0.089,-0.021,32.300,20.973,26.381
1,1292459,0.364,-8.388,1.519,0.087,-0.084,-0.017,32.198,20.213,25.548
1,1292463,0.364,-8.388,1.519,0.087,-0.084,-0.017,32.198,20.213,25.548
1,1292467,0.422,-8.383,1.418,0.042,-0.086,-0.017,32.198,20.213,25.548
1,1292491,0.578,-8.320,1.353,-0.012,-0.083,-0.016,32.330,20.418,25.680
1,1292494,0.578,-8.320,1.353,-0.012,-0.083,-0.016,32.330,20.418,25.680
1,1292498,0.619,-8.307,1.269,-0.042,-0.087,-0.018,32.520,20.915,25.957
1,1292519,0.761,-8.237,1.284,-0.119,-0.086,-0.018,32.198,20.228,25.387
1,1292626,0.456,-8.210,1.388,0.443,-0.119,-0.016,32.403,20.564,24.364
1,1292670,0.465,-7.826,1.468,0.304,-0.116,-0.007,31.847,20.915,23.955
1,1292674,0.465,-7.826,1.468,0.304,-0.116,-0.007,31.964,21.339,24.569
1,1292700,0.373,-8.148,1.533,0.103,-0.104,-0.006,31.950,21.602,23.692
1,1292704,0.373,-8.148,1.533,0.103,-0.104,-0.006,31.950,21.602,23.692
1,1292707,0.373,-8.148,1.533,0.103,-0.104,-0.006,31.950,21.602,23.692
1,1292730,0.425,-7.612,1.518,-0.050,-0.099,-0.012,31.789,21.441,23.210
1,1292734,0.425,-7.612,1.518,-0.050,-0.099,-0.012,31.789,21.441,23.210
1,1292737,0.425,-7.612,1.518,-0.050,-0.099,-0.012,32.417,21.602,23.604
1,1292761,0.435,-8.320,1.405,-0.390,-0.088,-0.022,32.023,21.836,24.116
1,1292764,0.435,-8.320,1.405,-0.390,-0.088,-0.022,32.023,21.836,24.116
1,1292768,0.432,-8.545,1.292,-0.421,-0.084,-0.024,32.023,21.836,24.116
1,1292790,0.464,-8.770,1.309,-0.282,-0.095,-0.023,31.438,21.090,24.540
1,1292820,0.542,-8.912,1.117,0.177,-0.117,-0.015,32.008,21.120,24.890
1,1292880,0.394,-9.181,1.651,0.364,-0.132,-0.012,32.286,21.894,24.087
1,1292884,0.330,-9.124,1.767,0.364,-0.132,-0.012,32.286,21.894,24.087
1,1292911,0.215,-8.941,1.512,0.162,-0.106,-0.017,32.607,22.420,24.013
1,1292940,0.084,-8.831,1.882,0.429,-0.121,-0.012,32.344,23.063,22.990
1,1293000,0.074,-8.991,2.413,-0.012,-0.128,-0.038,32.549,22.947,22.947
1,1293031,0.128,-9.631,2.215,-0.480,-0.119,-0.056,32.505,23.005,23.619
1,1293034,0.128,-9.631,2.215,-0.480,-0.119,-0.056,32.505,23.005,23.619
1,1293060,0.409,-9.608,1.998,-0.221,-0.169,-0.067,32.622,22.976,23.166
1,1293063,0.409,-9.608,1.998,-0.221,-0.169,-0.067,32.564,23.020,24.203
1,1293121,0.665,-9.977,2.119,0.358,-0.165,-0.040,32.973,22.230,23.093
1,1293124,0.665,-9.977,2.119,0.358,-0.165,-0.040,33.265,22.245,22.625
1,1293180,0.512,-10.116,1.929,0.272,-0.167,-0.042,33.075,22.260,22.055
1,1293270,0.366,-9.849,1.933,0.035,-0.151,-0.029,33.207,22.698,21.558
1,1293331,0.211,-9.988,1.859,-0.023,-0.151,-0.013,33.587,22.990,21.003
1,1293334,0.212,-9.915,1.882,0.005,-0.153,-0.010,33.587,22.990,21.003
1,1293337,0.212,-9.915,1.882,0.005,-0.153,-0.010,33.864,22.873,21.529
1,1293360,0.245,-10.095,1.875,0.062,-0.159,-0.009,33.937,23.005,21.383
1,1293364,0.284,-10.101,1.856,0.089,-0.161,-0.005,33.689,23.414,22.113
1,1293367,0.284,-10.101,1.856,0.089,-0.161,-0.005,33.689,23.414,22.113
1,1293390,0.450,-10.152,1.888,0.150,-0.155,0.006,33.528,22.990,21.733
1,1293393,0.450,-10.152,1.888,0.177,-0.161,0.007,33.528,22.990,21.733
1,1293420,0.476,-10.357,2.183,0.231,-0.153,0.029,33.674,23.458,21.602
1,1293424,0.476,-10.357,2.183,0.231,-0.153,0.029,33.674,23.414,21.061
1,1293450,0.327,-10.271,2.209,0.270,-0.127,0.055,33.499,23.458,21.310
1,1293454,0.327,-10.271,2.209,0.270,-0.127,0.055,33.499,23.458,21.310
1,1293457,0.327,-10.271,2.209,0.270,-0.127,0.055,33.499,23.458,21.310
1,1293480,0.163,-10.357,2.740,0.248,-0.127,0.060,34.084,23.648,20.038
1,1293510,0.095,-10.289,2.850,0.170,-0.125,0.061,34.069,23.823,20.272
1,1293540,0.039,-10.436,2.870,-0.097,-0.128,0.054,34.697,23.955,20.930
1,1293543,0.039,-10.436,2.870,-0.097,-0.128,0.054,34.697,23.955,20.930
1,1293547,0.023,-10.696,2.942,-0.202,-0.126,0.054,34.697,23.955,20.930
1,1293571,-0.006,-11.154,2.771,-0.391,-0.125,0.050,34.975,23.239,20.623
1,1293574,-0.006,-11.154,2.465,-0.391,-0.125,0.050,34.975,23.239,20.623
1,1293578,0.037,-11.322,2.682,-0.448,-0.144,0.033,34.961,23.341,21.543
1,1293600,0.117,-11.511,2.382,-0.519,-0.139,0.043,34.697,22.990,22.581
1,1293603,0.117,-11.883,2.260,-0.519,-0.139,0.043,34.697,22.990,22.581
1,1293607,0.103,-11.883,2.260,-0.458,-0.132,0.051,34.697,22.990,22.581
1,1293629,0.073,-12.656,2.230,-0.258,-0.140,0.060,34.697,22.581,22.610
1,1293633,0.044,-12.921,2.199,-0.139,-0.144,0.067,34.697,22.581,22.610
1,1293637,0.044,-12.921,2.199,-0.139,-0.144,0.067,34.697,22.581,18.869
1,1293660,0.041,-13.424,2.136,-0.059,-0.154,0.066,34.434,22.128,21.616
1,1293691,-0.044,-13.835,1.973,0.153,-0.150,0.075,35.326,21.909,22.011
1,1293694,-0.036,-13.965,1.884,0.281,-0.154,0.078,35.326,21.909,22.011
1,1293750,0.162,-13.529,2.625,0.342,-0.120,0.098,35.662,22.552,21.426
1,1293810,-0.087,-13.442,2.682,-0.178,-0.111,0.037,35.618,22.479,21.353
1,1293814,-0.087,-13.442,2.682,-0.178,-0.111,0.037,35.472,23.224,21.353
1,1293818,-0.157,-13.382,2.617,-0.178,-0.111,0.037,35.472,23.224,21.353
1,1293839,-0.422,-12.981,2.266,-0.217,-0.070,0.049,35.034,22.610,21.894
1,1293843,-0.422,-12.981,2.266,-0.217,-0.070,0.049,35.034,22.610,21.894
1,1293847,-0.518,-12.808,2.261,-0.217,-0.070,0.035,35.034,22.610,21.894
1,1293870,-0.693,-12.426,2.503,0.110,-0.087,0.020,35.209,22.508,22.274
1,1293874,-0.693,-12.426,2.503,0.110,-0.087,0.020,35.209,22.508,22.274
1,1293877,-0.706,-12.135,2.667,0.192,-0.098,0.009,35.560,23.137,21.894
1,1293900,-0.707,-11.243,2.656,0.137,-0.095,0.001,35.238,22.830,21.383
1,1293904,-0.707,-11.243,2.656,0.137,-0.095,0.001,34.844,23.063,22.245
1,1293907,-0.750,-10.755,2.632,0.089,-0.097,-0.005,34.844,23.063,22.245
1,1293930,-0.614,-10.360,2.670,0.109,-0.098,-0.026,35.107,23.166,21.982
1,1293960,-0.353,-9.807,2.664,0.095,-0.111,-0.064,35.209,23.940,21.061
1,1293964,-0.262,-9.578,2.627,0.071,-0.115,-0.076,35.311,23.809,21.806
1,1293967,-0.262,-9.578,2.627,0.071,-0.115,-0.076,35.311,23.809,21.806
1,1293990,-0.051,-9.276,2.276,-0.032,-0.117,-0.094,34.946,23.429,21.733
1,1293994,-0.006,-9.223,2.320,-0.117,-0.111,-0.093,34.946,23.429,21.733
1,1293997,-0.006,-9.223,2.320,-0.117,-0.111,-0.093,34.946,23.429,21.733
1,1294020,0.144,-8.987,2.200,-0.246,-0.108,-0.110,34.624,23.633,22.391
1,1294024,0.196,-9.118,2.059,-0.259,-0.103,-0.117,34.624,23.633,22.391
1,1294081,0.059,-9.685,1.872,0.250,-0.119,-0.105,34.668,23.443,22.420
1,1294084,0.059,-9.685,1.872,0.465,-0.132,-0.105,34.668,23.443,22.420
1,1294111,-0.008,-9.544,1.981,1.049,-0.142,-0.064,33.981,24.686,21.485
1,1294114,-0.008,-9.544,1.981,1.049,-0.142,-0.064,34.171,25.899,20.798
1,1294118,-0.008,-9.544,1.981,1.049,-0.142,-0.064,34.171,25.899,20.798
1,1294140,-0.018,-8.917,2.770,1.219,-0.200,-0.112,33.441,26.600,19.760
1,1294143,-0.018,-8.917,2.770,1.219,-0.200,-0.112,33.441,26.600,19.760
1,1294170,0.012,-8.346,3.613,0.381,-0.114,-0.086,33.031,26.980,18.898
1,1294174,0.012,-8.346,3.613,0.381,-0.114,-0.086,33.031,26.980,18.898
1,1294177,-0.051,-8.839,3.222,0.381,-0.114,-0.086,33.207,27.843,19.760
1,1294200,-0.138,-9.507,2.899,-0.244,-0.078,-0.100,32.900,27.594,19.380
1,1294204,-0.138,-9.507,2.899,-0.244,-0.078,-0.100,33.002,27.916,20.228
1,1294208,-0.213,-9.509,3.001,-0.244,-0.086,-0.100,33.002,27.916,20.228
1,1294230,-0.176,-9.631,2.643,-0.437,-0.089,-0.094,32.900,27.214,19.307
1,1294321,0.156,-9.797,2.061,-0.191,-0.111,-0.059,32.929,25.913,20.988
1,1294325,0.183,-9.943,2.002,-0.194,-0.112,-0.056,32.929,25.913,20.988
1,1294328,0.183,-9.943,2.002,-0.194,-0.112,-0.056,32.827,26.352,21.748
1,1294350,0.236,-10.068,2.023,-0.148,-0.111,-0.045,32.330,26.293,21.339
