1,1184695,-0.092,-6.986,-6.656,0.048,-0.099,-0.026,-50.965,-31.117,133.733
1,1184699,-0.045,-6.974,-6.672,0.031,-0.108,-0.029,-50.965,-31.117,133.733
1,1184703,-0.045,-6.974,-6.672,0.031,-0.108,-0.029,-50.965,-31.117,133.733
1,1185117,-0.184,-6.840,-7.049,-0.064,-0.110,-0.045,-51.286,-31.365,135.545
1,1185208,-0.238,-6.711,-6.976,0.119,-0.117,-0.048,-50.862,-31.862,135.297
1,1185212,-0.238,-6.711,-6.976,0.119,-0.117,-0.048,-50.862,-31.862,135.297
1,1185216,-0.236,-6.717,-6.948,0.142,-0.117,-0.046,-50.862,-31.862,135.297
1,1185238,-0.234,-6.736,-6.916,0.181,-0.120,-0.046,-51.111,-31.730,135.341
1,1185242,-0.234,-6.736,-6.916,0.181,-0.120,-0.046,-51.111,-31.730,135.341
1,1185245,-0.232,-6.784,-6.942,0.202,-0.121,-0.046,-50.482,-31.307,135.531
1,1185371,-0.171,-6.943,-6.890,0.050,-0.110,-0.053,-50.979,-31.263,134.975
1,1185388,-0.162,-6.851,-6.877,0.053,-0.110,-0.053,-50.804,-31.102,134.434
1,1185392,-0.117,-6.811,-6.881,0.040,-0.110,-0.054,-51.111,-30.780,135.633
1,1185396,-0.117,-6.811,-6.881,0.040,-0.110,-0.054,-51.111,-30.780,135.633
1,1185478,-0.223,-6.772,-7.021,-0.149,-0.094,-0.061,-51.330,-31.175,135.940
1,1185539,-0.209,-6.546,-7.171,-0.396,-0.078,-0.070,-50.965,-31.482,136.612
1,1185542,-0.209,-6.546,-7.171,-0.396,-0.078,-0.070,-50.965,-31.482,136.612
1,1185568,-0.190,-6.410,-7.317,-0.689,-0.059,-0.081,-51.301,-31.964,137.109
1,1185599,-0.209,-6.346,-7.450,-0.999,-0.039,-0.092,-51.710,-32.622,139.155
1,1185658,-0.090,-5.393,-8.392,-1.846,0.002,-0.105,-51.403,-33.119,141.318
1,1185688,0.033,-4.909,-9.027,-2.647,0.044,-0.131,-51.725,-33.967,144.490
1,1185718,0.193,-3.679,-9.314,-3.255,0.079,-0.143,-51.988,-35.297,146.521
1,1185722,0.193,-3.679,-9.314,-3.255,0.079,-0.143,-51.608,-36.071,147.983
1,1185779,0.191,-2.114,-9.174,-4.111,0.117,-0.153,-51.476,-39.491,152.426
1,1185782,0.165,-1.747,-9.081,-4.111,0.117,-0.153,-51.272,-39.974,152.982
1,1185808,0.167,-1.080,-8.954,-3.710,0.090,-0.132,-51.739,-41.421,153.844
1,1185812,0.144,-0.701,-8.917,-3.539,0.079,-0.126,-51.739,-41.421,153.844
1,1185816,0.144,-0.701,-8.917,-3.539,0.079,-0.126,-51.739,-41.421,153.844
1,1185838,0.118,-0.225,-8.908,-3.178,0.059,-0.116,-51.812,-42.619,153.771
1,1185842,0.135,-0.175,-8.966,-2.961,0.044,-0.112,-51.812,-42.619,153.771
1,1185845,0.135,-0.175,-8.966,-2.961,0.044,-0.112,-51.388,-43.233,153.932
1,1185868,0.195,0.452,-9.302,-2.509,0.015,-0.097,-51.915,-44.548,154.487
1,1185898,0.212,1.079,-9.735,-1.949,-0.009,-0.092,-52.163,-46.375,154.063
1,1185958,0.331,1.881,-9.659,-0.885,-0.068,-0.061,-51.388,-47.662,153.522
1,1185962,0.331,1.881,-9.659,-0.728,-0.068,-0.061,-51.388,-47.662,153.522
1,1185989,0.403,2.060,-9.241,-0.253,-0.088,-0.049,-51.608,-47.515,153.581
1,1186079,0.542,1.111,-8.274,1.273,-0.162,0.005,-51.929,-46.799,153.859
1,1186082,0.542,1.111,-8.274,1.273,-0.162,0.005,-51.929,-46.799,153.859
1,1186085,0.541,0.889,-8.020,1.273,-0.162,0.013,-51.929,-46.799,153.859
1,1186108,0.510,0.824,-7.413,1.669,-0.172,0.021,-51.666,-46.156,154.604
1,1186138,0.361,0.233,-5.889,1.461,-0.148,0.020,-51.681,-45.513,154.531
1,1186168,0.130,-0.132,-4.009,1.038,-0.125,0.004,-52.280,-45.060,154.487
1,1186172,0.130,-0.132,-4.009,1.038,-0.125,0.004,-52.280,-45.060,154.487
1,1186228,0.022,0.514,-3.797,0.189,-0.111,-0.022,-52.075,-44.446,155.247
1,1186232,0.026,0.674,-3.903,0.189,-0.111,-0.022,-52.075,-44.446,155.247
1,1186258,0.025,0.865,-4.053,-0.187,-0.087,-0.023,-52.631,-44.870,156.329
1,1186348,0.203,0.674,-5.746,0.258,-0.121,0.000,-52.032,-44.972,155.174
1,1186352,0.242,0.739,-6.219,0.409,-0.131,-0.002,-52.032,-44.972,155.174
1,1186356,0.242,0.739,-6.219,0.409,-0.131,-0.002,-52.032,-44.972,155.174
1,1186377,0.378,0.936,-7.315,0.704,-0.148,0.001,-52.148,-44.768,154.882
1,1186438,0.644,0.510,-9.671,0.831,-0.145,0.007,-52.207,-43.365,155.759
1,1186442,0.644,0.510,-9.671,0.831,-0.145,0.007,-52.207,-43.365,155.525
1,1186446,0.644,0.510,-9.671,0.831,-0.145,0.007,-51.622,-43.116,155.525
1,1186467,0.621,-0.559,-10.059,1.065,-0.136,0.020,-51.608,-42.561,155.905
1,1186528,0.572,-0.313,-12.407,1.150,-0.161,0.007,-51.842,-41.450,156.475
1,1186558,0.366,-0.631,-12.380,0.698,-0.132,-0.010,-51.608,-41.567,156.738
1,1186562,0.366,-0.631,-12.380,0.698,-0.132,-0.010,-51.608,-41.567,156.738
1,1186566,0.372,-0.558,-12.482,0.536,-0.131,-0.018,-51.564,-41.625,156.402
1,1186587,0.400,-0.310,-13.127,0.214,-0.139,-0.032,-52.046,-41.201,156.022
1,1186648,0.242,-0.737,-13.856,-0.187,-0.112,-0.048,-51.856,-41.479,156.197
1,1186652,0.242,-0.604,-13.966,-0.187,-0.112,-0.048,-51.520,-41.567,156.577
1,1186656,0.238,-0.604,-13.966,-0.194,-0.112,-0.045,-51.520,-41.567,156.577
1,1186708,0.290,-1.003,-15.096,-0.182,-0.137,-0.056,-51.798,-41.654,157.162
1,1186815,0.102,-0.829,-17.615,-0.204,-0.153,-0.097,-51.812,-41.859,157.790
1,1186858,0.025,-1.339,-16.353,0.327,-0.133,-0.120,-51.798,-42.078,158.755
1,1186862,0.025,-1.339,-16.353,0.327,-0.133,-0.120,-51.418,-42.034,158.755
1,1186888,0.213,-0.229,-15.636,0.128,-0.134,-0.147,-51.213,-41.947,157.790
1,1186917,0.229,-0.499,-15.190,-0.111,-0.109,-0.151,-52.002,-41.801,157.498
1,1186949,0.018,-0.613,-14.077,0.106,-0.098,-0.155,-51.315,-42.195,157.132
1,1186952,0.018,-0.613,-14.077,0.106,-0.098,-0.155,-51.315,-42.195,157.132
1,1186956,0.005,-0.418,-13.601,0.106,-0.098,-0.156,-51.315,-42.195,157.132
1,1187008,-0.164,-0.181,-12.023,0.217,-0.098,-0.156,-51.505,-42.064,157.673
1,1187069,-0.232,-0.105,-11.021,0.290,-0.088,-0.162,-51.637,-42.151,157.205
1,1187073,-0.232,-0.105,-10.738,0.290,-0.088,-0.162,-51.637,-42.151,157.205
1,1187076,-0.255,-0.011,-10.738,0.233,-0.082,-0.162,-51.637,-42.151,157.205
1,1187097,-0.182,0.008,-10.101,0.089,-0.071,-0.164,-51.418,-41.991,156.387
1,1187101,-0.182,0.008,-10.101,0.089,-0.071,-0.164,-51.418,-41.991,156.387
1,1187105,-0.167,-0.041,-9.817,0.020,-0.062,-0.164,-51.140,-41.508,156.226
1,1187127,-0.135,-0.252,-9.513,-0.060,-0.065,-0.165,-51.301,-42.195,156.548
1,1187159,-0.017,-0.207,-9.427,-0.077,-0.057,-0.162,-51.652,-42.020,155.934
1,1187188,0.066,0.013,-8.835,-0.122,-0.038,-0.162,-51.900,-42.400,155.905
1,1187191,0.074,0.065,-8.605,-0.148,-0.034,-0.161,-51.695,-41.991,155.759
1,1187195,0.074,0.065,-8.605,-0.148,-0.034,-0.161,-51.695,-41.991,155.759
1,1187217,0.059,0.150,-8.215,-0.211,-0.029,-0.159,-51.739,-42.473,155.086
1,1187221,0.110,0.142,-8.137,-0.236,-0.032,-0.155,-51.739,-42.473,155.086
1,1187225,0.110,0.142,-8.137,-0.236,-0.032,-0.155,-51.739,-42.473,155.086
1,1187248,0.127,0.146,-8.200,-0.279,-0.026,-0.153,-51.856,-42.970,155.598
1,1187251,0.145,0.144,-8.264,-0.285,-0.028,-0.151,-51.842,-42.838,155.685
1,1187338,0.146,-0.065,-6.593,0.126,-0.039,-0.114,-51.856,-43.248,154.750
1,1187398,0.269,-0.625,-5.463,-0.005,-0.038,-0.094,-51.856,-43.160,154.896
1,1187402,0.269,-0.625,-5.463,-0.005,-0.038,-0.094,-51.856,-43.160,154.896
1,1187406,0.278,-0.793,-5.238,-0.005,-0.038,-0.090,-51.856,-43.160,154.896
1,1187427,0.306,-0.803,-4.893,0.136,-0.051,-0.084,-52.382,-43.145,154.209
1,1187458,0.343,-0.662,-4.611,0.122,-0.062,-0.082,-52.119,-43.321,155.437
1,1187462,0.343,-0.662,-4.611,0.122,-0.062,-0.082,-52.119,-43.321,155.437
1,1187465,0.395,-0.670,-4.563,0.089,-0.060,-0.081,-52.119,-43.321,155.437
1,1187590,0.354,-0.763,-3.510,-0.066,-0.070,-0.068,-51.695,-43.496,154.882
1,1187668,0.286,-1.076,-3.113,0.347,-0.071,-0.055,-52.061,-43.774,154.984
1,1187672,0.285,-0.781,-2.873,0.337,-0.075,-0.057,-52.061,-43.774,154.984
1,1187675,0.285,-0.781,-2.873,0.337,-0.075,-0.057,-52.061,-43.774,154.984
1,1187800,0.346,0.497,-6.869,0.010,-0.109,-0.057,-52.134,-43.905,154.560
1,1187819,0.404,1.272,-7.858,-0.077,-0.109,-0.059,-52.236,-44.022,155.232
1,1187822,0.404,1.272,-7.858,-0.077,-0.109,-0.059,-52.236,-44.022,155.232
1,1187826,0.404,1.510,-8.271,-0.077,-0.109,-0.059,-52.236,-43.788,155.320
1,1187847,0.473,1.499,-8.935,-0.395,-0.099,-0.051,-52.295,-44.651,155.495
1,1187851,0.473,1.499,-8.935,-0.395,-0.099,-0.051,-52.412,-44.037,155.276
1,1187855,0.473,1.342,-9.197,-0.395,-0.099,-0.051,-52.412,-44.037,155.276
1,1188011,0.199,1.073,-12.104,0.032,-0.182,-0.029,-52.236,-44.885,157.015
1,1188028,0.303,1.516,-12.986,-0.151,-0.197,-0.044,-51.739,-44.753,156.899
1,1188032,0.307,1.635,-13.537,-0.243,-0.200,-0.046,-51.739,-44.753,156.899
1,1188036,0.307,1.635,-13.537,-0.243,-0.200,-0.046,-51.593,-44.768,157.249
1,1188058,0.250,1.311,-14.518,-0.329,-0.199,-0.033,-51.695,-44.768,157.483
1,1188118,0.018,1.341,-18.039,0.005,-0.235,-0.040,-51.345,-45.206,157.644
1,1188178,0.104,2.412,-18.641,-0.173,-0.219,-0.070,-51.388,-45.235,158.346
1,1188182,0.104,2.412,-18.641,-0.173,-0.219,-0.070,-51.462,-44.578,158.375
1,1188186,0.104,2.412,-18.641,-0.173,-0.219,-0.070,-51.462,-44.578,158.375
1,1188208,0.306,2.112,-18.621,-0.120,-0.204,-0.062,-51.330,-45.469,158.506
1,1188211,0.306,2.112,-18.621,-0.120,-0.204,-0.062,-51.330,-45.469,158.506
1,1188214,0.306,2.112,-18.621,-0.120,-0.204,-0.062,-51.330,-45.469,158.506
1,1188443,-0.251,1.224,-11.639,0.055,-0.092,-0.081,-50.950,-45.133,157.732
1,1188449,-0.251,1.224,-11.639,0.055,-0.092,-0.081,-50.950,-45.133,157.732
1,1188452,-0.187,1.236,-11.454,0.055,-0.084,-0.079,-50.906,-44.651,157.483
1,1188456,-0.187,1.236,-11.454,0.094,-0.084,-0.079,-50.906,-44.651,157.483
1,1188478,-0.122,1.291,-10.917,0.161,-0.065,-0.078,-51.213,-45.352,157.512
1,1188508,-0.063,0.955,-10.382,0.194,-0.051,-0.071,-51.549,-44.870,157.702
1,1188512,-0.084,0.927,-10.396,0.215,-0.046,-0.076,-50.892,-44.972,157.439
1,1188515,-0.084,0.927,-10.396,0.215,-0.046,-0.076,-50.892,-44.972,157.439
1,1188538,0.062,0.991,-10.362,0.293,-0.031,-0.075,-51.666,-44.621,157.059
1,1188541,0.095,0.983,-10.123,0.340,-0.020,-0.068,-51.666,-44.621,157.059
1,1188598,0.025,0.925,-8.258,0.222,0.016,-0.056,-51.008,-44.475,156.767
1,1188602,0.025,0.925,-8.258,0.128,0.020,-0.056,-51.008,-44.475,156.767
1,1188606,0.025,0.925,-8.258,0.128,0.020,-0.056,-51.008,-44.475,156.767
1,1188627,-0.062,0.336,-8.006,0.005,0.022,-0.057,-50.935,-45.133,156.445
1,1188631,-0.062,0.336,-8.006,-0.004,0.032,-0.054,-50.935,-45.133,156.445
1,1188658,-0.098,0.042,-7.229,0.140,0.042,-0.040,-51.082,-44.782,156.957
1,1188662,-0.098,0.042,-7.229,0.140,0.042,-0.040,-51.286,-44.651,156.957
1,1188665,-0.098,0.042,-7.229,0.140,0.042,-0.040,-51.286,-44.651,156.957
1,1188688,-0.013,0.197,-6.443,0.178,0.037,-0.034,-51.432,-44.899,155.612
1,1188749,0.268,-0.535,-5.555,0.044,0.042,-0.015,-51.725,-44.855,155.466
1,1188752,0.268,-0.535,-5.555,0.044,0.042,-0.015,-51.725,-44.855,155.466
1,1188755,0.278,-0.726,-5.274,0.084,0.038,-0.011,-51.725,-44.855,155.466
1,1188778,0.309,-0.824,-4.682,0.206,0.032,-0.001,-52.324,-44.709,155.247
1,1188782,0.309,-0.824,-4.682,0.206,0.032,-0.001,-52.426,-43.803,154.911
1,1188785,0.365,-0.732,-4.410,0.255,0.028,0.001,-52.426,-43.803,154.911
1,1188912,0.363,-0.719,-1.899,-0.347,0.026,0.017,-52.280,-44.782,154.355
1,1188928,0.335,-0.737,-1.874,-0.254,0.013,0.026,-52.002,-45.235,154.472
1,1188932,0.373,-0.745,-1.924,-0.194,0.005,0.026,-52.002,-45.235,154.472
1,1188989,0.311,-0.616,-2.646,0.214,-0.027,0.040,-52.280,-45.206,154.648
1,1188992,0.310,-0.499,-2.656,0.271,-0.027,0.042,-51.783,-45.104,154.648
1,1188996,0.310,-0.499,-2.656,0.271,-0.027,0.042,-51.783,-45.104,154.648
1,1189049,0.457,-0.146,-5.143,0.035,-0.081,0.023,-52.061,-44.914,154.662
1,1189078,0.481,-0.737,-6.072,0.275,-0.061,0.059,-52.499,-44.534,154.180
1,1189083,0.481,-0.737,-6.072,0.275,-0.061,0.059,-52.499,-44.534,154.180
1,1189085,0.481,-0.737,-6.072,0.275,-0.061,0.059,-52.499,-44.534,154.180
1,1189108,0.353,-0.033,-5.703,0.266,-0.087,0.038,-52.265,-44.811,154.297
1,1189199,0.403,0.249,-6.765,-0.049,-0.149,0.028,-52.353,-44.695,154.896
1,1189202,0.403,0.249,-6.765,-0.049,-0.149,0.028,-52.353,-44.695,154.896
1,1189206,0.458,0.750,-7.180,-0.007,-0.182,0.018,-52.353,-44.695,154.896
1,1189228,0.510,1.400,-9.138,-0.092,-0.235,0.016,-51.929,-45.265,154.940
1,1189231,0.510,1.400,-9.138,-0.092,-0.235,0.016,-51.929,-45.265,154.940
1,1189289,0.215,1.803,-10.199,-0.153,-0.215,0.020,-52.280,-45.674,156.314
1,1189292,0.215,1.803,-10.116,-0.153,-0.215,0.020,-52.280,-45.674,156.314
1,1189295,0.179,2.131,-10.116,-0.215,-0.232,0.013,-51.783,-45.279,156.080
1,1189420,0.056,1.966,-15.974,0.181,-0.305,-0.007,-51.023,-46.302,157.337
1,1189499,-0.197,2.606,-18.601,0.050,-0.241,-0.031,-51.681,-46.302,158.141
1,1189502,-0.197,2.606,-18.601,0.050,-0.241,-0.031,-51.681,-46.302,158.141
1,1189505,-0.197,2.606,-18.601,0.050,-0.241,-0.031,-50.716,-45.761,158.243
1,1189558,0.011,2.250,-19.545,0.164,-0.202,-0.049,-50.818,-46.331,157.600
1,1189619,0.282,1.965,-17.402,0.232,-0.114,-0.068,-50.848,-45.791,157.965
1,1189623,0.282,1.965,-17.402,0.232,-0.114,-0.068,-50.848,-45.791,157.965
1,1189648,0.181,2.136,-16.256,0.287,-0.090,-0.066,-51.038,-45.455,158.419
1,1189652,0.181,2.136,-16.256,0.287,-0.090,-0.066,-51.242,-45.455,158.331
1,1189708,-0.085,2.075,-13.480,0.238,-0.055,-0.067,-50.965,-45.484,157.688
1,1189711,-0.085,2.075,-13.480,0.238,-0.055,-0.067,-50.950,-44.958,157.834
1,1189768,-0.166,1.831,-11.861,0.249,-0.042,-0.065,-51.388,-45.747,156.840
1,1189772,-0.151,1.893,-11.642,0.249,-0.042,-0.067,-51.388,-45.747,160.582
1,1189798,-0.097,2.107,-11.200,0.323,-0.045,-0.067,-51.096,-45.177,157.732
1,1189828,-0.108,1.791,-10.392,0.307,-0.040,-0.056,-51.096,-45.206,157.322
1,1189833,-0.100,1.564,-10.160,0.305,-0.040,-0.057,-51.096,-45.206,157.322
1,1189835,-0.100,1.564,-10.160,0.305,-0.040,-0.057,-51.184,-45.001,157.746
1,1189858,-0.075,1.162,-9.789,0.374,-0.045,-0.061,-51.023,-45.191,157.176
1,1189862,-0.072,1.042,-9.629,0.436,-0.046,-0.059,-51.491,-45.001,157.176
1,1189865,-0.072,1.042,-9.629,0.436,-0.046,-0.059,-51.491,-45.001,157.176
1,1189887,-0.010,0.969,-9.269,0.553,-0.053,-0.057,-51.374,-44.738,156.723
1,1189891,0.033,1.046,-9.084,0.562,-0.048,-0.059,-51.374,-44.738,156.723
1,1189895,0.033,1.046,-9.084,0.562,-0.048,-0.059,-51.374,-44.768,156.694
1,1189948,0.219,0.329,-7.659,0.160,-0.022,-0.070,-51.228,-44.899,156.431
1,1189978,0.220,-0.167,-6.936,0.186,-0.024,-0.062,-51.827,-44.446,156.007
1,1189982,0.220,-0.167,-6.936,0.186,-0.024,-0.062,-51.564,-43.935,156.182
1,1189986,0.220,-0.167,-6.936,0.186,-0.024,-0.062,-51.564,-43.935,156.182
1,1190038,0.301,-0.408,-6.135,0.294,-0.033,-0.059,-51.272,-44.198,155.715
1,1190068,0.300,-0.482,-5.225,0.307,-0.034,-0.054,-51.418,-44.168,155.729
1,1190072,0.300,-0.482,-5.225,0.307,-0.034,-0.054,-51.418,-44.168,155.729
1,1190076,0.275,-0.528,-4.880,0.293,-0.035,-0.051,-51.418,-44.168,155.729
1,1190097,0.203,-0.683,-4.144,0.252,-0.037,-0.048,-51.330,-43.745,156.519
1,1190128,0.132,-0.692,-3.060,0.199,-0.043,-0.046,-51.359,-44.212,156.285
1,1190132,0.132,-0.692,-3.060,0.199,-0.043,-0.046,-51.359,-44.212,156.285
1,1190135,0.112,-0.574,-2.780,0.165,-0.044,-0.045,-51.359,-44.212,156.285
1,1190158,0.140,-0.310,-2.364,0.034,-0.050,-0.048,-51.622,-44.022,155.437
1,1190162,0.140,-0.310,-2.364,0.034,-0.050,-0.048,-51.622,-44.022,155.437
1,1190218,0.084,-0.276,-1.567,-0.472,-0.039,-0.054,-51.608,-44.563,155.203
1,1190325,0.105,-0.245,-3.109,0.458,-0.108,-0.027,-51.359,-44.709,155.247
1,1190338,0.151,-0.169,-3.788,0.511,-0.106,-0.024,-51.549,-44.695,155.612
1,1190342,0.120,-0.126,-3.851,0.538,-0.109,-0.021,-51.549,-44.695,155.612
1,1190345,0.120,-0.126,-3.851,0.538,-0.109,-0.021,-51.549,-44.695,155.612
1,1190368,0.116,-0.217,-4.527,0.522,-0.116,-0.018,-51.768,-44.753,155.744
1,1190428,0.008,-1.062,-7.871,0.384,-0.103,-0.016,-51.462,-44.168,155.832
1,1190458,-0.134,-0.829,-7.235,0.195,-0.097,-0.038,-52.002,-43.628,155.072
1,1190547,0.079,0.438,-8.858,-0.088,-0.106,-0.050,-51.725,-44.987,155.510
1,1190579,0.126,1.167,-9.355,-0.122,-0.140,-0.045,-51.725,-44.753,155.890
1,1190582,0.126,1.167,-9.355,-0.122,-0.140,-0.045,-51.549,-44.271,156.796
1,1190608,0.188,1.121,-11.086,-0.294,-0.158,-0.050,-51.871,-44.972,156.416
1,1190638,0.219,1.559,-11.809,-0.215,-0.134,-0.042,-51.272,-45.191,156.212
1,1190668,0.057,1.981,-11.630,-0.247,-0.145,-0.043,-51.476,-45.922,156.913
1,1190672,0.019,2.186,-11.927,-0.308,-0.153,-0.046,-51.476,-45.922,156.913
1,1190675,0.019,2.186,-11.927,-0.308,-0.153,-0.046,-51.476,-45.922,156.913
1,1190698,0.111,2.238,-12.814,-0.429,-0.162,-0.044,-51.155,-45.776,156.095
1,1190758,0.072,1.552,-14.928,0.059,-0.191,-0.026,-51.111,-45.951,156.811
1,1190762,0.017,1.634,-15.227,0.166,-0.197,-0.022,-51.111,-45.951,156.811
1,1190765,0.017,1.634,-15.227,0.166,-0.197,-0.022,-51.213,-46.171,157.118
1,1190788,-0.016,1.988,-16.107,0.244,-0.215,-0.027,-51.067,-46.317,157.615
1,1191024,-0.418,1.500,-12.830,0.246,-0.115,-0.099,-50.497,-45.279,157.600
1,1191119,-0.227,1.549,-10.319,0.363,-0.098,-0.100,-50.921,-45.060,158.170
1,1191178,-0.114,0.729,-9.151,0.302,-0.073,-0.097,-50.935,-44.563,157.352
1,1191182,-0.084,0.642,-8.942,0.307,-0.068,-0.093,-51.213,-44.154,157.673
1,1191185,-0.084,0.642,-8.942,0.307,-0.068,-0.093,-51.213,-44.154,157.673
1,1191238,0.042,0.482,-7.990,0.276,-0.055,-0.094,-50.877,-44.680,156.738
1,1191242,0.017,0.482,-7.990,0.272,-0.055,-0.088,-51.038,-43.861,156.986
1,1191268,-0.048,0.211,-7.942,0.313,-0.055,-0.090,-51.213,-44.431,156.665
1,1191272,-0.048,0.211,-7.942,0.313,-0.055,-0.090,-51.213,-44.431,156.665
1,1191276,-0.048,0.211,-7.942,0.313,-0.055,-0.090,-51.213,-44.431,156.665
1,1191297,-0.001,0.272,-7.937,0.348,-0.050,-0.089,-51.038,-44.183,156.709
1,1191301,-0.001,0.272,-7.937,0.348,-0.050,-0.089,-51.038,-44.183,156.709
1,1191328,0.084,0.408,-7.730,0.280,-0.045,-0.092,-51.301,-44.081,156.168
1,1191358,0.116,-0.026,-7.761,0.219,-0.048,-0.087,-51.198,-44.212,156.855
1,1191362,0.116,-0.026,-7.761,0.219,-0.048,-0.087,-51.198,-44.212,156.855
1,1191366,0.133,-0.208,-7.804,0.219,-0.048,-0.087,-51.155,-44.358,156.855
1,1191388,0.097,-0.397,-7.860,0.400,-0.057,-0.082,-50.906,-44.344,156.314
1,1191495,0.150,-0.925,-7.637,0.538,-0.079,-0.062,-51.798,-43.160,155.700
1,1191568,0.133,-1.125,-4.929,0.312,-0.073,-0.062,-51.052,-42.838,155.539
1,1191572,0.151,-1.071,-4.629,0.237,-0.073,-0.065,-50.789,-42.137,154.955
1,1191576,0.151,-1.071,-4.629,0.237,-0.073,-0.065,-50.789,-42.137,154.955
1,1191659,0.208,-1.029,-2.634,-0.142,-0.065,-0.062,-51.082,-42.853,155.671
1,1191662,0.193,-1.015,-2.419,-0.145,-0.065,-0.061,-51.082,-42.853,155.671
1,1191768,0.221,-0.857,-4.105,-0.099,-0.079,-0.067,-50.848,-43.555,156.139
1,1191778,0.234,-0.668,-4.728,-0.043,-0.088,-0.068,-51.520,-43.555,156.139
1,1191782,0.234,-0.668,-4.728,-0.043,-0.088,-0.068,-51.447,-43.291,156.051
1,1191786,0.234,-0.668,-4.728,-0.043,-0.088,-0.068,-51.447,-43.291,156.051
1,1191807,0.238,-0.590,-6.491,0.066,-0.084,-0.059,-51.125,-43.628,154.765
1,1191811,0.238,-0.590,-6.491,0.066,-0.084,-0.059,-51.125,-43.628,154.765
1,1191837,0.049,-0.516,-7.016,0.043,-0.073,-0.065,-51.228,-43.686,155.174
1,1192207,-0.004,1.517,-13.071,0.191,-0.169,-0.023,-51.228,-46.098,157.395
1,1192258,-0.056,1.716,-12.810,-0.032,-0.139,-0.024,-51.111,-46.244,157.805
1,1192261,-0.056,1.716,-12.810,-0.032,-0.139,-0.024,-51.111,-46.244,157.805
1,1192318,-0.136,2.441,-13.980,-0.161,-0.136,-0.034,-51.155,-46.785,157.702
1,1192348,0.084,2.163,-15.226,-0.028,-0.136,-0.027,-51.111,-46.828,157.162
1,1192352,0.084,2.163,-15.226,-0.028,-0.136,-0.027,-51.111,-46.828,157.162
1,1192355,0.165,1.953,-15.599,0.057,-0.133,-0.023,-51.140,-46.726,157.892
1,1192583,-0.039,1.749,-12.669,0.191,-0.012,-0.024,-51.564,-45.922,156.562
1,1192619,0.217,1.565,-12.109,0.263,-0.007,-0.015,-51.491,-46.288,156.811
1,1192725,0.603,1.679,-10.643,0.263,-0.016,-0.016,-51.754,-45.425,156.358
1,1192739,0.327,1.707,-10.497,0.208,-0.012,-0.015,-51.798,-45.396,156.460
1,1192743,0.327,1.707,-10.497,0.208,-0.012,-0.015,-51.798,-45.396,156.460
1,1192798,0.269,1.278,-9.489,0.189,-0.028,-0.016,-52.163,-45.396,155.364
1,1192802,0.269,1.278,-9.489,0.189,-0.028,-0.016,-52.163,-45.396,155.364
1,1193011,0.118,-0.451,-7.131,0.502,-0.094,-0.001,-52.134,-44.373,154.355
1,1193068,0.272,-0.717,-6.702,0.369,-0.103,0.004,-51.900,-43.481,154.560
1,1193072,0.272,-0.717,-6.702,0.369,-0.103,0.004,-51.900,-43.481,154.560
1,1193076,0.272,-0.717,-6.702,0.369,-0.103,0.004,-51.900,-43.481,154.560
1,1193097,0.296,-0.818,-5.721,0.326,-0.095,0.006,-52.032,-43.686,154.472
1,1193188,0.341,-0.786,-4.832,-0.243,-0.087,0.005,-52.353,-43.803,154.999
1,1193192,0.341,-0.786,-4.832,-0.243,-0.087,0.005,-52.353,-43.803,154.999
1,1193196,0.303,-0.829,-4.772,-0.154,-0.089,0.010,-52.353,-43.803,154.999
1,1193218,0.333,-0.748,-4.629,0.006,-0.092,0.017,-52.397,-43.861,155.101
1,1193248,0.384,-0.565,-4.585,0.000,-0.093,0.021,-52.280,-44.008,154.253
1,1193338,0.420,-0.835,-3.325,0.054,-0.081,0.023,-52.134,-43.686,154.414
1,1193445,0.494,0.294,-4.975,-0.342,-0.079,0.010,-52.236,-44.563,154.414
1,1193489,0.391,0.586,-7.461,-0.369,-0.105,0.013,-52.572,-45.455,155.276
1,1193492,0.391,0.586,-7.461,-0.369,-0.105,0.013,-52.572,-45.455,155.276
1,1193496,0.391,0.586,-7.461,-0.369,-0.105,0.013,-52.382,-45.323,155.276
1,1193518,0.299,0.799,-8.195,-0.313,-0.099,0.011,-51.798,-45.265,155.305
1,1193521,0.299,0.799,-8.195,-0.313,-0.099,0.011,-52.046,-44.958,155.715
1,1193525,0.299,0.799,-8.195,-0.313,-0.099,0.011,-52.046,-44.958,155.715
1,1193753,0.572,2.457,-11.728,-0.305,-0.137,-0.039,-51.988,-46.448,155.963
1,1193819,0.354,1.835,-12.063,-0.231,-0.136,-0.048,-51.242,-46.960,156.329
1,1193925,0.116,2.937,-11.427,-0.402,-0.123,-0.090,-52.032,-47.647,155.949
1,1193938,0.102,2.883,-11.984,-0.330,-0.119,-0.081,-51.915,-47.588,156.314
1,1194029,0.091,3.204,-14.055,0.011,-0.121,-0.088,-51.520,-47.852,156.095
1,1194032,0.091,3.204,-14.055,0.011,-0.121,-0.088,-51.520,-47.852,156.095
1,1194088,0.187,3.029,-15.661,0.487,-0.125,-0.078,-51.915,-47.632,156.548
1,1194092,0.187,3.029,-15.661,0.487,-0.125,-0.078,-51.915,-47.632,156.548
1,1194095,0.208,3.009,-15.686,0.524,-0.123,-0.076,-51.842,-47.311,157.469
1,1194324,0.453,2.886,-11.850,0.210,-0.088,-0.090,-51.725,-46.872,156.694
1,1194359,0.428,2.821,-11.009,0.323,-0.098,-0.084,-51.198,-46.931,156.226
1,1194362,0.428,2.821,-11.009,0.365,-0.098,-0.084,-51.198,-46.931,156.226
1,1194366,0.428,2.821,-11.009,0.365,-0.098,-0.084,-51.169,-46.624,156.533
1,1194593,0.354,0.431,-8.021,0.555,-0.117,-0.088,-51.257,-45.104,155.466
1,1194628,0.358,0.412,-7.612,0.601,-0.112,-0.084,-51.125,-45.104,155.349
1,1194632,0.303,0.354,-7.394,0.601,-0.111,-0.082,-51.125,-45.104,155.349
1,1194635,0.303,0.354,-7.394,0.594,-0.111,-0.082,-50.702,-44.388,156.226
1,1194658,0.290,0.130,-7.222,0.568,-0.112,-0.083,-51.169,-44.066,155.612
1,1194688,0.353,-0.237,-7.327,0.575,-0.117,-0.082,-51.286,-43.905,155.379
1,1194692,0.339,-0.298,-7.342,0.602,-0.117,-0.081,-51.286,-43.905,155.379
1,1194696,0.339,-0.298,-7.342,0.602,-0.117,-0.081,-50.745,-43.555,155.715
1,1194717,0.388,-0.368,-7.180,0.679,-0.112,-0.075,-51.608,-43.847,155.320
1,1194749,0.323,-0.435,-6.435,0.685,-0.110,-0.070,-50.965,-43.306,155.042
1,1194837,0.171,-0.800,-4.229,0.336,-0.104,-0.057,-50.877,-42.985,154.765
1,1194841,0.171,-0.800,-4.229,0.336,-0.104,-0.057,-50.702,-42.517,155.013
1,1194928,0.194,-1.027,-3.399,0.034,-0.083,-0.061,-51.111,-43.072,155.320
1,1194932,0.194,-1.027,-3.399,0.034,-0.083,-0.061,-51.111,-43.072,155.320
1,1195039,0.128,-0.651,-3.509,-0.206,-0.054,-0.065,-51.564,-43.131,155.203
1,1195181,-0.130,0.508,-8.693,-0.538,-0.053,-0.082,-51.827,-43.481,155.598
1,1195199,-0.133,0.267,-8.315,-0.549,-0.042,-0.073,-52.192,-43.686,156.358
1,1195288,0.336,1.047,-10.927,-0.078,-0.087,-0.054,-51.754,-44.695,156.080
1,1195291,0.336,1.047,-10.927,-0.078,-0.087,-0.054,-51.754,-44.695,156.080
1,1195295,0.336,1.047,-10.927,-0.078,-0.087,-0.054,-51.286,-44.446,156.942
1,1195318,0.455,1.515,-11.687,-0.060,-0.112,-0.059,-51.710,-44.534,156.767
1,1195322,0.455,1.515,-11.687,-0.060,-0.112,-0.059,-51.768,-44.446,156.592
1,1195325,0.455,1.515,-11.687,-0.060,-0.112,-0.059,-51.768,-44.446,156.592
1,1195348,0.489,1.305,-12.014,-0.038,-0.106,-0.031,-51.958,-44.797,156.592
1,1195378,0.296,1.037,-11.995,0.086,-0.131,-0.028,-51.564,-44.563,157.059
1,1195382,0.296,1.037,-11.995,0.086,-0.131,-0.028,-51.301,-44.578,156.972
1,1195468,0.167,0.931,-12.278,-0.172,-0.173,-0.018,-51.578,-44.651,157.205
1,1195472,0.167,0.931,-12.278,-0.172,-0.173,-0.018,-51.578,-44.651,157.205
1,1195476,0.212,0.866,-12.549,-0.191,-0.180,-0.016,-51.578,-44.651,157.205
1,1195498,0.312,0.586,-12.605,-0.134,-0.173,-0.006,-51.535,-45.089,157.644
1,1195708,-0.476,1.664,-16.527,0.580,-0.184,-0.007,-51.315,-45.981,158.872
1,1195710,-0.500,1.531,-16.421,0.643,-0.177,-0.001,-50.877,-45.265,158.959
1,1195714,-0.500,1.531,-16.421,0.643,-0.177,-0.001,-50.877,-45.265,158.959
1,1195738,-0.520,0.700,-16.636,0.704,-0.164,0.001,-51.345,-45.191,158.857
1,1195742,-0.520,0.700,-16.636,0.704,-0.164,0.001,-51.345,-45.191,158.857
1,1195745,-0.520,0.700,-16.636,0.704,-0.164,0.001,-51.345,-45.191,158.857
1,1195768,-0.541,0.459,-16.321,0.668,-0.143,-0.004,-51.008,-45.177,159.383
1,1195771,-0.541,0.459,-16.321,0.668,-0.143,-0.004,-51.008,-41.435,159.369
1,1195775,-0.541,0.459,-16.321,0.668,-0.143,-0.004,-50.570,-44.797,159.369
1,1195901,0.347,1.271,-12.925,0.010,-0.067,0.002,-51.184,-45.528,158.272
1,1195949,0.163,1.366,-12.404,0.009,-0.059,0.007,-51.125,-45.294,157.702
1,1195953,0.049,1.278,-12.348,0.009,-0.059,0.007,-51.125,-45.294,157.702
1,1196008,-0.121,1.167,-11.722,0.297,-0.048,0.009,-51.388,-45.484,157.615
1,1196068,0.112,1.385,-11.038,0.454,-0.049,0.001,-51.418,-45.089,156.942
1,1196098,0.159,0.968,-10.349,0.577,-0.038,0.005,-51.973,-44.870,157.366
1,1196189,0.086,0.150,-8.820,0.535,-0.022,-0.010,-51.666,-43.671,156.957
1,1196192,0.086,0.150,-8.820,0.535,-0.022,-0.010,-51.666,-43.671,156.957
1,1196218,-0.011,-0.053,-8.260,0.577,-0.031,-0.012,-51.476,-43.335,156.212
1,1196222,-0.011,-0.053,-8.260,0.577,-0.031,-0.012,-51.476,-43.335,156.212
1,1196226,-0.011,-0.080,-8.112,0.577,-0.031,-0.012,-51.856,-43.101,155.875
1,1196278,-0.020,-0.334,-7.226,0.480,-0.027,-0.016,-51.374,-43.277,155.612
1,1196308,0.081,-0.313,-6.261,0.362,-0.023,-0.016,-51.695,-42.897,155.495
1,1196312,0.081,-0.313,-6.261,0.362,-0.023,-0.016,-51.549,-42.414,154.662
1,1196338,0.086,-0.534,-5.797,0.259,-0.035,-0.011,-51.885,-43.028,154.619
1,1196342,0.086,-0.534,-5.797,0.259,-0.035,-0.011,-51.885,-43.028,154.619
1,1196346,0.116,-0.672,-5.865,0.283,-0.043,-0.006,-51.885,-43.028,154.619
1,1196368,0.134,-0.815,-5.977,0.431,-0.060,0.005,-51.622,-42.385,154.575
1,1196399,0.187,-0.731,-5.738,0.604,-0.065,0.021,-51.359,-42.400,154.692
1,1196402,0.230,-0.675,-5.535,0.604,-0.068,0.022,-51.359,-42.400,154.692
1,1196406,0.230,-0.675,-5.535,0.585,-0.068,0.022,-51.359,-42.400,154.692
1,1196458,0.243,-0.719,-5.131,0.200,-0.072,0.023,-51.856,-42.137,153.946
1,1196462,0.236,-0.791,-5.173,0.158,-0.075,0.023,-51.856,-42.137,153.946
1,1196465,0.236,-0.791,-5.173,0.158,-0.075,0.023,-51.856,-42.137,153.946
1,1196518,0.244,-0.910,-5.106,0.173,-0.084,0.038,-51.578,-41.888,153.347
1,1196548,0.297,-1.034,-5.040,0.213,-0.092,0.042,-51.929,-42.210,153.464
1,1196579,0.343,-1.102,-5.086,0.189,-0.100,0.044,-51.798,-42.049,153.537
1,1196583,0.343,-1.102,-5.086,0.189,-0.100,0.044,-51.505,-41.684,153.683
1,1196772,-0.114,-1.287,-4.117,-0.283,-0.106,0.028,-51.695,-42.488,154.209
1,1196848,0.116,0.130,-7.070,-0.303,-0.122,-0.001,-51.754,-42.561,155.159
1,1196877,0.270,0.485,-7.996,-0.671,-0.100,-0.011,-51.695,-43.028,154.794
1,1196909,0.112,-0.117,-7.862,-0.707,-0.095,-0.009,-52.265,-42.824,155.422
1,1196998,0.049,0.510,-12.486,0.125,-0.182,-0.010,-51.491,-43.613,155.992
1,1197029,0.092,0.341,-11.675,0.265,-0.149,-0.013,-52.046,-43.438,156.869
1,1197033,0.092,0.341,-11.675,0.265,-0.149,-0.013,-52.046,-43.438,156.869
1,1197036,0.092,0.341,-11.675,0.265,-0.149,-0.013,-51.228,-43.350,156.036
1,1197088,0.536,0.711,-13.432,-0.264,-0.150,-0.034,-51.564,-43.701,156.036
1,1197092,0.536,0.711,-13.432,-0.264,-0.150,-0.034,-51.564,-43.701,156.036
1,1197118,0.164,0.206,-12.526,-0.110,-0.140,-0.027,-51.944,-44.066,157.235
1,1197149,0.202,1.028,-13.046,-0.081,-0.175,-0.049,-51.783,-44.227,157.045
1,1197282,0.191,1.038,-11.882,-0.618,-0.133,-0.077,-51.169,-45.455,157.775
1,1197329,0.081,1.892,-11.989,-0.387,-0.166,-0.083,-50.716,-45.805,158.462
1,1197333,0.087,2.016,-12.309,-0.390,-0.170,-0.086,-50.716,-45.805,158.462
1,1197359,0.130,2.006,-13.102,-0.341,-0.176,-0.088,-50.336,-46.346,158.711
1,1197363,0.167,1.852,-13.559,-0.250,-0.180,-0.084,-50.336,-46.346,158.711
1,1197366,0.167,1.852,-13.559,-0.250,-0.180,-0.084,-50.570,-45.878,159.296
1,1197388,0.230,1.539,-14.308,0.082,-0.186,-0.077,-50.614,-45.966,158.872
1,1197479,-0.334,0.549,-15.710,0.836,-0.188,-0.075,-50.789,-44.899,159.471
1,1197483,-0.334,0.549,-15.710,0.836,-0.188,-0.075,-50.789,-44.899,159.471
1,1197486,-0.334,0.549,-15.710,0.836,-0.188,-0.075,-50.789,-44.899,159.471
1,1197508,-0.767,0.885,-15.157,0.569,-0.166,-0.088,-50.848,-44.505,159.179
1,1197569,-1.070,0.440,-14.061,-0.215,-0.106,-0.098,-50.453,-44.578,158.652
1,1197573,-1.070,0.440,-14.061,-0.215,-0.106,-0.098,-50.453,-44.578,159.193
1,1197599,-0.782,1.178,-13.223,-0.450,-0.078,-0.109,-50.716,-44.417,159.456
1,1197602,-0.782,1.178,-13.223,-0.450,-0.078,-0.109,-50.716,-44.417,159.456
1,1197606,-0.677,1.424,-12.986,-0.538,-0.067,-0.109,-50.716,-44.417,159.456
1,1197628,-0.548,1.549,-12.815,-0.633,-0.059,-0.109,-50.541,-44.680,159.383
1,1197659,-0.382,1.448,-13.059,-0.337,-0.059,-0.090,-50.453,-45.265,159.106
1,1197663,-0.382,1.448,-13.059,-0.337,-0.059,-0.090,-50.453,-45.265,159.106
1,1197666,-0.325,1.439,-13.062,-0.145,-0.057,-0.082,-50.453,-45.265,159.106
1,1197688,-0.323,1.591,-12.670,0.226,-0.044,-0.070,-50.541,-44.885,158.565
1,1197692,-0.323,1.591,-12.670,0.226,-0.044,-0.070,-50.541,-44.885,158.565
1,1197696,-0.352,1.711,-12.322,0.340,-0.037,-0.066,-50.278,-45.191,158.579
1,1197718,-0.296,1.988,-11.860,0.404,-0.038,-0.070,-50.102,-45.001,159.047
1,1197749,-0.136,2.009,-11.947,0.329,-0.034,-0.070,-50.512,-45.001,158.024
1,1197882,-0.233,0.956,-9.924,1.197,-0.027,-0.032,-51.198,-43.511,157.132
1,1197958,-0.100,-0.745,-7.302,0.745,-0.015,-0.039,-51.169,-42.488,156.022
1,1198048,0.066,-1.929,-4.873,0.324,-0.002,-0.035,-50.921,-41.757,154.911
1,1198052,0.066,-1.929,-4.873,0.324,-0.002,-0.035,-51.169,-41.406,154.692
1,1198056,0.129,-1.912,-4.861,0.302,-0.002,-0.035,-51.169,-41.406,154.692
1,1198078,0.193,-1.956,-4.856,0.257,0.002,-0.032,-51.315,-41.406,154.443
1,1198082,0.193,-1.956,-4.856,0.257,0.002,-0.032,-51.315,-41.406,154.443
1,1198085,0.249,-2.000,-4.824,0.242,0.007,-0.031,-51.315,-41.406,154.443
1,1198314,0.116,-1.208,-2.576,0.044,0.004,0.000,-51.842,-41.888,153.742
1,1198378,-0.041,-0.702,-1.289,-0.547,-0.015,-0.016,-51.871,-42.414,153.654
1,1198439,0.031,-0.209,-2.684,-0.125,-0.070,0.002,-52.017,-43.175,154.516
1,1198443,0.031,-0.209,-2.684,-0.125,-0.070,0.002,-52.017,-42.795,154.429
1,1198446,0.044,-0.223,-2.934,-0.125,-0.070,0.007,-51.885,-42.795,154.429
1,1198631,0.394,0.621,-10.926,0.130,-0.156,-0.010,-51.973,-43.394,155.408
1,1198708,0.151,0.333,-14.106,0.248,-0.191,-0.012,-52.178,-43.321,156.212
1,1198712,0.037,0.427,-14.029,0.208,-0.194,-0.018,-52.178,-43.555,156.533
1,1198944,0.373,1.394,-18.404,0.401,-0.221,-0.082,-51.374,-45.250,158.346
1,1198949,0.451,1.451,-18.725,0.478,-0.225,-0.082,-51.315,-45.191,158.389
1,1198979,0.427,0.741,-18.248,0.546,-0.184,-0.070,-51.871,-44.651,157.585
1,1199069,-0.301,1.548,-14.520,-0.108,-0.137,-0.120,-51.198,-44.402,158.536
1,1199073,-0.366,1.676,-14.157,-0.217,-0.131,-0.123,-51.198,-44.402,158.536
1,1199076,-0.366,1.676,-14.157,-0.217,-0.131,-0.123,-51.198,-44.402,158.536
1,1199098,-0.409,1.698,-13.555,-0.330,-0.122,-0.121,-51.520,-44.899,158.536
1,1199129,-0.371,1.322,-12.877,-0.128,-0.130,-0.114,-51.096,-45.089,158.053
1,1199132,-0.312,1.284,-12.720,0.015,-0.134,-0.110,-51.096,-45.089,158.053
1,1199136,-0.312,1.284,-12.720,0.015,-0.134,-0.110,-51.096,-45.089,158.053
1,1199158,-0.165,1.438,-12.569,0.315,-0.144,-0.103,-51.286,-45.367,157.629
1,1199189,-0.007,1.600,-12.093,0.573,-0.147,-0.098,-51.067,-45.162,157.483
1,1199193,0.035,1.600,-12.093,0.616,-0.140,-0.093,-50.804,-44.592,157.629
1,1199279,-0.246,0.863,-10.264,0.784,-0.117,-0.072,-51.038,-44.066,157.235
1,1199385,-0.266,-0.451,-8.554,0.502,-0.077,-0.060,-50.745,-43.043,156.139
1,1199399,-0.278,-0.623,-8.174,0.612,-0.071,-0.056,-50.760,-42.736,155.963
1,1199403,-0.278,-0.623,-8.174,0.612,-0.071,-0.056,-50.760,-42.736,155.963
1,1199665,0.311,-1.318,-3.064,0.194,-0.015,-0.020,-51.505,-41.435,155.320
1,1199759,0.105,-1.421,-2.529,0.269,0.007,-0.022,-51.812,-40.880,153.844
1,1199762,0.105,-1.421,-2.529,0.269,0.007,-0.022,-51.812,-40.880,153.844
1,1199819,-0.080,-1.730,-2.198,-0.395,0.023,-0.037,-51.505,-41.172,154.779
1,1199848,-0.071,-1.364,-3.047,-0.348,-0.009,-0.039,-51.958,-41.099,154.092
1,1199852,-0.071,-1.364,-3.047,-0.348,-0.009,-0.039,-51.929,-41.041,154.589
1,1199855,-0.097,-1.199,-3.544,-0.307,-0.016,-0.034,-51.929,-41.041,154.589
1,1199877,-0.092,-1.038,-4.746,-0.225,-0.035,-0.022,-51.958,-41.859,155.335
1,1200073,0.287,-0.317,-12.781,0.088,-0.144,0.032,-51.915,-42.678,155.466
1,1200088,0.221,-0.117,-12.316,0.126,-0.137,0.028,-52.090,-42.985,155.656
1,1200092,0.221,-0.117,-12.316,0.108,-0.131,0.023,-52.090,-42.985,155.656
1,1200096,0.221,-0.117,-12.316,0.108,-0.131,0.023,-52.090,-42.985,155.656
1,1200118,0.340,0.708,-13.168,-0.112,-0.151,-0.305,-52.148,-42.619,156.299
1,1200122,0.340,0.708,-13.168,-0.282,-0.156,-0.002,-51.652,-42.795,156.635
1,1200125,0.340,0.708,-13.168,-0.282,-0.156,-0.002,-51.652,-42.795,156.635
1,1200148,0.397,-0.056,-14.516,-0.546,-0.125,0.005,-51.622,-43.306,156.080
1,1200152,0.397,-0.056,-14.516,-0.546,-0.125,0.005,-51.622,-43.306,156.080
1,1200178,0.223,-0.824,-13.157,-0.127,-0.112,0.012,-52.178,-43.818,156.358
1,1200183,0.223,-0.824,-13.157,-0.127,-0.112,0.012,-51.973,-43.321,157.001
1,1200186,0.201,-0.616,-12.854,-0.127,-0.112,0.012,-51.973,-43.321,157.001
1,1200239,0.416,0.115,-14.134,0.031,-0.142,0.006,-51.739,-43.891,156.869
1,1200243,0.416,0.115,-14.134,0.031,-0.142,0.006,-51.739,-43.891,156.869
1,1200349,-0.063,0.096,-11.931,-0.615,-0.116,-0.043,-51.242,-44.285,157.220
1,1200418,0.195,1.149,-14.094,-0.225,-0.175,-0.040,-51.710,-45.265,157.878
1,1200422,0.288,1.073,-14.716,-0.148,-0.178,-0.043,-51.710,-45.265,157.878
1,1200426,0.288,1.073,-14.716,-0.148,-0.178,-0.043,-51.710,-45.265,157.878
1,1200448,0.420,1.127,-15.617,0.079,-0.173,-0.039,-51.666,-45.265,157.922
1,1200452,0.438,1.125,-15.740,0.183,-0.166,-0.035,-51.666,-45.265,157.922
1,1200456,0.438,1.125,-15.740,0.183,-0.166,-0.035,-51.111,-44.621,157.322
1,1200478,0.483,0.872,-15.771,0.336,-0.154,-0.031,-51.754,-44.855,157.951
1,1200482,0.480,0.629,-15.867,0.402,-0.161,-0.031,-51.754,-44.855,157.951
1,1200509,0.463,0.226,-16.489,0.528,-0.169,-0.031,-51.622,-44.212,158.667
1,1200512,0.447,0.132,-16.489,0.579,-0.166,-0.034,-51.622,-44.212,158.667
1,1200516,0.447,0.132,-16.489,0.579,-0.166,-0.034,-51.257,-43.935,158.682
1,1200641,-0.468,0.470,-12.105,0.006,-0.097,-0.046,-51.345,-44.768,157.132
1,1200718,-0.051,0.571,-10.198,0.404,-0.101,-0.011,-51.593,-44.753,157.425
1,1200809,0.452,0.351,-9.644,0.440,-0.077,-0.032,-51.462,-43.876,157.001
1,1200869,0.343,0.146,-10.030,0.550,-0.057,-0.045,-51.695,-43.496,157.395
1,1200899,0.116,-0.151,-9.431,0.485,-0.053,-0.053,-51.593,-42.999,155.905
1,1200903,0.080,-0.321,-9.358,0.473,-0.054,-0.055,-51.593,-42.999,155.905
1,1200906,0.080,-0.321,-9.358,0.473,-0.054,-0.055,-51.403,-43.043,156.314
1,1200958,-0.100,-1.019,-8.717,0.518,-0.046,-0.065,-51.505,-42.678,155.335
1,1200962,-0.089,-1.019,-8.717,0.502,-0.051,-0.070,-51.505,-42.678,155.335
1,1200989,-0.029,-1.034,-9.173,0.395,-0.064,-0.081,-51.272,-42.268,155.569
1,1201019,0.038,-1.096,-9.227,0.316,-0.048,-0.086,-51.301,-42.210,154.662
1,1201023,0.038,-1.096,-9.227,0.316,-0.048,-0.086,-51.301,-42.210,154.662
1,1201049,0.061,-0.989,-8.552,0.189,-0.037,-0.094,-51.359,-42.385,154.619
1,1201052,0.061,-0.989,-8.552,0.189,-0.037,-0.094,-51.359,-41.815,154.765
1,1201056,0.061,-0.989,-8.552,0.189,-0.037,-0.094,-51.272,-41.815,154.765
1,1201079,0.055,-0.883,-8.492,0.032,-0.049,-0.103,-51.447,-42.283,154.969
1,1201082,0.055,-0.883,-8.492,0.032,-0.049,-0.103,-51.447,-42.283,154.969
1,1201139,-0.041,-0.957,-8.956,0.303,-0.067,-0.086,-51.929,-42.575,154.341
1,1201142,-0.041,-0.957,-8.956,0.303,-0.067,-0.086,-51.929,-42.575,154.341
1,1201146,-0.060,-0.820,-8.838,0.348,-0.076,-0.087,-51.929,-42.575,154.341
1,1201168,-0.068,-0.580,-8.619,0.345,-0.081,-0.083,-52.105,-42.473,153.859
1,1201199,-0.100,-0.890,-8.187,0.283,-0.084,-0.071,-51.608,-42.137,153.975
1,1201203,-0.100,-0.890,-8.187,0.283,-0.084,-0.071,-51.462,-42.268,154.867
1,1201207,-0.086,-1.041,-7.957,0.291,-0.087,-0.068,-51.462,-42.268,154.867
1,1201228,-0.075,-1.028,-7.665,0.321,-0.097,-0.067,-51.111,-41.830,154.458
