1,700685,-0.890,9.940,0.473,0.236,-0.090,-0.044,51.856,-65.624,-43.584
1,700688,-0.890,9.940,0.473,0.236,-0.090,-0.044,51.812,-65.507,-43.291
1,700692,-0.890,9.940,0.473,0.236,-0.090,-0.044,51.812,-65.507,-43.291
1,700695,-0.871,9.919,0.440,0.247,-0.093,-0.044,51.812,-65.507,-43.291
1,700746,-0.918,9.813,0.305,0.264,-0.092,-0.049,51.856,-65.741,-42.824
1,700750,-0.918,9.813,0.305,0.264,-0.092,-0.049,51.900,-65.463,-42.093
1,700752,-0.927,9.809,0.288,0.271,-0.090,-0.048,51.900,-65.463,-42.093
1,700836,-0.867,9.973,-0.038,0.462,-0.079,-0.050,51.842,-65.887,-41.245
1,700896,-0.733,9.819,-0.371,0.431,-0.083,-0.055,52.032,-65.902,-40.310
1,700926,-0.654,9.856,-0.516,0.446,-0.079,-0.057,51.754,-65.566,-40.032
1,701016,-0.311,10.025,-0.916,0.183,-0.101,-0.068,51.944,-66.165,-38.804
1,701077,-0.074,10.018,-0.835,0.005,-0.116,-0.066,52.412,-66.048,-38.848
1,701106,-0.035,10.014,-0.767,-0.040,-0.119,-0.062,52.105,-66.019,-38.878
1,701269,-1.289,10.317,0.453,-0.496,-0.182,-0.017,52.207,-65.916,-42.093
1,701419,-2.012,9.319,0.413,0.022,-0.162,0.016,52.061,-65.931,-42.458
1,701497,-1.304,9.663,0.491,0.217,-0.156,-0.029,52.134,-65.551,-41.523
1,701500,-1.304,9.663,0.491,0.217,-0.156,-0.029,52.134,-65.551,-41.523
1,701503,-1.304,9.663,0.491,0.217,-0.156,-0.029,52.134,-65.551,-41.523
1,701555,-0.450,10.073,-0.337,0.569,-0.122,-0.034,52.207,-65.858,-40.778
1,701559,-0.450,10.073,-0.337,0.569,-0.122,-0.034,51.885,-65.507,-39.784
1,701563,-0.450,10.073,-0.337,0.569,-0.122,-0.034,51.885,-65.507,-39.784
1,701997,-0.975,6.449,-0.791,0.402,-0.084,0.049,51.856,-66.282,-39.959
1,702006,-0.967,6.656,-0.693,0.263,-0.097,0.048,51.695,-66.238,-39.535
1,702010,-0.967,6.656,-0.693,0.263,-0.097,0.048,51.988,-65.785,-39.915
1,702013,-0.951,6.646,-0.756,0.263,-0.097,0.048,51.988,-65.785,-39.915
1,702242,-0.238,9.928,0.022,-0.012,-0.134,-0.007,50.804,-65.463,-42.824
1,702247,-0.238,9.928,0.022,-0.012,-0.134,-0.007,50.745,-65.741,-42.824
1,702306,0.197,10.749,0.780,-0.158,-0.144,-0.017,50.818,-65.039,-42.590
1,702413,0.151,11.060,1.920,-0.577,-0.187,-0.023,50.102,-65.478,-44.768
1,702426,0.122,11.240,1.965,-0.336,-0.160,-0.021,49.795,-65.478,-45.528
1,702430,0.122,11.240,1.965,-0.336,-0.160,-0.021,49.795,-65.478,-45.528
1,702433,0.122,11.240,1.965,-0.336,-0.160,-0.021,49.795,-65.478,-45.528
1,702559,-0.836,12.564,1.067,-0.161,-0.136,-0.009,50.570,-64.996,-44.870
1,702884,-0.530,12.644,1.652,-0.134,-0.111,0.000,49.752,-64.893,-46.302
1,702936,-0.348,12.562,1.470,-0.110,-0.101,-0.010,49.620,-64.806,-47.194
1,702997,-0.099,12.339,1.845,-0.243,-0.101,-0.028,49.401,-65.215,-47.705
1,703057,-0.129,11.816,1.927,-0.148,-0.083,-0.037,49.649,-64.703,-48.436
1,703060,-0.071,11.842,1.889,-0.148,-0.076,-0.040,49.649,-64.703,-48.436
1,703117,-0.136,11.462,1.765,0.068,-0.046,-0.042,50.044,-64.864,-49.708
1,703120,-0.136,11.148,1.772,0.021,-0.051,-0.042,50.044,-64.864,-49.708
1,703124,-0.136,11.148,1.772,0.021,-0.051,-0.042,49.795,-64.543,-49.050
1,703146,-0.135,10.369,1.481,-0.077,-0.060,-0.045,49.825,-65.010,-49.313
1,703442,-0.081,4.414,0.510,0.227,-0.006,-0.108,51.155,-65.113,-48.465
1,703537,-0.365,8.928,0.689,0.197,-0.005,-0.147,51.637,-65.609,-48.787
1,703540,-0.457,9.762,0.744,0.270,0.001,-0.144,51.666,-64.879,-48.465
1,703596,-0.717,12.036,0.517,0.508,0.007,-0.119,51.842,-65.113,-48.042
1,703626,-0.645,11.391,0.310,0.389,-0.005,-0.095,52.017,-65.419,-47.866
1,703630,-0.625,10.976,0.355,0.238,-0.016,-0.094,52.017,-65.419,-47.866
1,703633,-0.625,10.976,0.355,0.238,-0.016,-0.094,52.017,-65.419,-47.866
1,703656,-0.610,10.062,0.787,-0.216,-0.059,-0.103,51.462,-65.376,-48.407
1,703686,-0.540,7.631,1.496,-0.931,-0.128,-0.100,51.812,-65.142,-49.211
1,703690,-0.540,7.631,1.496,-0.931,-0.128,-0.100,51.812,-65.142,-49.211
1,703694,-0.540,7.631,1.496,-0.931,-0.128,-0.100,51.812,-65.142,-49.211
1,703715,-0.452,6.435,1.524,-0.707,-0.114,-0.099,52.163,-65.273,-51.096
1,703746,-0.486,6.240,1.415,-0.147,-0.072,-0.090,52.090,-65.259,-51.578
1,703750,-0.486,6.240,1.415,-0.147,-0.072,-0.090,52.119,-64.864,-51.432
1,703752,-0.486,6.240,1.415,-0.147,-0.072,-0.090,52.119,-64.864,-51.432
1,703982,-0.765,8.597,1.523,0.051,-0.125,-0.023,52.119,-64.981,-51.082
1,703986,-0.765,8.597,1.523,0.051,-0.125,-0.023,52.119,-64.981,-51.082
1,703990,-0.689,8.645,1.576,0.028,-0.130,-0.016,52.119,-64.981,-51.082
1,703994,-0.689,8.645,1.576,0.028,-0.130,-0.016,52.397,-64.966,-50.804
1,704016,-0.671,8.911,1.658,0.065,-0.134,-0.001,52.119,-65.259,-50.029
1,704046,-0.743,9.795,2.016,0.336,-0.122,-0.007,51.491,-65.259,-50.906
1,704077,-0.938,11.271,1.993,0.560,-0.123,0.013,51.272,-65.405,-50.117
1,704166,-0.662,12.120,2.650,0.463,-0.176,0.060,50.950,-64.689,-49.152
1,704226,-0.467,12.443,2.051,0.154,-0.225,0.067,50.438,-64.879,-47.457
1,704230,-0.467,12.443,2.051,0.154,-0.225,0.067,50.438,-64.879,-47.457
1,704287,-0.292,13.202,1.877,0.370,-0.222,0.088,50.175,-65.127,-46.872
1,704552,-0.372,13.679,2.337,-0.075,-0.265,0.001,49.094,-64.733,-45.922
1,704556,-0.428,13.292,2.285,-0.075,-0.265,-0.007,49.167,-64.060,-46.039
1,704585,-0.316,12.587,2.151,0.015,-0.254,-0.021,49.269,-64.528,-46.039
1,704617,-0.291,12.196,1.878,0.281,-0.227,-0.033,49.605,-64.426,-45.703
1,704620,-0.291,12.196,1.878,0.281,-0.227,-0.033,49.605,-64.426,-45.703
1,704624,-0.291,12.196,1.878,0.281,-0.227,-0.033,49.605,-64.426,-45.703
1,704646,-0.158,11.937,1.602,0.160,-0.230,-0.056,49.795,-64.718,-45.674
1,704649,-0.158,11.937,1.602,0.160,-0.230,-0.056,49.795,-64.718,-45.674
1,704653,-0.158,11.937,1.602,0.160,-0.230,-0.056,49.927,-64.250,-45.323
1,704675,0.049,11.793,1.329,0.110,-0.226,-0.077,49.664,-64.966,-45.571
1,704737,0.075,11.749,0.646,0.467,-0.160,-0.083,50.175,-64.718,-44.505
1,704740,0.075,11.749,0.646,0.467,-0.160,-0.083,50.336,-63.958,-43.467
1,704744,0.073,11.714,0.615,0.381,-0.159,-0.087,50.336,-63.958,-43.467
1,704766,0.042,11.422,0.623,0.077,-0.167,-0.101,50.526,-64.835,-43.642
1,704769,0.042,11.422,0.623,0.077,-0.167,-0.101,50.526,-64.835,-43.642
1,704773,0.042,11.208,0.703,-0.051,-0.167,-0.106,50.526,-64.835,-43.642
1,704795,0.014,10.629,0.599,-0.134,-0.162,-0.108,50.365,-65.200,-43.920
1,704799,0.014,10.629,0.599,-0.134,-0.162,-0.108,50.365,-64.791,-43.730
1,704906,-0.059,7.838,0.026,0.059,-0.048,-0.109,50.848,-65.449,-43.847
1,704946,-0.041,6.958,0.172,0.257,0.002,-0.100,51.111,-65.595,-43.745
1,704950,-0.050,6.693,0.191,0.272,0.012,-0.100,51.315,-65.463,-43.759
1,704953,-0.050,6.693,0.191,0.272,0.012,-0.100,51.315,-65.463,-43.759
1,705005,-0.322,6.414,0.135,0.275,0.043,-0.115,51.798,-65.829,-42.985
1,705009,-0.354,6.347,0.135,0.301,0.053,-0.115,51.549,-65.536,-42.663
1,705116,-0.382,5.676,0.108,0.239,0.083,-0.111,51.637,-65.785,-42.429
1,705216,-0.781,8.776,-0.383,0.429,0.090,-0.120,52.134,-65.799,-40.938
1,705323,-0.662,11.273,-0.796,0.133,0.037,-0.072,52.134,-65.756,-40.018
1,705336,-0.648,10.985,-0.706,-0.038,0.022,-0.068,51.666,-65.770,-39.433
1,705340,-0.627,10.749,-0.530,-0.204,0.009,-0.065,51.578,-65.916,-39.433
1,705343,-0.627,10.749,-0.530,-0.204,0.009,-0.065,51.578,-65.916,-39.433
1,705366,-0.669,10.181,-0.067,-0.549,-0.029,-0.062,52.353,-65.975,-41.932
1,705575,-0.747,8.825,-0.201,0.369,-0.013,0.017,51.768,-66.282,-41.684
1,705606,-0.715,8.106,-0.206,-0.083,-0.055,0.009,51.812,-66.121,-41.377
1,705666,-0.368,6.389,-0.010,-0.309,-0.095,0.021,51.345,-65.726,-42.882
1,705726,-0.165,6.424,0.553,-0.166,-0.100,0.029,51.608,-65.639,-44.095
1,705730,-0.129,6.364,0.664,-0.166,-0.112,0.031,52.192,-64.923,-44.782
1,705734,-0.129,6.364,0.664,-0.195,-0.112,0.031,52.192,-64.923,-44.782
1,705961,-0.400,10.062,1.095,-0.043,-0.160,0.001,50.789,-64.981,-46.580
1,705997,-0.317,9.689,0.946,-0.203,-0.194,0.006,50.979,-65.273,-47.574
1,706000,-0.317,9.689,0.946,-0.203,-0.194,0.006,50.906,-64.791,-47.179
1,706003,-0.292,9.759,0.983,-0.203,-0.194,-0.010,50.906,-64.791,-47.179
1,706026,-0.333,10.308,1.216,-0.208,-0.189,-0.027,50.307,-65.259,-47.895
1,706030,-0.333,10.308,1.216,-0.208,-0.189,-0.027,50.307,-65.259,-47.895
1,706033,-0.340,10.616,1.350,-0.208,-0.189,-0.024,50.307,-65.259,-47.895
1,706056,-0.280,10.764,1.558,-0.176,-0.204,-0.011,50.365,-65.244,-47.764
1,706059,-0.280,10.764,1.558,-0.176,-0.204,-0.011,50.365,-65.244,-47.764
1,706146,-0.153,10.819,2.465,-0.088,-0.217,-0.029,50.073,-64.616,-49.035
1,706150,-0.190,10.875,2.386,-0.088,-0.217,-0.029,50.073,-64.616,-49.035
1,706154,-0.190,10.875,2.386,-0.005,-0.213,-0.024,50.073,-64.616,-49.035
1,706279,-0.461,11.636,1.734,0.177,-0.189,-0.043,50.146,-64.659,-48.129
1,706327,-0.559,12.625,2.434,0.060,-0.177,-0.082,49.649,-64.908,-48.027
1,706331,-0.559,12.625,2.434,0.038,-0.184,-0.082,50.029,-64.367,-47.398
1,706333,-0.559,12.625,2.434,0.038,-0.184,-0.082,50.029,-64.367,-47.398
1,706356,-0.675,13.271,2.314,0.017,-0.191,-0.076,49.708,-64.733,-48.071
1,706386,-0.788,13.965,2.067,0.181,-0.183,-0.089,49.927,-64.908,-47.471
1,706390,-0.788,13.965,2.067,0.181,-0.183,-0.089,49.927,-64.908,-47.501
1,706416,-0.847,15.066,2.288,0.249,-0.169,-0.104,50.102,-64.543,-46.799
1,706447,-0.775,15.160,2.457,0.103,-0.188,-0.087,50.336,-64.499,-46.478
1,706450,-0.775,15.160,2.457,0.103,-0.188,-0.087,50.336,-64.499,-46.478
1,706454,-0.770,14.937,2.510,0.103,-0.195,-0.088,50.658,-64.586,-46.711
1,706579,-0.876,13.159,2.583,-0.186,-0.219,-0.115,50.365,-64.966,-47.764
1,706700,-0.391,11.794,1.551,0.310,-0.145,-0.078,51.155,-64.937,-47.150
1,707127,-0.152,5.310,0.173,0.672,0.095,0.040,51.374,-65.712,-41.172
1,707166,-0.084,4.079,0.069,0.276,0.056,0.024,51.052,-65.288,-41.070
1,707226,-0.166,5.001,0.008,-0.367,0.001,-0.042,51.301,-65.712,-41.801
1,707316,-0.581,11.951,-0.645,0.691,0.083,-0.054,51.140,-65.288,-41.479
1,707375,-0.355,10.469,-0.727,0.167,0.045,-0.042,51.125,-65.390,-40.032
1,707379,-0.355,10.469,-0.727,0.167,0.045,-0.042,51.125,-65.390,-40.032
1,707383,-0.353,10.040,-0.483,0.001,0.027,-0.053,51.827,-65.566,-40.631
1,707407,-0.355,9.379,0.042,-0.338,0.000,-0.062,51.301,-65.419,-41.143
1,707466,-0.514,8.863,0.816,-0.643,-0.046,-0.084,51.169,-65.098,-42.853
1,707470,-0.514,9.169,0.821,-0.643,-0.046,-0.084,51.520,-65.054,-42.926
1,707660,-0.360,5.410,-0.053,-0.430,-0.078,-0.062,51.359,-65.156,-43.467
1,707676,-0.323,5.143,0.037,-0.509,-0.094,-0.075,51.535,-65.609,-43.408
1,707766,-0.310,6.240,0.470,-0.440,-0.108,-0.092,51.140,-65.054,-46.434
1,707796,-0.378,7.529,0.826,-0.451,-0.112,-0.095,51.403,-65.186,-47.603
1,708005,-0.585,11.040,1.816,-0.169,-0.165,-0.035,51.593,-64.923,-46.711
1,708037,-0.577,11.288,2.191,-0.242,-0.155,-0.057,51.038,-64.747,-48.465
1,708041,-0.628,11.358,2.349,-0.308,-0.160,-0.062,51.038,-64.747,-48.465
1,708096,-0.650,12.042,2.284,-0.035,-0.154,-0.043,50.731,-65.186,-48.816
1,708100,-0.650,12.042,2.284,0.111,-0.138,-0.043,50.731,-65.186,-48.816
1,708104,-0.650,12.042,2.284,0.111,-0.138,-0.043,50.731,-64.762,-48.743
1,708125,-0.663,12.765,1.780,0.352,-0.119,-0.037,50.541,-65.127,-48.334
1,708129,-0.663,12.765,1.780,0.419,-0.119,-0.037,51.169,-64.659,-48.085
1,708157,-0.651,13.143,1.603,0.387,-0.117,-0.028,50.716,-65.156,-47.837
1,708186,-0.720,13.627,2.040,0.230,-0.122,-0.038,50.994,-64.864,-47.910
1,708216,-0.883,13.932,2.188,0.105,-0.148,-0.027,50.409,-64.996,-47.881
1,708220,-0.883,13.932,2.188,0.105,-0.148,-0.027,50.409,-64.996,-47.881
1,708224,-0.951,14.037,2.099,0.105,-0.150,-0.029,50.409,-64.996,-47.881
1,708349,-1.180,14.693,2.918,-0.044,-0.145,-0.049,50.614,-64.645,-48.875
1,708367,-1.182,14.639,2.902,0.004,-0.143,-0.049,50.628,-64.703,-49.182
1,708426,-1.088,13.304,2.240,0.033,-0.142,-0.034,50.862,-64.557,-49.182
1,708430,-1.121,13.167,2.258,0.004,-0.140,-0.039,50.862,-64.557,-49.182
1,708434,-1.121,13.167,2.258,0.004,-0.140,-0.039,50.862,-64.557,-49.182
1,708456,-1.134,12.912,2.313,-0.049,-0.143,-0.040,50.702,-64.659,-49.635
1,708546,-0.627,11.471,1.979,-0.138,-0.123,-0.032,50.950,-64.499,-49.284
1,708577,-0.502,11.669,1.929,0.081,-0.094,-0.032,50.628,-64.733,-50.205
1,708607,-0.409,11.767,2.040,0.053,-0.087,-0.016,50.468,-64.718,-49.839
1,708610,-0.409,11.767,2.040,0.053,-0.087,-0.016,50.468,-64.718,-49.839
1,708614,-0.409,11.767,2.040,0.053,-0.087,-0.016,50.468,-64.718,-49.839
1,708739,-0.560,10.916,1.606,0.362,-0.027,0.035,51.038,-65.127,-49.123
1,708787,-0.688,10.325,1.297,0.624,0.007,0.043,51.111,-65.303,-48.246
1,708791,-0.688,10.325,1.222,0.624,0.007,0.043,51.462,-65.361,-46.726
1,708793,-0.656,10.203,1.222,0.694,0.016,0.046,51.462,-65.361,-46.726
1,708817,-0.646,9.854,1.022,0.745,0.024,0.059,51.184,-65.799,-46.565
1,708820,-0.617,9.549,0.897,0.745,0.024,0.061,51.184,-65.799,-46.565
1,708876,-0.391,7.720,0.389,0.254,-0.015,0.042,51.505,-65.244,-45.557
1,708983,-0.029,5.244,0.499,0.291,-0.026,0.029,51.198,-64.966,-45.396
1,708997,0.014,4.652,0.334,0.235,-0.026,0.017,50.775,-64.923,-44.782
1,709056,-0.122,4.205,0.313,0.070,-0.039,-0.027,50.672,-65.142,-44.344
1,709059,-0.122,4.205,0.313,0.070,-0.039,-0.027,50.628,-64.937,-44.446
1,709086,-0.256,5.151,0.248,0.111,-0.035,-0.059,50.482,-65.726,-45.279
1,709090,-0.256,5.151,0.248,0.111,-0.035,-0.059,50.482,-65.726,-45.279
1,709093,-0.256,5.758,0.203,0.111,-0.035,-0.059,50.482,-65.726,-45.279
1,709116,-0.433,7.049,0.102,0.314,-0.020,-0.084,50.058,-65.273,-46.185
1,709146,-0.522,9.404,-0.002,0.573,0.001,-0.092,50.526,-65.566,-43.832
1,709150,-0.522,9.404,-0.002,0.573,0.001,-0.092,50.526,-65.566,-43.832
1,709154,-0.514,9.942,-0.102,0.595,0.001,-0.093,50.526,-65.566,-43.832
1,709175,-0.477,10.921,-0.166,0.626,0.004,-0.093,50.775,-65.493,-43.905
1,709237,-0.195,10.801,-0.377,0.334,-0.027,-0.087,50.702,-65.229,-42.239
1,709296,-0.199,9.301,0.544,-0.536,-0.108,-0.114,51.038,-65.697,-43.671
1,709357,-0.328,9.602,0.723,-0.148,-0.086,-0.122,51.418,-65.390,-45.089
1,709360,-0.352,9.791,0.709,-0.010,-0.078,-0.120,51.418,-65.390,-45.089
1,709364,-0.352,9.791,0.709,-0.010,-0.078,-0.120,51.418,-65.390,-41.348
1,709386,-0.339,10.006,0.611,0.230,-0.060,-0.110,51.476,-65.522,-45.104
1,709416,-0.347,9.736,0.315,0.452,-0.043,-0.099,51.944,-65.785,-44.183
1,709420,-0.347,9.736,0.315,0.481,-0.039,-0.099,51.944,-65.785,-44.183
1,709423,-0.347,9.736,0.315,0.481,-0.039,-0.099,51.944,-65.785,-44.183
1,709476,-0.476,8.692,-0.366,0.409,-0.054,-0.089,51.856,-65.522,-42.809
1,709479,-0.476,8.692,-0.366,0.409,-0.054,-0.089,51.856,-65.522,-42.809
1,709506,-0.578,8.022,-0.340,-0.031,-0.088,-0.090,51.549,-65.726,-43.321
1,709510,-0.578,8.022,-0.340,-0.031,-0.088,-0.090,51.549,-65.726,-43.321
1,709537,-0.552,6.658,-0.098,-0.418,-0.122,-0.082,51.608,-65.609,-42.838
1,709541,-0.552,6.658,-0.098,-0.418,-0.122,-0.082,51.608,-65.609,-42.838
1,709543,-0.528,6.202,-0.049,-0.418,-0.122,-0.076,51.608,-65.609,-42.838
1,709596,-0.463,5.054,0.227,-0.205,-0.115,-0.068,51.520,-65.873,-45.133
1,709599,-0.463,5.054,0.227,-0.205,-0.115,-0.068,52.163,-65.405,-45.747
1,709603,-0.471,4.787,0.160,-0.236,-0.115,-0.066,52.163,-65.405,-45.747
1,709730,-0.435,7.790,0.223,0.258,-0.108,-0.033,52.163,-65.799,-46.463
1,709806,-0.370,9.031,0.683,0.257,-0.127,-0.018,52.382,-65.376,-46.215
1,709835,-0.480,9.620,0.408,0.213,-0.128,-0.027,51.768,-65.171,-46.434
1,709867,-0.640,11.173,0.975,-0.159,-0.160,-0.042,51.900,-65.244,-46.565
1,710000,-0.377,11.219,2.189,-0.257,-0.198,-0.024,51.125,-64.966,-49.430
1,710016,-0.383,11.837,1.881,0.073,-0.162,-0.029,50.658,-65.083,-48.831
1,710020,-0.383,11.837,1.881,0.073,-0.162,-0.029,50.658,-65.083,-48.831
1,710024,-0.424,12.133,1.755,0.138,-0.158,-0.032,50.658,-65.083,-48.831
1,710045,-0.451,12.676,1.530,0.038,-0.166,-0.024,51.008,-65.113,-49.430
1,710049,-0.451,12.676,1.530,0.038,-0.166,-0.024,51.008,-64.601,-48.992
1,710053,-0.424,12.803,1.568,-0.066,-0.173,-0.021,51.681,-64.601,-48.992
1,710076,-0.419,12.438,1.635,-0.170,-0.169,-0.024,51.169,-64.703,-49.196
1,710166,-1.234,12.564,3.417,-0.716,-0.220,-0.049,50.716,-64.557,-51.827
1,710256,-1.241,14.305,3.775,0.103,-0.187,-0.062,50.789,-64.543,-52.207
1,710286,-1.146,13.523,3.564,0.206,-0.166,-0.064,50.921,-64.923,-51.798
1,710376,-1.062,13.480,2.375,0.075,-0.170,-0.072,50.935,-64.908,-51.198
1,710436,-0.909,12.185,2.115,-0.178,-0.167,-0.055,51.564,-64.747,-50.614
1,710440,-0.909,12.185,2.115,-0.178,-0.167,-0.055,51.564,-64.747,-50.614
1,710444,-0.854,11.798,2.218,-0.286,-0.167,-0.059,51.637,-64.718,-51.169
1,710465,-0.827,11.122,2.276,-0.382,-0.166,-0.064,51.608,-64.966,-51.754
1,710497,-0.823,10.726,2.256,-0.101,-0.138,-0.059,51.184,-64.733,-52.061
1,710500,-0.823,10.726,2.256,-0.101,-0.138,-0.059,51.184,-64.733,-52.061
1,710556,-0.995,11.371,2.414,0.009,-0.112,-0.049,51.535,-64.513,-51.140
1,710586,-0.803,11.152,2.498,-0.227,-0.125,-0.049,51.549,-64.806,-51.622
1,710590,-0.785,11.189,2.542,-0.227,-0.116,-0.043,51.388,-64.236,-52.251
1,710697,-0.269,11.764,3.264,0.084,-0.075,0.029,51.652,-64.937,-51.798
1,710766,-0.805,11.356,2.546,0.511,-0.031,0.083,51.286,-64.981,-50.628
1,710770,-0.805,11.356,2.546,0.511,-0.031,0.083,51.286,-64.981,-50.628
1,710774,-0.805,11.356,2.546,0.511,-0.031,0.083,51.345,-65.010,-50.468
1,710856,-0.970,9.903,1.760,0.617,-0.012,0.110,51.388,-65.025,-48.641
1,710916,-0.934,8.314,1.253,0.342,-0.031,0.089,50.745,-65.069,-46.595
1,711080,0.167,3.376,0.524,-0.151,-0.082,0.009,50.409,-65.595,-44.183
1,711126,0.043,4.213,0.171,-0.016,-0.067,-0.029,50.219,-65.346,-44.651
1,711130,0.010,4.629,0.090,-0.020,-0.066,-0.043,50.219,-65.346,-44.651
1,711133,0.010,4.629,0.090,-0.020,-0.066,-0.043,50.219,-65.346,-44.651
1,711156,-0.020,5.754,0.036,0.084,-0.055,-0.059,50.190,-65.186,-44.928
1,711160,-0.018,6.451,0.081,0.170,-0.043,-0.061,50.190,-65.186,-44.928
1,711163,-0.018,6.451,0.081,0.170,-0.043,-0.061,50.190,-65.244,-44.753
1,711215,-0.068,10.432,-0.112,0.654,0.007,-0.081,50.512,-65.259,-43.496
1,711219,-0.068,10.432,-0.112,0.717,0.012,-0.079,50.512,-65.259,-43.496
1,711247,-0.022,11.375,-0.438,0.844,0.017,-0.067,50.687,-65.405,-43.467
1,711584,-0.562,9.352,-0.641,0.204,-0.062,-0.077,51.067,-65.551,-42.678
1,711606,-0.538,8.883,-0.672,0.050,-0.083,-0.075,50.745,-65.843,-42.268
1,711610,-0.491,8.512,-0.672,-0.045,-0.089,-0.071,50.745,-65.843,-42.268
1,711819,-0.919,6.292,1.414,-0.831,-0.171,-0.106,51.125,-65.390,-49.737
1,711950,-0.284,9.705,1.713,-0.222,-0.151,-0.042,50.658,-64.791,-50.190
1,711996,-0.544,11.014,1.363,0.106,-0.116,-0.033,50.935,-64.923,-50.000
1,712000,-0.652,11.340,1.440,0.023,-0.126,-0.027,50.935,-64.923,-50.000
1,712208,-0.824,12.859,3.373,0.335,-0.126,0.016,50.380,-64.279,-52.894
1,712266,-0.985,12.317,3.525,0.062,-0.166,-0.012,49.766,-64.426,-52.353
1,712327,-0.782,14.663,3.478,0.066,-0.166,-0.059,49.459,-63.987,-51.754
1,712386,-0.888,16.067,3.580,0.214,-0.134,-0.073,50.073,-64.353,-51.637
1,712725,-0.636,11.488,3.166,0.321,-0.087,-0.035,51.520,-64.279,-50.994
1,712747,-0.689,11.385,2.882,0.442,-0.076,-0.027,50.672,-64.952,-49.985
1,713042,0.055,4.293,0.642,0.479,-0.038,-0.006,51.272,-65.346,-43.803
1,713282,-0.513,11.482,-1.676,0.771,-0.024,-0.024,51.549,-65.756,-39.038
1,713376,-0.779,9.344,-0.132,-0.760,-0.155,-0.065,51.856,-65.595,-40.047
1,713816,-0.327,4.375,0.441,-0.679,-0.128,-0.029,51.929,-65.507,-45.893
1,713827,-0.342,5.318,0.376,-0.495,-0.117,-0.026,51.286,-65.346,-47.150
1,713831,-0.337,5.318,0.376,-0.321,-0.103,-0.022,51.286,-65.346,-47.150
1,713937,-0.093,8.229,0.852,-0.209,-0.106,-0.017,51.067,-65.756,-47.588
1,713976,-0.505,10.020,1.600,-0.220,-0.112,-0.013,50.862,-65.653,-47.311
1,714037,-0.492,11.061,1.624,-0.340,-0.123,-0.009,51.038,-65.259,-48.728
1,714095,0.044,11.629,2.669,-0.395,-0.145,0.013,50.628,-65.113,-50.044
1,714099,0.044,11.629,2.669,-0.395,-0.145,0.013,50.628,-65.113,-50.044
1,714103,0.066,11.635,2.759,-0.415,-0.142,0.006,50.205,-64.776,-50.628
1,714125,-0.006,12.342,3.069,-0.500,-0.148,-0.012,50.015,-64.791,-51.505
1,714129,-0.006,12.342,3.375,-0.500,-0.148,-0.012,50.015,-64.791,-51.505
1,714157,-0.118,12.827,3.437,-0.634,-0.159,-0.013,50.292,-64.689,-52.265
1,714160,-0.140,12.760,3.444,-0.503,-0.154,-0.009,50.292,-64.689,-52.265
1,714216,-0.632,13.560,4.045,-0.149,-0.095,-0.017,49.722,-64.396,-53.479
1,714306,-1.341,13.761,4.698,0.242,-0.110,-0.086,49.722,-63.709,-55.700
1,714336,-1.121,14.024,5.139,-0.051,-0.114,-0.098,49.547,-64.133,-55.072
1,714469,-0.420,15.007,4.397,0.425,-0.099,-0.093,50.044,-63.841,-53.698
1,714516,-0.345,12.922,3.750,0.199,-0.117,-0.086,50.687,-64.543,-52.558
1,714650,-0.639,10.335,2.445,0.386,-0.094,-0.065,51.082,-64.776,-52.251
1,714666,-0.617,10.272,2.329,0.384,-0.090,-0.060,50.921,-64.762,-51.812
1,714670,-0.552,10.160,2.292,0.406,-0.092,-0.055,50.921,-64.762,-51.812
1,714697,-0.528,10.257,2.085,0.496,-0.082,-0.045,50.745,-64.908,-51.768
1,714700,-0.540,10.339,2.069,0.519,-0.076,-0.042,50.745,-64.908,-50.438
1,714704,-0.540,10.339,2.069,0.519,-0.076,-0.042,51.578,-64.937,-50.438
1,714726,-0.687,10.810,1.923,0.509,-0.075,-0.023,51.257,-64.762,-50.336
1,714730,-0.687,10.810,1.923,0.469,-0.072,-0.023,51.257,-64.762,-50.336
1,714734,-0.687,10.810,1.923,0.469,-0.072,-0.023,51.257,-64.762,-50.336
1,714786,-0.452,11.220,1.893,0.338,-0.072,0.016,51.330,-65.010,-48.495
1,714790,-0.452,11.220,1.893,0.338,-0.072,0.016,51.008,-64.923,-48.495
1,714792,-0.452,11.220,1.893,0.338,-0.072,0.016,51.008,-64.923,-48.495
1,714816,-0.418,11.375,1.835,0.352,-0.061,0.032,51.184,-65.039,-48.261
1,714819,-0.418,11.375,1.835,0.352,-0.061,0.032,51.184,-65.039,-48.261
1,714845,-0.392,11.476,1.716,0.448,-0.050,0.049,51.578,-65.010,-47.852
1,714876,-0.438,11.402,1.531,0.512,-0.040,0.059,51.374,-65.156,-47.267
1,714880,-0.438,11.402,1.531,0.512,-0.040,0.059,51.374,-65.156,-47.267
1,714883,-0.480,11.302,1.484,0.497,-0.037,0.062,51.374,-65.156,-46.931
1,714906,-0.464,10.959,1.360,0.473,-0.037,0.066,51.242,-65.142,-46.741
1,714910,-0.464,10.959,1.360,0.473,-0.037,0.066,51.345,-64.820,-45.893
1,714936,-0.569,10.369,1.247,0.507,-0.035,0.064,51.228,-65.215,-46.156
1,714939,-0.569,10.369,1.247,0.507,-0.035,0.064,51.228,-65.215,-46.156
1,714943,-0.589,10.135,1.178,0.533,-0.034,0.062,51.228,-65.215,-46.156
1,714997,-0.680,8.660,0.652,0.503,-0.037,0.056,50.555,-65.346,-43.832
1,715000,-0.640,8.278,0.621,0.503,-0.037,0.056,50.555,-65.346,-43.832
1,715003,-0.640,8.278,0.621,0.447,-0.043,0.051,50.555,-65.346,-43.832
1,715128,-0.185,5.378,0.020,0.628,-0.016,-0.016,50.965,-65.069,-42.005
1,715146,-0.122,4.764,0.008,0.528,-0.028,-0.023,50.921,-65.229,-41.581
1,715150,-0.054,4.790,0.008,0.429,-0.032,-0.027,50.921,-65.229,-41.581
1,715176,0.032,3.961,-0.111,0.271,-0.053,-0.034,51.023,-65.463,-40.778
1,715207,0.018,3.972,-0.284,0.034,-0.061,-0.067,51.666,-64.791,-41.011
1,715209,0.018,3.972,-0.284,0.034,-0.061,-0.067,51.666,-64.791,-41.011
1,715237,-0.164,5.204,-0.263,0.004,-0.059,-0.089,51.169,-65.346,-41.245
1,715266,-0.355,7.224,-0.301,0.158,-0.046,-0.109,51.388,-65.317,-41.479
1,715373,-0.425,11.035,-1.055,0.750,0.009,-0.094,51.388,-65.390,-38.965
1,715490,-0.395,9.525,-0.130,0.081,-0.043,-0.108,51.666,-65.434,-39.944
1,715537,-0.413,9.951,-0.261,0.368,-0.031,-0.101,51.812,-65.215,-38.512
1,715540,-0.358,9.918,-0.323,0.387,-0.028,-0.099,51.812,-65.215,-38.512
1,715626,-0.537,10.292,-1.018,0.853,0.006,-0.081,51.958,-65.639,-35.735
1,715630,-0.537,10.292,-1.018,0.853,0.006,-0.081,51.958,-65.639,-35.735
1,715737,-0.778,9.911,-1.311,0.535,-0.021,-0.076,52.163,-65.288,-34.230
1,715747,-0.796,9.977,-1.393,0.571,-0.021,-0.075,52.455,-65.171,-34.478
1,715750,-0.796,9.977,-1.393,0.571,-0.021,-0.075,52.455,-65.171,-34.478
1,715879,-0.639,10.136,-1.717,0.191,-0.051,-0.071,52.002,-65.069,-33.017
1,715956,-0.593,9.807,-1.607,0.024,-0.066,-0.061,52.163,-65.522,-32.622
1,716016,-0.648,9.709,-1.619,0.066,-0.062,-0.050,52.324,-65.376,-33.046
1,716020,-0.625,9.630,-1.595,0.066,-0.062,-0.048,52.324,-65.376,-33.046
1,716024,-0.625,9.630,-1.595,0.066,-0.062,-0.048,52.090,-65.083,-32.841
1,716045,-0.623,9.456,-1.596,0.103,-0.056,-0.043,51.768,-65.273,-33.265
1,716077,-0.688,9.241,-1.606,0.149,-0.050,-0.032,52.192,-65.551,-32.812
1,716080,-0.688,9.241,-1.606,0.149,-0.050,-0.032,52.192,-65.551,-32.812
1,716106,-0.683,8.989,-1.704,0.087,-0.056,-0.023,52.178,-65.010,-32.593
1,716197,-0.560,7.741,-1.530,-0.214,-0.079,0.015,52.075,-64.908,-33.192
1,716226,-0.467,6.562,-0.913,-0.722,-0.127,0.031,51.900,-65.215,-34.624
1,716229,-0.467,6.562,-0.913,-0.722,-0.127,0.031,51.900,-65.215,-34.624
1,716233,-0.439,6.181,-0.672,-0.834,-0.136,0.035,52.587,-65.186,-34.624
1,716359,-0.909,5.176,0.441,-0.540,-0.149,0.061,51.286,-65.244,-40.573
1,716642,0.297,12.385,1.962,-0.648,-0.208,0.072,49.050,-64.513,-44.037
1,716646,0.305,12.395,2.231,-0.612,-0.199,0.071,49.182,-64.338,-44.081
1,716650,0.305,12.395,2.231,-0.612,-0.199,0.071,49.182,-64.338,-44.081
1,716654,0.322,12.373,2.333,-0.562,-0.208,0.070,49.182,-64.338,-44.081
1,716707,-0.019,12.474,1.773,0.159,-0.160,0.077,49.211,-64.250,-44.534
1,716710,-0.019,12.474,1.773,0.159,-0.160,0.077,48.553,-64.206,-44.446
1,716713,-0.081,12.703,1.814,0.363,-0.142,0.079,48.553,-64.206,-44.446
1,716736,-0.184,13.007,1.705,0.585,-0.104,0.073,48.392,-64.601,-44.315
1,716766,-0.340,12.800,1.461,0.310,-0.143,0.075,48.202,-64.309,-44.051
1,716929,-0.645,15.077,1.720,0.138,-0.167,-0.071,47.662,-63.973,-43.306
1,716947,-0.526,14.511,1.478,0.237,-0.153,-0.086,48.246,-64.279,-43.277
1,716950,-0.526,14.511,1.478,0.302,-0.153,-0.086,48.246,-64.279,-43.277
1,716976,-0.229,13.677,1.018,0.249,-0.177,-0.119,47.895,-64.367,-42.970
1,717139,0.284,11.411,0.839,-0.105,-0.148,-0.154,50.000,-64.543,-45.133
1,717186,0.013,11.980,0.759,0.054,-0.090,-0.120,50.000,-64.557,-44.621
1,717190,0.013,11.980,0.759,0.054,-0.090,-0.120,50.000,-64.557,-44.621
1,717194,-0.067,12.025,0.797,-0.009,-0.081,-0.110,50.000,-64.557,-44.621
1,717215,-0.215,11.922,1.201,-0.126,-0.075,-0.090,50.438,-64.630,-45.820
1,717247,-0.447,11.666,1.478,-0.026,-0.049,-0.064,50.234,-64.499,-46.083
1,717276,-0.653,11.505,1.546,0.318,-0.004,-0.038,49.971,-64.791,-46.141
1,717306,-0.851,11.508,1.373,0.662,0.038,-0.017,49.678,-64.879,-45.060
1,717310,-0.907,11.490,1.257,0.694,0.042,-0.012,50.044,-64.586,-45.396
1,717314,-0.907,11.490,1.257,0.694,0.042,-0.012,50.044,-64.586,-45.396
1,717335,-0.985,11.279,1.115,0.645,0.044,-0.011,50.278,-64.586,-44.358
1,717469,0.165,7.568,0.138,0.178,0.007,-0.057,50.497,-64.864,-42.034
1,717546,0.721,6.022,-0.213,0.624,0.035,-0.078,50.804,-65.332,-40.061
1,717606,0.702,4.489,-0.366,0.370,0.009,-0.097,50.263,-65.463,-39.228
1,717610,0.702,4.489,-0.366,0.370,0.009,-0.097,50.263,-65.463,-39.228
1,717614,0.678,4.429,-0.451,0.312,0.007,-0.100,50.702,-65.083,-39.258
1,717739,-0.589,9.521,-0.832,0.356,0.009,-0.139,51.418,-64.835,-40.324
1,717756,-0.663,10.282,-0.909,0.571,0.024,-0.137,51.418,-64.981,-39.477
1,717863,-0.948,10.473,-0.876,-0.217,-0.056,-0.083,51.301,-65.478,-37.065
1,717876,-1.065,9.511,-0.313,-0.701,-0.106,-0.078,51.184,-65.346,-37.548
1,717880,-1.065,9.511,-0.313,-0.701,-0.106,-0.078,51.184,-65.346,-37.548
1,717883,-1.065,9.511,-0.313,-0.701,-0.106,-0.078,51.710,-65.478,-38.088
1,717906,-1.212,8.627,0.211,-0.852,-0.128,-0.083,51.666,-65.361,-38.381
1,717936,-1.323,9.202,0.383,-0.604,-0.108,-0.095,51.681,-65.361,-39.053
1,717940,-1.323,9.202,0.383,-0.604,-0.108,-0.095,51.681,-65.361,-39.053
1,717944,-1.363,9.482,0.336,-0.604,-0.108,-0.095,51.681,-65.361,-39.053
1,717965,-1.244,10.093,0.385,-0.140,-0.073,-0.079,51.388,-65.566,-40.471
1,718026,-0.769,10.235,0.068,0.612,-0.017,-0.046,51.608,-65.434,-39.988
1,718030,-0.769,10.235,0.068,0.612,-0.017,-0.046,51.812,-64.791,-39.418
1,718034,-0.733,10.167,-0.010,0.643,-0.016,-0.044,51.812,-64.791,-39.418
1,718055,-0.706,10.027,-0.145,0.651,-0.024,-0.040,51.578,-65.317,-37.928
1,718086,-0.698,9.983,-0.437,0.590,-0.040,-0.038,51.929,-65.536,-37.591
1,718116,-0.745,10.158,-0.592,0.261,-0.073,-0.042,51.535,-65.361,-37.182
1,718120,-0.745,10.158,-0.613,0.261,-0.073,-0.042,51.535,-65.361,-37.182
1,718146,-0.780,10.250,-0.534,-0.149,-0.116,-0.044,51.973,-65.390,-37.138
1,718150,-0.790,10.238,-0.492,-0.217,-0.125,-0.042,51.973,-65.390,-37.138
1,718154,-0.790,10.238,-0.492,-0.217,-0.125,-0.042,52.222,-65.405,-37.781
1,718175,-0.765,10.125,-0.444,-0.233,-0.130,-0.034,51.578,-65.478,-38.030
1,718179,-0.733,10.016,-0.452,-0.171,-0.127,-0.032,51.272,-65.668,-37.854
1,718183,-0.733,10.016,-0.452,-0.171,-0.127,-0.032,51.272,-65.668,-37.854
1,718206,-0.743,9.924,-0.462,0.017,-0.116,-0.024,51.915,-65.434,-38.556
1,718237,-0.720,10.094,-0.526,0.259,-0.099,-0.016,51.637,-65.683,-38.293
1,718240,-0.700,10.138,-0.541,0.279,-0.097,-0.015,51.783,-65.580,-37.606
1,718244,-0.700,10.138,-0.541,0.279,-0.097,-0.015,51.783,-65.580,-37.606
1,718295,-0.656,9.799,-0.675,0.237,-0.114,0.005,51.827,-65.288,-37.518
1,718299,-0.656,9.799,-0.675,0.242,-0.115,0.005,51.944,-64.426,-37.738
1,718303,-0.656,9.799,-0.675,0.242,-0.115,0.005,51.944,-64.426,-37.738
1,718386,-0.626,9.377,-1.145,0.246,-0.131,0.016,51.622,-64.762,-36.057
1,718390,-0.626,9.377,-1.145,0.246,-0.131,0.016,51.622,-64.762,-36.057
1,718393,-0.607,9.265,-1.214,0.246,-0.131,0.016,51.622,-64.762,-36.057
1,718416,-0.566,8.887,-1.372,0.351,-0.120,0.020,51.418,-64.981,-36.188
1,718447,-0.598,8.522,-1.496,0.478,-0.108,0.018,51.681,-65.536,-35.984
1,718506,-0.518,7.096,-1.436,0.199,-0.127,0.024,51.491,-65.361,-34.654
1,718510,-0.518,7.096,-1.436,0.199,-0.127,0.024,51.520,-64.908,-34.624
1,718513,-0.510,6.711,-1.389,0.125,-0.133,0.026,51.520,-64.908,-34.624
1,718536,-0.310,5.846,-1.131,-0.055,-0.144,0.028,51.374,-65.039,-34.844
1,718540,-0.310,5.846,-1.131,-0.055,-0.144,0.028,51.374,-65.039,-34.844
1,718542,-0.266,5.525,-0.920,-0.164,-0.151,0.028,51.374,-65.039,-34.844
1,718566,-0.177,5.167,-0.556,-0.425,-0.171,0.016,51.023,-65.025,-35.326
1,718569,-0.177,5.183,-0.312,-0.425,-0.171,0.016,51.520,-64.382,-36.144
1,718596,-0.230,5.291,-0.016,-0.841,-0.210,-0.007,50.921,-64.733,-37.124
1,718600,-0.287,5.341,0.002,-0.853,-0.213,-0.010,50.921,-64.733,-37.124
1,718604,-0.287,5.341,0.002,-0.853,-0.213,-0.010,50.921,-64.733,-37.124
1,718625,-0.317,5.121,-0.167,-0.825,-0.231,0.010,50.687,-64.966,-39.097
1,718790,-0.111,9.994,-0.292,0.580,-0.115,0.013,50.380,-64.806,-40.851
1,718836,-0.215,11.030,-0.187,0.281,-0.147,0.018,50.438,-64.908,-39.228
1,718840,-0.215,11.030,-0.187,0.281,-0.147,0.018,50.570,-64.250,-39.111
1,718843,-0.285,11.225,-0.126,0.092,-0.156,0.010,50.570,-64.250,-39.111
1,718896,-0.692,11.086,-0.056,-0.133,-0.197,0.038,50.248,-64.411,-39.930
1,718926,-0.853,11.642,-0.085,-0.276,-0.197,0.002,49.474,-64.747,-40.266
1,718930,-0.853,11.642,-0.085,-0.276,-0.197,0.002,49.474,-64.747,-40.266
1,718934,-0.858,12.207,0.122,-0.373,-0.197,-0.010,49.474,-64.747,-40.266
1,718956,-0.657,12.692,0.313,-0.667,-0.228,-0.009,49.547,-64.528,-40.997
1,718959,-0.657,12.692,0.313,-0.667,-0.228,-0.009,49.547,-64.528,-40.997
1,718963,-0.584,12.723,0.483,-0.700,-0.235,-0.002,49.737,-64.192,-41.698
1,718986,-0.371,12.561,0.757,-0.538,-0.217,0.009,49.152,-64.557,-42.312
1,718990,-0.371,12.561,0.876,-0.538,-0.217,0.009,49.152,-64.557,-42.312
1,718993,-0.249,12.504,0.876,-0.379,-0.193,0.009,49.152,-64.557,-42.312
1,719016,-0.083,12.785,1.060,-0.120,-0.169,-0.002,49.357,-64.294,-42.838
1,719046,0.006,13.298,1.231,-0.140,-0.173,-0.007,48.889,-64.206,-43.291
1,719050,-0.030,13.262,1.084,-0.203,-0.177,-0.009,48.889,-64.206,-43.291
1,719157,-1.271,15.692,1.211,0.202,-0.115,-0.046,49.050,-64.630,-43.788
1,719166,-1.411,15.879,1.345,0.017,-0.126,-0.057,49.050,-64.630,-43.788
1,719197,-1.567,15.936,1.644,-0.065,-0.139,-0.070,49.094,-64.279,-43.408
1,719200,-1.567,15.936,1.644,-0.065,-0.139,-0.070,49.094,-64.279,-43.408
1,719204,-1.567,15.936,1.644,-0.065,-0.139,-0.070,49.094,-64.279,-43.408
1,719492,-0.042,12.619,2.064,-0.345,-0.072,-0.053,50.278,-64.703,-49.518
1,719527,-0.039,12.345,3.111,-0.282,-0.045,-0.009,50.526,-64.353,-50.979
1,719530,-0.146,12.127,3.316,-0.191,-0.039,0.009,50.526,-64.353,-50.979
1,719534,-0.146,12.127,3.316,-0.191,-0.039,0.009,50.526,-64.353,-50.979
1,719556,-0.288,11.754,3.549,0.116,-0.010,0.032,50.482,-64.294,-50.322
1,719560,-0.421,11.648,3.454,0.316,0.012,0.043,50.994,-64.221,-50.336
1,719564,-0.421,11.648,3.454,0.316,0.012,0.043,50.994,-64.221,-50.336
1,719585,-0.712,11.867,3.300,0.698,0.051,0.061,50.482,-64.367,-49.576
1,720057,-0.487,9.836,-1.202,0.351,-0.023,-0.144,50.000,-65.069,-37.314
1,720067,-0.494,10.490,-1.432,0.414,-0.021,-0.153,49.386,-64.908,-37.372
1,720070,-0.494,10.490,-1.432,0.414,-0.021,-0.153,49.386,-64.908,-37.372
1,720156,-0.619,11.265,-2.221,0.054,-0.046,-0.149,50.015,-65.156,-33.894
1,720160,-0.619,11.265,-2.221,0.054,-0.046,-0.149,50.044,-64.279,-34.098
1,720216,-0.480,8.467,0.134,-1.464,-0.180,-0.165,50.219,-64.718,-38.278
1,720452,-0.824,10.624,-0.280,0.042,-0.111,-0.037,50.818,-65.726,-37.533
1,720457,-0.824,10.624,-0.206,0.042,-0.111,-0.037,50.614,-65.244,-37.621
1,720460,-0.820,10.520,-0.206,-0.123,-0.125,-0.032,50.614,-65.244,-37.621
1,720463,-0.820,10.520,-0.206,-0.123,-0.125,-0.032,50.614,-65.244,-37.621
1,720486,-0.790,10.154,0.183,-0.352,-0.150,-0.023,50.877,-64.981,-38.892
1,720546,-0.597,9.887,0.291,0.308,-0.116,-0.001,50.716,-65.478,-38.454
1,720679,-0.481,10.000,-0.753,0.387,-0.142,0.012,50.935,-64.908,-36.305
1,720696,-0.455,10.156,-0.808,0.250,-0.159,0.009,50.877,-65.303,-35.735
1,720701,-0.455,10.156,-0.808,0.250,-0.159,0.009,50.789,-65.069,-36.291
1,720704,-0.395,10.192,-0.800,0.159,-0.161,0.007,50.789,-65.069,-36.291
1,720725,-0.421,10.140,-0.794,0.007,-0.186,0.007,50.745,-65.566,-36.641
1,720729,-0.421,10.140,-0.794,0.007,-0.186,0.007,50.745,-65.566,-36.641
1,720756,-0.358,9.929,-0.674,0.000,-0.186,0.012,50.862,-65.259,-36.144
1,720760,-0.330,9.934,-0.719,0.000,-0.186,0.012,50.687,-64.455,-35.531
1,720817,-0.264,9.796,-0.680,0.171,-0.178,0.015,50.351,-65.405,-35.384
1,720846,-0.290,9.478,-0.768,0.213,-0.176,0.015,50.570,-65.113,-35.238
1,720876,-0.340,9.415,-0.921,0.347,-0.164,0.013,50.892,-65.142,-35.633
1,720907,-0.416,9.243,-1.121,0.373,-0.162,0.012,50.292,-64.879,-34.581
1,720911,-0.463,9.243,-1.121,0.368,-0.161,0.011,50.292,-64.879,-34.581
1,720914,-0.463,9.243,-1.121,0.368,-0.161,0.011,50.292,-64.879,-34.581
1,720936,-0.885,9.025,-1.280,0.346,-0.156,0.009,50.731,-65.127,-34.069
1,720966,-0.709,8.723,-1.317,0.171,-0.170,-0.002,50.658,-65.083,-34.201
1,720970,-0.709,8.723,-1.317,0.171,-0.170,-0.002,50.526,-64.718,-33.879
1,720974,-0.709,8.723,-1.317,0.171,-0.170,-0.002,50.526,-64.718,-33.879
1,720996,-0.670,8.357,-1.275,0.100,-0.175,-0.006,50.687,-64.733,-34.186
1,721000,-0.670,8.357,-1.275,0.100,-0.175,-0.006,50.687,-64.733,-34.186
1,721056,-0.294,7.023,-0.875,0.031,-0.169,-0.004,50.658,-64.718,-34.771
1,721086,-0.123,6.422,-0.619,-0.324,-0.198,-0.007,50.365,-65.083,-33.733
1,721146,-0.323,6.337,-0.123,-0.530,-0.217,-0.031,50.512,-65.054,-36.115
1,721207,-0.391,6.048,-0.556,-0.171,-0.192,-0.020,50.570,-64.733,-36.378
1,721210,-0.386,6.352,-0.404,-0.171,-0.193,-0.031,50.570,-64.733,-36.378
1,721213,-0.386,6.352,-0.404,-0.244,-0.193,-0.031,50.760,-64.879,-36.627
1,721236,-0.438,7.412,-0.280,-0.411,-0.211,-0.048,50.789,-64.806,-37.708
1,721266,-0.328,8.504,-0.452,-0.299,-0.216,-0.031,50.292,-64.791,-38.410
1,721374,0.238,10.433,-0.443,-0.541,-0.219,0.001,50.146,-64.528,-39.345
1,721386,0.152,10.037,-0.084,-0.599,-0.231,0.004,49.927,-64.484,-39.901
1,721390,0.152,10.037,-0.084,-0.599,-0.231,0.004,49.927,-64.484,-39.901
1,721394,0.152,10.037,-0.084,-0.599,-0.231,0.004,49.927,-64.484,-39.901
1,721416,-0.139,10.148,0.367,-0.462,-0.210,-0.005,50.161,-64.630,-41.041
1,721446,-0.385,10.591,0.842,-0.360,-0.200,-0.007,49.635,-64.513,-40.704
1,721450,-0.385,10.591,0.842,-0.360,-0.200,-0.007,49.635,-64.513,-40.704
1,721453,-0.385,10.591,0.842,-0.360,-0.200,-0.007,49.635,-64.513,-40.704
1,721476,-0.313,10.522,1.091,-0.301,-0.195,-0.007,49.532,-64.543,-42.078
1,721506,-0.112,10.530,0.998,-0.070,-0.169,-0.013,49.883,-64.250,-41.888
1,721510,-0.112,10.530,0.998,-0.070,-0.169,-0.013,49.883,-64.250,-41.888
1,721514,-0.067,10.640,0.969,0.024,-0.158,-0.013,49.883,-64.250,-41.888
1,721536,0.096,10.966,0.793,0.162,-0.140,-0.016,49.927,-64.221,-42.298
1,721596,0.386,12.421,0.696,0.128,-0.117,-0.026,49.182,-64.572,-42.195
1,721600,0.386,12.421,0.696,0.128,-0.117,-0.026,49.182,-64.572,-42.195
1,721686,-0.298,12.031,0.256,0.106,-0.088,-0.026,49.152,-64.206,-41.786
1,721690,-0.397,11.952,0.156,0.046,-0.082,-0.037,49.445,-63.797,-42.224
1,721776,-1.013,13.116,0.526,-0.351,-0.055,-0.106,49.050,-64.484,-43.365
1,721780,-1.104,13.347,0.590,-0.359,-0.044,-0.114,49.050,-64.484,-43.365
1,721783,-1.104,13.347,0.590,-0.359,-0.044,-0.114,49.050,-64.484,-43.365
1,721835,-0.909,14.873,1.653,-0.342,-0.015,-0.134,49.401,-64.455,-45.045
1,721839,-0.909,14.873,1.653,-0.315,-0.006,-0.134,49.488,-64.455,-45.045
1,721926,-0.634,14.099,2.454,-0.200,0.007,-0.114,49.547,-63.943,-47.106
1,721986,-0.768,12.732,2.236,-0.045,0.026,-0.082,49.576,-63.899,-47.647
1,722077,-0.779,12.293,2.296,0.142,0.034,0.011,49.956,-64.294,-48.071
1,722107,-0.492,11.907,2.431,0.105,0.032,0.057,49.985,-64.148,-47.793
1,722110,-0.455,11.847,2.511,0.071,0.026,0.065,49.985,-64.148,-47.793
1,722114,-0.455,11.847,2.511,0.071,0.026,0.065,49.985,-64.148,-47.793
1,722166,-0.255,12.068,2.929,0.217,0.027,0.121,50.351,-64.616,-48.305
1,722197,-0.118,11.664,2.680,0.424,0.021,0.161,49.722,-64.411,-48.012
1,722200,-0.057,11.458,2.600,0.442,0.018,0.165,49.722,-64.411,-48.012
1,722287,-0.226,10.619,0.877,0.968,0.035,0.138,48.758,-64.469,-44.709
1,722291,-0.226,10.619,0.877,0.968,0.035,0.138,49.225,-64.046,-43.978
1,722293,-0.226,10.619,0.877,0.968,0.035,0.138,49.225,-64.046,-43.978
1,722375,-0.105,8.800,-0.251,0.677,0.016,0.031,49.123,-65.259,-40.997
1,722379,-0.105,8.800,-0.251,0.677,0.016,0.031,49.123,-65.259,-40.997
1,722407,-0.093,8.014,-0.024,0.415,-0.006,-0.013,48.948,-65.376,-40.865
1,722411,-0.093,8.014,-0.024,0.415,-0.006,-0.013,48.948,-65.376,-40.865
1,722414,-0.068,7.615,-0.016,0.314,-0.023,-0.024,49.196,-65.200,-40.310
1,722436,-0.036,6.867,0.104,0.226,-0.035,-0.050,48.845,-65.069,-40.076
1,722497,0.316,4.807,0.124,0.342,-0.040,-0.114,49.211,-65.113,-39.111
1,722500,0.316,4.569,0.151,0.342,-0.040,-0.114,49.211,-65.113,-39.111
1,722504,0.322,4.569,0.151,0.348,-0.040,-0.125,49.211,-65.113,-39.111
1,722629,-0.231,5.164,-0.435,0.330,-0.055,-0.219,50.058,-65.039,-38.001
1,722676,-0.471,9.184,-1.073,0.782,-0.018,-0.233,50.073,-65.229,-37.241
1,722680,-0.495,9.184,-1.073,0.926,-0.010,-0.227,50.073,-65.229,-36.247
1,722684,-0.495,9.184,-1.073,0.926,-0.010,-0.227,50.380,-64.820,-36.247
1,722706,-0.552,11.087,-1.923,1.216,0.012,-0.219,50.365,-65.083,-34.624
1,722709,-0.558,11.087,-1.923,1.344,0.022,-0.217,50.365,-65.083,-34.624
1,722736,-0.446,12.043,-2.773,1.493,0.022,-0.203,50.482,-64.937,-33.484
1,722740,-0.446,12.043,-2.773,1.493,0.022,-0.203,50.482,-64.937,-33.484
1,722743,-0.446,12.043,-2.773,1.493,0.022,-0.203,50.950,-64.966,-32.213
1,722765,-0.374,11.632,-3.293,1.087,-0.011,-0.187,51.052,-65.113,-31.424
1,722796,-0.388,10.550,-2.869,0.066,-0.098,-0.193,50.906,-64.820,-31.497
1,722800,-0.388,10.550,-2.869,0.066,-0.098,-0.193,50.906,-64.820,-31.497
1,722804,-0.403,10.059,-2.614,0.066,-0.098,-0.193,51.213,-65.127,-31.643
1,722827,-0.481,9.501,-1.996,-0.866,-0.184,-0.215,51.388,-65.273,-31.672
1,722831,-0.481,9.501,-1.996,-0.866,-0.184,-0.215,51.067,-64.689,-32.344
1,722833,-0.531,9.255,-1.723,-1.027,-0.205,-0.216,51.067,-64.689,-32.344
1,722856,-0.603,8.995,-1.250,-1.133,-0.209,-0.214,51.783,-65.507,-33.981
1,722916,-0.628,9.665,-0.482,-0.556,-0.161,-0.209,52.587,-65.098,-37.387
1,722920,-0.628,9.665,-0.482,-0.556,-0.161,-0.209,52.587,-65.098,-37.387
1,723027,-0.743,10.211,-0.634,0.481,-0.071,-0.145,52.923,-65.551,-35.589
1,723037,-0.747,10.270,-0.662,0.442,-0.075,-0.143,53.172,-65.609,-35.414
1,723096,-1.123,10.504,-0.613,0.028,-0.110,-0.111,53.069,-65.493,-35.238
1,723100,-1.184,10.499,-0.566,0.013,-0.110,-0.104,53.069,-65.493,-35.238
1,723104,-1.184,10.499,-0.566,0.013,-0.110,-0.104,53.069,-65.493,-35.238
1,723157,-1.259,10.241,-0.741,0.271,-0.095,-0.055,53.362,-65.712,-35.048
1,723216,-1.174,10.089,-0.980,0.406,-0.087,-0.022,53.698,-65.580,-34.244
1,723220,-1.174,10.089,-0.980,0.406,-0.087,-0.022,53.347,-65.025,-34.317
1,723224,-1.174,10.089,-0.980,0.406,-0.087,-0.022,53.347,-65.025,-34.317
1,723511,-0.855,9.740,-1.588,0.293,-0.100,0.061,52.894,-65.186,-31.906
1,723516,-0.855,9.740,-1.588,0.293,-0.100,0.061,52.909,-65.200,-31.862
1,723520,-0.836,9.765,-1.643,0.307,-0.097,0.061,52.909,-65.200,-31.862
1,723524,-0.836,9.765,-1.643,0.307,-0.097,0.061,52.909,-65.200,-31.862
1,723545,-0.796,9.886,-1.707,0.324,-0.098,0.062,52.821,-65.317,-31.292
1,723653,-0.662,9.745,-1.917,0.164,-0.110,0.055,52.251,-65.215,-30.342
1,723727,-0.644,9.668,-1.956,0.164,-0.114,0.040,52.207,-64.981,-31.000
1,723730,-0.644,9.668,-1.956,0.164,-0.114,0.040,52.207,-64.981,-31.000
