1,1028371,0.296,-3.974,-5.916,-0.089,0.012,-0.011,-51.462,-35.355,145.761
1,1028375,0.296,-3.974,-5.916,-0.089,0.012,-0.011,-51.462,-35.355,145.761
1,1028378,0.148,-4.178,-6.041,-0.232,0.021,-0.007,-51.462,-35.355,145.761
1,1028690,-0.056,-2.124,-9.011,-0.249,-0.082,-0.062,-51.885,-38.351,151.082
1,1028938,0.150,-1.869,-9.649,0.765,-0.108,-0.089,-51.871,-39.754,152.178
1,1029002,0.098,-1.868,-9.769,0.382,-0.094,-0.100,-51.754,-39.258,152.412
1,1029005,0.121,-1.836,-9.840,0.279,-0.086,-0.103,-51.535,-38.804,152.265
1,1029009,0.121,-1.836,-9.840,0.279,-0.086,-0.103,-51.535,-38.804,152.265
1,1029237,0.456,0.395,-9.636,-2.241,0.068,-0.126,-52.499,-44.943,153.069
1,1029272,0.798,1.205,-9.072,-1.589,0.045,-0.117,-52.441,-46.989,152.572
1,1029378,1.420,1.630,-8.785,0.618,-0.115,-0.077,-52.982,-47.998,152.616
1,1029597,1.661,0.924,-9.595,0.213,-0.160,-0.068,-52.134,-46.273,153.888
1,1029602,1.635,1.054,-9.608,0.264,-0.160,-0.070,-52.134,-46.273,153.888
1,1029662,1.303,1.178,-9.793,0.140,-0.145,-0.070,-52.324,-45.791,153.771
1,1029795,0.854,1.793,-9.760,0.112,-0.136,-0.077,-52.148,-45.922,154.151
1,1029812,0.727,1.889,-9.929,0.039,-0.128,-0.077,-52.192,-46.361,154.648
1,1029841,0.572,1.717,-10.062,-0.029,-0.123,-0.078,-52.397,-46.375,154.545
1,1029872,0.491,1.318,-9.690,0.112,-0.119,-0.072,-52.295,-46.390,153.902
1,1029875,0.441,1.302,-9.581,0.195,-0.122,-0.070,-51.827,-46.112,154.779
1,1029879,0.441,1.302,-9.581,0.195,-0.122,-0.070,-51.827,-46.112,154.779
1,1029962,0.020,1.095,-9.214,-0.137,-0.106,-0.079,-51.681,-46.609,154.619
1,1030171,-0.318,1.600,-9.960,0.105,-0.114,-0.073,-51.885,-46.405,154.648
1,1030262,0.197,1.620,-8.814,-0.031,-0.083,-0.084,-52.061,-46.828,154.677
1,1030266,0.238,1.676,-8.959,-0.028,-0.086,-0.083,-52.061,-46.828,154.677
1,1030270,0.238,1.676,-8.959,-0.028,-0.086,-0.083,-51.812,-46.755,154.925
1,1030352,0.595,1.566,-10.518,0.582,-0.100,-0.053,-51.900,-46.507,154.107
1,1030356,0.595,1.566,-10.475,0.556,-0.093,-0.051,-52.002,-45.820,154.896
1,1030359,0.595,1.566,-10.475,0.556,-0.093,-0.051,-52.002,-45.820,154.896
1,1030412,0.367,1.143,-9.167,-0.021,-0.066,-0.065,-51.768,-46.331,154.253
1,1030442,0.239,0.970,-9.066,0.084,-0.083,-0.056,-52.002,-46.478,153.800
1,1030548,0.251,1.065,-9.486,0.363,-0.117,-0.029,-51.988,-46.054,154.034
1,1030562,0.294,1.134,-9.501,0.337,-0.128,-0.028,-52.002,-46.025,154.516
1,1030592,0.410,1.212,-9.588,0.171,-0.122,-0.027,-51.783,-46.010,154.341
1,1030596,0.410,1.212,-9.588,0.171,-0.122,-0.027,-51.783,-46.010,154.341
1,1030599,0.407,1.206,-9.596,0.125,-0.120,-0.024,-52.455,-45.279,154.268
1,1030682,0.558,-0.267,-8.384,0.513,-0.131,0.011,-51.973,-45.104,154.487
1,1030686,0.549,-0.538,-8.030,0.513,-0.134,0.015,-51.915,-44.417,154.648
1,1030712,0.494,-0.890,-7.198,0.839,-0.137,0.024,-52.105,-44.431,154.779
1,1030715,0.483,-1.036,-6.659,0.910,-0.136,0.027,-52.105,-44.431,154.779
1,1030719,0.483,-1.036,-6.659,0.910,-0.136,0.027,-52.105,-44.431,154.779
1,1030875,0.208,0.169,-6.028,-0.039,-0.105,-0.001,-52.499,-43.788,154.823
1,1030921,0.279,0.537,-7.590,-0.290,-0.083,0.001,-52.412,-44.168,154.648
1,1030925,0.279,0.537,-7.590,-0.290,-0.083,0.001,-52.412,-44.168,154.648
1,1030952,0.315,0.293,-8.733,-0.026,-0.095,0.000,-52.207,-43.964,155.408
1,1030956,0.315,0.293,-8.733,-0.026,-0.095,0.000,-52.616,-44.066,154.999
1,1030959,0.315,0.513,-9.465,-0.026,-0.095,0.000,-52.616,-44.066,154.999
1,1030981,0.605,0.450,-10.674,0.419,-0.105,0.026,-52.324,-43.891,154.852
1,1030985,0.605,0.450,-10.674,0.419,-0.105,0.026,-52.324,-43.891,154.852
1,1030989,0.603,0.127,-10.716,0.419,-0.105,0.026,-52.324,-43.891,154.852
1,1031011,0.559,-0.038,-9.672,0.803,-0.061,0.040,-52.324,-43.964,155.554
1,1031042,0.505,0.312,-8.716,0.621,-0.079,0.031,-52.645,-43.467,155.145
1,1031045,0.505,0.312,-8.716,0.621,-0.079,0.031,-52.645,-43.467,155.145
1,1031049,0.469,0.162,-9.080,0.481,-0.083,0.028,-52.645,-43.467,155.145
1,1031072,0.508,-0.397,-10.061,0.357,-0.087,0.027,-52.587,-43.248,154.940
1,1031075,0.508,-0.397,-10.061,0.357,-0.087,0.027,-52.587,-43.248,154.940
1,1031102,0.359,-0.550,-10.402,0.461,-0.059,0.040,-53.142,-43.043,155.305
1,1031106,0.359,-0.550,-10.324,0.461,-0.059,0.040,-53.142,-43.043,155.305
1,1031192,0.218,0.887,-11.335,-0.310,-0.042,0.011,-52.368,-43.087,155.539
1,1031196,0.150,0.867,-11.673,-0.323,-0.040,0.017,-52.368,-43.087,155.539
1,1031200,0.150,0.867,-11.673,-0.323,-0.040,0.017,-52.485,-43.058,156.139
1,1031221,0.077,0.284,-11.992,-0.260,-0.040,0.031,-52.675,-42.999,155.539
1,1031282,0.022,0.132,-14.194,0.173,-0.094,0.032,-52.572,-42.868,156.255
1,1031389,0.837,-0.316,-13.485,-0.220,-0.082,0.033,-53.084,-43.335,156.782
1,1031402,0.849,-0.316,-13.260,-0.232,-0.067,0.022,-52.879,-43.262,155.949
1,1031406,0.849,-0.316,-13.260,-0.232,-0.067,0.022,-52.879,-43.262,155.949
1,1031462,1.046,0.895,-12.811,-0.373,-0.119,0.023,-52.777,-43.584,156.913
1,1031492,0.934,0.458,-13.944,-0.048,-0.145,0.034,-52.923,-43.072,157.089
1,1031496,0.934,0.458,-13.944,-0.048,-0.145,0.034,-52.806,-43.072,157.089
1,1031552,0.943,0.117,-13.902,0.292,-0.160,0.027,-52.616,-43.306,157.074
1,1031556,0.931,-0.020,-13.841,0.292,-0.160,0.027,-52.645,-43.496,157.629
1,1031559,0.931,-0.020,-13.841,0.335,-0.170,0.024,-52.645,-43.496,157.629
1,1031582,0.815,-0.047,-13.758,0.468,-0.183,0.026,-52.207,-43.189,156.606
1,1031612,0.578,0.377,-13.545,0.402,-0.197,0.018,-52.558,-43.321,156.825
1,1031616,0.506,0.502,-13.433,0.280,-0.198,0.011,-52.075,-42.575,157.308
1,1031642,0.315,0.645,-13.310,0.006,-0.202,0.001,-52.485,-42.795,156.343
1,1031646,0.213,0.603,-13.295,-0.090,-0.208,-0.001,-52.485,-42.795,156.343
1,1031649,0.213,0.603,-13.295,-0.090,-0.208,-0.001,-52.485,-42.795,156.343
1,1031732,0.014,0.401,-13.211,0.197,-0.248,-0.015,-52.119,-43.145,157.381
1,1031736,0.014,0.401,-13.211,0.169,-0.248,-0.015,-52.119,-43.145,157.381
1,1031822,0.236,-0.057,-11.804,0.363,-0.222,-0.040,-51.023,-43.306,157.512
1,1031826,0.236,-0.057,-11.804,0.363,-0.222,-0.040,-51.301,-43.204,157.761
1,1031830,0.236,-0.019,-11.651,0.363,-0.222,-0.040,-51.301,-43.204,157.761
1,1031851,0.160,-0.056,-11.154,0.360,-0.199,-0.051,-51.827,-42.999,157.147
1,1031882,0.019,-0.354,-10.289,0.450,-0.188,-0.050,-51.184,-43.306,157.103
1,1031885,0.019,-0.354,-10.289,0.450,-0.188,-0.050,-51.286,-42.517,156.752
1,1031972,-0.346,-0.613,-8.547,0.045,-0.127,-0.078,-51.388,-42.663,157.235
1,1032001,-0.499,-0.714,-7.840,0.066,-0.130,-0.087,-51.432,-42.692,156.884
1,1032005,-0.499,-0.714,-7.840,0.066,-0.130,-0.087,-51.432,-42.692,156.884
1,1032008,-0.555,-0.759,-7.712,0.103,-0.126,-0.083,-51.491,-42.546,156.899
1,1032032,-0.607,-0.869,-7.423,0.203,-0.130,-0.082,-51.447,-42.897,156.635
1,1032063,-0.603,-0.610,-6.964,0.346,-0.130,-0.084,-50.804,-42.414,156.226
1,1032066,-0.580,-0.428,-6.806,0.353,-0.127,-0.084,-50.804,-42.414,156.226
1,1032070,-0.580,-0.428,-6.806,0.353,-0.127,-0.084,-50.848,-42.488,157.074
1,1032195,0.047,-0.656,-5.088,0.244,-0.099,-0.086,-50.702,-41.786,155.598
1,1032242,0.154,-0.851,-5.547,-0.181,-0.089,-0.089,-50.848,-42.458,156.255
1,1032246,0.154,-0.851,-5.547,-0.181,-0.089,-0.089,-50.848,-42.458,156.255
1,1032250,0.154,-0.851,-5.547,-0.181,-0.089,-0.089,-50.848,-42.458,156.255
1,1032580,-0.342,-1.328,-4.812,0.249,-0.021,-0.043,-51.388,-41.581,156.168
1,1032663,-0.479,-0.787,-7.318,-0.148,-0.005,-0.057,-51.476,-42.108,155.437
1,1032795,0.671,0.172,-10.782,-0.007,-0.075,-0.046,-51.710,-42.531,156.343
1,1032812,0.689,0.199,-11.754,-0.039,-0.084,-0.035,-51.505,-42.561,155.817
1,1032841,0.419,-0.270,-12.575,0.171,-0.092,-0.017,-52.280,-42.224,156.080
1,1032845,0.419,-0.270,-12.575,0.171,-0.092,-0.017,-52.280,-42.224,156.080
1,1032902,-0.221,-1.511,-13.243,0.290,-0.128,-0.007,-51.549,-41.859,156.416
1,1032906,-0.287,-1.529,-13.580,0.283,-0.134,-0.012,-51.549,-41.859,156.416
1,1032910,-0.287,-1.529,-13.580,0.283,-0.134,-0.012,-51.549,-41.859,156.416
1,1032931,-0.376,-1.373,-14.310,0.308,-0.148,-0.013,-51.535,-42.166,156.577
1,1032935,-0.403,-1.281,-14.532,0.308,-0.145,-0.010,-51.535,-42.166,156.577
1,1032939,-0.403,-1.281,-14.532,0.315,-0.145,-0.010,-51.462,-41.932,156.694
1,1032961,-0.440,-1.223,-14.764,0.280,-0.145,0.001,-51.330,-41.903,156.942
1,1032965,-0.435,-1.134,-14.986,0.210,-0.153,0.000,-51.783,-41.669,156.431
1,1032968,-0.435,-1.134,-14.986,0.210,-0.153,0.000,-51.783,-41.669,156.431
1,1032992,-0.199,-0.933,-15.690,-0.024,-0.165,-0.013,-51.593,-41.596,156.533
1,1032996,-0.067,-0.931,-16.053,-0.161,-0.158,-0.013,-51.593,-41.596,156.533
1,1032999,-0.067,-0.931,-16.053,-0.161,-0.158,-0.013,-51.637,-41.815,157.089
1,1033021,0.154,-1.145,-16.648,-0.363,-0.154,-0.013,-51.593,-42.341,156.504
1,1033112,0.635,-0.603,-15.729,-0.045,-0.145,-0.034,-51.125,-42.795,157.819
1,1033142,0.220,-0.633,-14.759,0.194,-0.153,-0.032,-51.169,-42.590,157.951
1,1033172,-0.223,-0.936,-13.985,0.384,-0.169,-0.034,-51.622,-42.780,157.849
1,1033176,-0.223,-0.936,-13.985,0.384,-0.169,-0.034,-51.622,-42.780,157.849
1,1033179,-0.368,-0.958,-13.853,0.384,-0.176,-0.038,-51.622,-42.780,157.849
1,1033202,-0.489,-0.946,-13.803,0.456,-0.183,-0.040,-51.111,-42.575,157.644
1,1033262,-0.743,-0.960,-12.592,0.180,-0.154,-0.060,-51.432,-42.312,157.688
1,1033266,-0.743,-0.960,-12.592,0.180,-0.154,-0.060,-51.432,-42.312,157.688
1,1033269,-0.700,-0.973,-12.468,0.143,-0.156,-0.061,-51.330,-41.830,156.913
1,1033291,-0.634,-1.005,-12.543,0.114,-0.156,-0.066,-51.374,-42.034,156.957
1,1033382,-0.045,-0.683,-11.488,-0.026,-0.077,-0.097,-51.315,-42.488,156.738
1,1033386,-0.010,-0.677,-11.361,-0.002,-0.066,-0.097,-51.315,-42.488,156.738
1,1033389,-0.010,-0.677,-11.361,-0.002,-0.066,-0.097,-51.315,-42.488,156.738
1,1033413,0.051,-0.688,-10.877,0.143,-0.053,-0.098,-51.228,-42.546,157.381
1,1033416,0.079,-0.705,-10.546,0.241,-0.040,-0.092,-50.979,-41.742,156.899
1,1033419,0.079,-0.705,-10.546,0.241,-0.040,-0.092,-50.979,-41.742,156.899
1,1033442,0.032,-0.822,-10.024,0.420,-0.049,-0.084,-51.476,-42.151,156.635
1,1033532,-0.128,-0.668,-8.241,0.369,-0.017,-0.083,-51.783,-41.801,155.042
1,1033536,-0.128,-0.668,-8.241,0.369,-0.017,-0.083,-51.783,-41.801,155.042
1,1033540,-0.128,-0.668,-8.241,0.369,-0.017,-0.083,-51.140,-41.698,155.028
1,1033665,-0.054,-1.362,-6.349,0.200,-0.045,-0.064,-51.929,-41.201,154.209
1,1033712,-0.004,-1.513,-5.821,0.370,-0.056,-0.049,-51.725,-40.821,153.566
1,1033743,0.054,-1.554,-5.356,0.238,-0.064,-0.045,-51.929,-41.011,153.975
1,1033772,0.121,-1.616,-5.146,0.101,-0.065,-0.042,-51.798,-40.763,153.581
1,1033776,0.165,-1.573,-5.079,0.101,-0.065,-0.042,-51.798,-40.763,153.581
1,1033832,0.212,-1.596,-5.556,-0.101,-0.072,-0.039,-51.783,-40.865,153.859
1,1033939,0.037,-2.212,-6.115,0.241,-0.071,-0.020,-52.090,-41.011,153.566
1,1034012,0.054,-1.312,-3.182,-0.213,-0.053,-0.032,-51.798,-41.011,153.742
1,1034042,-0.005,-0.921,-2.676,-0.349,-0.057,-0.028,-51.885,-41.406,154.078
1,1034132,-0.035,-0.290,-4.375,-0.316,-0.062,-0.031,-51.739,-41.918,154.326
1,1034222,-0.020,-0.068,-8.399,-0.076,-0.100,-0.028,-51.666,-42.590,154.268
1,1034226,0.043,-0.075,-9.053,-0.076,-0.100,-0.022,-51.681,-42.049,154.823
1,1034252,0.213,-0.619,-9.884,0.126,-0.097,0.001,-51.856,-42.561,154.692
1,1034342,0.354,-0.611,-11.740,0.009,-0.082,-0.023,-52.105,-42.108,155.627
1,1034346,0.260,-0.469,-11.673,-0.004,-0.079,-0.024,-51.856,-41.786,154.809
1,1034349,0.260,-0.469,-11.673,-0.004,-0.079,-0.024,-51.856,-41.786,154.809
1,1034402,0.059,-0.968,-12.830,-0.031,-0.100,-0.013,-52.426,-41.932,155.466
1,1034406,0.059,-0.968,-12.830,-0.031,-0.100,-0.013,-52.426,-41.932,155.466
1,1034410,0.059,-0.968,-12.830,-0.031,-0.100,-0.013,-52.163,-41.698,155.773
1,1034432,0.062,-1.171,-13.250,0.275,-0.120,-0.012,-52.251,-41.757,155.934
1,1034436,0.062,-1.171,-13.250,0.275,-0.120,-0.012,-52.251,-41.757,155.934
1,1034440,0.062,-1.171,-13.250,0.275,-0.120,-0.012,-52.251,-41.757,155.934
1,1034461,-0.142,-1.353,-14.469,0.301,-0.143,-0.004,-52.514,-41.976,155.583
1,1034465,-0.142,-1.353,-14.469,0.301,-0.143,-0.004,-52.514,-41.976,155.583
1,1034468,-0.142,-1.353,-14.469,0.301,-0.143,-0.004,-52.017,-41.654,156.270
1,1034492,-0.145,-1.907,-15.474,0.237,-0.133,-0.010,-52.865,-41.771,155.759
1,1034522,0.246,-1.144,-15.840,0.089,-0.138,-0.021,-52.105,-41.771,155.744
1,1034526,0.246,-1.144,-15.840,0.089,-0.138,-0.021,-52.105,-41.771,155.744
1,1034530,0.427,-0.961,-16.104,-0.062,-0.132,-0.023,-52.105,-41.421,155.934
1,1034551,0.355,-1.443,-16.402,-0.389,-0.117,-0.017,-52.148,-41.625,156.270
1,1034583,0.225,-1.840,-16.722,-0.447,-0.121,-0.042,-52.353,-42.517,156.197
1,1034612,0.406,-0.735,-16.971,-0.356,-0.119,-0.048,-52.455,-42.590,156.825
1,1034642,0.572,-0.720,-16.880,-0.341,-0.117,-0.050,-52.295,-42.312,156.899
1,1034646,0.572,-0.823,-16.789,-0.341,-0.117,-0.050,-52.295,-42.312,156.899
1,1034649,0.549,-0.823,-16.789,-0.268,-0.112,-0.046,-52.295,-42.312,156.899
1,1034671,0.520,-0.867,-16.196,-0.061,-0.116,-0.049,-52.090,-42.385,156.957
1,1034703,0.462,-0.550,-15.176,0.106,-0.121,-0.056,-52.309,-42.619,157.381
1,1034706,0.450,-0.614,-14.887,0.112,-0.120,-0.059,-52.309,-42.619,157.381
1,1034709,0.450,-0.614,-14.887,0.112,-0.120,-0.059,-52.309,-42.619,157.381
1,1034732,0.348,-0.791,-14.243,0.162,-0.120,-0.059,-52.236,-42.707,157.118
1,1034792,-0.097,-0.043,-12.246,0.178,-0.120,-0.071,-52.090,-42.897,156.913
1,1034823,-0.100,-0.388,-11.776,-0.018,-0.112,-0.081,-51.900,-42.824,156.548
1,1034929,0.109,-0.341,-10.416,0.354,-0.105,-0.083,-51.739,-42.429,156.022
1,1035045,0.011,-0.988,-9.331,0.359,-0.087,-0.084,-51.783,-41.377,155.291
1,1035062,-0.033,-1.078,-8.949,0.417,-0.075,-0.082,-51.871,-41.625,155.057
1,1035066,-0.033,-1.078,-8.949,0.417,-0.075,-0.082,-51.871,-41.625,155.057
1,1035070,-0.025,-1.090,-8.664,0.431,-0.062,-0.081,-51.578,-41.377,155.189
1,1035091,-0.053,-1.044,-8.076,0.391,-0.066,-0.087,-51.812,-41.435,155.072
1,1035095,-0.053,-1.044,-8.076,0.391,-0.066,-0.087,-51.929,-41.041,155.262
1,1035152,-0.049,-1.347,-7.779,0.254,-0.059,-0.092,-52.134,-41.041,154.239
1,1035156,-0.066,-1.348,-7.603,0.279,-0.056,-0.090,-51.871,-40.807,153.873
1,1035160,-0.066,-1.348,-7.603,0.279,-0.056,-0.090,-51.871,-40.807,153.873
1,1035181,0.033,-1.223,-7.184,0.319,-0.062,-0.093,-52.148,-41.640,154.560
1,1035212,0.121,-1.113,-6.839,0.290,-0.061,-0.088,-51.798,-41.362,153.961
1,1035215,0.159,-1.135,-6.766,0.281,-0.061,-0.088,-51.388,-40.997,154.136
1,1035243,0.201,-1.088,-6.409,0.299,-0.059,-0.088,-51.900,-41.245,153.975
1,1035246,0.227,-1.088,-6.409,0.316,-0.059,-0.084,-51.900,-41.245,153.975
1,1035272,0.268,-1.017,-5.900,0.309,-0.051,-0.083,-52.251,-41.143,153.449
1,1035276,0.268,-1.017,-5.900,0.275,-0.051,-0.083,-52.251,-41.143,153.449
1,1035280,0.268,-1.017,-5.900,0.275,-0.051,-0.083,-51.900,-41.070,154.502
1,1035302,0.290,-1.241,-5.523,0.172,-0.050,-0.081,-51.812,-41.391,154.385
1,1035306,0.290,-1.241,-5.523,0.172,-0.050,-0.081,-51.812,-41.391,154.385
1,1035310,0.290,-1.241,-5.523,0.172,-0.050,-0.081,-51.812,-41.391,154.385
1,1035332,0.246,-1.513,-5.341,0.225,-0.057,-0.078,-51.929,-41.245,153.712
1,1035438,0.152,-1.614,-3.821,0.233,-0.062,-0.060,-52.382,-40.573,153.595
1,1035482,0.148,-1.541,-3.206,0.007,-0.083,-0.056,-52.382,-40.588,153.040
1,1035486,0.148,-1.541,-3.206,0.007,-0.083,-0.056,-51.783,-39.725,153.011
1,1035490,0.220,-1.584,-3.302,-0.005,-0.087,-0.051,-51.783,-39.725,153.011
1,1035511,0.179,-1.631,-3.226,0.006,-0.083,-0.042,-52.017,-40.471,152.762
1,1035721,-0.057,-1.302,-6.432,0.075,-0.065,-0.038,-51.652,-41.786,155.057
1,1035752,0.517,-0.024,-11.153,-0.487,-0.154,-0.061,-51.798,-42.239,154.662
1,1035755,0.517,-0.024,-11.153,-0.487,-0.154,-0.061,-51.944,-41.771,155.072
1,1035783,0.513,-1.554,-12.004,-0.450,-0.044,-0.035,-52.002,-42.765,154.999
1,1035786,0.513,-1.554,-12.004,-0.450,-0.044,-0.035,-52.002,-42.765,154.999
1,1035790,0.513,-1.554,-12.004,-0.450,-0.044,-0.035,-52.002,-42.765,154.999
1,1035841,0.321,0.653,-12.334,-0.316,-0.150,-0.064,-52.061,-43.175,156.329
1,1035873,0.298,-0.378,-13.310,-0.304,-0.086,-0.038,-52.338,-43.262,156.285
1,1035875,0.298,-0.378,-13.310,-0.304,-0.086,-0.038,-52.338,-43.262,156.285
1,1035879,0.199,-0.483,-12.581,-0.138,-0.086,-0.037,-51.666,-43.043,156.343
1,1035902,0.097,0.194,-11.454,0.094,-0.108,-0.039,-52.412,-43.043,156.241
1,1035905,0.097,0.194,-11.454,0.094,-0.108,-0.039,-52.412,-43.043,156.241
1,1035909,0.051,0.401,-11.378,0.057,-0.137,-0.039,-52.412,-43.043,156.241
1,1035931,0.055,-0.011,-12.374,-0.182,-0.161,-0.033,-51.944,-43.248,156.519
1,1035962,0.012,-1.219,-13.956,-0.119,-0.164,-0.033,-52.265,-43.467,156.752
1,1035966,0.012,-1.065,-14.011,-0.119,-0.164,-0.033,-52.265,-43.467,156.752
1,1035969,0.030,-1.065,-14.011,0.015,-0.161,-0.034,-52.265,-43.467,156.752
1,1035992,0.095,-0.093,-13.647,0.121,-0.159,-0.043,-52.412,-43.335,157.059
1,1035996,0.095,-0.093,-13.283,0.121,-0.159,-0.043,-52.412,-43.335,157.059
1,1036083,-0.049,-0.005,-15.460,-0.188,-0.194,-0.053,-51.915,-43.832,157.337
1,1036085,-0.025,-0.050,-15.538,-0.183,-0.178,-0.050,-51.842,-43.642,157.673
1,1036142,0.522,-0.115,-16.593,-0.011,-0.203,-0.064,-51.988,-43.978,157.936
1,1036146,0.522,-0.115,-16.593,0.006,-0.203,-0.064,-51.988,-43.540,157.790
1,1036150,0.522,-0.115,-16.593,0.006,-0.203,-0.064,-51.622,-43.540,157.790
1,1036171,0.745,-0.467,-17.072,0.067,-0.189,-0.066,-51.988,-43.861,157.907
1,1036175,0.745,-0.467,-17.072,0.114,-0.170,-0.064,-51.988,-43.861,157.907
1,1036179,0.745,-0.467,-17.072,0.114,-0.170,-0.064,-51.988,-43.861,157.907
1,1036202,0.698,-0.609,-15.768,0.298,-0.151,-0.070,-51.812,-43.715,157.775
1,1036232,0.505,-0.163,-15.232,0.290,-0.161,-0.082,-52.236,-43.745,158.360
1,1036236,0.505,-0.163,-15.232,0.290,-0.161,-0.082,-52.236,-43.745,158.360
1,1036240,0.505,-0.163,-15.232,0.290,-0.161,-0.082,-52.236,-43.745,158.360
1,1036262,0.103,-0.236,-14.618,0.180,-0.140,-0.082,-51.739,-43.467,157.995
1,1036266,0.103,-0.236,-14.618,0.180,-0.140,-0.082,-51.739,-43.467,157.995
1,1036270,-0.045,-0.205,-14.222,0.180,-0.140,-0.083,-51.359,-43.628,158.433
1,1036323,-0.319,0.232,-12.870,0.017,-0.126,-0.087,-51.871,-44.051,158.024
1,1036352,-0.250,-0.053,-12.327,-0.032,-0.120,-0.081,-51.681,-43.949,157.322
1,1036356,-0.250,-0.053,-12.327,-0.032,-0.120,-0.081,-51.695,-43.321,157.980
1,1036360,-0.177,-0.062,-12.128,-0.002,-0.119,-0.079,-51.695,-43.321,157.980
1,1036413,-0.059,0.455,-11.130,-0.012,-0.111,-0.071,-51.286,-43.905,157.702
1,1036442,-0.086,0.433,-10.842,0.007,-0.110,-0.068,-51.535,-44.051,157.644
1,1036446,-0.108,0.457,-10.750,0.061,-0.111,-0.065,-51.535,-44.051,157.644
1,1036450,-0.108,0.457,-10.750,0.061,-0.111,-0.065,-51.535,-44.051,157.644
1,1036533,-0.201,0.322,-9.741,0.064,-0.094,-0.053,-51.023,-43.759,156.592
1,1036536,-0.133,0.203,-9.752,0.072,-0.092,-0.054,-51.023,-43.759,156.592
1,1036540,-0.133,0.203,-9.752,0.072,-0.092,-0.054,-51.140,-43.935,157.498
1,1036562,-0.080,0.187,-9.655,0.169,-0.087,-0.049,-51.374,-44.373,156.782
1,1036592,-0.054,0.183,-9.047,0.296,-0.079,-0.039,-51.359,-43.847,156.855
1,1036596,-0.054,0.183,-9.047,0.302,-0.079,-0.039,-51.359,-43.847,156.855
1,1036599,-0.054,0.183,-9.047,0.302,-0.079,-0.039,-50.848,-43.759,157.293
1,1036622,-0.183,-0.240,-8.518,0.304,-0.073,-0.035,-51.169,-43.876,157.045
1,1036625,-0.183,-0.240,-8.518,0.316,-0.075,-0.035,-51.155,-43.014,157.717
1,1036652,-0.205,-0.365,-8.395,0.402,-0.079,-0.042,-51.374,-43.321,156.533
1,1036785,-0.011,-0.719,-6.587,0.293,-0.062,-0.038,-51.564,-42.648,156.621
1,1036802,-0.048,-0.632,-6.749,0.307,-0.059,-0.034,-51.403,-42.707,156.036
1,1036806,-0.048,-0.632,-6.749,0.307,-0.059,-0.034,-51.403,-42.707,156.036
1,1036863,-0.083,-0.682,-6.410,0.327,-0.049,-0.031,-51.447,-42.824,155.642
1,1036866,-0.063,-0.726,-6.433,0.327,-0.049,-0.031,-51.447,-42.824,155.642
1,1036870,-0.063,-0.726,-6.433,0.314,-0.051,-0.031,-51.403,-42.283,155.510
1,1036995,0.152,-1.736,-5.561,0.382,-0.033,-0.020,-52.075,-41.786,154.019
1,1037012,0.156,-1.917,-5.326,0.368,-0.028,-0.018,-51.929,-41.830,153.932
1,1037016,0.142,-1.917,-5.326,0.360,-0.026,-0.017,-51.403,-41.362,154.297
1,1037020,0.142,-1.917,-5.326,0.360,-0.026,-0.017,-51.403,-41.362,154.297
1,1037041,0.123,-1.939,-4.152,0.325,-0.009,-0.013,-51.885,-41.698,153.873
1,1037045,0.097,-1.939,-4.152,0.287,-0.004,-0.016,-51.885,-41.698,153.873
1,1037048,0.097,-1.939,-4.152,0.287,-0.004,-0.016,-51.885,-41.698,153.873
1,1037132,-0.158,-1.140,-3.237,-0.512,0.013,-0.022,-52.061,-41.801,154.268
1,1037136,-0.158,-1.140,-3.237,-0.512,0.013,-0.022,-52.061,-41.801,154.268
1,1037139,-0.158,-0.909,-3.233,-0.512,0.013,-0.022,-51.915,-42.151,154.005
1,1037192,-0.183,-0.537,-4.802,-0.688,-0.002,-0.006,-51.958,-42.488,154.999
1,1037196,-0.183,-0.537,-4.802,-0.688,-0.002,-0.006,-51.958,-42.488,154.999
1,1037200,-0.179,-0.756,-5.117,-0.654,-0.006,-0.002,-52.090,-42.882,154.765
1,1037325,0.495,-0.377,-9.025,-0.396,-0.015,0.013,-52.032,-43.803,155.262
1,1037372,0.617,-0.300,-9.544,-0.211,-0.033,0.016,-52.733,-43.978,155.072
1,1037479,0.638,1.622,-12.101,-0.239,-0.071,0.017,-52.558,-45.075,155.554
1,1037493,0.514,1.219,-13.077,-0.272,-0.057,0.034,-52.572,-44.797,156.519
1,1037496,0.514,1.219,-13.077,-0.272,-0.057,0.034,-52.075,-44.256,155.905
1,1037500,0.514,1.219,-13.077,-0.272,-0.057,0.034,-52.075,-44.256,155.905
1,1037625,0.861,1.300,-13.411,0.158,-0.099,0.034,-52.660,-44.899,156.270
1,1037703,0.890,1.111,-15.173,0.281,-0.169,0.048,-52.719,-44.548,156.548
1,1037706,0.890,1.111,-15.173,0.281,-0.169,0.048,-52.719,-44.548,156.548
1,1037732,0.855,0.543,-16.199,0.279,-0.151,0.049,-52.689,-44.563,156.139
1,1037736,0.855,0.281,-16.160,0.279,-0.151,0.049,-52.689,-44.563,156.139
1,1037740,0.802,0.281,-16.160,0.303,-0.149,0.046,-52.207,-44.461,156.942
1,1037761,0.826,0.026,-15.948,0.392,-0.162,0.039,-52.762,-44.505,156.285
1,1037852,0.415,-0.006,-14.670,0.177,-0.155,-0.001,-51.958,-43.701,156.986
1,1037913,0.299,0.024,-13.309,0.130,-0.154,-0.026,-52.134,-43.788,156.694
1,1037972,0.431,0.156,-12.371,0.040,-0.132,-0.044,-52.265,-43.438,156.372
1,1037976,0.431,0.156,-12.371,0.040,-0.132,-0.044,-52.265,-43.438,156.372
1,1037980,0.431,0.156,-12.371,0.040,-0.132,-0.044,-52.265,-43.438,156.372
1,1038001,0.492,0.024,-11.749,0.275,-0.133,-0.055,-52.178,-44.300,156.095
1,1038062,0.404,0.629,-10.690,0.436,-0.117,-0.064,-52.324,-43.467,155.495
1,1038092,0.282,0.261,-9.885,0.544,-0.122,-0.065,-52.163,-43.408,155.671
1,1038123,0.327,0.019,-9.526,0.684,-0.127,-0.064,-52.222,-43.262,155.949
1,1038125,0.327,0.019,-9.526,0.684,-0.127,-0.064,-52.222,-43.262,155.949
1,1038152,0.287,-0.249,-9.039,0.735,-0.130,-0.067,-52.119,-42.707,155.393
1,1038259,0.200,-1.129,-7.536,0.659,-0.128,-0.076,-51.549,-41.654,155.174
1,1038272,0.237,-1.012,-7.420,0.644,-0.126,-0.075,-51.915,-41.815,154.692
1,1038276,0.206,-0.948,-7.257,0.606,-0.122,-0.072,-51.915,-41.815,154.692
1,1038280,0.206,-0.948,-7.257,0.606,-0.122,-0.072,-51.944,-41.757,154.955
1,1038405,0.537,-1.245,-6.568,0.434,-0.128,-0.065,-51.710,-41.421,153.435
1,1038453,0.450,-1.357,-5.769,0.508,-0.116,-0.065,-51.798,-40.792,153.435
1,1038456,0.450,-1.357,-5.769,0.508,-0.116,-0.065,-51.798,-40.792,153.435
1,1038459,0.450,-1.370,-5.533,0.508,-0.116,-0.065,-51.798,-40.792,153.435
1,1038482,0.298,-1.402,-5.222,0.436,-0.120,-0.067,-51.915,-40.851,153.215
1,1038485,0.298,-1.402,-5.222,0.436,-0.120,-0.067,-51.944,-40.032,153.420
1,1038489,0.298,-1.402,-5.151,0.436,-0.120,-0.067,-51.944,-40.032,153.420
1,1038615,-0.086,-2.060,-4.107,0.122,-0.123,-0.068,-51.739,-40.295,152.733
1,1038663,-0.164,-1.985,-3.679,-0.076,-0.111,-0.073,-51.403,-40.134,153.172
1,1038692,-0.146,-1.711,-3.757,-0.263,-0.117,-0.076,-51.432,-40.383,153.522
1,1038722,-0.158,-1.667,-4.744,-0.506,-0.116,-0.087,-51.564,-40.617,154.151
1,1038726,-0.212,-1.714,-4.971,-0.524,-0.105,-0.086,-51.564,-40.617,154.151
1,1038729,-0.212,-1.714,-4.971,-0.524,-0.105,-0.086,-51.564,-40.617,154.399
1,1038751,-0.264,-1.680,-5.143,-0.445,-0.101,-0.082,-51.812,-41.055,154.429
1,1038841,-0.225,-1.318,-7.573,-0.343,-0.087,-0.084,-51.871,-41.757,155.115
1,1038873,0.154,-0.607,-8.297,-0.628,-0.112,-0.099,-51.681,-42.327,155.247
1,1038902,0.275,-0.548,-8.612,-0.688,-0.079,-0.092,-51.520,-42.414,156.255
1,1038906,0.275,-0.548,-8.612,-0.688,-0.079,-0.092,-51.520,-42.414,156.255
1,1038933,0.278,-0.130,-7.902,-0.494,-0.090,-0.092,-51.973,-42.707,156.255
1,1038936,0.278,-0.130,-7.902,-0.494,-0.090,-0.092,-51.973,-42.707,156.255
1,1038940,0.327,0.053,-8.247,-0.446,-0.111,-0.089,-51.652,-42.634,156.372
1,1038961,0.468,0.005,-9.971,-0.357,-0.151,-0.082,-51.900,-42.926,156.329
1,1038965,0.468,0.005,-9.971,-0.357,-0.151,-0.082,-51.652,-42.941,156.212
1,1038968,0.456,-0.274,-10.948,-0.266,-0.154,-0.075,-51.652,-42.941,156.212
1,1038992,0.331,-0.805,-12.072,0.062,-0.144,-0.054,-51.286,-43.145,156.475
1,1039052,0.175,0.382,-10.611,0.123,-0.137,-0.062,-52.075,-42.546,157.176
1,1039056,0.175,0.292,-10.769,0.123,-0.137,-0.062,-52.075,-42.546,157.176
1,1039059,0.220,0.292,-10.769,-0.010,-0.144,-0.062,-52.075,-42.546,157.176
1,1039082,0.175,-0.029,-11.620,-0.098,-0.164,-0.062,-51.783,-42.911,157.235
1,1039085,0.175,-0.029,-12.108,-0.098,-0.164,-0.062,-51.447,-42.838,157.235
1,1039142,-0.135,-0.811,-12.578,0.059,-0.164,-0.044,-51.213,-42.400,157.615
1,1039454,-0.586,-0.830,-14.108,0.211,-0.115,-0.083,-51.622,-43.189,158.711
1,1039472,-0.481,-0.950,-13.736,0.117,-0.114,-0.087,-51.768,-43.116,158.550
1,1039476,-0.481,-0.950,-13.736,0.117,-0.114,-0.087,-51.768,-43.116,158.550
1,1039479,-0.386,-0.921,-13.677,0.116,-0.116,-0.088,-50.921,-42.868,158.755
1,1039501,-0.256,-0.609,-13.571,0.134,-0.116,-0.088,-51.111,-42.721,159.018
1,1039532,-0.006,-0.219,-13.181,-0.012,-0.098,-0.090,-51.257,-43.335,158.521
1,1039536,0.111,-0.193,-13.019,-0.012,-0.098,-0.092,-51.257,-43.335,158.521
1,1039623,-0.164,0.022,-11.812,0.247,-0.082,-0.076,-51.330,-43.072,157.571
1,1039652,-0.195,0.006,-11.305,0.283,-0.083,-0.068,-51.096,-43.467,157.308
1,1039682,-0.138,-0.280,-10.835,0.403,-0.083,-0.070,-51.447,-43.131,156.767
1,1039712,-0.055,-0.037,-10.416,0.621,-0.083,-0.066,-51.476,-42.721,156.592
1,1039802,-0.129,-1.446,-9.328,0.949,-0.077,-0.064,-50.906,-41.771,155.627
1,1039833,-0.091,-1.354,-8.929,0.821,-0.066,-0.071,-51.578,-41.479,155.364
1,1039862,-0.074,-1.726,-8.326,0.556,-0.048,-0.075,-51.827,-41.260,154.999
1,1039866,-0.074,-1.726,-8.326,0.556,-0.048,-0.075,-51.827,-41.260,154.999
1,1039870,-0.120,-1.767,-8.119,0.494,-0.043,-0.076,-51.652,-40.821,155.671
1,1039891,-0.065,-1.621,-7.749,0.389,-0.040,-0.086,-51.432,-40.953,155.086
1,1039895,-0.065,-1.621,-7.749,0.389,-0.040,-0.086,-51.754,-40.558,154.677
1,1039952,-0.133,-1.536,-6.991,0.139,-0.026,-0.070,-51.535,-41.216,155.203
1,1040012,-0.035,-1.541,-6.737,0.533,-0.051,-0.054,-52.017,-40.734,154.078
1,1040016,0.022,-1.451,-6.681,0.539,-0.053,-0.050,-51.462,-40.091,154.049
1,1040019,0.022,-1.451,-6.681,0.539,-0.053,-0.050,-51.462,-40.091,154.049
1,1040041,0.055,-1.377,-6.542,0.496,-0.059,-0.046,-51.637,-40.237,154.049
1,1040045,0.084,-1.452,-6.465,0.473,-0.054,-0.042,-51.637,-40.237,154.049
1,1040048,0.084,-1.452,-6.465,0.473,-0.054,-0.042,-51.637,-40.237,154.049
1,1040072,0.116,-1.768,-6.410,0.495,-0.060,-0.033,-51.871,-40.441,153.537
1,1040178,0.195,-1.772,-3.968,0.260,-0.051,-0.016,-52.090,-39.433,152.119
1,1040252,0.195,-1.427,-2.480,-0.290,-0.039,-0.013,-51.885,-39.360,152.002
1,1040487,-0.031,-1.372,-7.939,-0.281,-0.077,-0.002,-52.368,-41.245,154.429
1,1040522,0.043,-1.300,-9.206,-0.373,-0.101,-0.006,-52.309,-41.377,155.554
1,1040526,0.124,-1.438,-9.753,-0.391,-0.108,-0.007,-52.309,-41.377,155.554
1,1040552,0.365,-1.461,-10.817,-0.329,-0.109,-0.001,-52.558,-41.742,155.642
1,1040556,0.365,-1.461,-10.817,-0.287,-0.104,-0.002,-52.017,-40.865,155.846
1,1040559,0.365,-1.461,-10.817,-0.287,-0.104,-0.002,-52.017,-40.865,155.846
1,1040582,0.424,-0.668,-10.911,-0.271,-0.100,-0.009,-52.470,-41.406,155.598
1,1040585,0.441,-0.668,-10.911,-0.323,-0.106,-0.013,-52.470,-41.406,155.598
1,1040692,0.065,-0.291,-12.675,-0.191,-0.166,0.005,-51.973,-42.721,155.788
1,1040702,0.039,-0.513,-12.979,-0.206,-0.166,0.006,-52.090,-42.663,156.445
1,1040706,0.039,-0.513,-12.979,-0.206,-0.166,0.006,-52.090,-42.663,156.445
1,1040709,0.001,-0.747,-13.229,-0.188,-0.165,0.009,-52.090,-42.663,156.445
1,1040731,-0.130,-0.960,-13.421,-0.105,-0.169,0.012,-52.309,-42.809,156.621
1,1040762,-0.303,-0.864,-12.939,-0.115,-0.166,-0.002,-51.812,-43.481,157.673
1,1040766,-0.303,-0.864,-12.939,-0.115,-0.166,-0.002,-51.812,-43.481,157.673
1,1040770,-0.301,-0.669,-12.829,-0.139,-0.173,-0.004,-51.812,-43.481,157.673
1,1040894,0.646,-0.147,-13.856,-0.363,-0.194,-0.044,-51.695,-44.125,158.039
1,1041118,-0.321,-0.497,-13.615,0.298,-0.151,-0.064,-51.725,-43.189,158.652
1,1041152,-0.199,0.220,-13.498,0.004,-0.137,-0.076,-51.535,-43.408,158.360
1,1041156,-0.199,0.220,-13.498,0.004,-0.137,-0.076,-51.447,-42.882,158.813
1,1041160,-0.159,0.148,-13.455,-0.061,-0.128,-0.073,-51.447,-42.882,158.813
1,1041212,-0.205,-0.167,-12.351,0.205,-0.112,-0.065,-51.257,-43.584,158.214
1,1041272,-0.157,-0.080,-11.807,0.239,-0.097,-0.070,-51.359,-43.555,158.170
1,1041302,-0.157,-0.286,-11.257,0.397,-0.092,-0.070,-50.935,-43.058,158.082
1,1041409,-0.351,-0.608,-9.349,0.435,-0.072,-0.078,-51.140,-42.868,157.015
1,1041421,-0.316,-0.671,-9.361,0.448,-0.077,-0.081,-51.067,-42.458,157.454
1,1041425,-0.305,-0.706,-9.361,0.478,-0.073,-0.084,-51.286,-42.020,157.089
1,1041452,-0.249,-0.646,-8.662,0.549,-0.062,-0.075,-51.476,-42.473,157.118
1,1041456,-0.249,-0.646,-8.662,0.562,-0.059,-0.075,-51.476,-42.473,157.118
1,1041459,-0.249,-0.646,-8.662,0.562,-0.059,-0.075,-51.476,-42.473,157.118
1,1041482,-0.298,-0.578,-8.079,0.435,-0.062,-0.081,-51.272,-42.531,157.015
1,1041486,-0.298,-0.578,-8.079,0.435,-0.062,-0.081,-51.213,-41.947,156.811
1,1041512,-0.410,-1.385,-8.078,0.357,-0.062,-0.076,-51.549,-41.669,156.051
1,1041542,-0.412,-1.485,-7.781,0.626,-0.070,-0.072,-51.739,-41.757,155.832
1,1041545,-0.412,-1.485,-7.781,0.626,-0.070,-0.072,-51.739,-41.552,156.168
1,1041858,0.081,-2.248,-7.144,0.381,-0.061,-0.040,-51.082,-39.930,152.923
1,1041975,0.055,-2.782,-6.018,0.144,-0.035,-0.042,-51.871,-39.331,152.499
1,1042052,-0.110,-1.832,-3.338,-0.320,-0.031,-0.046,-51.856,-39.930,152.660
1,1042056,-0.110,-1.832,-3.338,-0.320,-0.031,-0.046,-51.856,-39.930,152.660
1,1042059,-0.146,-1.704,-3.248,-0.337,-0.040,-0.045,-51.856,-39.930,152.660
1,1042082,-0.189,-1.637,-3.413,-0.345,-0.050,-0.039,-52.163,-40.018,153.391
1,1042142,-0.301,-0.993,-4.309,-0.568,-0.065,-0.048,-52.426,-40.295,153.829
1,1042146,-0.301,-0.993,-4.616,-0.568,-0.065,-0.048,-52.426,-40.295,153.829
1,1042172,-0.135,-1.417,-5.756,-0.710,-0.070,-0.037,-52.178,-40.880,154.341
1,1042202,0.045,-1.736,-6.702,-0.439,-0.073,-0.029,-51.900,-40.748,153.917
1,1042206,0.136,-1.450,-6.952,-0.367,-0.078,-0.029,-51.900,-40.748,153.917
1,1042209,0.136,-1.450,-6.952,-0.367,-0.078,-0.029,-51.622,-40.778,154.662
1,1042291,0.547,-1.077,-7.716,-0.507,-0.073,-0.031,-52.835,-41.713,155.057
1,1042352,0.327,-1.040,-10.573,-0.451,-0.090,-0.021,-52.412,-42.707,155.539
1,1042356,0.327,-1.040,-10.573,-0.451,-0.090,-0.021,-52.251,-43.058,155.905
1,1042462,0.141,0.032,-11.801,0.010,-0.136,-0.011,-52.207,-43.218,156.738
1,1042532,0.400,-1.273,-13.898,0.050,-0.191,-0.001,-52.777,-42.911,157.176
1,1042622,-0.352,-0.152,-13.152,-0.392,-0.136,-0.034,-52.207,-43.496,157.717
1,1042625,-0.339,-0.008,-13.241,-0.363,-0.139,-0.033,-52.265,-43.145,158.550
1,1042629,-0.339,-0.008,-13.241,-0.363,-0.139,-0.033,-52.265,-43.145,158.550
1,1042754,0.572,-0.304,-15.101,-0.023,-0.119,-0.048,-51.915,-44.008,158.126
1,1042802,0.353,0.317,-14.201,0.228,-0.108,-0.062,-52.032,-44.680,158.068
1,1042935,-0.370,-0.225,-12.802,0.122,-0.106,-0.061,-51.739,-43.905,158.258
1,1042952,-0.296,-0.391,-12.754,0.186,-0.120,-0.060,-51.432,-43.613,157.732
1,1043012,-0.206,0.140,-11.925,0.226,-0.119,-0.054,-52.046,-43.277,157.571
1,1043072,-0.212,-0.244,-11.180,0.327,-0.134,-0.042,-51.593,-43.233,156.767
1,1043076,-0.199,-0.165,-11.139,0.425,-0.137,-0.042,-51.593,-43.233,156.767
1,1043080,-0.199,-0.165,-11.139,0.425,-0.137,-0.042,-51.491,-43.116,157.264
1,1043101,-0.158,0.133,-11.061,0.516,-0.143,-0.039,-51.388,-42.604,157.059
1,1043105,-0.172,0.197,-10.979,0.495,-0.140,-0.040,-51.388,-42.604,157.059
1,1043109,-0.172,0.197,-10.979,0.495,-0.140,-0.040,-51.388,-42.604,157.059
1,1043162,-0.169,-0.463,-10.312,0.478,-0.126,-0.035,-51.520,-42.531,156.065
1,1043165,-0.167,-0.587,-10.061,0.561,-0.127,-0.033,-51.491,-42.371,156.197
1,1043168,-0.167,-0.587,-10.061,0.561,-0.127,-0.033,-51.491,-42.371,156.197
1,1043191,-0.181,-0.730,-9.781,0.702,-0.136,-0.028,-51.768,-42.239,156.270
1,1043195,-0.188,-0.707,-9.745,0.727,-0.137,-0.029,-51.768,-42.239,156.270
1,1043199,-0.188,-0.707,-9.745,0.727,-0.137,-0.029,-51.768,-42.239,156.270
1,1043221,-0.157,-0.561,-9.965,0.688,-0.138,-0.039,-51.476,-41.830,156.022
1,1043225,-0.158,-0.587,-9.965,0.644,-0.131,-0.042,-51.418,-41.377,156.270
1,1043228,-0.158,-0.587,-9.965,0.644,-0.131,-0.042,-51.418,-41.377,156.270
1,1043312,-0.026,-1.432,-9.161,0.500,-0.110,-0.049,-51.725,-41.114,155.057
1,1043316,-0.026,-1.432,-9.161,0.500,-0.110,-0.049,-51.725,-41.114,155.057
1,1043320,-0.061,-1.512,-9.113,0.500,-0.110,-0.049,-51.725,-41.114,155.057
1,1043444,-0.074,-1.987,-8.304,0.673,-0.097,-0.034,-51.476,-40.412,154.239
1,1043522,0.013,-2.121,-6.364,0.389,-0.083,-0.034,-51.096,-39.111,154.005
1,1043526,0.026,-2.273,-6.391,0.381,-0.081,-0.033,-51.096,-39.111,154.005
1,1043529,0.026,-2.273,-6.391,0.381,-0.081,-0.033,-51.096,-39.111,154.049
1,1043612,-0.007,-2.067,-5.320,0.316,-0.066,-0.024,-51.257,-39.053,152.704
1,1043642,0.020,-2.359,-5.153,0.092,-0.060,-0.029,-51.812,-39.228,152.455
1,1043645,0.008,-2.359,-5.153,0.056,-0.061,-0.027,-51.812,-39.228,152.455
1,1043649,0.008,-2.359,-5.153,0.056,-0.061,-0.027,-51.812,-39.228,152.455
1,1043671,0.028,-2.731,-5.203,0.073,-0.055,-0.022,-51.213,-39.009,152.032
1,1043732,0.018,-2.527,-5.039,0.083,-0.054,-0.020,-51.432,-38.863,152.441
1,1043736,0.018,-2.527,-5.039,0.083,-0.054,-0.020,-51.432,-38.863,152.441
1,1043739,0.018,-2.527,-5.039,0.083,-0.054,-0.020,-51.242,-38.965,152.222
1,1043762,-0.085,-2.697,-4.905,-0.062,-0.050,-0.021,-51.549,-38.936,152.002
1,1043971,-0.059,-1.084,-7.697,-1.045,-0.037,-0.044,-52.192,-40.076,154.545
1,1044001,-0.117,-1.473,-7.568,-0.753,-0.029,-0.020,-51.842,-40.851,153.669
1,1044109,0.109,-1.182,-8.964,-0.133,-0.055,-0.018,-51.608,-41.304,155.481
1,1044182,0.288,-0.589,-10.416,-0.263,-0.088,-0.023,-52.134,-41.742,155.656
1,1044186,0.288,-0.589,-10.416,-0.263,-0.088,-0.023,-52.134,-41.742,155.656
1,1044189,0.288,-0.589,-10.416,-0.263,-0.088,-0.023,-52.134,-41.742,155.656
1,1044210,0.212,-0.671,-10.649,-0.169,-0.067,-0.017,-52.061,-41.771,155.656
1,1044214,0.212,-0.671,-10.649,-0.169,-0.067,-0.017,-52.061,-41.771,155.656
1,1044272,0.208,-1.046,-12.108,-0.147,-0.110,-0.031,-52.236,-42.853,156.489
1,1044276,0.208,-1.046,-12.108,-0.147,-0.110,-0.031,-52.236,-42.853,156.489
1,1044302,-0.105,-0.951,-11.894,-0.006,-0.079,-0.021,-52.265,-42.575,156.665
1,1044305,-0.105,-0.951,-11.894,-0.006,-0.079,-0.021,-52.265,-42.575,156.665
1,1044392,-0.059,-1.141,-12.804,-0.018,-0.104,-0.031,-51.681,-42.400,156.723
1,1044395,-0.017,-0.808,-12.616,-0.018,-0.109,-0.038,-51.681,-42.400,156.723
1,1044399,-0.017,-0.808,-12.616,-0.009,-0.109,-0.038,-51.710,-42.151,157.220
1,1044626,-0.007,-0.878,-14.545,0.259,-0.136,-0.059,-51.929,-43.408,157.542
1,1044632,0.029,-0.855,-14.462,0.290,-0.139,-0.062,-51.462,-43.759,157.469
1,1044739,-0.122,-0.446,-13.271,0.116,-0.145,-0.086,-51.593,-43.555,157.542
1,1044751,-0.136,-0.384,-13.126,0.101,-0.149,-0.088,-51.871,-43.101,157.615
1,1044781,-0.153,-0.187,-12.946,0.110,-0.159,-0.087,-51.111,-43.350,157.337
1,1044785,-0.153,-0.187,-12.946,0.110,-0.159,-0.087,-51.111,-43.350,157.337
1,1044789,-0.154,-0.145,-12.835,0.134,-0.162,-0.086,-51.111,-43.350,157.337
1,1044811,-0.105,-0.104,-12.483,0.184,-0.159,-0.081,-51.403,-43.175,157.059
1,1044815,-0.105,-0.104,-12.483,0.184,-0.159,-0.081,-51.403,-43.175,157.059
1,1044921,-0.047,-0.102,-11.186,0.475,-0.176,-0.078,-51.432,-42.663,156.899
1,1044932,-0.059,-0.024,-11.151,0.441,-0.176,-0.082,-51.038,-42.195,156.972
1,1044935,-0.100,-0.020,-11.073,0.386,-0.178,-0.084,-51.038,-42.195,156.972
1,1044939,-0.100,-0.020,-11.073,0.386,-0.178,-0.084,-51.257,-42.341,157.176
1,1044960,-0.218,-0.415,-10.932,0.290,-0.166,-0.083,-51.856,-42.663,156.621
1,1044964,-0.267,-0.695,-10.836,0.301,-0.160,-0.084,-51.652,-42.678,156.869
1,1044968,-0.267,-0.695,-10.836,0.301,-0.160,-0.084,-51.652,-42.678,156.869
1,1044991,-0.365,-0.983,-10.552,0.437,-0.145,-0.081,-51.418,-42.356,156.621
1,1045052,-0.103,-0.864,-10.116,0.485,-0.119,-0.101,-51.286,-42.137,156.051
1,1045082,-0.128,-1.131,-9.430,0.428,-0.094,-0.104,-51.637,-41.947,156.358
1,1045085,-0.128,-1.131,-9.430,0.428,-0.094,-0.104,-51.345,-41.348,156.168
1,1045089,-0.128,-1.437,-9.086,0.428,-0.094,-0.104,-51.345,-41.348,156.168
1,1045214,-0.359,-1.414,-7.151,0.390,-0.057,-0.114,-51.301,-41.391,155.145
1,1045232,-0.357,-1.499,-6.852,0.412,-0.051,-0.105,-51.432,-41.450,154.604
1,1045291,-0.165,-1.399,-5.844,0.401,-0.056,-0.095,-51.608,-41.128,154.268
1,1045381,-0.019,-1.687,-5.545,0.310,-0.064,-0.065,-51.608,-40.456,153.610
1,1045471,0.103,-2.152,-4.787,0.131,-0.050,-0.055,-51.637,-40.076,152.952
1,1045475,0.103,-2.152,-4.787,0.131,-0.050,-0.055,-51.637,-40.076,152.952
1,1045562,0.102,-1.475,-3.050,-0.285,-0.024,-0.061,-51.885,-40.427,153.595
1,1045566,0.102,-1.475,-3.050,-0.285,-0.024,-0.061,-51.739,-40.120,153.595
1,1045569,0.093,-1.397,-2.958,-0.359,-0.021,-0.061,-51.739,-40.120,153.595
1,1045652,-0.115,-1.155,-4.727,-0.401,-0.035,-0.054,-51.608,-41.187,154.019
1,1045656,-0.115,-1.155,-4.727,-0.401,-0.035,-0.054,-51.608,-41.187,154.019
1,1045742,-0.279,-1.418,-8.300,-0.450,-0.024,-0.042,-51.915,-41.450,154.925
1,1045746,-0.319,-1.609,-7.610,-0.450,-0.005,-0.039,-51.915,-41.450,154.925
1,1045832,0.547,-1.198,-11.508,-0.252,-0.050,-0.013,-51.900,-42.765,155.495
1,1045835,0.406,-1.570,-10.337,-0.059,-0.028,-0.004,-51.900,-42.765,155.495
1,1045892,0.476,0.421,-12.703,-0.414,-0.165,-0.037,-52.251,-42.751,156.314
1,1045922,0.150,-0.797,-13.128,-0.369,-0.075,-0.010,-51.988,-43.218,156.285
1,1045925,0.150,-0.797,-13.128,-0.369,-0.075,-0.010,-51.988,-43.218,156.285
1,1045929,0.150,-0.797,-13.128,-0.369,-0.075,-0.010,-51.988,-43.218,156.329
1,1045951,-0.230,-0.237,-10.707,0.005,-0.108,-0.011,-52.280,-42.999,156.197
1,1045955,-0.230,-0.237,-10.707,0.005,-0.108,-0.011,-51.973,-42.648,156.621
1,1045958,-0.230,-0.237,-10.707,0.005,-0.108,-0.011,-51.973,-42.648,156.621
1,1045981,-0.108,0.044,-12.340,-0.373,-0.170,-0.018,-51.929,-43.160,156.913
1,1045985,-0.108,0.044,-12.340,-0.373,-0.170,-0.018,-51.929,-43.160,156.913
1,1046091,0.324,-0.536,-12.315,-0.343,-0.131,-0.022,-51.842,-44.183,157.527
1,1046470,-0.500,0.126,-13.604,0.056,-0.125,-0.066,-51.681,-44.461,158.784
1,1046492,-0.390,0.449,-13.260,-0.059,-0.114,-0.071,-51.447,-44.680,158.579
1,1046496,-0.390,0.449,-13.260,-0.059,-0.114,-0.071,-51.403,-44.227,158.536
1,1046522,-0.262,0.351,-12.901,-0.076,-0.106,-0.061,-51.286,-44.490,158.609
1,1046582,-0.249,0.457,-11.890,0.143,-0.093,-0.045,-51.622,-44.724,158.185
1,1046585,-0.281,0.398,-11.818,0.143,-0.093,-0.045,-51.622,-44.724,158.185
1,1046589,-0.281,0.398,-11.818,0.110,-0.093,-0.050,-51.622,-44.724,158.185
1,1046612,-0.221,0.254,-11.822,0.086,-0.089,-0.050,-51.388,-44.475,158.229
1,1046642,-0.193,0.068,-11.436,0.235,-0.073,-0.044,-51.198,-44.271,158.024
1,1046646,-0.215,0.071,-11.216,0.305,-0.070,-0.043,-51.198,-44.271,158.024
1,1046649,-0.215,0.071,-11.216,0.305,-0.070,-0.043,-51.198,-44.271,158.024
1,1046671,-0.158,0.188,-10.750,0.387,-0.066,-0.040,-51.593,-44.125,157.512
1,1046675,-0.136,0.240,-10.558,0.376,-0.065,-0.043,-51.593,-44.125,157.512
1,1046678,-0.136,0.240,-10.558,0.376,-0.065,-0.043,-51.535,-44.037,157.819
1,1046702,-0.135,0.424,-10.344,0.283,-0.056,-0.051,-50.994,-44.344,158.156
1,1046705,-0.172,0.461,-10.335,0.233,-0.057,-0.055,-50.994,-44.344,158.156
1,1046708,-0.172,0.461,-10.335,0.233,-0.057,-0.055,-50.994,-44.344,158.156
1,1046732,-0.115,0.051,-9.907,0.193,-0.044,-0.054,-51.549,-44.724,157.205
1,1046736,-0.135,0.051,-9.907,0.227,-0.038,-0.051,-51.549,-44.724,157.205
1,1046739,-0.135,0.051,-9.907,0.227,-0.038,-0.051,-51.228,-44.154,158.170
1,1046761,-0.138,-0.581,-9.394,0.379,-0.044,-0.046,-51.272,-44.168,157.162
1,1046765,-0.117,-0.312,-9.394,0.457,-0.044,-0.046,-51.505,-44.651,157.746
1,1046768,-0.117,-0.312,-9.394,0.457,-0.044,-0.046,-51.505,-44.651,157.746
1,1046791,-0.005,-0.054,-9.553,0.528,-0.050,-0.057,-51.272,-44.037,157.279
1,1046795,-0.005,-0.054,-9.553,0.523,-0.050,-0.057,-51.272,-44.037,157.279
1,1046798,-0.005,-0.054,-9.553,0.523,-0.050,-0.057,-51.272,-44.037,156.329
1,1046821,-0.020,-0.092,-9.468,0.457,-0.034,-0.056,-51.374,-43.818,156.387
1,1046882,-0.296,-1.109,-8.261,0.622,-0.042,-0.049,-51.359,-43.116,155.890
1,1046885,-0.296,-1.109,-8.261,0.622,-0.042,-0.049,-51.184,-43.101,156.168
1,1046993,0.220,-0.997,-6.845,0.421,-0.044,-0.046,-51.900,-42.897,154.648
1,1047032,0.329,-1.084,-7.055,0.528,-0.043,-0.037,-51.330,-41.786,154.692
1,1047062,0.255,-0.969,-6.339,0.498,-0.031,-0.037,-51.520,-41.991,153.742
1,1047066,0.240,-0.927,-6.097,0.452,-0.031,-0.037,-51.520,-41.991,153.742
1,1047069,0.240,-0.927,-6.097,0.452,-0.031,-0.037,-51.447,-41.757,153.975
1,1047091,0.121,-0.988,-5.872,0.341,-0.037,-0.038,-51.827,-42.034,153.990
1,1047285,0.226,-2.163,-8.106,0.425,-0.079,-0.015,-52.309,-40.792,153.332
1,1047362,0.215,-2.891,-8.613,0.458,-0.083,-0.007,-52.046,-40.266,152.251
1,1047391,0.207,-2.910,-8.582,0.279,-0.086,-0.012,-52.061,-39.944,152.397
1,1047422,0.209,-2.821,-8.821,0.038,-0.084,-0.017,-52.017,-40.529,153.289
1,1047452,0.157,-2.953,-9.190,-0.079,-0.086,-0.017,-52.324,-40.208,152.733
1,1047456,0.157,-3.002,-9.223,-0.079,-0.086,-0.017,-52.324,-40.208,152.733
1,1047459,0.146,-3.002,-9.223,-0.068,-0.088,-0.015,-52.324,-40.208,152.733
1,1047481,0.115,-2.825,-9.294,-0.009,-0.092,-0.012,-52.309,-39.725,152.543
