1,695771,-0.530,-6.700,8.566,-0.130,-0.075,-0.020,40.894,17.086,-5.291
1,695775,-0.554,-6.541,8.211,0.050,-0.086,-0.012,40.894,17.086,-5.291
1,695778,-0.554,-6.541,8.211,0.050,-0.086,-0.012,40.894,17.086,-5.291
1,695782,-0.554,-6.541,8.211,0.050,-0.086,-0.012,40.851,16.881,-5.218
1,695804,-0.457,-5.760,8.100,0.496,-0.136,-0.007,40.310,17.115,-5.495
1,695808,-0.457,-5.760,8.100,0.496,-0.136,-0.007,40.646,17.436,-5.525
1,695811,-0.457,-5.760,8.100,0.496,-0.136,-0.007,40.646,17.436,-5.525
1,695834,-0.428,-5.326,7.686,0.419,-0.130,-0.006,40.734,16.837,-5.627
1,695893,-0.414,-5.212,7.372,0.056,-0.092,-0.011,40.865,16.969,-5.700
1,695897,-0.414,-5.212,7.372,0.056,-0.092,-0.011,41.041,16.589,-5.276
1,695900,-0.397,-5.196,7.511,0.056,-0.092,-0.011,41.041,16.589,-5.276
1,695924,-0.402,-5.433,7.460,-0.133,-0.070,-0.011,40.778,16.706,-5.422
1,695927,-0.402,-5.433,7.460,-0.133,-0.070,-0.011,40.778,16.706,-5.422
1,695984,-0.437,-5.754,7.534,-0.020,-0.082,-0.006,40.661,16.633,-4.487
1,695988,-0.437,-5.754,7.695,-0.020,-0.082,-0.006,40.661,16.633,-4.487
1,695991,-0.408,-5.767,7.695,0.011,-0.086,-0.005,40.661,16.633,-4.487
1,696013,-0.451,-5.762,7.968,0.055,-0.087,-0.002,40.865,16.735,-4.502
1,696017,-0.435,-5.762,7.781,0.055,-0.087,-0.002,40.865,16.735,-4.502
1,696021,-0.435,-5.762,7.781,0.079,-0.090,-0.005,41.143,16.486,-5.232
1,696043,-0.467,-5.730,7.700,0.142,-0.100,-0.004,40.792,16.428,-4.969
1,696046,-0.488,-5.614,7.888,0.161,-0.099,-0.002,40.748,16.691,-5.028
1,696074,-0.475,-5.575,7.903,0.154,-0.100,-0.004,40.836,16.340,-5.466
1,696078,-0.485,-5.603,7.856,0.125,-0.098,-0.004,40.836,16.340,-5.466
1,696082,-0.485,-5.603,7.856,0.125,-0.098,-0.004,40.836,16.340,-5.466
1,696103,-0.445,-5.549,7.907,0.022,-0.090,-0.005,41.026,16.691,-5.174
1,696134,-0.492,-5.945,8.118,-0.136,-0.076,-0.011,41.011,16.340,-5.320
1,696137,-0.492,-5.945,8.118,-0.151,-0.075,-0.011,41.011,16.340,-5.320
1,696141,-0.492,-5.945,8.118,-0.151,-0.075,-0.011,41.011,16.340,-5.320
1,696164,-0.474,-5.919,8.146,-0.112,-0.082,-0.010,40.997,16.501,-5.349
1,696167,-0.474,-5.919,8.146,-0.073,-0.082,-0.010,40.997,16.501,-5.349
1,696170,-0.474,-5.919,8.146,-0.073,-0.082,-0.010,41.216,16.530,-4.896
1,696193,-0.495,-6.077,8.180,0.099,-0.101,-0.006,41.172,16.720,-5.072
1,696197,-0.495,-6.077,8.180,0.099,-0.101,-0.006,41.070,17.334,-4.735
1,696201,-0.495,-6.077,8.180,0.099,-0.101,-0.006,41.070,17.334,-4.735
1,696327,-0.567,-6.412,8.529,-0.094,-0.094,-0.018,40.821,16.253,-5.086
1,696344,-0.587,-6.554,8.669,-0.054,-0.101,-0.020,41.245,16.106,-5.846
1,696348,-0.615,-6.569,8.788,-0.054,-0.101,-0.020,41.245,16.779,-4.969
1,696351,-0.615,-6.569,8.788,-0.064,-0.100,-0.021,41.245,16.779,-4.969
1,696374,-0.639,-7.054,9.388,-0.100,-0.106,-0.031,41.055,16.954,-4.765
1,696377,-0.668,-7.214,9.454,-0.100,-0.106,-0.031,41.055,16.954,-4.765
1,696380,-0.668,-7.214,9.454,-0.101,-0.106,-0.029,41.055,16.954,-4.765
1,696404,-0.701,-7.226,9.276,0.001,-0.128,-0.037,40.675,17.115,-5.276
1,696408,-0.694,-7.314,9.418,0.095,-0.140,-0.039,40.675,17.115,-5.276
1,696434,-0.645,-7.645,10.061,0.286,-0.170,-0.043,40.997,16.866,-5.203
1,696438,-0.549,-7.345,9.823,0.349,-0.176,-0.043,40.997,16.866,-5.203
1,696441,-0.549,-7.345,9.823,0.349,-0.176,-0.043,40.997,16.866,-5.203
1,696463,-0.494,-6.834,9.833,0.334,-0.186,-0.051,40.719,16.998,-6.168
1,696524,-0.549,-7.601,10.214,-0.656,-0.104,-0.092,40.281,16.779,-5.145
1,696584,-0.284,-7.432,10.294,0.055,-0.180,-0.092,39.579,17.042,-4.604
1,696587,-0.284,-7.432,10.294,0.055,-0.180,-0.092,39.579,17.042,-4.604
1,696674,-0.142,-6.111,9.328,0.297,-0.213,-0.100,38.249,17.349,-5.379
1,696677,-0.142,-6.111,9.328,0.297,-0.213,-0.100,38.249,17.349,-5.379
1,696681,-0.103,-5.853,9.136,0.220,-0.203,-0.101,38.249,17.349,-5.379
1,696704,-0.075,-6.014,9.115,0.038,-0.188,-0.110,38.161,17.217,-5.422
1,696734,-0.050,-5.949,7.955,-0.039,-0.182,-0.116,37.986,17.524,-5.379
1,696738,-0.075,-6.026,7.829,0.073,-0.191,-0.115,37.986,17.524,-5.379
1,696741,-0.075,-6.026,7.829,0.073,-0.191,-0.115,37.986,17.524,-5.379
1,696763,-0.072,-6.162,7.973,0.440,-0.227,-0.110,37.650,17.670,-6.402
1,696767,-0.045,-5.720,7.668,0.617,-0.244,-0.110,37.650,17.670,-6.402
1,696770,-0.045,-5.720,7.668,0.617,-0.244,-0.110,37.650,17.670,-6.402
1,696793,-0.047,-5.323,7.262,0.722,-0.260,-0.111,37.343,17.729,-6.738
1,696797,-0.035,-5.146,7.273,0.662,-0.250,-0.111,37.562,18.489,-6.855
1,696800,-0.035,-5.146,7.273,0.662,-0.250,-0.111,37.562,18.489,-6.855
1,696824,0.004,-5.122,7.614,0.419,-0.224,-0.116,36.378,18.021,-6.124
1,696827,-0.025,-5.185,7.419,0.280,-0.213,-0.120,36.378,18.021,-6.124
1,696831,-0.025,-5.185,7.419,0.280,-0.213,-0.120,36.378,18.021,-6.124
1,696883,0.038,-4.910,7.065,-0.419,-0.137,-0.137,36.539,18.138,-7.834
1,696990,0.037,-4.843,6.182,0.276,-0.183,-0.121,35.355,18.606,-6.957
1,697004,0.072,-4.495,5.757,0.277,-0.178,-0.117,34.800,18.196,-7.118
1,697008,0.072,-4.495,5.757,0.277,-0.178,-0.117,34.800,18.196,-7.118
1,697320,0.104,-5.898,6.921,-0.238,0.005,-0.081,34.624,18.167,-7.425
1,697333,0.089,-6.395,7.354,-0.193,0.012,-0.040,34.697,18.138,-6.899
1,697337,0.089,-6.395,7.354,-0.193,0.012,-0.040,34.975,18.313,-6.548
1,697340,0.105,-6.306,7.180,-0.154,-0.018,-0.006,34.975,18.313,-6.548
1,697671,-0.343,-6.938,8.920,-0.593,0.108,0.042,37.094,17.129,-5.042
1,697723,-0.420,-6.938,8.130,-0.363,0.105,0.042,37.372,17.027,-3.800
1,697727,-0.420,-6.938,8.130,-0.363,0.105,0.042,37.767,17.188,-3.259
1,697730,-0.486,-6.933,8.408,-0.281,0.094,0.042,37.767,17.188,-3.259
1,697856,-0.659,-6.079,7.943,-0.035,0.054,0.017,38.512,16.618,-3.011
1,697934,-0.773,-6.242,7.738,-0.031,0.033,0.002,39.068,16.764,-2.616
1,697938,-0.773,-6.242,7.738,-0.031,0.033,0.002,39.652,16.720,-2.002
1,697941,-0.773,-6.242,7.738,-0.031,0.033,0.002,39.652,16.720,-2.002
1,697963,-0.841,-6.493,8.389,0.236,-0.005,0.002,39.155,16.106,-1.885
1,697967,-0.841,-6.493,8.389,0.236,-0.005,0.002,39.155,16.106,-1.885
1,697970,-0.841,-6.493,8.389,0.236,-0.005,0.002,39.155,16.106,-1.885
1,698023,-0.875,-6.458,8.639,0.327,-0.029,-0.006,39.681,16.282,-2.397
1,698027,-0.875,-6.458,8.639,0.327,-0.029,-0.006,39.842,16.749,-1.871
1,698031,-0.834,-6.337,8.371,0.327,-0.029,-0.006,39.842,16.749,-1.871
1,698114,-0.833,-6.266,8.313,0.252,-0.042,-0.017,40.164,15.478,-2.017
1,698117,-0.833,-6.266,8.313,0.252,-0.042,-0.017,40.164,15.478,-2.017
1,698121,-0.802,-6.269,8.271,0.308,-0.048,-0.017,40.164,15.478,-2.017
1,698143,-0.803,-5.929,7.679,0.309,-0.054,-0.017,40.237,16.136,-2.236
1,698147,-0.803,-5.965,8.082,0.309,-0.054,-0.017,40.237,16.136,-2.236
1,698151,-0.775,-5.965,8.082,0.270,-0.054,-0.020,40.237,16.136,-2.353
1,698234,-0.823,-6.157,7.924,-0.039,-0.035,-0.033,40.383,16.019,-2.865
1,698238,-0.835,-6.330,7.932,-0.009,-0.039,-0.033,40.383,16.019,-2.865
1,698293,-0.835,-6.274,8.192,0.198,-0.068,-0.032,40.500,15.799,-2.470
1,698354,-0.814,-5.943,8.223,0.277,-0.090,-0.033,41.143,16.092,-2.733
1,698358,-0.814,-5.943,8.223,0.277,-0.090,-0.033,41.143,16.092,-2.733
1,698383,-0.835,-6.053,7.987,0.110,-0.077,-0.039,40.851,16.077,-2.923
1,698387,-0.835,-6.053,7.987,0.110,-0.077,-0.039,40.851,16.077,-2.923
1,698414,-0.794,-5.846,7.953,0.084,-0.079,-0.039,40.997,15.975,-2.441
1,698417,-0.794,-5.846,7.953,0.084,-0.079,-0.039,40.719,15.975,-2.441
1,698421,-0.800,-5.898,7.912,0.101,-0.084,-0.039,40.719,15.975,-2.441
1,698546,-0.889,-6.258,8.264,-0.117,-0.079,-0.053,41.099,16.077,-2.412
1,698564,-0.906,-6.463,8.521,-0.269,-0.070,-0.054,41.011,16.092,-2.543
1,698568,-0.928,-6.510,8.472,-0.283,-0.070,-0.056,41.304,16.136,-1.798
1,698571,-0.928,-6.510,8.472,-0.283,-0.070,-0.056,41.304,16.136,-1.798
1,698654,-0.670,-5.779,7.827,0.310,-0.138,-0.048,41.231,15.624,-2.338
1,698658,-0.670,-5.779,7.827,0.310,-0.138,-0.048,41.231,15.624,-2.338
1,698661,-0.670,-5.779,7.827,0.310,-0.138,-0.048,41.231,15.624,-2.338
1,698683,-0.635,-5.830,7.801,0.013,-0.110,-0.053,41.011,15.609,-2.309
1,698714,-0.639,-5.901,7.779,-0.162,-0.092,-0.054,40.719,15.902,-2.382
1,698718,-0.639,-5.901,7.779,-0.162,-0.092,-0.054,41.216,16.063,-1.798
1,698744,-0.681,-6.079,7.546,-0.132,-0.095,-0.054,41.216,15.785,-2.441
1,698804,-0.684,-5.922,7.448,0.045,-0.114,-0.048,40.500,16.004,-2.338
1,698808,-0.684,-5.922,7.448,0.045,-0.114,-0.048,40.500,16.004,-2.338
1,698811,-0.707,-5.835,7.606,0.065,-0.115,-0.048,40.500,16.004,-2.338
1,699099,-1.080,-6.786,9.746,-0.227,-0.123,-0.068,40.178,16.779,-3.873
1,699134,-0.945,-6.937,9.583,-0.314,-0.130,-0.078,40.237,16.369,-3.040
1,699137,-0.945,-6.937,9.583,-0.314,-0.130,-0.078,40.237,16.369,-3.040
1,699141,-0.887,-6.858,9.137,-0.268,-0.137,-0.079,40.237,16.647,-2.514
1,699164,-0.860,-7.056,9.366,-0.094,-0.161,-0.078,39.901,16.369,-2.967
1,699166,-0.860,-7.056,9.366,-0.094,-0.161,-0.078,39.564,16.793,-2.222
1,699170,-0.820,-7.074,9.275,0.044,-0.178,-0.078,39.564,16.793,-2.222
1,699193,-0.688,-6.735,8.923,0.337,-0.206,-0.072,39.184,16.223,-2.499
1,699197,-0.688,-6.735,8.923,0.337,-0.206,-0.072,39.184,16.223,-2.499
1,699224,-0.641,-6.538,8.936,0.415,-0.219,-0.073,38.644,16.136,-4.049
1,699254,-0.586,-6.224,8.743,0.325,-0.215,-0.076,38.556,16.413,-4.005
1,699285,-0.546,-5.892,8.162,0.216,-0.208,-0.079,38.381,16.369,-4.034
1,699289,-0.540,-5.939,8.162,0.139,-0.198,-0.081,38.381,16.369,-4.034
1,699344,-0.479,-5.782,7.415,-0.283,-0.160,-0.093,37.884,16.910,-3.625
1,699347,-0.479,-5.782,7.415,-0.283,-0.160,-0.093,37.884,16.910,-3.625
1,699351,-0.479,-5.782,7.415,-0.283,-0.160,-0.093,37.884,16.910,-3.625
1,699403,-0.435,-5.447,6.982,0.002,-0.191,-0.089,37.241,17.159,-3.376
1,699407,-0.435,-5.447,6.982,0.002,-0.191,-0.089,37.562,17.553,-3.508
1,699464,-0.307,-5.231,6.730,-0.073,-0.184,-0.089,37.065,17.378,-3.727
1,699494,-0.315,-5.384,6.336,-0.219,-0.171,-0.088,36.407,17.743,-4.005
1,699524,-0.245,-5.320,6.129,-0.263,-0.170,-0.087,36.320,17.246,-3.610
1,699528,-0.245,-5.320,6.129,-0.263,-0.170,-0.087,36.320,17.246,-3.610
1,699531,-0.223,-5.563,6.164,-0.210,-0.208,-0.086,36.144,18.182,-3.230
1,699553,-0.098,-5.124,5.416,-0.062,-0.183,-0.095,36.305,17.714,-4.297
1,699557,-0.098,-5.124,5.416,-0.062,-0.183,-0.095,36.086,18.255,-3.099
1,699869,-0.281,-5.988,6.658,-0.161,-0.103,0.024,36.261,17.129,-3.464
1,699914,-0.280,-6.666,7.041,-0.035,-0.106,0.038,35.721,17.451,-4.195
1,700004,-0.242,-6.589,8.090,-0.175,-0.084,0.048,35.998,17.305,-4.063
1,700111,-0.141,-6.548,7.561,0.136,-0.111,0.060,37.314,17.246,-2.835
1,700184,-0.290,-6.754,8.268,0.026,-0.086,0.056,36.831,17.013,-2.134
1,700187,-0.290,-6.754,8.268,0.026,-0.086,0.056,36.831,17.013,-2.134
1,700213,-0.379,-6.309,7.492,0.070,-0.087,0.056,37.474,16.749,-2.368
1,700217,-0.379,-6.309,7.492,0.070,-0.087,0.056,37.474,16.749,-2.368
1,700221,-0.437,-6.492,7.699,0.084,-0.089,0.057,37.255,16.939,-2.163
1,700244,-0.450,-7.079,8.134,0.180,-0.093,0.059,37.752,16.735,-2.295
1,700247,-0.450,-7.079,8.134,0.180,-0.093,0.059,37.986,16.793,-1.944
1,700250,-0.404,-6.548,7.479,0.222,-0.093,0.061,37.986,16.793,-1.944
1,700273,-0.398,-6.331,7.597,0.236,-0.093,0.060,37.635,17.071,-1.900
1,700277,-0.398,-6.944,7.893,0.236,-0.093,0.060,37.635,17.071,-1.900
1,700303,-0.457,-6.907,8.297,0.303,-0.099,0.060,37.840,16.428,-2.148
1,700307,-0.419,-6.115,7.534,0.296,-0.093,0.062,38.088,17.875,-2.397
1,700311,-0.419,-6.115,7.534,0.296,-0.093,0.062,38.088,17.875,-2.397
1,700333,-0.437,-6.628,7.945,0.177,-0.078,0.057,38.541,16.735,-2.119
1,700336,-0.482,-7.055,8.169,0.120,-0.072,0.056,38.541,16.735,-2.119
1,700393,-0.544,-6.842,8.076,0.084,-0.066,0.051,38.673,16.603,-2.368
1,700397,-0.558,-7.019,7.966,0.081,-0.065,0.051,38.892,17.100,-2.119
1,700400,-0.558,-7.019,7.966,0.081,-0.065,0.051,38.892,17.100,-2.119
1,700423,-0.431,-6.148,7.469,0.130,-0.070,0.051,38.965,16.413,-2.514
1,700427,-0.431,-6.148,7.469,0.140,-0.070,0.051,38.965,16.413,-2.514
1,700430,-0.431,-6.148,7.469,0.140,-0.070,0.051,38.965,16.413,-2.514
1,700514,-0.475,-6.095,7.622,0.116,-0.065,0.038,39.506,16.516,-2.032
1,700517,-0.475,-6.095,7.622,0.116,-0.065,0.038,39.506,16.516,-2.032
1,700521,-0.451,-5.976,7.638,0.062,-0.059,0.038,39.214,16.574,-1.681
1,700603,-0.607,-6.587,7.850,0.055,-0.062,0.023,39.301,16.413,-2.105
1,700664,-0.725,-5.885,7.525,0.136,-0.075,0.017,39.404,16.706,-2.967
1,700693,-0.782,-6.616,8.084,-0.142,-0.054,0.005,39.901,16.501,-2.777
1,700724,-0.786,-6.494,7.881,0.116,-0.081,0.006,39.769,16.545,-2.032
1,700728,-0.796,-6.404,7.899,0.180,-0.089,0.006,39.769,16.545,-2.032
1,700731,-0.796,-6.404,7.899,0.180,-0.089,0.006,39.769,16.545,-2.032
1,700784,-0.904,-6.456,7.898,0.106,-0.099,-0.007,40.164,16.413,-2.324
1,700788,-0.904,-6.456,7.898,0.106,-0.099,-0.007,40.164,16.413,-2.324
1,700791,-0.904,-6.456,7.898,0.106,-0.099,-0.007,40.164,16.413,-2.324
1,700813,-0.904,-6.378,8.011,0.059,-0.106,-0.013,40.295,16.165,-3.449
1,700817,-0.904,-6.378,8.011,0.059,-0.106,-0.013,40.295,16.165,-3.449
1,700820,-0.904,-6.378,8.011,0.059,-0.106,-0.013,40.295,16.165,-3.449
1,700843,-0.828,-6.384,7.734,-0.121,-0.097,-0.023,39.915,16.004,-2.865
1,700874,-0.721,-6.914,8.193,-0.147,-0.103,-0.031,40.310,16.282,-1.871
1,700876,-0.721,-6.914,8.193,-0.147,-0.103,-0.031,40.310,16.282,-1.871
1,700880,-0.663,-6.940,8.002,-0.147,-0.120,-0.032,40.310,16.282,-1.871
1,701037,-0.455,-6.252,7.423,-0.051,-0.092,-0.021,40.237,16.589,-2.894
1,701054,-0.475,-6.359,7.435,-0.045,-0.086,-0.018,40.398,16.735,-2.777
1,701057,-0.491,-6.414,7.445,-0.028,-0.090,-0.018,40.398,16.735,-2.777
1,701061,-0.491,-6.414,7.445,-0.028,-0.090,-0.018,40.441,16.852,-2.251
1,701083,-0.510,-6.301,7.463,0.010,-0.094,-0.018,40.281,16.676,-2.777
1,701086,-0.517,-6.333,7.537,0.018,-0.089,-0.016,40.690,16.881,-2.645
1,701114,-0.560,-6.416,7.473,0.024,-0.086,-0.015,40.690,16.749,-2.821
1,701118,-0.560,-6.416,7.473,0.024,-0.086,-0.015,40.690,16.749,-2.821
1,701143,-0.627,-6.418,7.586,-0.015,-0.078,-0.013,40.339,16.516,-2.792
1,701147,-0.627,-6.418,7.586,-0.015,-0.078,-0.013,40.339,16.516,-2.397
1,701150,-0.627,-6.418,7.586,-0.015,-0.078,-0.013,40.661,16.530,-2.397
1,701173,-0.688,-6.485,7.468,-0.009,-0.077,-0.012,40.529,15.989,-2.368
1,701306,-0.769,-6.395,7.458,-0.121,-0.060,-0.021,40.734,15.770,-2.046
1,701324,-0.811,-6.674,7.437,-0.121,-0.060,-0.023,40.938,16.048,-2.119
1,701328,-0.791,-6.571,7.391,-0.121,-0.060,-0.023,40.938,16.048,-2.119
1,701331,-0.791,-6.571,7.391,-0.098,-0.062,-0.024,40.938,16.048,-2.119
1,701353,-0.822,-6.617,7.558,-0.053,-0.067,-0.024,40.968,15.770,-2.382
1,701357,-0.848,-6.731,7.573,-0.053,-0.067,-0.023,40.968,15.770,-2.382
1,701360,-0.848,-6.731,7.573,-0.037,-0.065,-0.023,40.807,15.843,-1.432
1,701383,-0.816,-6.759,7.515,0.001,-0.073,-0.026,41.070,16.311,-1.973
1,701444,-0.814,-6.680,7.639,-0.071,-0.064,-0.028,40.661,15.960,-1.008
1,701448,-0.812,-6.680,7.639,-0.092,-0.062,-0.031,40.661,15.960,-1.008
1,701451,-0.812,-6.680,7.639,-0.092,-0.062,-0.031,41.070,16.004,-1.403
1,701534,-0.936,-7.244,8.158,-0.312,-0.048,-0.042,40.441,15.887,-0.877
1,701640,-1.206,-8.969,9.915,0.673,-0.165,-0.046,40.120,16.194,-1.008
1,701654,-1.172,-8.674,9.897,0.794,-0.180,-0.046,40.412,15.989,-1.462
1,701658,-1.172,-8.674,9.897,0.794,-0.180,-0.046,40.412,15.989,-1.462
1,701684,-1.031,-7.997,9.953,0.825,-0.191,-0.054,40.368,15.799,-2.134
1,701688,-0.954,-7.641,9.899,0.825,-0.183,-0.060,40.427,16.413,-2.061
1,701691,-0.954,-7.641,9.899,0.710,-0.183,-0.060,40.427,16.413,-2.061
1,701743,-0.670,-7.015,9.202,-0.919,-0.043,-0.101,40.003,16.516,-2.572
1,701747,-0.648,-7.462,9.141,-1.250,-0.013,-0.109,40.003,16.516,-2.572
1,701750,-0.648,-7.462,9.141,-1.250,-0.013,-0.109,40.208,16.969,-0.965
1,701774,-0.638,-7.551,8.091,-1.184,-0.026,-0.110,39.857,16.428,0.307
1,701778,-0.703,-8.197,7.787,-1.064,-0.040,-0.112,39.857,16.428,0.307
1,701781,-0.703,-8.197,7.787,-1.064,-0.040,-0.112,39.857,16.428,0.307
1,701803,-0.796,-8.898,8.082,0.033,-0.150,-0.094,39.199,16.267,-0.526
1,701910,-0.443,-6.487,8.329,0.360,-0.192,-0.093,38.746,16.896,-2.733
1,701923,-0.401,-6.402,8.138,0.150,-0.169,-0.095,38.585,16.983,-2.792
1,701927,-0.401,-6.402,8.138,0.150,-0.169,-0.095,38.512,16.823,-2.792
1,701931,-0.402,-6.318,7.771,0.059,-0.158,-0.097,38.512,16.823,-2.792
1,701953,-0.379,-6.106,7.899,-0.110,-0.138,-0.101,38.395,16.969,-3.099
1,701957,-0.379,-6.106,7.899,-0.110,-0.138,-0.101,38.395,16.969,-3.099
1,701960,-0.434,-6.258,8.119,-0.186,-0.128,-0.101,38.395,16.969,-3.099
1,702218,-0.306,-4.745,5.101,-0.590,-0.026,-0.075,36.934,17.466,-2.719
1,702253,-0.275,-4.814,4.936,-0.412,-0.043,-0.062,36.758,17.393,-2.090
1,702285,-0.343,-5.572,5.203,-0.233,-0.062,-0.070,36.510,17.758,-1.783
1,702313,-0.279,-5.289,5.234,0.115,-0.095,-0.059,36.364,17.597,-2.119
1,702344,-0.165,-5.128,4.445,0.261,-0.114,-0.056,35.954,17.816,-2.178
1,702374,-0.173,-5.576,4.930,0.380,-0.120,-0.044,35.911,17.875,-2.251
1,702377,-0.173,-5.576,4.489,0.380,-0.120,-0.044,36.232,17.904,-2.032
1,702404,-0.084,-4.414,3.955,0.472,-0.127,-0.032,36.291,17.816,-2.470
1,702408,-0.105,-4.515,4.140,0.472,-0.127,-0.029,36.291,17.816,-2.470
1,702433,-0.243,-5.474,4.891,0.252,-0.106,-0.011,36.130,17.802,-3.084
1,702494,-0.364,-5.890,5.403,-0.148,-0.066,-0.006,36.671,17.173,-2.265
1,702498,-0.370,-5.701,5.493,-0.140,-0.048,-0.020,36.671,17.173,-2.265
1,702500,-0.370,-5.701,5.493,-0.140,-0.048,-0.020,37.460,16.983,-1.885
1,702523,-0.333,-5.617,5.905,-0.097,-0.081,-0.032,36.963,16.662,-2.324
1,702527,-0.370,-6.089,6.029,-0.084,-0.075,-0.021,36.904,17.495,-1.944
1,702530,-0.370,-6.089,6.029,-0.084,-0.075,-0.021,36.904,17.495,-1.944
1,702583,-0.487,-6.792,6.968,0.004,-0.076,-0.005,37.284,17.056,-2.280
1,702644,-0.488,-7.155,7.625,-0.050,-0.066,0.001,37.854,17.013,-2.032
1,702648,-0.488,-7.155,7.625,-0.050,-0.066,0.001,37.854,17.013,-2.032
1,702651,-0.392,-6.811,7.390,-0.084,-0.062,0.001,37.854,17.451,-1.447
1,702703,-0.469,-7.362,7.825,0.029,-0.068,0.009,38.308,17.232,-1.374
1,702733,-0.380,-6.719,7.358,0.078,-0.068,0.011,37.986,17.407,-2.309
1,702737,-0.380,-6.719,7.358,0.078,-0.068,0.011,37.986,17.407,-2.309
1,702740,-0.486,-7.366,7.714,0.092,-0.065,0.013,38.249,17.495,-1.491
1,702763,-0.482,-7.241,8.203,0.177,-0.072,0.013,38.366,16.954,-1.827
1,702793,-0.561,-7.102,7.725,0.327,-0.081,0.016,38.293,16.925,-0.950
1,702883,-0.731,-6.986,7.826,0.130,-0.051,0.001,39.068,16.779,-2.309
1,702943,-0.815,-7.011,7.743,-0.153,-0.033,-0.011,39.053,16.238,-1.915
1,703034,-0.713,-6.497,7.771,0.035,-0.070,-0.018,39.652,16.384,-2.178
1,703038,-0.713,-6.497,7.771,0.035,-0.070,-0.018,39.652,16.384,-2.178
1,703041,-0.658,-6.455,7.490,-0.018,-0.064,-0.018,39.506,16.764,-1.578
1,703093,-0.654,-6.639,7.826,0.233,-0.100,-0.020,39.389,16.384,-1.169
1,703124,-0.625,-6.463,7.913,0.120,-0.094,-0.022,39.711,16.706,-1.447
1,703127,-0.602,-6.584,8.104,0.048,-0.083,-0.023,39.711,16.662,-1.213
1,703130,-0.602,-6.584,8.104,0.048,-0.083,-0.023,39.711,16.662,-1.213
1,703154,-0.569,-6.635,7.686,0.007,-0.084,-0.027,39.828,16.647,-1.096
1,703214,-0.658,-6.733,7.835,0.016,-0.088,-0.018,39.608,17.013,-1.359
1,703218,-0.658,-6.733,7.835,0.064,-0.088,-0.018,39.886,16.633,-0.585
1,703221,-0.658,-6.733,7.835,0.064,-0.088,-0.018,39.886,16.633,-0.585
1,703243,-0.742,-6.583,7.732,0.165,-0.099,-0.013,39.944,16.749,-1.462
1,703247,-0.756,-6.583,7.732,0.180,-0.099,-0.011,39.944,16.749,-1.462
1,703250,-0.756,-6.583,7.732,0.180,-0.099,-0.011,39.944,16.749,-1.462
1,703274,-0.725,-6.548,7.923,0.010,-0.087,-0.011,39.828,16.559,-1.184
1,703278,-0.725,-6.548,7.923,0.010,-0.087,-0.011,39.828,16.559,-1.082
1,703281,-0.725,-6.548,7.923,0.010,-0.087,-0.011,40.573,16.925,-1.082
1,703303,-0.784,-7.060,7.724,-0.053,-0.081,-0.012,39.959,16.194,-0.628
1,703307,-0.784,-7.060,7.724,-0.053,-0.081,-0.012,39.959,16.194,-0.628
1,703310,-0.784,-7.060,7.724,-0.053,-0.081,-0.012,39.959,16.194,-0.628
1,703333,-0.755,-6.631,7.390,0.112,-0.098,-0.007,40.178,16.150,-0.950
1,703336,-0.755,-6.631,7.390,0.112,-0.098,-0.007,40.178,16.150,-0.950
1,703340,-0.755,-6.578,7.129,0.112,-0.098,-0.007,40.178,16.150,-0.848
1,703363,-0.792,-6.887,7.444,0.206,-0.109,-0.005,39.564,16.633,-1.242
1,703367,-0.792,-6.887,7.444,0.206,-0.109,-0.005,39.740,16.954,-0.848
1,703371,-0.775,-6.858,7.527,0.206,-0.112,-0.004,39.740,16.954,-0.848
1,703393,-0.766,-6.573,7.336,0.395,-0.127,0.000,39.462,16.296,-1.169
1,703397,-0.766,-6.573,7.336,0.395,-0.127,0.000,39.462,16.296,-1.169
1,703400,-0.721,-6.562,7.208,0.393,-0.130,0.000,39.462,16.296,-1.169
1,703423,-0.705,-6.419,7.360,0.254,-0.117,-0.002,39.564,16.106,-1.315
1,703426,-0.705,-6.419,7.360,0.254,-0.117,-0.002,39.564,16.106,-1.315
1,703453,-0.757,-6.598,7.248,0.059,-0.098,-0.006,40.032,16.179,-1.169
1,703689,-0.687,-6.397,7.435,-0.321,-0.066,-0.013,40.091,16.443,-1.973
1,703753,-0.739,-6.613,7.419,0.112,-0.111,-0.007,40.032,16.443,-0.833
1,703757,-0.739,-6.613,7.419,0.112,-0.111,-0.007,39.901,16.472,-0.628
1,703761,-0.749,-6.562,7.436,0.133,-0.115,-0.007,39.901,16.472,-0.628
1,703813,-0.769,-6.671,7.485,-0.060,-0.095,-0.012,40.821,16.559,-0.658
1,703874,-0.782,-6.812,7.412,-0.043,-0.094,-0.010,40.529,16.486,-0.979
1,703934,-0.792,-6.816,7.327,-0.117,-0.086,-0.011,40.573,16.092,0.146
1,703937,-0.792,-6.816,7.327,-0.121,-0.086,-0.011,40.573,16.092,0.146
1,703941,-0.792,-6.816,7.327,-0.121,-0.086,-0.011,40.573,16.092,0.146
1,703994,-0.763,-7.031,7.321,0.032,-0.101,-0.009,40.573,15.960,0.351
1,703998,-0.763,-7.031,7.321,0.032,-0.101,-0.009,40.573,15.960,0.351
1,704000,-0.763,-7.031,7.321,0.032,-0.101,-0.009,40.573,15.960,0.351
1,704023,-0.727,-6.981,7.302,0.057,-0.105,-0.010,40.792,16.106,-0.424
1,704053,-0.677,-6.973,7.267,0.056,-0.104,-0.011,40.938,16.267,-0.614
1,704057,-0.677,-6.973,7.267,0.056,-0.104,-0.011,40.763,16.808,-0.234
1,704083,-0.656,-6.983,7.287,0.007,-0.100,-0.015,41.114,16.355,-0.088
1,704086,-0.656,-6.983,7.287,0.007,-0.100,-0.015,41.114,16.355,-0.088
1,704090,-0.652,-7.038,7.284,-0.011,-0.097,-0.013,41.114,16.355,-0.088
1,704113,-0.615,-7.115,7.364,0.022,-0.100,-0.016,40.807,16.063,-0.380
1,704117,-0.615,-7.115,7.364,0.022,-0.100,-0.016,40.807,16.063,-0.380
1,704120,-0.680,-7.212,7.370,0.073,-0.105,-0.013,41.158,16.399,0.000
1,704143,-0.664,-7.323,7.589,0.197,-0.120,-0.013,40.924,15.989,-0.526
1,704147,-0.664,-7.323,7.589,0.197,-0.120,-0.013,40.924,15.989,-0.526
1,704150,-0.689,-7.393,7.895,0.224,-0.122,-0.015,40.924,15.989,-0.526
1,704173,-0.724,-7.610,8.486,0.153,-0.117,-0.018,41.011,15.770,0.073
1,704176,-0.724,-7.917,8.706,0.153,-0.117,-0.018,41.011,15.770,0.073
1,704180,-0.780,-7.814,8.706,0.050,-0.108,-0.020,41.011,15.770,0.117
1,704203,-0.775,-8.040,9.051,-0.184,-0.088,-0.028,41.348,15.960,-0.015
1,704264,-0.786,-8.715,9.885,0.415,-0.156,-0.027,40.968,16.267,-0.322
1,704293,-0.870,-8.052,10.061,0.452,-0.166,-0.032,40.339,15.946,-0.570
1,704353,-0.991,-7.481,9.917,-0.513,-0.094,-0.066,40.208,16.384,-0.614
1,704357,-0.991,-7.481,9.917,-0.513,-0.094,-0.066,40.339,16.676,-0.073
1,704383,-0.933,-7.860,9.143,-0.805,-0.073,-0.081,40.251,16.223,0.146
1,704387,-0.933,-7.860,9.143,-0.805,-0.073,-0.081,40.251,16.223,0.146
1,704391,-0.927,-7.962,8.898,-0.805,-0.073,-0.081,40.251,16.223,0.146
1,704413,-0.876,-7.838,8.746,-0.465,-0.109,-0.078,40.149,16.121,1.198
1,704416,-0.876,-7.838,8.746,-0.465,-0.109,-0.078,40.149,16.121,1.198
1,704444,-0.753,-7.667,8.310,0.665,-0.221,-0.057,39.915,16.150,0.555
1,704448,-0.753,-7.667,8.310,0.665,-0.221,-0.057,39.915,16.150,0.555
1,704451,-0.664,-7.139,8.334,0.790,-0.231,-0.054,39.915,16.150,0.555
1,704474,-0.623,-6.814,8.073,0.778,-0.233,-0.055,39.491,16.253,-1.403
1,704477,-0.623,-6.814,8.073,0.778,-0.233,-0.055,39.491,16.253,-1.403
1,704534,-0.617,-6.502,7.535,0.170,-0.178,-0.066,38.980,16.691,-2.251
1,704538,-0.632,-6.702,7.501,0.170,-0.164,-0.070,38.980,16.691,-2.251
1,704563,-0.623,-6.595,7.242,-0.183,-0.144,-0.072,38.746,16.559,-1.710
1,704567,-0.560,-6.633,7.000,-0.205,-0.138,-0.073,38.746,16.559,-1.710
1,704593,-0.659,-7.072,6.471,-0.083,-0.154,-0.075,38.424,16.545,-1.827
1,704597,-0.633,-7.164,6.552,0.035,-0.164,-0.073,38.322,16.559,-1.403
1,704757,-0.445,-5.214,4.786,-0.286,-0.115,-0.082,37.197,17.159,-3.172
1,704774,-0.453,-5.030,4.700,1.186,-0.235,-0.127,37.548,15.697,-3.888
1,704983,-0.100,-5.397,5.253,-0.094,-0.108,-0.022,37.270,15.054,-3.727
1,704986,-0.151,-5.956,5.600,-0.177,-0.098,-0.021,37.065,15.200,-3.727
1,705043,-0.227,-6.860,5.971,-0.481,-0.059,-0.040,37.314,15.478,-4.531
1,705073,-0.211,-6.090,6.255,-0.097,-0.092,-0.017,37.109,16.121,-3.537
1,705077,-0.211,-6.090,6.255,-0.097,-0.092,-0.017,37.109,16.121,-3.537
1,705081,-0.211,-6.090,6.255,-0.097,-0.092,-0.017,37.109,16.121,-3.537
1,705133,-0.167,-6.262,6.743,-0.125,-0.087,-0.010,37.182,15.989,-3.420
1,705136,-0.167,-6.262,6.743,-0.125,-0.087,-0.010,37.241,15.989,-3.420
1,705194,-0.276,-6.723,7.507,-0.073,-0.062,-0.001,37.401,15.580,-3.215
1,705224,-0.345,-6.939,8.028,-0.093,-0.056,0.001,37.328,15.405,-3.274
1,705228,-0.361,-6.910,8.058,-0.093,-0.056,0.001,37.328,15.405,-3.274
1,705231,-0.361,-6.910,8.058,-0.078,-0.056,0.001,37.328,15.405,-3.274
1,705314,-0.413,-7.101,7.890,-0.156,-0.044,0.001,37.898,15.770,-1.871
1,705374,-0.538,-7.078,7.979,0.171,-0.078,0.001,38.161,15.916,-2.485
1,705377,-0.538,-7.078,7.979,0.171,-0.078,0.001,38.161,15.916,-2.485
1,705381,-0.538,-7.078,7.979,0.171,-0.078,0.001,38.161,15.916,-2.485
1,705433,-0.474,-7.120,8.042,0.171,-0.082,-0.009,38.337,15.522,-2.397
1,705437,-0.474,-7.120,8.042,0.171,-0.082,-0.009,38.234,15.873,-1.929
1,705440,-0.474,-7.120,8.042,0.171,-0.082,-0.009,38.234,15.873,-1.929
1,705463,-0.487,-6.812,8.142,-0.035,-0.062,-0.016,38.015,15.346,-2.631
1,705467,-0.487,-6.812,8.142,-0.035,-0.062,-0.016,38.015,15.346,-2.631
1,705471,-0.548,-7.018,8.262,-0.035,-0.062,-0.018,38.015,15.346,-2.631
1,705494,-0.575,-7.274,7.747,-0.145,-0.054,-0.022,38.761,15.493,-2.280
1,705497,-0.575,-7.274,7.747,-0.145,-0.054,-0.022,38.761,15.916,-2.017
1,705554,-0.447,-6.916,7.787,0.384,-0.100,-0.011,38.688,15.522,-2.733
1,705557,-0.447,-6.916,7.787,0.384,-0.100,-0.011,38.688,15.522,-2.733
1,705561,-0.446,-6.639,7.615,0.384,-0.100,-0.013,38.878,15.770,-1.856
1,705583,-0.407,-6.568,7.694,0.246,-0.088,-0.017,39.126,15.434,-2.295
1,705586,-0.407,-6.568,7.694,0.246,-0.088,-0.017,38.863,15.624,-1.944
1,705590,-0.396,-6.593,7.609,0.144,-0.076,-0.018,38.863,15.624,-1.944
1,705643,-0.497,-6.814,7.388,0.076,-0.066,-0.018,38.907,15.639,-2.397
1,705674,-0.469,-6.627,7.567,0.166,-0.071,-0.017,39.652,15.039,-1.798
1,705704,-0.530,-6.846,7.554,0.016,-0.057,-0.020,38.673,14.996,-2.485
1,705764,-0.675,-6.877,7.412,0.370,-0.095,-0.017,39.258,15.288,-2.616
1,705824,-0.638,-6.644,7.390,0.046,-0.070,-0.026,39.111,15.478,-2.748
1,705828,-0.638,-6.644,7.390,0.046,-0.070,-0.026,39.111,15.478,-2.748
1,705853,-0.641,-6.890,7.378,0.050,-0.072,-0.028,39.345,15.376,-2.835
1,705914,-0.695,-6.634,7.280,0.158,-0.092,-0.032,39.725,15.390,-3.245
1,705974,-0.670,-6.427,7.100,0.310,-0.116,-0.040,39.550,15.171,-2.967
1,706034,-0.474,-6.372,7.539,-0.219,-0.076,-0.059,39.725,15.244,-3.084
1,706038,-0.447,-6.421,7.451,-0.352,-0.065,-0.062,39.754,15.712,-2.894
1,706041,-0.447,-6.421,7.451,-0.352,-0.065,-0.062,39.754,15.712,-2.894
1,706094,-0.400,-7.164,7.497,0.082,-0.108,-0.057,39.667,15.361,-1.842
1,706097,-0.400,-7.164,7.497,0.082,-0.108,-0.057,39.667,15.361,-1.842
1,706184,-0.238,-6.631,7.533,-0.252,-0.068,-0.053,39.272,15.273,-2.909
1,706188,-0.238,-6.631,7.533,-0.252,-0.068,-0.053,39.784,15.609,-2.178
1,706191,-0.206,-6.687,7.582,-0.327,-0.056,-0.051,39.784,15.609,-2.178
1,706244,-0.343,-6.985,7.304,-0.088,-0.079,-0.043,39.345,15.171,-1.944
1,706247,-0.343,-6.985,7.304,-0.088,-0.079,-0.043,39.345,15.171,-1.944
1,706304,-0.318,-6.663,7.332,0.208,-0.104,-0.031,38.965,15.303,-2.251
1,706308,-0.309,-6.605,7.346,0.182,-0.100,-0.029,38.965,15.303,-2.251
1,706311,-0.309,-6.605,7.346,0.182,-0.100,-0.029,38.965,15.303,-2.251
1,706333,-0.296,-6.451,7.285,0.086,-0.088,-0.028,39.448,15.551,-2.952
1,706336,-0.322,-6.492,7.320,0.086,-0.086,-0.032,40.061,15.785,-2.075
1,706393,-0.365,-6.577,7.127,-0.087,-0.070,-0.027,39.623,15.566,-2.148
1,706397,-0.398,-6.656,7.187,-0.048,-0.073,-0.026,39.623,15.566,-2.148
1,706401,-0.398,-6.656,7.187,-0.048,-0.073,-0.026,39.594,15.726,-1.856
1,706424,-0.410,-6.526,7.175,0.012,-0.078,-0.023,39.301,15.142,-2.616
1,706427,-0.410,-6.526,7.175,0.024,-0.077,-0.021,40.003,16.048,-1.111
1,706431,-0.410,-6.526,7.175,0.024,-0.077,-0.021,40.003,16.048,-1.111
1,706454,-0.475,-6.616,7.199,-0.016,-0.070,-0.017,39.842,15.434,-2.222
1,706484,-0.506,-6.592,7.139,-0.048,-0.065,-0.015,39.579,15.595,-2.543
1,706488,-0.506,-6.592,7.139,-0.048,-0.065,-0.015,39.974,15.843,-1.593
1,706491,-0.506,-6.592,7.139,-0.048,-0.065,-0.015,39.974,15.843,-1.593
1,706513,-0.560,-6.546,6.943,0.001,-0.068,-0.012,39.564,15.595,-0.994
1,706517,-0.560,-6.546,6.943,0.001,-0.068,-0.012,39.564,15.595,-0.994
1,706520,-0.560,-6.546,6.943,0.001,-0.068,-0.012,39.564,15.595,-0.994
1,706543,-0.586,-6.482,6.962,0.072,-0.073,-0.006,39.959,15.551,-2.061
1,706547,-0.586,-6.482,6.962,0.072,-0.073,-0.006,39.959,15.551,-2.061
1,706550,-0.615,-6.511,7.019,0.072,-0.073,-0.002,39.959,15.829,-1.666
1,706574,-0.616,-6.403,6.938,0.060,-0.071,-0.005,39.988,15.770,-1.491
1,706604,-0.642,-6.587,7.011,-0.039,-0.060,-0.001,39.813,15.697,-1.768
1,706608,-0.642,-6.587,7.011,-0.039,-0.060,-0.001,39.813,15.697,-1.768
1,706611,-0.636,-6.634,7.033,-0.060,-0.057,-0.001,39.813,15.697,-1.768
1,706633,-0.686,-6.793,7.096,-0.062,-0.054,-0.001,39.915,15.902,-0.848
1,706637,-0.686,-6.793,7.096,-0.062,-0.054,-0.001,39.915,15.902,-0.848
1,706664,-0.688,-6.921,7.141,-0.001,-0.061,0.001,40.047,15.683,-0.205
1,706667,-0.693,-6.964,7.198,-0.001,-0.061,0.001,40.047,15.683,-0.205
1,706670,-0.693,-6.964,7.198,0.013,-0.064,0.001,40.047,15.683,-0.205
1,706693,-0.724,-7.111,7.389,0.023,-0.067,0.004,40.091,15.683,-1.125
1,706754,-0.721,-7.316,7.391,-0.167,-0.053,-0.004,40.529,15.434,-0.351
1,706784,-0.698,-7.338,7.061,-0.028,-0.071,-0.002,40.588,14.893,0.117
1,706787,-0.709,-7.383,7.333,0.044,-0.078,-0.001,40.588,14.893,0.117
1,706893,-0.737,-7.764,8.110,-0.092,-0.075,-0.013,40.354,15.259,-0.789
1,706904,-0.738,-7.791,8.218,-0.176,-0.068,-0.015,40.441,15.156,0.292
1,706907,-0.738,-7.791,8.218,-0.176,-0.068,-0.015,40.441,15.156,0.292
1,706911,-0.757,-7.993,8.540,-0.176,-0.068,-0.021,40.441,15.156,0.292
1,707037,-0.742,-8.093,9.264,1.173,-0.219,-0.009,40.602,15.390,-0.921
1,707114,-0.585,-8.363,9.060,-0.820,-0.040,-0.054,39.652,15.390,-1.286
1,707144,-0.753,-8.696,9.044,-0.795,-0.056,-0.054,39.448,15.361,0.044
1,707174,-0.670,-8.412,8.953,0.243,-0.147,-0.040,39.696,15.493,-0.526
1,707178,-0.670,-8.412,8.953,0.243,-0.147,-0.040,39.638,15.507,-0.219
1,707181,-0.670,-8.412,8.953,0.243,-0.147,-0.040,39.638,15.507,-0.219
1,707204,-0.671,-8.047,8.557,0.617,-0.182,-0.034,38.819,15.478,-0.892
1,707264,-0.695,-6.951,8.071,0.749,-0.202,-0.040,38.746,15.609,-2.514
1,707293,-0.560,-6.225,7.576,0.657,-0.194,-0.045,38.892,15.113,-2.982
1,707297,-0.560,-6.225,7.576,0.657,-0.194,-0.045,38.892,15.113,-2.982
1,707325,-0.446,-5.877,7.211,0.718,-0.202,-0.048,38.074,15.361,-3.683
1,707329,-0.446,-5.877,7.140,0.718,-0.202,-0.048,38.161,15.390,-3.844
1,707332,-0.368,-5.529,7.140,0.742,-0.208,-0.049,38.161,15.390,-3.844
1,707353,-0.408,-5.116,6.607,0.665,-0.200,-0.050,37.957,15.171,-4.633
1,707357,-0.408,-5.116,6.607,0.665,-0.200,-0.050,37.957,15.171,-4.633
1,707361,-0.470,-5.133,6.535,0.539,-0.187,-0.055,37.957,15.171,-4.633
1,707383,-0.508,-4.604,6.500,0.159,-0.151,-0.061,37.781,15.025,-5.539
1,707387,-0.489,-4.540,6.286,0.159,-0.151,-0.061,37.781,15.025,-5.539
1,707390,-0.489,-4.540,6.286,-0.061,-0.128,-0.066,37.679,15.039,-5.028
1,707414,-0.513,-4.909,5.838,-0.395,-0.101,-0.073,37.986,14.820,-4.940
1,707417,-0.486,-4.941,5.544,-0.478,-0.093,-0.078,37.357,15.580,-4.151
1,707420,-0.486,-4.941,5.544,-0.478,-0.093,-0.078,37.357,15.580,-4.151
1,707444,-0.384,-4.881,5.527,-0.492,-0.098,-0.081,37.080,15.303,-3.610
1,707447,-0.357,-5.045,5.387,-0.424,-0.101,-0.081,37.080,15.303,-3.610
1,707451,-0.357,-5.045,5.387,-0.424,-0.101,-0.081,37.080,15.303,-3.610
1,707473,-0.270,-4.962,4.728,-0.209,-0.126,-0.079,36.904,15.785,-3.859
1,707477,-0.312,-4.808,4.717,-0.095,-0.144,-0.098,36.904,15.785,-3.859
1,707481,-0.312,-4.808,4.717,-0.095,-0.144,-0.098,37.270,15.726,-3.420
1,707709,0.006,-5.271,5.086,0.068,-0.145,-0.060,36.013,15.975,-5.452
1,707744,-0.014,-5.518,5.654,-0.323,-0.109,-0.059,36.276,16.063,-5.013
1,707774,-0.218,-6.461,6.310,-0.529,-0.094,-0.066,36.217,16.296,-4.940
1,707834,-0.371,-6.699,7.207,-0.260,-0.093,-0.046,36.656,16.150,-3.069
1,707837,-0.311,-6.699,7.207,-0.161,-0.098,-0.043,36.656,16.150,-3.069
1,707841,-0.311,-6.699,7.207,-0.161,-0.098,-0.043,36.656,16.150,-3.289
1,707864,-0.340,-6.954,7.391,-0.123,-0.094,-0.039,36.671,16.340,-3.756
1,707867,-0.340,-6.954,7.391,-0.188,-0.087,-0.040,36.758,16.866,-3.712
1,707871,-0.340,-6.954,7.391,-0.188,-0.087,-0.040,36.758,16.866,-3.712
1,707893,-0.339,-6.893,7.927,-0.404,-0.060,-0.040,36.685,16.121,-2.996
1,707897,-0.339,-6.893,7.927,-0.404,-0.060,-0.040,36.685,16.121,-2.996
1,707955,-0.343,-7.080,7.657,-0.079,-0.079,-0.029,36.817,15.902,-1.695
1,707958,-0.343,-7.080,7.657,-0.079,-0.079,-0.029,36.261,15.902,-1.695
1,707984,-0.397,-7.271,7.829,0.076,-0.092,-0.023,37.080,15.887,-2.660
1,707988,-0.397,-7.271,7.829,0.076,-0.092,-0.023,37.080,15.887,-2.660
1,708044,-0.270,-7.206,8.307,0.312,-0.105,-0.016,37.328,15.975,-2.572
1,708048,-0.270,-7.206,8.307,0.312,-0.105,-0.016,37.328,15.975,-2.572
1,708051,-0.284,-7.095,8.166,0.337,-0.108,-0.016,37.328,15.975,-2.572
1,708074,-0.217,-7.162,7.962,0.357,-0.109,-0.016,37.241,15.843,-2.178
1,708104,0.012,-6.676,8.465,0.358,-0.108,-0.018,37.591,15.931,-2.865
1,708134,0.067,-6.463,8.164,0.121,-0.084,-0.026,37.065,15.449,-2.806
1,708194,-0.111,-6.511,8.024,-0.083,-0.057,-0.033,37.562,16.443,-2.719
1,708198,-0.111,-6.511,8.024,-0.004,-0.062,-0.031,37.562,16.443,-2.719
1,708202,-0.111,-6.511,8.024,-0.004,-0.062,-0.031,37.562,16.443,-2.719
1,708253,-0.156,-6.441,7.767,0.351,-0.092,-0.018,38.015,15.960,-2.923
1,708284,-0.127,-6.645,8.008,0.345,-0.087,-0.017,38.147,15.843,-3.303
1,708288,-0.127,-6.645,8.008,0.345,-0.087,-0.017,38.147,15.843,-3.303
1,708344,-0.179,-6.644,8.112,0.064,-0.048,-0.015,38.512,15.799,-2.265
1,708374,-0.246,-6.946,7.858,0.057,-0.043,-0.012,38.351,15.697,-2.704
1,708405,-0.250,-6.457,7.941,0.134,-0.045,-0.007,38.293,15.829,-2.265
1,708408,-0.250,-6.562,7.874,0.134,-0.045,-0.007,38.571,16.077,-2.309
1,708464,-0.374,-6.441,7.719,0.277,-0.050,0.000,38.702,15.200,-3.142
1,708468,-0.383,-6.493,7.484,0.352,-0.059,0.004,38.702,15.200,-3.142
1,708471,-0.383,-6.493,7.484,0.352,-0.059,0.004,39.024,16.121,-2.090
1,708494,-0.443,-6.248,7.268,0.457,-0.066,0.006,38.746,16.179,-2.821
1,708498,-0.435,-5.943,7.487,0.447,-0.065,0.005,38.746,16.179,-2.821
1,708500,-0.435,-5.943,7.487,0.447,-0.065,0.005,38.746,16.179,-2.821
1,708524,-0.422,-6.096,7.857,0.288,-0.049,0.002,39.053,15.960,-3.303
1,708527,-0.390,-6.197,7.685,0.153,-0.037,0.001,39.053,15.960,-3.303
1,708531,-0.390,-6.197,7.685,0.153,-0.037,0.001,39.053,15.960,-3.552
1,708553,-0.345,-6.105,7.732,-0.167,-0.001,-0.002,38.790,16.150,-2.952
1,708557,-0.373,-6.194,7.766,-0.285,0.002,-0.007,39.301,16.559,-2.777
1,708561,-0.373,-6.194,7.766,-0.285,0.002,-0.007,39.301,16.559,-2.777
1,708583,-0.590,-7.139,8.067,-0.313,0.000,-0.006,38.951,16.179,-2.675
1,708587,-0.590,-7.139,8.067,-0.252,-0.004,-0.006,38.951,16.179,-2.675
1,708590,-0.590,-7.139,8.067,-0.252,-0.004,-0.006,38.951,16.179,-2.675
1,708614,-0.656,-6.703,7.708,-0.048,-0.027,-0.001,39.214,15.683,-2.996
1,708644,-0.730,-7.006,7.720,0.120,-0.045,0.002,39.506,15.419,-2.148
1,708648,-0.730,-7.006,7.720,0.120,-0.045,0.002,39.506,15.419,-2.148
1,708651,-0.730,-6.757,7.530,0.120,-0.045,0.002,39.506,15.419,-2.148
1,708673,-0.717,-6.767,7.615,0.436,-0.078,0.007,39.462,15.609,-2.923
1,708677,-0.717,-6.767,7.615,0.436,-0.078,0.007,39.462,15.609,-2.923
1,708680,-0.674,-6.689,7.608,0.436,-0.078,0.007,39.462,15.609,-2.923
1,708704,-0.647,-6.160,7.671,0.287,-0.067,0.004,39.301,15.551,-3.069
1,708708,-0.647,-6.160,7.671,0.287,-0.067,0.004,39.740,16.063,-3.376
1,708710,-0.666,-6.169,7.663,0.125,-0.051,0.001,39.740,16.063,-3.376
1,708969,-0.537,-6.644,7.333,-0.192,-0.042,-0.015,39.740,15.405,-1.652
1,708974,-0.526,-6.759,7.336,-0.226,-0.038,-0.015,39.959,15.712,-1.432
1,709064,-0.507,-6.665,7.241,-0.013,-0.059,-0.006,40.427,15.522,-1.622
1,709094,-0.541,-6.652,7.103,-0.071,-0.053,-0.009,40.544,15.551,-1.885
1,709098,-0.541,-6.652,7.103,-0.071,-0.053,-0.009,40.427,15.449,-0.862
1,709101,-0.532,-6.629,7.117,-0.083,-0.053,-0.009,40.427,15.449,-0.862
1,709124,-0.525,-6.516,6.970,-0.093,-0.051,-0.010,40.500,15.478,-1.096
1,709127,-0.525,-6.516,6.970,-0.093,-0.051,-0.010,40.500,15.478,-1.096
1,709130,-0.494,-6.507,6.903,-0.088,-0.053,-0.009,40.500,15.478,-1.096
1,709154,-0.574,-6.584,7.110,-0.054,-0.059,-0.012,40.076,15.303,-0.409
1,709157,-0.574,-6.597,7.384,-0.054,-0.059,-0.012,40.076,15.303,-0.409
1,709183,-0.694,-6.540,7.663,-0.175,-0.054,-0.021,40.368,15.332,-0.190
1,709187,-0.730,-6.625,7.711,-0.313,-0.045,-0.024,40.368,15.332,-0.190
1,709191,-0.730,-6.625,7.711,-0.313,-0.045,-0.024,40.368,15.332,-0.190
1,709213,-0.847,-7.535,8.237,-0.604,-0.023,-0.035,40.778,15.566,0.175
1,709245,-0.843,-8.748,8.840,-0.507,-0.046,-0.042,41.011,15.303,1.286
1,709248,-0.776,-8.953,8.821,-0.318,-0.068,-0.039,40.807,16.033,1.900
1,709251,-0.776,-8.953,8.821,-0.318,-0.068,-0.039,40.807,16.033,1.900
1,709274,-0.699,-9.139,9.544,0.098,-0.117,-0.039,40.500,15.273,1.038
1,709277,-0.708,-9.118,9.544,0.248,-0.131,-0.037,40.500,15.273,1.038
1,709304,-0.709,-8.765,9.404,0.414,-0.155,-0.038,40.456,15.156,0.263
1,709307,-0.709,-8.765,9.404,0.414,-0.155,-0.038,40.456,15.156,0.263
1,709438,-0.481,-8.099,8.504,-0.343,-0.087,-0.059,39.857,15.478,0.979
1,709455,-0.608,-8.352,8.428,-0.105,-0.106,-0.054,40.193,15.726,0.643
1,709514,-0.650,-7.919,8.502,0.549,-0.162,-0.038,39.301,15.580,-0.117
1,709518,-0.676,-7.686,8.698,0.557,-0.164,-0.038,39.301,15.580,-0.117
1,709521,-0.676,-7.686,8.698,0.557,-0.164,-0.038,39.301,15.536,0.614
1,709543,-0.672,-7.440,8.603,0.480,-0.154,-0.040,39.097,15.653,-0.862
1,709547,-0.711,-7.431,8.545,0.401,-0.147,-0.042,39.404,15.975,-0.818
1,709550,-0.711,-7.431,8.545,0.401,-0.147,-0.042,39.404,15.975,-0.818
1,709574,-0.730,-7.210,8.425,0.183,-0.130,-0.048,38.775,14.864,-0.424
1,709578,-0.796,-7.120,8.465,0.059,-0.115,-0.050,38.775,14.864,-0.424
1,709581,-0.796,-7.120,8.465,0.059,-0.115,-0.050,38.775,14.864,-0.424
1,709604,-0.839,-7.172,8.122,-0.127,-0.097,-0.054,38.688,15.843,-0.395
1,709607,-0.901,-7.251,7.857,-0.164,-0.094,-0.057,38.688,15.843,-0.395
1,709611,-0.901,-7.251,7.857,-0.164,-0.094,-0.057,39.082,15.785,0.190
1,709633,-0.871,-7.016,7.695,-0.166,-0.098,-0.060,38.527,15.303,-0.044
1,709637,-0.876,-7.016,7.695,-0.155,-0.097,-0.060,38.629,15.449,0.482
1,709641,-0.876,-7.016,7.695,-0.155,-0.097,-0.060,38.629,15.449,0.482
1,709694,-0.791,-6.428,6.641,0.133,-0.128,-0.061,38.030,15.756,0.044
1,709754,-0.639,-5.509,5.683,0.226,-0.137,-0.061,38.088,15.419,0.175
1,709758,-0.639,-5.509,5.683,0.226,-0.137,-0.061,38.088,15.419,0.175
1,709761,-0.613,-5.598,5.527,0.131,-0.126,-0.064,37.445,15.960,-0.015
1,709784,-0.622,-5.398,4.910,-0.009,-0.116,-0.067,37.562,15.697,-0.424
1,710020,-0.246,-4.968,4.003,-0.145,-0.088,-0.032,36.524,16.267,-1.549
1,710115,-0.526,-6.541,5.842,-0.249,-0.072,-0.006,37.211,15.083,-0.526
1,710118,-0.526,-6.541,5.842,-0.249,-0.072,-0.006,37.211,15.083,-0.526
1,710144,-0.507,-7.098,6.101,-0.220,-0.075,-0.026,37.387,15.449,-0.438
1,710148,-0.507,-7.098,6.101,-0.220,-0.075,-0.026,37.387,15.449,3.303
1,710151,-0.520,-7.105,6.312,-0.149,-0.075,-0.012,37.357,15.566,0.599
1,710173,-0.458,-6.872,6.477,-0.021,-0.092,-0.001,37.884,15.419,-0.219
1,710177,-0.458,-6.872,6.477,-0.021,-0.092,-0.001,37.884,15.419,-0.219
1,710181,-0.414,-6.926,6.464,0.038,-0.095,0.002,37.884,15.419,-0.219
1,710234,-0.371,-7.041,6.954,-0.001,-0.082,0.011,37.635,15.551,0.102
1,710325,-0.528,-7.530,7.683,0.037,-0.070,0.022,38.059,15.419,1.593
1,710354,-0.597,-7.798,7.785,-0.064,-0.059,0.020,37.840,15.463,1.008
1,710358,-0.597,-7.798,7.785,-0.064,-0.059,0.020,37.840,15.463,1.008
1,710362,-0.597,-7.798,7.785,-0.064,-0.059,0.020,37.840,15.609,1.125
1,710414,-0.300,-8.325,7.522,-0.143,-0.051,0.015,38.264,15.390,1.988
1,710417,-0.300,-8.325,7.522,-0.143,-0.051,0.015,38.264,15.390,1.988
1,710420,-0.300,-8.325,7.522,-0.143,-0.051,0.015,38.264,15.390,1.988
1,710474,-0.565,-6.820,7.116,0.454,-0.097,0.029,38.424,15.434,1.695
1,710478,-0.565,-6.820,7.116,0.454,-0.097,0.029,38.424,15.434,1.695
1,710503,-0.780,-7.358,7.865,0.007,-0.055,0.018,38.790,15.186,1.301
1,710507,-0.780,-7.358,7.865,0.007,-0.055,0.018,38.790,15.186,1.301
1,710510,-0.711,-7.085,7.341,-0.083,-0.045,0.017,38.790,15.186,1.301
1,710534,-0.796,-6.906,6.658,-0.099,-0.046,0.016,38.658,15.259,1.038
1,710565,-0.782,-7.287,7.155,0.170,-0.073,0.020,39.272,15.259,1.388
1,710569,-0.742,-6.881,7.053,0.254,-0.083,0.018,39.272,15.259,1.388
1,710572,-0.742,-6.881,7.053,0.254,-0.083,0.018,39.272,15.259,1.388
1,710593,-0.754,-6.899,7.105,0.236,-0.078,0.020,39.097,15.229,1.008
1,710597,-0.794,-7.111,7.362,0.236,-0.073,0.015,39.097,15.229,1.008
1,710601,-0.794,-7.111,7.362,0.151,-0.073,0.015,39.024,15.668,1.096
1,710625,-0.811,-6.985,7.316,-0.028,-0.056,0.012,39.477,14.689,1.973
1,710628,-0.837,-6.962,7.357,-0.068,-0.053,0.010,39.009,14.689,1.973
1,710631,-0.837,-6.962,7.357,-0.068,-0.053,0.010,39.009,14.689,1.973
1,710654,-0.887,-7.309,7.382,-0.099,-0.050,0.007,39.754,14.499,1.652
1,710684,-1.013,-7.657,7.780,-0.017,-0.059,0.009,39.564,15.303,1.681
1,710688,-1.013,-7.657,7.780,0.043,-0.065,0.009,39.725,15.478,2.251
1,710692,-1.013,-7.657,7.780,0.043,-0.065,0.009,39.725,15.478,2.251
1,710714,-1.006,-7.480,7.798,0.136,-0.076,0.009,39.798,14.703,1.739
1,710718,-1.006,-7.480,7.798,0.136,-0.076,0.009,39.798,14.703,1.739
1,710721,-1.006,-7.480,7.798,0.136,-0.076,0.009,39.798,14.703,1.739
1,710774,-0.802,-7.267,7.580,0.370,-0.103,0.006,39.638,15.069,1.549
1,710833,-0.620,-6.695,7.157,0.158,-0.084,0.000,40.500,14.835,0.526
1,710894,-0.674,-6.782,6.888,-0.070,-0.062,-0.006,40.471,14.776,0.628
1,710923,-0.802,-7.222,7.268,0.033,-0.075,-0.006,40.368,14.893,0.745
1,710955,-0.830,-6.960,7.219,0.209,-0.095,-0.009,39.988,15.200,0.833
1,710958,-0.858,-6.939,7.272,0.167,-0.089,-0.009,39.988,15.200,0.833
1,711065,-0.888,-7.107,7.208,0.128,-0.101,-0.026,40.588,14.543,-0.161
1,711177,-0.948,-6.858,7.003,-0.115,-0.088,-0.037,40.295,14.426,0.073
1,711224,-0.810,-6.796,7.135,0.210,-0.123,-0.032,40.427,14.952,-0.804
1,711228,-0.810,-6.796,7.135,0.210,-0.123,-0.032,40.588,14.849,-0.205
1,711334,-0.787,-6.823,7.114,0.015,-0.109,-0.035,40.529,14.791,0.058
1,711344,-0.803,-6.890,7.114,0.011,-0.106,-0.034,40.719,15.405,0.205
1,711347,-0.763,-6.926,6.968,0.006,-0.108,-0.035,40.719,15.405,0.205
1,711351,-0.763,-6.926,6.968,0.006,-0.108,-0.035,40.719,15.405,0.205
1,711374,-0.785,-6.778,6.804,0.000,-0.103,-0.032,40.514,15.288,-0.117
1,711377,-0.773,-6.806,6.869,0.021,-0.108,-0.031,40.412,15.624,0.424
1,711380,-0.773,-6.806,6.869,0.021,-0.108,-0.031,40.412,15.624,0.424
1,711434,-0.824,-6.694,6.975,0.148,-0.120,-0.029,40.588,14.893,0.088
1,711438,-0.824,-6.694,6.975,0.148,-0.120,-0.029,40.588,14.893,0.088
1,711442,-0.824,-6.694,6.975,0.148,-0.120,-0.029,40.894,15.054,0.205
1,711463,-0.821,-6.914,6.900,-0.090,-0.098,-0.033,40.485,14.966,0.307
1,711525,-0.829,-6.882,6.970,-0.086,-0.100,-0.032,40.792,14.543,1.345
1,711555,-0.841,-7.125,6.853,-0.162,-0.093,-0.033,40.617,14.893,1.432
1,711559,-0.841,-7.125,6.853,-0.162,-0.093,-0.033,40.617,14.893,1.432
1,711562,-0.861,-7.143,6.848,-0.150,-0.097,-0.035,40.617,14.893,1.432
1,711583,-0.837,-7.060,6.932,-0.060,-0.104,-0.031,40.383,15.025,1.286
1,711587,-0.837,-7.060,6.932,-0.060,-0.104,-0.031,40.383,15.025,1.286
1,711591,-0.805,-7.064,6.840,-0.004,-0.108,-0.029,40.427,14.674,0.848
1,711615,-0.824,-7.058,6.796,0.056,-0.117,-0.031,40.675,15.010,0.643
1,711619,-0.794,-6.949,6.919,0.056,-0.117,-0.031,40.909,15.127,1.505
1,711622,-0.794,-6.949,6.919,0.049,-0.115,-0.032,40.909,15.127,1.505
1,711644,-0.778,-6.891,6.949,-0.020,-0.112,-0.032,40.441,14.645,1.096
1,711648,-0.763,-7.001,6.885,-0.020,-0.112,-0.033,40.441,14.645,1.096
1,711651,-0.763,-7.001,6.885,-0.070,-0.106,-0.033,40.441,14.645,1.096
1,711674,-0.725,-7.066,6.873,-0.156,-0.099,-0.034,40.617,15.288,0.775
1,711677,-0.719,-6.982,6.869,-0.172,-0.097,-0.033,40.617,15.288,1.388
1,711681,-0.719,-6.982,6.869,-0.172,-0.097,-0.033,40.865,15.288,1.388
1,711704,-0.705,-7.175,6.949,-0.151,-0.100,-0.033,40.500,15.010,1.915
1,711708,-0.702,-7.223,6.900,-0.128,-0.099,-0.033,40.500,15.010,1.915
1,711735,-0.662,-7.107,7.018,-0.094,-0.101,-0.032,40.412,15.010,2.558
1,711794,-0.666,-7.200,7.053,-0.039,-0.103,-0.028,40.354,14.776,1.345
1,711854,-0.670,-7.385,7.058,-0.142,-0.089,-0.027,40.836,15.142,3.040
1,711858,-0.670,-7.385,7.058,-0.142,-0.089,-0.027,40.836,15.142,3.040
1,711862,-0.695,-7.488,7.108,-0.142,-0.089,-0.024,40.836,15.142,3.040
1,711884,-0.784,-7.675,7.395,-0.215,-0.083,-0.027,40.778,15.156,2.777
1,711888,-0.784,-7.675,7.395,-0.215,-0.083,-0.027,40.778,15.156,2.777
1,711915,-0.859,-8.223,7.711,-0.371,-0.068,-0.033,40.544,15.142,2.952
1,711918,-0.859,-8.223,7.711,-0.371,-0.068,-0.033,40.500,15.449,3.654
1,711921,-0.864,-8.582,7.937,-0.421,-0.067,-0.035,40.500,15.449,3.654
1,711945,-0.827,-8.910,8.054,-0.389,-0.072,-0.037,40.704,15.127,3.727
1,711974,-0.818,-9.628,8.396,0.088,-0.119,-0.032,40.339,14.543,3.566
1,711978,-0.818,-9.565,8.423,0.088,-0.119,-0.032,40.339,14.543,3.566
1,711981,-0.845,-9.565,8.423,0.299,-0.137,-0.027,40.456,15.039,3.625
1,712003,-0.852,-9.316,8.662,0.666,-0.177,-0.026,40.412,15.200,3.362
1,712007,-0.913,-9.162,8.679,0.666,-0.177,-0.024,40.412,15.200,3.362
1,712011,-0.913,-9.162,8.679,0.783,-0.191,-0.024,40.412,15.200,3.362
1,712034,-0.912,-8.752,8.768,0.814,-0.192,-0.026,40.471,15.624,1.856
1,712038,-0.913,-8.491,8.780,0.748,-0.189,-0.031,40.471,15.624,1.856
1,712041,-0.913,-8.491,8.780,0.748,-0.189,-0.031,40.471,15.624,1.856
1,712064,-0.937,-8.434,9.092,0.447,-0.161,-0.037,40.500,15.770,0.906
1,712068,-0.931,-8.271,9.047,0.232,-0.147,-0.045,40.208,15.463,2.236
1,712071,-0.931,-8.271,9.047,0.232,-0.147,-0.045,40.208,15.463,2.236
1,712094,-0.924,-8.357,9.132,-0.309,-0.098,-0.061,40.222,15.390,1.958
1,712097,-0.938,-8.498,9.138,-0.575,-0.075,-0.067,40.222,15.390,1.958
1,712101,-0.938,-8.498,9.138,-0.575,-0.075,-0.067,40.222,15.390,1.958
1,712125,-0.897,-9.271,8.725,-0.942,-0.049,-0.083,39.915,15.229,2.178
1,712128,-0.897,-9.271,8.725,-0.942,-0.049,-0.083,39.915,15.229,2.178
1,712131,-0.897,-9.271,8.725,-0.942,-0.049,-0.083,39.959,15.376,3.405
1,712184,-0.724,-9.468,8.206,0.313,-0.184,-0.077,39.462,15.449,3.639
1,712188,-0.724,-9.468,8.206,0.313,-0.184,-0.077,39.462,15.449,3.639
1,712191,-0.724,-9.468,8.206,0.313,-0.184,-0.077,39.462,15.449,3.639
1,712214,-0.540,-8.591,8.212,1.053,-0.265,-0.068,39.638,15.653,2.163
1,712217,-0.540,-8.591,8.212,1.053,-0.265,-0.068,39.360,15.887,2.368
1,712244,-0.547,-7.627,8.323,1.101,-0.276,-0.070,38.863,15.785,0.979
1,712274,-0.574,-7.067,8.006,0.562,-0.231,-0.081,38.892,15.697,0.015
1,712304,-0.578,-6.805,7.907,-0.154,-0.164,-0.097,38.658,16.238,1.052
1,712308,-0.578,-6.805,7.907,-0.154,-0.164,-0.097,38.658,16.238,1.052
1,712312,-0.566,-6.991,7.531,-0.287,-0.150,-0.099,38.658,16.238,1.052
1,712333,-0.617,-7.064,7.211,-0.398,-0.145,-0.105,38.351,16.472,-0.088
1,712337,-0.617,-7.064,7.211,-0.398,-0.145,-0.105,38.351,16.472,-0.088
1,712341,-0.596,-6.907,7.131,-0.386,-0.145,-0.106,38.351,16.472,-0.088
1,712394,-0.668,-6.694,6.129,0.214,-0.206,-0.100,37.197,15.624,0.570
1,712424,-0.608,-6.505,5.688,0.571,-0.242,-0.095,37.460,15.346,-0.278
1,712428,-0.578,-6.303,5.611,0.637,-0.250,-0.094,37.460,15.346,-0.278
1,712484,-0.266,-4.914,4.217,-0.114,-0.177,-0.117,36.203,16.369,-1.564
1,712618,0.288,-3.492,2.581,-0.142,-0.144,-0.111,34.990,17.232,0.716
1,712695,0.115,-4.726,2.891,-0.117,-0.133,-0.068,34.946,17.042,1.622
1,712724,0.051,-5.563,4.210,0.039,-0.140,-0.051,35.238,17.071,1.637
1,712815,-0.018,-6.989,5.926,0.059,-0.114,0.015,35.194,16.662,0.365
1,712818,-0.018,-6.989,5.926,0.088,-0.126,0.010,35.194,16.662,1.008
1,712822,-0.018,-6.989,5.926,0.088,-0.126,0.010,35.297,17.422,1.008
1,712947,-0.212,-7.382,6.681,0.310,-0.104,0.039,36.086,17.086,0.789
1,712964,-0.261,-7.685,6.548,0.236,-0.094,0.039,36.261,16.662,0.497
1,712968,-0.261,-7.685,6.548,0.236,-0.094,0.039,36.261,16.662,0.497
1,712995,-0.229,-7.499,7.170,-0.017,-0.060,0.043,36.568,16.574,0.643
1,713101,-0.351,-8.046,6.958,0.149,-0.057,0.048,36.817,16.764,0.526
1,713114,-0.340,-7.767,6.942,0.139,-0.059,0.045,37.299,16.691,1.038
1,713118,-0.316,-7.563,6.971,0.119,-0.056,0.046,37.299,16.691,1.038
1,713174,-0.407,-7.810,7.234,0.170,-0.054,0.046,37.328,16.238,0.950
1,713177,-0.401,-7.427,6.943,0.181,-0.056,0.048,37.328,16.238,0.950
1,713181,-0.401,-7.427,6.943,0.181,-0.056,0.048,37.328,16.238,0.950
1,713204,-0.425,-7.603,7.054,0.084,-0.046,0.042,38.278,16.369,1.520
1,713208,-0.425,-7.603,7.054,-0.004,-0.040,0.042,37.694,16.384,1.374
1,713210,-0.425,-7.603,7.054,-0.004,-0.040,0.042,37.694,16.384,1.374
1,713264,-0.441,-7.759,6.851,-0.046,-0.035,0.038,38.103,15.946,2.295
1,713294,-0.507,-7.909,7.022,0.182,-0.057,0.043,38.468,16.384,2.119
1,713298,-0.507,-7.909,7.022,0.182,-0.057,0.043,38.293,16.516,2.119
1,713324,-0.504,-7.534,7.001,0.345,-0.073,0.043,38.395,15.946,1.593
1,713328,-0.504,-7.534,7.001,0.345,-0.073,0.043,38.395,15.946,1.593
1,713384,-0.498,-7.517,7.079,-0.112,-0.029,0.033,38.761,15.434,1.710
1,713388,-0.498,-7.586,7.239,-0.112,-0.029,0.033,38.761,15.434,1.710
1,713392,-0.522,-7.586,7.239,-0.121,-0.028,0.034,38.761,15.434,1.710
1,713415,-0.530,-7.533,7.143,-0.220,-0.021,0.033,38.980,15.814,2.134
1,713418,-0.455,-7.348,6.899,-0.324,-0.012,0.029,38.980,15.814,2.134
1,713421,-0.455,-7.348,6.899,-0.324,-0.012,0.029,39.506,15.975,2.879
1,713444,-0.535,-8.171,7.342,-0.484,0.004,0.028,39.404,15.785,2.616
1,713504,-0.659,-7.844,6.720,0.291,-0.079,0.034,39.638,15.814,3.303
1,713535,-0.676,-7.533,6.958,0.287,-0.088,0.023,39.828,15.536,3.552
1,713539,-0.676,-7.533,6.958,0.287,-0.088,0.023,39.828,15.536,3.552
1,713542,-0.676,-7.533,6.958,0.287,-0.088,0.023,39.828,15.536,3.552
1,713564,-0.653,-7.480,6.936,0.134,-0.071,0.011,39.579,15.799,2.909
1,713728,-0.556,-7.431,6.559,0.055,-0.101,-0.009,40.324,14.908,2.719
1,713745,-0.560,-7.488,6.756,0.054,-0.108,-0.012,40.588,15.580,3.128
1,713748,-0.560,-7.549,6.647,0.054,-0.108,-0.012,40.368,15.726,3.508
1,713877,-0.555,-7.493,6.687,0.125,-0.130,-0.020,40.193,15.303,3.011
1,713924,-0.579,-7.455,6.573,0.027,-0.127,-0.024,40.368,15.200,3.099
1,713985,-0.598,-7.234,6.531,0.130,-0.139,-0.026,40.412,15.156,3.245
1,713988,-0.598,-7.234,6.531,0.130,-0.139,-0.026,40.412,15.156,3.245
1,714044,-0.646,-7.318,6.450,-0.056,-0.127,-0.035,40.500,15.405,3.625
1,714048,-0.646,-7.318,6.450,-0.056,-0.127,-0.035,40.339,16.019,3.625
1,714051,-0.632,-7.389,6.500,-0.046,-0.128,-0.037,40.339,16.019,3.625
1,714074,-0.629,-7.425,6.430,0.004,-0.136,-0.035,40.456,15.609,3.376
1,714078,-0.629,-7.425,6.430,0.004,-0.136,-0.035,40.456,15.609,3.376
1,714081,-0.605,-7.414,6.497,0.032,-0.139,-0.038,40.456,15.609,3.376
1,714104,-0.602,-7.614,6.736,0.055,-0.142,-0.037,40.690,15.463,3.449
1,714108,-0.602,-7.614,6.736,0.055,-0.142,-0.037,40.690,15.463,3.449
1,714111,-0.629,-7.695,6.675,0.066,-0.148,-0.040,40.222,15.829,3.654
1,714134,-0.614,-7.801,6.757,0.137,-0.155,-0.040,40.237,14.966,2.952
1,714137,-0.619,-7.844,6.832,0.137,-0.155,-0.039,40.032,15.580,3.625
1,714141,-0.619,-7.844,6.832,0.208,-0.161,-0.039,40.032,15.580,3.625
1,714164,-0.573,-7.883,6.829,0.391,-0.182,-0.037,40.675,15.916,2.324
1,714167,-0.559,-7.692,6.724,0.487,-0.189,-0.033,40.675,15.916,2.324
1,714194,-0.439,-7.424,6.945,0.605,-0.200,-0.031,40.076,15.741,1.739
1,714198,-0.409,-7.336,7.016,0.582,-0.199,-0.031,40.807,16.223,2.002
1,714201,-0.409,-7.336,7.016,0.582,-0.199,-0.031,40.807,16.223,2.002
1,714253,-0.334,-7.407,6.949,-0.148,-0.128,-0.039,40.003,15.843,1.608
1,714257,-0.379,-7.407,6.949,-0.252,-0.116,-0.042,40.003,15.843,1.608
1,714261,-0.379,-7.407,6.949,-0.252,-0.116,-0.042,40.208,16.019,2.470
1,714284,-0.386,-7.455,6.554,-0.287,-0.111,-0.039,40.105,15.712,2.017
1,714288,-0.386,-7.455,6.554,-0.287,-0.111,-0.039,39.944,15.887,2.660
1,714291,-0.386,-7.455,6.554,-0.287,-0.111,-0.039,39.944,15.887,2.660
1,714314,-0.390,-7.677,6.627,0.006,-0.136,-0.028,40.237,15.873,2.368
1,714317,-0.390,-7.677,6.627,0.006,-0.136,-0.028,40.237,15.873,2.368
1,714344,-0.336,-7.245,6.561,0.283,-0.156,-0.016,40.003,15.916,2.163
1,714405,-0.317,-6.967,6.473,-0.056,-0.112,-0.009,39.696,15.975,2.148
1,714409,-0.317,-6.967,6.473,-0.056,-0.112,-0.009,39.696,15.975,2.148
1,714412,-0.325,-7.027,6.388,-0.122,-0.100,-0.007,39.915,16.077,2.017
1,714495,-0.435,-7.323,6.486,0.010,-0.101,0.009,40.281,16.384,2.075
1,714499,-0.458,-7.435,6.711,0.055,-0.105,0.010,40.924,16.150,2.514
1,714501,-0.458,-7.435,6.711,0.055,-0.105,0.010,40.924,16.150,2.514
1,714524,-0.443,-7.467,6.768,0.032,-0.099,0.012,40.485,16.179,2.236
1,714528,-0.445,-7.407,6.694,-0.032,-0.092,0.011,40.485,16.179,2.236
1,714531,-0.445,-7.407,6.694,-0.032,-0.092,0.011,40.485,16.179,2.236
1,714554,-0.462,-7.754,6.967,-0.183,-0.077,0.009,40.514,16.033,2.719
1,714557,-0.439,-7.864,7.005,-0.215,-0.072,0.007,40.514,16.033,2.719
1,714561,-0.439,-7.864,7.005,-0.215,-0.072,0.007,40.310,16.048,2.996
1,714584,-0.523,-7.870,6.644,-0.162,-0.078,0.010,40.558,16.077,2.280
1,714674,-0.559,-7.424,6.653,-0.098,-0.084,0.007,40.398,16.077,3.069
1,714705,-0.555,-7.639,6.610,-0.131,-0.082,0.002,40.164,16.077,2.835
1,714708,-0.555,-7.639,6.610,-0.131,-0.082,0.002,40.164,16.077,2.835
1,714711,-0.575,-7.722,6.708,-0.101,-0.083,0.004,40.514,16.253,3.245
1,714734,-0.620,-7.764,6.873,-0.061,-0.093,-0.001,40.339,16.077,3.581
1,714738,-0.620,-7.764,6.873,-0.061,-0.093,-0.001,40.061,16.428,4.063
1,714741,-0.666,-7.819,6.865,-0.092,-0.093,-0.002,40.061,16.428,4.063
1,714764,-0.629,-7.778,6.672,-0.211,-0.082,-0.009,40.471,16.355,3.084
1,714767,-0.629,-7.778,6.672,-0.211,-0.082,-0.009,40.471,16.355,3.084
1,714771,-0.626,-7.939,6.750,-0.244,-0.078,-0.010,40.471,16.355,3.084
1,714824,-0.541,-7.929,6.516,0.313,-0.140,-0.012,40.588,15.785,4.165
1,714828,-0.541,-7.929,6.589,0.313,-0.140,-0.012,40.588,15.785,4.165
1,714831,-0.507,-7.948,6.589,0.397,-0.149,-0.013,40.588,15.785,4.165
1,714915,-0.425,-9.446,8.173,-0.476,-0.060,-0.028,40.544,16.399,3.449
1,714918,-0.440,-9.586,8.215,-0.456,-0.060,-0.026,40.544,16.399,3.449
1,714921,-0.440,-9.586,8.215,-0.456,-0.060,-0.026,40.544,16.399,3.449
1,714944,-0.505,-10.207,8.493,-0.253,-0.077,-0.018,40.398,15.960,3.508
1,714948,-0.621,-10.550,8.755,-0.084,-0.093,-0.016,40.398,15.960,3.508
1,715179,-0.365,-8.002,7.470,-0.100,-0.088,-0.017,39.258,16.340,1.622
1,715214,-0.498,-7.643,7.056,-0.188,-0.077,-0.016,38.921,16.311,2.090
1,715218,-0.589,-7.848,6.962,-0.126,-0.083,-0.015,38.921,16.311,2.090
1,715221,-0.589,-7.848,6.962,-0.126,-0.083,-0.015,38.921,16.311,2.090
1,715244,-0.713,-7.681,6.682,0.166,-0.108,-0.010,38.834,16.282,2.105
1,715248,-0.719,-7.304,6.370,0.340,-0.127,-0.006,38.834,16.282,2.105
1,715250,-0.719,-7.304,6.370,0.340,-0.127,-0.006,39.111,16.501,2.075
1,715274,-0.797,-7.115,6.398,0.556,-0.149,-0.005,38.775,16.326,1.462
1,715304,-0.755,-6.301,6.116,0.332,-0.130,-0.015,38.366,15.683,1.125
1,715333,-0.788,-6.249,5.590,0.027,-0.103,-0.029,38.702,15.507,0.950
1,715337,-0.788,-6.249,5.590,-0.103,-0.094,-0.029,38.702,15.507,1.871
1,715341,-0.788,-6.249,5.590,-0.103,-0.094,-0.029,38.454,16.238,1.871
1,715364,-0.750,-6.447,5.066,-0.165,-0.089,-0.037,37.796,16.282,1.812
1,715368,-0.750,-6.447,5.066,-0.165,-0.089,-0.037,37.796,16.282,1.812
1,715371,-0.750,-6.447,5.066,-0.165,-0.089,-0.037,37.796,16.282,1.812
1,715424,-0.513,-5.884,4.446,0.114,-0.119,-0.044,37.738,15.946,0.979
1,715428,-0.513,-5.884,4.446,0.114,-0.119,-0.044,37.708,16.486,2.558
1,715431,-0.469,-5.907,4.379,0.066,-0.117,-0.048,37.708,16.486,2.558
1,715454,-0.421,-5.621,4.010,0.011,-0.112,-0.050,38.088,16.136,0.877
1,715544,0.013,-4.452,2.389,-0.459,-0.079,-0.100,36.364,16.735,2.499
1,715604,-0.039,-4.063,2.345,0.046,-0.104,-0.086,36.846,16.223,2.675
1,715695,-0.434,-5.316,4.366,-0.154,-0.072,-0.024,37.197,16.326,3.099
1,715698,-0.434,-5.316,4.366,-0.154,-0.072,-0.024,37.197,16.326,3.099
1,715702,-0.434,-5.316,4.366,-0.154,-0.072,-0.024,37.138,16.106,3.318
1,715724,-0.434,-5.963,4.429,-0.233,-0.055,-0.029,36.861,16.209,3.274
1,715727,-0.434,-5.963,4.429,-0.233,-0.055,-0.029,36.612,16.691,3.727
1,715731,-0.434,-5.963,4.429,-0.233,-0.055,-0.029,36.612,16.691,3.727
1,715753,-0.476,-6.327,5.391,-0.131,-0.065,-0.032,37.124,15.873,4.034
1,715757,-0.476,-6.327,5.391,-0.131,-0.065,-0.032,37.124,15.873,4.034
1,715761,-0.476,-6.327,5.391,-0.131,-0.065,-0.032,37.124,15.873,4.034
1,715785,-0.513,-6.906,5.204,0.077,-0.077,-0.029,37.226,16.121,3.669
1,715789,-0.513,-6.906,5.204,0.077,-0.077,-0.029,37.226,16.121,3.669
1,715791,-0.554,-7.024,5.471,0.150,-0.084,-0.028,37.679,16.223,3.712
1,715844,-0.729,-6.955,5.355,0.489,-0.104,-0.022,37.635,16.413,2.163
1,715848,-0.729,-6.955,5.355,0.489,-0.104,-0.022,37.635,16.413,2.163
1,715852,-0.787,-7.117,5.909,0.523,-0.108,-0.023,37.533,16.326,2.645
1,715874,-0.744,-6.927,5.989,0.419,-0.090,-0.028,38.132,16.589,2.835
1,715877,-0.744,-6.927,5.989,0.419,-0.090,-0.028,38.264,16.793,2.704
1,715881,-0.725,-6.724,5.448,0.296,-0.082,-0.032,38.264,16.793,2.704
1,715933,-0.674,-7.884,6.254,-0.368,-0.020,-0.054,37.884,16.179,3.172
1,715937,-0.688,-8.125,5.821,-0.371,-0.021,-0.057,37.884,16.179,3.172
1,715995,-0.497,-8.201,6.671,0.285,-0.076,-0.050,38.249,16.136,2.850
1,715999,-0.514,-8.211,6.671,0.332,-0.078,-0.051,38.249,16.136,2.850
1,716001,-0.514,-8.211,6.671,0.332,-0.078,-0.051,38.249,16.136,4.092
1,716024,-0.587,-8.291,7.551,0.316,-0.078,-0.054,38.278,16.150,3.464
1,716054,-0.470,-7.976,7.292,0.205,-0.065,-0.059,38.585,16.092,2.558
1,716161,-0.299,-7.960,7.490,-0.015,-0.033,-0.053,39.038,16.019,3.289
1,716235,-0.363,-7.912,7.058,0.145,-0.037,-0.032,39.711,16.194,3.201
1,716238,-0.340,-7.927,7.147,0.145,-0.037,-0.032,39.711,16.194,3.201
1,716264,-0.270,-7.860,7.305,0.167,-0.032,-0.024,39.404,15.843,3.113
1,716294,-0.236,-7.476,7.314,0.023,-0.010,-0.020,39.345,16.223,3.610
1,716325,-0.401,-7.643,7.417,-0.506,0.044,-0.026,39.769,15.843,3.742
1,716329,-0.482,-7.865,7.311,-0.667,0.061,-0.027,40.149,16.033,4.706
1,716332,-0.482,-7.865,7.311,-0.667,0.061,-0.027,40.149,16.033,4.706
1,716354,-0.593,-7.987,7.143,-0.711,0.065,-0.028,40.149,15.653,5.715
1,716358,-0.660,-8.241,7.218,-0.580,0.053,-0.026,40.149,15.653,5.715
1,716361,-0.660,-8.241,7.218,-0.580,0.053,-0.026,40.149,15.653,5.715
1,716384,-0.762,-8.417,6.979,-0.122,0.006,-0.017,39.915,15.609,6.255
1,716387,-0.788,-8.417,6.979,0.098,-0.015,-0.013,39.915,15.609,6.255
1,716391,-0.788,-8.417,6.979,0.098,-0.015,-0.013,39.974,15.741,6.475
1,716414,-0.751,-8.049,7.096,0.356,-0.044,-0.013,39.725,15.493,5.422
1,716474,-0.772,-8.009,6.878,0.415,-0.062,-0.022,39.886,15.536,4.633
1,716478,-0.772,-8.009,6.878,0.415,-0.062,-0.022,39.886,15.536,5.305
1,716584,-0.562,-7.552,6.190,0.178,-0.057,-0.034,40.339,15.785,4.940
1,716594,-0.585,-7.559,6.242,0.227,-0.062,-0.032,40.661,15.624,4.282
1,716655,-0.499,-7.371,6.388,0.057,-0.060,-0.040,40.719,16.048,4.633
1,716659,-0.486,-7.366,6.560,0.004,-0.055,-0.042,40.719,16.048,4.633
1,716662,-0.486,-7.366,6.560,0.004,-0.055,-0.042,40.719,16.048,4.633
1,716684,-0.566,-7.595,6.385,-0.062,-0.051,-0.042,40.295,15.668,4.692
1,716688,-0.641,-7.674,6.288,-0.075,-0.054,-0.045,40.295,15.668,4.692
1,716691,-0.641,-7.674,6.288,-0.075,-0.054,-0.045,40.295,15.668,4.692
1,716744,-0.670,-7.761,6.299,-0.073,-0.062,-0.048,40.719,15.770,5.452
1,716748,-0.670,-7.761,6.299,-0.049,-0.065,-0.049,40.719,15.770,5.452
1,716750,-0.670,-7.761,6.299,-0.049,-0.065,-0.049,40.719,15.770,5.452
1,716775,-0.615,-7.702,6.348,0.026,-0.073,-0.048,40.602,15.536,5.101
1,716778,-0.615,-7.702,6.348,0.026,-0.073,-0.048,40.602,15.536,5.101
1,716782,-0.615,-7.702,6.348,0.026,-0.073,-0.048,40.719,15.931,5.773
1,716833,-0.625,-7.706,6.343,0.154,-0.092,-0.046,40.851,15.361,4.852
1,716837,-0.625,-7.706,6.343,0.154,-0.092,-0.046,40.851,15.361,4.852
1,716841,-0.318,-7.676,6.260,0.154,-0.092,-0.046,40.851,15.361,4.852
1,716894,-0.651,-7.716,6.190,0.007,-0.083,-0.045,40.237,15.683,5.788
1,716898,-0.651,-7.716,6.190,0.007,-0.083,-0.045,40.237,15.683,5.788
1,716901,-0.657,-7.737,6.319,0.016,-0.087,-0.045,40.237,15.683,5.788
1,716923,-0.652,-7.536,6.348,0.046,-0.090,-0.043,40.266,15.434,5.671
1,716954,-0.656,-7.510,6.250,0.023,-0.089,-0.039,40.398,15.624,4.940
1,716958,-0.656,-7.510,6.250,0.023,-0.089,-0.039,40.500,15.390,6.153
1,717014,-0.769,-7.461,6.224,-0.646,-0.034,-0.049,40.704,15.303,6.782
1,717017,-0.792,-7.675,6.279,-0.792,-0.021,-0.053,40.704,15.522,6.869
1,717021,-0.792,-7.675,6.279,-0.792,-0.021,-0.053,41.026,15.522,6.869
1,717074,-0.884,-8.877,5.921,-0.231,-0.072,-0.043,40.456,15.259,8.141
1,717104,-0.792,-8.122,6.129,0.618,-0.150,-0.023,40.500,15.463,7.395
1,717194,-0.656,-7.378,5.768,-0.228,-0.068,-0.029,40.865,15.741,7.951
1,717224,-0.648,-7.412,5.708,-0.115,-0.079,-0.023,40.778,14.893,7.366
1,717254,-0.652,-7.523,5.864,-0.070,-0.083,-0.016,40.412,14.923,7.834
1,717258,-0.652,-7.523,5.864,-0.070,-0.083,-0.016,40.310,15.989,7.951
1,717314,-0.660,-7.959,6.183,0.006,-0.090,-0.006,40.500,15.156,7.702
1,717318,-0.660,-8.100,6.250,0.006,-0.090,-0.006,40.500,15.156,7.702
1,717321,-0.660,-8.100,6.250,0.042,-0.090,-0.005,40.938,15.449,8.959
1,717405,-0.759,-8.589,7.524,0.379,-0.136,0.001,40.573,15.200,6.913
1,717409,-0.791,-8.765,7.756,0.386,-0.137,0.000,40.661,16.063,6.329
1,717412,-0.791,-8.765,7.756,0.386,-0.137,0.000,40.661,16.063,6.329
1,717463,-0.839,-8.410,7.619,0.086,-0.122,-0.015,40.865,15.580,6.051
1,717467,-0.839,-8.410,7.619,-0.022,-0.114,-0.015,40.865,15.580,6.051
1,717524,-0.792,-9.357,7.647,-0.066,-0.126,-0.028,40.573,15.697,6.533
1,717528,-0.792,-9.357,7.647,-0.066,-0.126,-0.028,40.573,15.697,6.533
1,717532,-0.792,-9.409,7.723,-0.066,-0.126,-0.028,40.573,15.756,6.314
1,717554,-0.721,-9.428,8.030,0.503,-0.181,-0.021,40.237,15.609,6.051
1,717583,-0.723,-9.138,8.307,0.645,-0.198,-0.020,40.295,15.551,4.838
1,717793,-0.731,-6.860,8.317,0.575,-0.199,-0.028,39.316,16.121,-0.614
1,717796,-0.688,-6.798,8.158,0.310,-0.177,-0.033,39.184,16.106,-0.395
1,717800,-0.688,-6.798,8.158,0.310,-0.177,-0.033,39.184,16.106,-0.395
1,717824,-0.651,-6.999,8.081,-0.514,-0.108,-0.051,38.278,16.121,-0.906
1,717828,-0.651,-6.999,8.081,-0.423,-0.108,-0.051,38.278,16.121,-0.906
1,717831,-0.651,-6.999,8.081,-0.423,-0.108,-0.051,38.278,16.121,-0.906
1,717854,-0.689,-7.448,6.916,-0.544,-0.099,-0.059,38.527,16.369,-0.409
1,717858,-0.689,-7.448,6.916,-0.544,-0.099,-0.059,38.527,16.896,-0.292
1,717861,-0.689,-7.448,6.916,-0.544,-0.099,-0.059,38.644,16.896,-0.292
1,717884,-0.755,-7.822,7.117,0.238,-0.172,-0.049,37.942,16.530,0.336
1,717887,-0.755,-7.822,7.117,0.238,-0.172,-0.049,37.942,16.530,0.336
1,717891,-0.755,-7.822,7.117,0.238,-0.172,-0.049,37.942,16.530,0.336
1,717944,-0.615,-6.257,6.363,1.036,-0.250,-0.038,37.606,16.077,-1.827
1,717948,-0.615,-6.257,6.363,1.036,-0.250,-0.038,37.621,16.530,-1.286
1,717951,-0.558,-6.138,5.817,0.998,-0.249,-0.039,37.621,16.530,-1.286
1,718312,-0.240,-5.624,5.249,0.285,-0.153,0.013,36.846,16.516,0.117
1,718365,-0.224,-6.127,6.055,-0.198,-0.125,-0.001,36.232,16.764,0.760
1,718369,-0.237,-6.044,6.252,-0.198,-0.125,0.006,36.232,16.764,0.760
1,718372,-0.237,-6.044,6.252,-0.283,-0.098,0.006,36.671,17.188,1.549
1,718394,-0.280,-6.759,6.311,-0.385,-0.084,0.007,36.817,16.925,1.184
1,718398,-0.287,-7.067,6.219,-0.385,-0.084,0.011,36.583,17.539,1.140
1,718607,-0.437,-8.020,7.302,-0.043,-0.078,0.045,37.840,16.706,-0.263
1,718665,-0.435,-7.425,7.164,0.103,-0.081,0.053,38.161,16.311,-0.029
1,718668,-0.435,-7.425,7.164,0.103,-0.081,0.053,38.161,16.311,-0.029
1,718671,-0.439,-7.302,7.316,0.082,-0.078,0.053,38.161,16.311,-0.029
1,718695,-0.461,-7.527,7.481,0.018,-0.065,0.055,38.249,16.574,0.438
1,718699,-0.461,-7.527,7.481,0.018,-0.065,0.055,38.790,16.852,1.286
1,718702,-0.457,-7.656,7.464,-0.010,-0.061,0.056,38.790,16.852,1.286
1,718724,-0.577,-7.559,7.496,-0.057,-0.059,0.054,38.541,16.179,1.301
1,718728,-0.587,-7.662,7.658,-0.057,-0.059,0.054,38.541,16.179,1.301
1,718753,-0.683,-7.829,7.783,-0.076,-0.056,0.056,38.541,15.829,1.213
1,718757,-0.681,-7.680,7.580,-0.076,-0.060,0.055,38.541,15.829,1.213
1,718761,-0.681,-7.680,7.580,-0.068,-0.060,0.055,38.848,16.399,1.637
1,718784,-0.682,-7.609,7.443,-0.049,-0.059,0.057,38.746,16.165,1.096
1,718788,-0.707,-7.720,7.487,-0.011,-0.062,0.059,38.936,16.194,1.330
1,718791,-0.707,-7.720,7.487,-0.011,-0.062,0.059,38.936,16.194,1.330
1,718844,-0.629,-7.074,7.268,0.151,-0.070,0.064,39.199,16.150,1.140
1,718847,-0.652,-7.110,7.176,0.079,-0.061,0.061,39.199,16.150,1.140
1,718851,-0.652,-7.110,7.176,0.079,-0.061,0.061,39.535,16.063,1.345
1,718904,-0.670,-7.104,6.654,-0.044,-0.049,0.059,39.331,16.194,1.111
1,718934,-0.684,-6.899,6.751,0.078,-0.055,0.060,39.725,15.346,1.198
1,718938,-0.684,-6.899,6.751,0.078,-0.055,0.060,39.389,15.873,2.134
1,718942,-0.684,-6.899,6.724,0.078,-0.055,0.060,39.389,15.873,2.134
1,719025,-0.656,-6.641,6.900,0.197,-0.059,0.057,39.667,15.770,2.061
1,719028,-0.656,-6.641,6.900,0.197,-0.059,0.057,39.667,15.770,2.061
1,719084,-0.843,-6.742,7.133,-0.027,-0.040,0.046,40.398,15.171,2.280
1,719114,-0.908,-7.423,7.356,-0.046,-0.044,0.044,40.339,15.303,2.485
1,719118,-0.961,-7.501,7.504,0.266,-0.053,0.043,40.339,15.303,2.485
1,719121,-0.961,-7.501,7.504,0.037,-0.053,0.043,40.339,15.303,2.485
1,719144,-0.957,-7.451,7.023,0.283,-0.081,0.046,40.924,15.039,1.345
1,719148,-1.009,-7.585,7.304,0.386,-0.092,0.045,40.924,15.039,1.345
1,719151,-1.009,-7.585,7.304,0.386,-0.092,0.045,41.581,15.127,1.593
1,719174,-1.024,-7.254,7.289,0.447,-0.101,0.044,37.796,15.419,1.447
1,719177,-0.983,-7.140,7.189,0.415,-0.099,0.042,40.734,15.419,1.447
1,719206,-0.928,-7.088,7.102,0.193,-0.084,0.035,41.274,15.054,0.541
1,719208,-0.928,-7.088,7.102,0.193,-0.084,0.035,41.274,15.054,0.541
1,719235,-0.932,-7.115,6.845,0.081,-0.081,0.029,41.011,15.098,0.058
1,719264,-0.901,-7.011,6.810,0.084,-0.082,0.027,41.874,14.981,1.608
1,719268,-0.901,-7.011,6.810,0.084,-0.082,0.027,41.874,14.981,1.608
1,719272,-0.901,-7.011,6.810,0.084,-0.082,0.027,41.874,14.981,1.608
1,719325,-0.945,-7.206,6.946,0.193,-0.098,0.026,41.231,14.484,1.008
1,719355,-0.887,-7.134,6.759,0.115,-0.092,0.022,41.362,14.543,1.096
1,719384,-0.873,-7.193,7.043,0.049,-0.084,0.020,41.479,14.616,1.008
1,719474,-0.988,-7.376,7.534,-0.125,-0.070,0.016,41.654,14.616,1.885
1,719478,-0.968,-7.190,7.440,-0.123,-0.072,0.015,41.801,14.776,1.885
1,719584,-1.019,-6.718,6.903,0.038,-0.099,0.004,42.488,14.835,2.280
1,719655,-0.994,-7.123,6.860,-0.012,-0.104,-0.010,42.371,14.893,1.915
1,719659,-0.994,-7.123,6.860,-0.012,-0.104,-0.010,42.371,14.893,1.915
1,719662,-1.005,-7.091,6.743,-0.012,-0.104,-0.010,42.371,14.893,1.915
1,719684,-1.003,-7.237,7.067,0.029,-0.109,-0.012,42.195,15.142,2.529
1,719714,-0.976,-7.037,6.800,0.115,-0.120,-0.016,42.341,14.762,1.988
1,719718,-0.976,-7.037,6.800,0.115,-0.120,-0.016,42.341,14.762,1.988
1,719721,-0.926,-6.946,6.883,0.098,-0.120,-0.018,42.341,14.762,1.988
1,719744,-0.939,-6.927,6.903,0.004,-0.109,-0.021,41.976,14.806,2.324
1,719748,-0.939,-6.927,6.903,0.004,-0.109,-0.021,41.976,14.806,2.324
1,719750,-0.930,-6.948,6.870,-0.050,-0.105,-0.024,42.531,14.455,2.090
1,719774,-0.985,-7.084,6.885,-0.127,-0.098,-0.028,42.283,14.353,2.192
1,719778,-0.985,-7.084,6.885,-0.127,-0.098,-0.028,42.254,14.762,2.178
1,719804,-1.028,-7.158,6.858,-0.151,-0.098,-0.032,42.341,14.762,2.529
1,719808,-1.033,-7.225,6.773,-0.136,-0.099,-0.033,42.341,14.762,2.529
1,719812,-1.033,-7.225,6.773,-0.136,-0.099,-0.033,42.341,14.762,2.529
1,719833,-1.034,-7.250,6.814,-0.078,-0.108,-0.034,42.122,14.674,2.587
1,719837,-1.021,-7.236,6.770,-0.042,-0.111,-0.035,42.122,14.674,2.587
1,719841,-1.021,-7.236,6.770,-0.042,-0.111,-0.035,42.531,14.981,2.558
1,719864,-1.004,-7.299,6.750,0.048,-0.123,-0.037,42.444,14.879,2.821
1,719868,-0.975,-7.323,6.815,0.105,-0.126,-0.035,42.444,14.879,2.821
1,719871,-0.975,-7.323,6.815,0.105,-0.126,-0.035,42.444,14.879,2.821
1,719894,-1.019,-7.256,6.800,0.205,-0.137,-0.034,42.795,14.879,2.602
1,719898,-1.013,-7.192,6.703,0.230,-0.138,-0.035,42.795,14.879,2.602
1,719901,-1.013,-7.192,6.703,0.230,-0.138,-0.035,42.795,14.893,2.835
1,719924,-0.954,-7.147,6.867,0.235,-0.143,-0.037,42.488,14.411,2.470
1,719928,-0.954,-7.147,6.867,0.225,-0.139,-0.037,42.108,15.449,2.938
1,719931,-0.954,-7.147,6.867,0.225,-0.139,-0.037,42.108,15.449,2.938
1,719954,-0.961,-7.162,6.878,0.180,-0.128,-0.039,42.414,14.806,2.119
1,720014,-0.922,-7.432,6.707,-0.097,-0.106,-0.043,42.137,14.791,2.704
1,720018,-0.922,-7.432,6.707,-0.097,-0.106,-0.043,42.137,14.791,2.704
1,720022,-0.894,-7.430,6.676,-0.097,-0.106,-0.043,42.137,14.791,2.704
1,720043,-0.914,-7.347,6.613,0.087,-0.119,-0.035,42.312,14.762,1.476
1,720047,-0.914,-7.347,6.613,0.087,-0.119,-0.035,42.312,14.762,1.476
1,720051,-0.938,-7.254,6.584,0.087,-0.119,-0.035,42.312,14.762,1.476
1,720074,-0.908,-7.116,6.601,0.112,-0.119,-0.034,42.561,14.923,2.090
1,720078,-0.908,-7.116,6.601,0.112,-0.119,-0.034,42.590,15.390,2.777
1,720081,-0.921,-7.113,6.628,0.087,-0.117,-0.034,42.590,15.390,2.777
1,720134,-1.004,-7.626,7.084,-0.055,-0.099,-0.037,42.634,14.426,3.025
1,720137,-1.004,-7.626,7.084,-0.055,-0.099,-0.037,42.634,14.426,3.025
1,720141,-1.060,-7.953,7.412,-0.117,-0.090,-0.035,42.458,14.908,3.318
1,720164,-1.168,-8.284,7.838,-0.348,-0.075,-0.043,42.531,14.411,6.650
1,720167,-1.248,-8.572,7.881,-0.348,-0.075,-0.043,42.181,14.616,4.209
1,720171,-1.248,-8.572,7.881,-0.497,-0.060,-0.046,42.181,14.616,4.209
1,720194,-1.363,-9.571,8.332,-0.666,-0.043,-0.050,41.918,14.616,3.259
1,720198,-1.421,-9.897,8.365,-0.611,-0.050,-0.051,41.918,14.616,3.259
1,720224,-1.399,-10.016,8.265,-0.227,-0.087,-0.046,42.371,14.469,3.727
1,720315,-1.370,-8.668,8.426,-0.231,-0.110,-0.084,41.830,14.820,2.602
1,720318,-1.370,-8.668,8.426,-0.231,-0.110,-0.084,41.903,14.820,2.602
1,720322,-1.370,-8.668,8.426,-0.231,-0.110,-0.084,41.903,14.820,2.602
1,720344,-1.379,-9.389,8.429,-0.347,-0.110,-0.103,41.523,15.039,2.865
1,720347,-1.379,-9.389,8.429,-0.347,-0.110,-0.103,41.523,15.039,2.865
1,720351,-1.379,-9.389,8.429,-0.347,-0.110,-0.103,41.523,15.039,2.865
1,720374,-1.341,-9.608,8.554,0.089,-0.158,-0.108,41.084,14.820,2.499
1,720377,-1.341,-9.608,8.554,0.089,-0.158,-0.108,44.826,15.332,2.543
1,720381,-1.341,-9.608,8.861,0.089,-0.158,-0.108,41.377,15.332,2.543
1,720404,-1.208,-9.169,8.766,-0.071,-0.148,-0.121,41.128,14.952,2.529
1,720464,-0.931,-10.050,8.215,0.255,-0.188,-0.134,40.237,15.054,2.923
1,720468,-0.931,-10.050,8.215,0.255,-0.188,-0.134,40.719,15.419,3.201
1,720495,-0.580,-8.383,8.439,1.184,-0.277,-0.120,39.930,15.668,1.915
1,720499,-0.531,-8.054,8.411,1.184,-0.277,-0.120,39.930,15.668,1.915
1,720501,-0.531,-8.054,8.411,1.095,-0.270,-0.123,39.930,15.668,1.915
1,720524,-0.409,-7.554,8.663,0.911,-0.253,-0.125,39.988,15.595,0.044
1,720630,-0.437,-6.611,7.021,-0.612,-0.106,-0.164,38.103,15.902,-0.219
1,720645,-0.418,-6.607,6.696,-0.665,-0.098,-0.167,37.913,15.697,0.409
1,720648,-0.418,-6.607,6.696,-0.665,-0.098,-0.167,37.913,15.697,0.409
1,720704,-0.378,-5.933,5.289,0.274,-0.181,-0.154,37.182,16.048,0.906
1,720708,-0.378,-5.933,5.289,0.274,-0.181,-0.154,37.182,16.048,0.906
1,720734,-0.321,-5.463,4.767,0.535,-0.206,-0.148,36.831,15.770,0.380
1,720738,-0.321,-5.463,4.767,0.535,-0.206,-0.148,36.831,15.770,0.380
1,720741,-0.014,-5.178,4.594,0.535,-0.206,-0.148,37.007,15.624,1.140
1,720763,-0.172,-4.380,4.360,0.381,-0.193,-0.145,36.291,16.253,0.409
1,720767,-0.172,-4.380,4.360,0.381,-0.193,-0.145,36.203,17.027,0.628
1,720771,-0.104,-3.793,3.964,0.143,-0.161,-0.169,36.203,17.027,0.628
1,721000,-0.045,-5.499,4.019,0.459,-0.158,-0.048,35.545,17.115,0.351
1,721004,-0.114,-6.168,4.439,0.390,-0.147,-0.042,35.092,17.144,1.169
1,721094,-0.187,-7.001,5.773,-0.032,-0.125,-0.040,35.384,17.071,1.169
1,721125,-0.285,-7.653,6.122,0.181,-0.109,-0.181,35.194,17.305,0.351
1,721128,-0.285,-7.653,6.122,0.181,-0.109,-0.181,35.194,17.305,0.351
1,721131,-0.202,-7.305,6.434,0.222,-0.108,-0.167,35.764,17.670,0.818
1,721154,-0.166,-7.439,6.404,0.211,-0.100,-0.066,35.604,17.188,0.278
1,721158,-0.166,-7.439,6.404,0.211,-0.100,-0.066,35.282,17.319,0.512
1,721185,-0.242,-7.558,6.861,0.123,-0.087,-0.046,35.326,17.509,0.395
1,721189,-0.304,-7.784,6.998,0.123,-0.087,-0.046,35.326,17.509,0.395
1,721192,-0.304,-7.784,6.998,0.108,-0.082,-0.043,35.326,17.509,0.585
1,721214,-0.358,-8.011,6.908,0.078,-0.078,-0.039,35.501,17.086,0.365
1,721217,-0.358,-8.011,6.861,0.078,-0.078,-0.039,36.101,17.086,0.921
1,721221,-0.370,-8.078,6.861,0.056,-0.075,-0.039,36.101,17.086,0.921
1,721245,-0.305,-7.527,6.806,0.092,-0.075,-0.035,35.633,17.129,0.921
1,721249,-0.339,-7.986,7.024,0.138,-0.079,-0.035,35.633,17.129,0.921
1,721251,-0.339,-7.986,7.024,0.138,-0.079,-0.035,35.633,17.129,0.921
1,721274,-0.232,-8.085,6.788,0.233,-0.084,-0.032,35.837,17.071,-0.672
1,721278,-0.138,-7.427,6.759,0.217,-0.082,-0.029,35.837,17.071,-0.672
1,721281,-0.138,-7.427,6.759,0.217,-0.082,-0.029,36.159,16.837,0.453
1,721333,-0.254,-7.574,6.699,-0.197,-0.038,-0.031,36.042,16.676,0.848
1,721337,-0.175,-6.869,6.489,-0.243,-0.031,-0.029,36.042,16.676,0.848
1,721365,-0.246,-7.833,6.564,-0.193,-0.035,-0.023,36.013,17.305,0.643
1,721369,-0.246,-7.833,6.564,-0.193,-0.035,-0.023,36.203,17.203,1.520
1,721372,-0.246,-7.833,6.564,-0.193,-0.035,-0.023,36.203,17.203,1.520
1,721394,-0.098,-6.952,6.724,-0.149,-0.037,-0.017,35.852,16.983,1.885
1,721397,-0.098,-6.952,6.724,-0.149,-0.037,-0.017,35.852,16.983,1.885
1,721425,-0.187,-7.790,6.781,-0.044,-0.045,-0.012,36.597,16.735,2.192
1,721428,-0.187,-7.790,6.781,-0.044,-0.045,-0.012,36.597,16.735,2.192
1,721432,-0.195,-7.634,7.105,-0.044,-0.045,-0.007,36.773,16.691,2.704
1,721484,-0.160,-7.475,7.114,0.114,-0.051,0.001,36.977,17.056,0.994
1,721488,-0.160,-7.475,7.114,0.114,-0.051,0.001,36.977,17.056,0.994
1,721491,-0.123,-7.362,7.521,0.089,-0.045,0.005,36.977,17.056,0.994
1,721514,-0.163,-7.536,7.109,0.095,-0.048,0.006,37.124,16.866,1.008
1,721575,-0.145,-7.669,7.280,-0.026,-0.033,0.012,37.738,16.501,1.871
1,721605,-0.123,-7.598,7.296,-0.034,-0.031,0.015,37.562,16.881,2.426
1,721608,-0.112,-7.737,7.443,-0.009,-0.033,0.016,37.270,17.217,2.558
1,721634,-0.077,-7.710,7.189,0.005,-0.032,0.020,37.416,16.793,1.491
1,721843,-0.569,-7.661,6.662,0.315,-0.057,0.046,38.483,15.726,2.762
1,721846,-0.569,-7.661,6.662,0.315,-0.057,0.046,38.702,16.019,3.172
1,721850,-0.512,-7.551,6.652,0.315,-0.057,0.046,38.702,16.019,3.172
1,721875,-0.464,-7.563,6.750,0.153,-0.045,0.044,39.681,15.946,3.449
1,721878,-0.464,-7.563,6.750,0.153,-0.045,0.044,39.681,15.946,3.449
1,721881,-0.467,-7.820,6.963,0.098,-0.037,0.045,39.681,16.048,3.785
1,721964,-0.459,-7.698,7.384,-0.028,-0.027,0.050,39.623,16.019,2.938
1,721967,-0.458,-7.716,7.379,-0.134,-0.016,0.049,39.623,16.019,2.938
1,721971,-0.458,-7.716,7.379,-0.134,-0.016,0.049,40.412,16.296,3.069
1,722024,-0.718,-8.578,7.058,-0.435,0.010,0.045,40.281,15.799,4.662
1,722054,-0.775,-7.969,6.842,0.248,-0.054,0.059,40.105,15.770,3.961
1,722114,-0.889,-7.500,6.543,0.119,-0.051,0.044,40.427,15.683,4.575
1,722118,-0.889,-7.500,6.543,0.119,-0.051,0.044,40.427,15.683,4.575
1,722121,-0.889,-7.500,6.543,0.119,-0.051,0.044,40.617,15.726,4.151
1,722174,-0.779,-7.266,6.366,-0.016,-0.048,0.031,41.187,15.770,4.136
1,722177,-0.779,-7.266,6.366,-0.016,-0.048,0.031,41.187,15.770,4.136
1,722181,-0.796,-7.383,6.507,-0.016,-0.048,0.029,41.187,15.770,4.136
1,722205,-0.859,-7.878,6.774,-0.073,-0.048,0.024,41.348,15.390,4.443
1,722208,-0.859,-7.878,6.774,-0.073,-0.048,0.024,41.231,15.814,4.882
1,722234,-0.835,-7.675,6.447,-0.057,-0.054,0.022,41.260,15.829,4.253
1,722294,-0.872,-7.847,6.552,0.147,-0.079,0.020,41.538,15.507,5.072
1,722298,-0.876,-7.872,6.672,0.160,-0.081,0.020,41.742,15.668,5.715
1,722301,-0.876,-7.872,6.672,0.160,-0.081,0.020,41.742,15.668,5.715
1,722355,-0.893,-7.533,6.507,0.099,-0.081,0.012,41.304,15.449,4.706
1,722384,-0.894,-7.438,6.488,0.022,-0.078,0.007,41.377,15.039,4.955
1,722388,-0.901,-7.407,6.488,0.005,-0.077,0.006,41.377,15.039,4.955
1,722392,-0.901,-7.407,6.488,0.005,-0.077,0.006,41.377,15.039,4.955
1,722444,-0.986,-7.742,6.621,-0.133,-0.075,-0.006,41.611,15.229,5.072
1,722475,-1.004,-7.844,6.463,-0.027,-0.088,-0.010,41.859,15.113,5.554
1,722478,-1.004,-7.844,6.463,-0.027,-0.088,-0.010,41.859,15.113,5.554
1,722482,-1.004,-7.844,6.463,-0.027,-0.088,-0.010,41.859,15.113,5.554
1,722534,-0.968,-7.795,6.440,0.104,-0.108,-0.016,41.274,14.893,5.875
1,722538,-0.968,-7.795,6.440,0.104,-0.108,-0.016,41.274,14.893,5.875
1,722564,-0.962,-7.683,6.439,0.149,-0.116,-0.020,41.976,14.996,5.276
1,722568,-0.962,-7.683,6.439,0.149,-0.116,-0.020,41.976,14.996,5.276
1,722571,-0.944,-7.597,6.367,0.153,-0.119,-0.021,41.976,11.254,5.481
1,722593,-0.927,-7.431,6.403,0.121,-0.116,-0.023,41.728,14.937,5.189
1,722597,-0.927,-7.431,6.403,0.121,-0.116,-0.023,41.523,15.522,5.583
1,722601,-0.931,-7.383,6.315,0.087,-0.117,-0.024,41.523,15.522,5.583
1,722624,-0.902,-7.449,6.237,0.020,-0.111,-0.028,41.552,14.659,4.370
1,722627,-0.902,-7.449,6.237,0.020,-0.111,-0.028,41.552,14.659,4.370
1,722631,-0.906,-7.494,6.262,0.010,-0.110,-0.028,41.552,14.659,4.370
1,722654,-0.899,-7.527,6.296,0.054,-0.117,-0.029,41.567,14.849,4.721
1,722658,-0.893,-7.555,6.227,0.054,-0.117,-0.029,41.567,14.849,4.721
1,722661,-0.893,-7.555,6.227,0.099,-0.125,-0.029,42.210,15.083,5.452
1,722714,-0.799,-7.340,6.249,0.137,-0.130,-0.032,41.888,14.601,4.838
1,722745,-0.736,-7.393,6.219,0.038,-0.120,-0.033,41.084,15.025,4.487
1,722749,-0.726,-7.382,6.238,0.031,-0.119,-0.034,41.625,15.536,5.408
1,722751,-0.726,-7.382,6.238,0.031,-0.119,-0.034,41.625,15.536,5.408
1,722774,-0.742,-7.425,6.182,0.024,-0.119,-0.033,41.479,14.893,4.838
1,722778,-0.743,-7.425,6.182,0.013,-0.119,-0.032,41.479,14.893,4.838
1,722781,-0.743,-7.425,6.182,0.013,-0.119,-0.032,41.479,14.893,4.838
1,722804,-0.717,-7.487,6.330,-0.073,-0.110,-0.033,41.158,15.127,5.057
1,722808,-0.717,-7.487,6.330,-0.073,-0.110,-0.033,41.158,15.127,5.057
1,722812,-0.717,-7.487,6.330,-0.073,-0.110,-0.033,41.728,15.186,5.393
1,722833,-0.725,-7.582,6.168,-0.079,-0.109,-0.032,41.654,14.937,4.940
1,722837,-0.725,-7.582,6.168,-0.079,-0.109,-0.032,41.304,14.879,5.715
1,722841,-0.725,-7.582,6.168,-0.079,-0.109,-0.032,41.304,14.879,5.715
1,722864,-0.689,-7.656,6.199,0.064,-0.122,-0.028,41.479,14.791,4.779
1,722868,-0.689,-7.656,6.199,0.064,-0.122,-0.028,41.479,14.791,4.779
1,722871,-0.689,-7.656,6.203,0.064,-0.122,-0.028,41.479,14.791,4.779
1,722895,-0.686,-7.497,6.269,0.139,-0.127,-0.024,41.494,14.952,4.779
1,722898,-0.686,-7.497,6.269,0.139,-0.127,-0.024,41.289,15.332,5.569
1,722902,-0.663,-7.406,6.286,0.122,-0.125,-0.023,41.289,15.332,5.569
1,722924,-0.666,-7.450,6.207,0.068,-0.121,-0.022,40.880,15.171,5.364
1,722928,-0.666,-7.450,6.207,0.068,-0.121,-0.022,40.880,15.171,5.364
1,722956,-0.682,-7.391,6.217,-0.007,-0.111,-0.021,41.654,15.463,4.472
1,722958,-0.696,-7.385,6.136,-0.007,-0.111,-0.021,41.654,15.463,4.472
1,722984,-0.721,-7.436,6.181,-0.015,-0.111,-0.018,41.318,15.229,4.078
1,722988,-0.721,-7.436,6.181,-0.015,-0.111,-0.018,41.523,15.361,5.086
1,722991,-0.715,-7.391,6.146,-0.017,-0.108,-0.018,41.523,15.361,5.086
1,723014,-0.755,-7.451,6.212,-0.032,-0.109,-0.017,41.654,15.010,4.677
1,723018,-0.759,-7.454,6.172,-0.032,-0.111,-0.018,41.654,15.010,4.677
1,723021,-0.759,-7.454,6.172,-0.028,-0.111,-0.018,41.654,15.010,4.677
1,723075,-0.799,-7.443,6.140,0.075,-0.117,-0.013,41.684,14.981,5.817
1,723079,-0.829,-7.461,6.196,0.087,-0.120,-0.013,41.684,14.981,5.817
1,723082,-0.829,-7.461,6.196,0.087,-0.120,-0.013,41.684,14.981,5.817
1,723134,-0.894,-7.486,6.254,-0.032,-0.110,-0.016,41.114,15.668,5.598
1,723195,-0.998,-7.452,6.124,0.136,-0.125,-0.017,41.611,14.879,5.159
1,723225,-1.017,-7.391,6.059,0.150,-0.126,-0.020,41.494,14.762,5.320
1,723254,-1.007,-7.378,6.226,0.031,-0.115,-0.023,40.851,14.718,4.852
1,723258,-1.007,-7.378,6.226,0.031,-0.115,-0.023,40.851,14.718,4.852
1,723262,-1.035,-7.464,6.191,-0.015,-0.112,-0.026,41.187,15.317,5.408
1,723284,-0.976,-7.576,6.233,-0.092,-0.103,-0.028,41.260,14.820,4.692
1,723288,-0.976,-7.576,6.233,-0.092,-0.103,-0.028,40.646,15.522,6.182
1,723314,-0.926,-7.737,6.288,-0.137,-0.098,-0.029,41.172,14.733,5.481
1,723405,-0.800,-7.741,6.309,0.268,-0.128,-0.011,41.172,14.572,4.984
1,723409,-0.827,-7.661,6.301,0.298,-0.130,-0.010,41.172,14.572,4.984
1,723515,-0.879,-7.531,6.230,-0.123,-0.076,0.000,41.581,14.747,5.729
1,723554,-0.879,-7.665,6.360,0.049,-0.089,0.006,41.274,14.762,5.934
1,723558,-0.879,-7.665,6.360,0.049,-0.089,0.006,41.274,14.762,5.934
1,723562,-0.879,-7.662,6.377,0.049,-0.089,0.006,41.274,15.025,5.232
1,723687,-0.956,-7.450,6.144,0.040,-0.088,0.010,41.464,15.025,6.445
1,723735,-0.977,-7.664,6.085,-0.094,-0.073,0.009,42.034,15.332,6.416
1,723739,-0.980,-7.691,6.013,-0.084,-0.077,0.009,41.815,15.580,7.439
1,723742,-0.980,-7.691,6.013,-0.084,-0.077,0.009,41.815,15.580,7.439
1,723794,-1.025,-7.718,6.010,0.119,-0.098,0.010,42.429,14.572,6.387
1,723797,-1.022,-7.682,6.061,0.149,-0.103,0.010,42.429,14.572,6.387
1,723825,-1.016,-7.536,6.036,0.151,-0.104,0.007,41.888,14.996,6.095
1,723855,-1.013,-7.565,6.077,-0.031,-0.090,0.005,41.947,14.543,5.671
1,723858,-1.013,-7.565,6.077,-0.031,-0.090,0.005,41.947,14.543,5.671
1,723862,-1.013,-7.565,6.077,-0.031,-0.090,0.005,41.947,14.543,5.671
1,723883,-1.035,-7.732,6.121,-0.101,-0.083,0.000,41.844,14.952,6.387
1,723916,-1.006,-7.734,5.982,-0.097,-0.086,0.000,41.888,14.879,6.942
1,723918,-1.006,-7.734,5.982,-0.097,-0.086,0.000,41.888,14.879,6.942
1,723922,-0.998,-7.911,6.090,-0.097,-0.087,0.000,41.888,14.879,6.942
1,723974,-0.968,-7.697,6.006,0.198,-0.114,0.000,42.181,14.674,7.249
1,723978,-0.968,-7.697,6.006,0.198,-0.114,0.000,41.918,14.820,7.717
1,723981,-0.950,-7.657,6.055,0.213,-0.119,-0.002,41.918,14.820,7.717
1,724004,-0.926,-7.518,6.044,0.170,-0.114,-0.001,41.859,14.294,6.387
1,724007,-0.926,-7.518,6.044,0.170,-0.114,-0.001,41.859,14.294,6.387
1,724094,-0.939,-7.754,6.092,0.007,-0.098,-0.011,41.932,14.572,6.299
1,724098,-0.942,-7.723,6.001,0.028,-0.100,-0.011,41.932,14.572,6.299
1,724102,-0.942,-7.723,6.001,0.028,-0.100,-0.011,42.400,14.791,6.986
1,724124,-0.938,-7.730,5.981,0.051,-0.106,-0.013,42.224,14.192,6.270
1,724127,-0.943,-7.792,6.068,0.059,-0.105,-0.015,42.224,15.039,6.782
1,724185,-0.933,-7.588,6.043,0.197,-0.119,-0.017,42.327,13.973,5.963
1,724188,-0.933,-7.588,6.043,0.198,-0.117,-0.017,42.327,13.973,5.963
1,724245,-0.912,-7.693,6.072,-0.011,-0.099,-0.026,42.414,14.455,6.782
1,724249,-0.912,-7.693,6.072,-0.011,-0.099,-0.026,42.414,14.455,6.782
1,724251,-0.912,-7.693,6.072,-0.011,-0.099,-0.026,42.414,14.469,6.445
1,724274,-0.901,-7.738,5.917,0.044,-0.105,-0.024,42.181,14.528,6.109
1,724334,-0.915,-7.802,6.106,0.272,-0.123,-0.022,42.356,14.499,5.788
1,724338,-0.915,-7.802,6.106,0.272,-0.123,-0.022,42.356,14.499,5.788
1,724395,-0.891,-7.698,6.479,0.596,-0.153,-0.021,42.239,14.353,5.232
1,724398,-1.198,-7.583,6.508,0.596,-0.153,-0.021,42.239,14.353,5.232
1,724424,-0.877,-7.373,6.581,0.588,-0.148,-0.018,42.590,14.353,4.180
1,724428,-0.897,-7.327,6.660,0.512,-0.142,-0.021,42.736,14.820,4.385
1,724431,-0.897,-7.327,6.660,0.512,-0.142,-0.021,42.736,14.820,4.385
1,724454,-0.854,-7.180,6.712,0.286,-0.117,-0.026,42.239,14.543,3.625
1,724485,-0.865,-7.261,6.634,-0.012,-0.089,-0.034,42.093,14.879,3.099
1,724488,-0.904,-7.329,6.565,-0.067,-0.083,-0.037,42.093,14.879,3.099
1,724492,-0.904,-7.329,6.565,-0.067,-0.083,-0.037,42.736,14.484,3.917
1,724514,-0.955,-7.255,6.376,-0.071,-0.083,-0.038,42.327,14.484,4.151
1,724517,-0.967,-7.340,6.368,-0.027,-0.087,-0.039,41.976,14.236,4.136
1,724521,-0.967,-7.340,6.368,-0.027,-0.087,-0.039,41.976,14.236,4.136
1,724543,-1.055,-7.427,6.495,0.089,-0.097,-0.040,42.473,14.440,3.961
1,724547,-1.065,-7.411,6.495,0.143,-0.101,-0.043,42.473,14.440,3.961
1,724551,-1.065,-7.411,6.495,0.143,-0.101,-0.043,42.473,14.440,3.961
1,724574,-1.077,-7.346,6.473,0.197,-0.111,-0.045,42.590,14.893,3.113
1,724604,-1.056,-7.304,6.402,0.213,-0.114,-0.051,42.663,14.747,3.245
1,724665,-1.007,-7.352,6.413,0.098,-0.105,-0.057,42.268,14.645,3.654
1,724667,-1.007,-7.352,6.413,0.098,-0.105,-0.057,42.093,14.674,3.800
1,724797,-0.946,-7.414,6.269,-0.145,-0.077,-0.064,42.122,14.674,3.756
1,724814,-0.977,-7.482,6.346,-0.155,-0.073,-0.061,42.488,14.718,3.917
1,724818,-0.952,-7.560,6.505,-0.160,-0.073,-0.062,42.371,15.200,5.057
1,724822,-0.952,-7.560,6.505,-0.160,-0.073,-0.062,42.371,15.200,5.057
1,724843,-0.948,-7.627,6.383,-0.158,-0.075,-0.064,42.181,14.163,4.692
1,724847,-0.951,-7.720,6.457,-0.143,-0.072,-0.060,42.181,14.163,4.692
1,724851,-0.951,-7.720,6.457,-0.143,-0.072,-0.060,42.181,14.163,4.692
1,724875,-0.940,-7.935,6.463,-0.098,-0.076,-0.060,42.678,14.996,5.349
1,724878,-0.960,-7.663,6.463,-0.066,-0.078,-0.057,42.824,14.952,5.627
1,724881,-0.960,-7.663,6.463,-0.066,-0.078,-0.057,42.824,14.952,5.627
1,724904,-0.933,-7.634,6.571,-0.012,-0.081,-0.059,42.707,14.499,5.393
1,724934,-0.867,-7.494,6.479,-0.028,-0.077,-0.056,42.034,15.156,5.159
1,724938,-0.867,-7.494,6.479,-0.028,-0.077,-0.056,42.034,15.156,5.159
1,724941,-0.867,-7.494,6.479,-0.028,-0.077,-0.056,42.108,14.806,5.072
1,724963,-0.821,-7.468,6.351,-0.012,-0.075,-0.051,42.312,14.630,5.130
1,724967,-0.821,-7.468,6.351,-0.012,-0.075,-0.051,42.049,14.981,5.437
1,724970,-0.821,-7.468,6.351,-0.012,-0.075,-0.051,42.049,14.981,5.437
1,724994,-0.781,-7.368,6.276,0.111,-0.078,-0.043,42.137,14.776,5.379
1,724998,-0.781,-7.368,6.276,0.111,-0.078,-0.043,42.137,14.776,5.379
1,725000,-0.781,-7.253,6.165,0.111,-0.078,-0.043,42.137,14.776,5.379
1,725083,-0.890,-7.255,6.153,-0.090,-0.045,-0.038,42.078,14.747,4.823
1,725087,-0.890,-7.255,6.153,-0.090,-0.045,-0.038,42.078,14.747,4.823
1,725114,-0.974,-7.566,6.274,-0.116,-0.039,-0.035,41.961,14.645,5.130
1,725118,-0.986,-7.525,6.256,-0.116,-0.039,-0.035,41.698,14.513,5.832
1,725122,-0.986,-7.525,6.256,-0.093,-0.040,-0.035,41.698,14.513,5.832
1,725144,-1.027,-7.480,6.077,-0.027,-0.046,-0.034,42.049,14.192,5.832
1,725204,-1.034,-7.609,6.300,-0.051,-0.048,-0.038,41.874,14.543,6.825
1,725208,-1.013,-7.675,6.330,-0.068,-0.046,-0.039,41.961,14.543,6.825
1,725210,-1.013,-7.675,6.330,-0.068,-0.046,-0.039,41.961,14.543,6.825
1,725234,-1.016,-7.755,6.354,-0.034,-0.050,-0.039,41.947,15.200,6.051
1,725293,-0.912,-7.354,6.205,0.213,-0.073,-0.032,42.020,14.528,6.270
1,725297,-0.912,-7.354,6.205,0.213,-0.073,-0.032,42.020,14.528,6.270
1,725301,-0.912,-7.354,6.205,0.213,-0.073,-0.032,42.020,14.528,6.270
1,725324,-0.913,-7.363,6.331,0.016,-0.055,-0.033,42.078,14.323,5.744
1,725328,-0.913,-7.363,6.331,0.016,-0.055,-0.033,42.078,14.323,5.744
1,725354,-0.958,-7.591,6.108,-0.117,-0.045,-0.032,41.698,14.440,6.445
1,725383,-1.004,-7.655,6.218,0.046,-0.060,-0.024,41.961,14.338,5.919
1,725387,-1.004,-7.655,6.218,0.046,-0.060,-0.024,41.961,14.338,5.919
1,725390,-0.970,-7.543,6.154,0.111,-0.066,-0.023,41.961,14.338,5.919
1,725444,-0.983,-7.469,6.278,0.038,-0.062,-0.020,42.458,14.484,6.314
1,725447,-0.983,-7.469,6.278,0.038,-0.062,-0.020,42.458,14.484,6.314
1,725451,-0.993,-7.482,6.181,-0.007,-0.056,-0.020,42.458,14.484,6.314
1,725473,-0.983,-7.561,6.126,-0.075,-0.051,-0.020,42.268,14.455,6.825
1,725477,-0.983,-7.561,6.126,-0.075,-0.051,-0.020,42.268,14.455,6.825
1,725504,-0.997,-7.598,6.172,-0.065,-0.054,-0.018,42.341,14.104,6.796
1,725507,-1.011,-7.783,6.266,-0.055,-0.056,-0.017,42.546,14.163,6.796
1,725511,-1.011,-7.783,6.266,-0.055,-0.056,-0.017,42.546,14.163,6.796
1,725534,-1.013,-7.515,5.984,-0.046,-0.059,-0.017,42.312,14.163,6.928
1,725594,-1.042,-7.539,6.108,0.148,-0.079,-0.013,42.868,14.353,6.679
1,725598,-1.042,-7.539,6.108,0.145,-0.083,-0.015,42.868,14.353,6.679
1,725601,-1.042,-7.539,6.108,0.145,-0.083,-0.015,42.868,14.353,6.679
1,725624,-1.065,-7.462,6.048,0.104,-0.087,-0.020,42.648,14.440,6.226
1,725627,-1.065,-7.462,6.048,0.073,-0.078,-0.016,42.648,14.440,6.226
1,725630,-1.065,-7.462,6.048,0.073,-0.078,-0.016,42.809,14.484,6.855
1,725653,-1.083,-7.685,6.224,-0.005,-0.076,-0.018,42.473,14.236,7.059
1,725657,-1.083,-7.685,6.224,-0.005,-0.076,-0.018,42.502,14.484,7.425
1,725683,-1.074,-7.627,5.901,-0.056,-0.077,-0.021,42.093,14.528,7.176
1,725714,-1.068,-7.791,6.066,0.079,-0.092,-0.017,42.283,14.747,7.059
1,725717,-1.068,-7.791,6.066,0.079,-0.092,-0.017,42.604,14.952,7.118
1,725721,-1.024,-7.680,5.956,0.161,-0.098,-0.013,42.604,14.952,7.118
1,725744,-1.021,-7.735,5.905,0.304,-0.116,-0.010,41.918,14.382,7.264
1,725747,-1.021,-7.735,5.905,0.304,-0.116,-0.010,41.918,14.382,7.264
