1,666760,-0.197,1.819,9.986,0.469,-0.114,-0.055,-48.918,-53.610,29.772
1,666763,-0.197,1.819,9.986,0.391,-0.116,-0.055,-48.918,-53.610,29.772
1,666767,-0.197,1.819,9.986,0.391,-0.116,-0.055,-48.860,-53.464,29.129
1,666771,-0.182,1.923,9.960,0.281,-0.112,-0.057,-48.860,-53.464,29.129
1,666793,-0.185,1.942,9.869,0.002,-0.097,-0.066,-48.597,-53.099,29.728
1,666797,-0.185,1.942,9.869,0.002,-0.097,-0.066,-48.597,-53.099,29.728
1,666800,-0.219,1.775,9.903,-0.131,-0.087,-0.067,-48.597,-53.099,29.728
1,666823,-0.245,1.344,10.014,-0.247,-0.082,-0.070,-48.612,-53.815,29.290
1,666853,-0.229,1.064,9.861,-0.066,-0.099,-0.065,-48.860,-53.142,29.977
1,666959,-0.219,1.699,10.015,-0.028,-0.092,-0.061,-48.728,-53.303,29.597
1,666973,-0.200,1.689,10.020,-0.082,-0.092,-0.060,-48.904,-52.967,29.772
1,667062,-0.214,1.170,9.912,0.235,-0.105,-0.054,-48.918,-53.113,29.202
1,667272,-0.181,1.216,10.256,-0.057,-0.094,-0.055,-48.875,-53.537,29.100
1,667363,-0.145,2.140,11.084,0.046,-0.084,-0.060,-49.065,-53.581,28.822
1,667367,-0.096,2.052,11.239,-0.057,-0.084,-0.060,-48.802,-52.689,29.436
1,667393,-0.112,1.905,11.422,-0.233,-0.076,-0.061,-49.474,-53.084,28.690
1,667526,-0.148,1.094,12.569,0.064,-0.061,-0.057,-48.626,-52.528,28.983
1,667543,-0.244,0.833,12.804,0.160,-0.051,-0.049,-48.802,-52.470,28.676
1,667603,-0.089,1.685,12.785,0.192,-0.044,-0.044,-48.787,-52.368,28.647
1,667607,-0.089,1.685,12.785,0.192,-0.044,-0.044,-48.787,-52.368,28.647
1,667610,-0.089,1.476,12.791,0.192,-0.044,-0.044,-48.787,-52.368,28.647
1,667663,-0.182,0.960,12.656,-0.334,-0.001,-0.061,-49.021,-52.660,28.793
1,667666,-0.182,0.960,12.656,-0.334,-0.001,-0.061,-49.021,-52.660,28.793
1,667670,-0.285,0.720,12.893,-0.330,0.001,-0.062,-49.021,-52.660,28.793
1,667723,-0.374,1.042,12.262,-0.261,-0.011,-0.054,-48.348,-52.338,29.509
1,667783,-0.520,1.004,11.524,-0.754,0.022,-0.066,-48.232,-51.330,28.895
1,667787,-0.592,0.849,11.492,-0.754,0.022,-0.068,-48.232,-51.330,28.895
1,667791,-0.592,0.849,11.492,-0.834,0.029,-0.068,-48.232,-51.330,28.895
1,667812,-0.674,0.260,11.037,-0.814,0.012,-0.059,-48.699,-50.906,29.217
1,667874,-0.609,0.957,9.255,-0.303,-0.005,-0.037,-48.348,-50.190,28.705
1,668006,-0.230,-0.343,4.007,-0.721,0.031,-0.027,-48.305,-48.568,28.837
1,668083,-0.428,-1.225,3.729,0.586,-0.022,0.018,-47.720,-48.524,29.524
1,668113,-0.391,-0.593,3.430,0.933,-0.060,0.016,-47.618,-49.021,29.187
1,668117,-0.391,-0.593,3.430,0.933,-0.060,0.016,-47.618,-49.021,29.187
1,668121,-0.388,-0.392,3.491,0.872,-0.053,0.005,-47.618,-49.021,29.187
1,668143,-0.475,-0.778,4.046,0.745,-0.039,0.020,-47.691,-49.532,28.296
1,668147,-0.475,-0.778,4.046,0.745,-0.039,0.020,-47.691,-49.532,28.296
1,668253,-0.534,0.656,6.632,1.533,-0.130,0.020,-47.062,-51.725,28.223
1,668263,-0.482,0.721,6.767,1.427,-0.127,0.020,-47.325,-52.148,28.661
1,668267,-0.526,0.617,7.001,1.354,-0.114,0.018,-47.325,-52.148,28.661
1,668270,-0.526,0.617,7.001,1.354,-0.114,0.018,-47.325,-52.148,28.661
1,668292,-0.556,0.477,7.310,1.300,-0.123,0.027,-47.618,-52.572,28.793
1,668399,-0.971,2.404,9.619,0.974,-0.144,0.012,-47.296,-54.809,30.327
1,668413,-0.383,2.211,8.133,0.915,-0.204,0.054,-47.179,-54.239,30.488
1,668416,-0.383,2.211,8.133,0.915,-0.204,0.054,-47.179,-54.239,30.488
1,668420,-0.383,2.211,8.133,0.915,-0.204,0.054,-47.676,-54.341,30.342
1,668472,-0.540,3.254,10.024,0.981,-0.194,0.032,-47.267,-55.086,30.459
1,668606,-1.116,3.508,12.394,-0.049,-0.162,0.031,-47.910,-55.715,30.561
1,668726,-0.367,4.648,13.804,0.977,-0.247,0.037,-48.115,-56.679,31.891
1,668979,-0.099,3.052,12.476,-0.567,-0.151,-0.013,-48.422,-54.867,30.693
1,669073,-0.023,2.244,13.194,0.123,-0.184,0.021,-49.182,-54.370,30.941
1,669283,-0.140,2.724,11.477,-0.264,-0.132,-0.002,-50.219,-53.493,31.789
1,669343,-0.193,1.444,10.199,-1.045,-0.099,-0.034,-49.196,-52.572,31.234
1,669403,-0.115,1.067,8.953,-0.801,-0.103,-0.039,-49.591,-51.418,31.482
1,669433,-0.002,1.284,7.377,-0.613,-0.119,-0.032,-49.474,-51.272,31.935
1,669437,-0.002,1.284,7.377,-0.613,-0.119,-0.032,-49.445,-50.365,31.614
1,669440,-0.099,1.265,7.001,-0.626,-0.111,-0.034,-49.445,-50.365,31.614
1,669523,0.017,0.334,3.539,-0.616,-0.095,-0.032,-50.175,-50.351,31.920
1,669527,0.017,0.334,3.539,-0.616,-0.095,-0.032,-50.175,-50.351,31.920
1,669656,-0.389,-0.885,3.681,1.670,-0.182,0.028,-50.117,-50.906,32.388
1,669673,-0.383,-0.421,3.960,1.735,-0.180,0.027,-50.424,-51.388,32.140
1,669703,0.001,0.492,4.853,1.313,-0.182,-0.005,-50.205,-52.178,32.037
1,669707,0.001,0.492,4.853,1.137,-0.175,0.006,-49.942,-51.944,32.651
1,669710,0.001,0.492,4.853,1.137,-0.175,0.006,-49.942,-51.944,32.651
1,669763,0.217,1.023,6.031,0.182,-0.160,-0.015,-49.415,-53.069,32.432
1,669766,0.217,1.023,6.031,0.182,-0.160,-0.015,-49.445,-52.397,32.929
1,669770,0.217,1.023,6.031,0.182,-0.160,-0.015,-49.445,-52.397,32.929
1,669823,0.268,1.055,6.900,-0.673,-0.138,-0.032,-49.737,-52.236,32.549
1,669883,0.154,-0.014,7.998,-0.202,-0.142,-0.037,-50.190,-51.695,31.628
1,669887,0.154,-0.014,7.998,-0.202,-0.142,-0.037,-50.190,-51.695,31.628
1,678791,-0.060,1.798,10.548,0.055,-0.182,-0.046,-49.328,-52.748,30.298
1,678795,-0.060,1.798,10.548,0.055,-0.182,-0.046,-49.328,-52.748,30.298
1,678798,-0.045,1.748,10.848,0.094,-0.172,-0.043,-49.445,-52.821,30.386
1,679111,-0.368,1.251,11.421,-0.097,0.057,-0.117,-49.693,-51.973,30.868
1,679123,-0.445,1.631,11.393,0.076,0.049,-0.114,-49.050,-51.885,30.459
1,679153,-0.333,1.463,10.532,-0.114,0.060,-0.109,-48.962,-52.002,31.160
1,679157,-0.333,1.463,10.532,-0.114,0.060,-0.109,-49.357,-51.505,31.160
1,679161,-0.334,1.351,10.795,-0.197,0.093,-0.117,-49.357,-51.505,31.160
1,679213,-0.317,1.312,9.947,-0.368,0.088,-0.117,-48.509,-51.315,30.284
1,679216,-0.317,1.312,9.947,-0.368,0.088,-0.117,-48.363,-50.745,30.707
1,679220,-0.269,1.415,10.112,-0.457,0.112,-0.123,-48.363,-50.745,30.707
1,679406,-0.469,0.457,6.672,-1.464,0.119,-0.105,-47.793,-49.138,29.655
1,679423,-0.470,-0.605,6.078,-1.526,0.114,-0.103,-47.720,-48.378,29.743
1,679426,-0.488,-0.605,6.078,-1.486,0.111,-0.100,-47.720,-48.378,29.743
1,679453,-0.671,-1.117,5.530,-0.907,0.078,-0.078,-47.705,-47.355,29.582
1,679543,-0.809,-1.243,4.842,0.837,-0.032,-0.048,-47.194,-47.720,29.363
1,679603,-0.597,-1.639,5.538,0.907,-0.060,-0.043,-47.208,-48.071,29.114
1,679736,-0.597,0.477,7.548,0.668,-0.115,-0.054,-47.033,-50.468,28.325
1,679753,-0.707,0.045,8.012,0.384,-0.106,-0.060,-46.901,-50.512,29.114
1,679756,-0.896,-0.164,8.003,0.341,-0.117,-0.065,-46.931,-50.512,29.114
1,679783,-1.113,-0.201,7.347,0.507,-0.158,-0.062,-47.471,-50.555,28.661
1,679843,-0.828,1.107,9.210,1.709,-0.225,-0.028,-47.179,-52.280,28.734
1,679874,-0.634,1.901,8.785,1.288,-0.213,-0.021,-47.384,-52.850,29.377
1,679903,-0.658,2.090,9.689,0.654,-0.193,-0.056,-46.960,-53.508,28.851
1,679993,-0.796,2.179,12.169,0.443,-0.188,-0.056,-47.457,-54.092,29.377
1,680100,-0.419,4.560,12.739,0.547,-0.243,0.013,-47.603,-55.715,31.804
1,680113,-0.443,4.351,12.134,0.392,-0.260,0.015,-47.778,-55.773,31.453
1,680220,0.073,3.014,11.195,-0.655,-0.187,-0.039,-48.378,-54.165,30.868
1,680293,-0.419,2.925,12.069,0.233,-0.209,-0.011,-48.378,-54.414,29.947
1,680296,-0.336,2.645,12.181,0.205,-0.200,-0.009,-48.378,-54.414,29.947
1,680300,-0.336,2.645,12.181,0.205,-0.200,-0.009,-48.378,-54.414,29.947
1,680323,-0.415,1.993,12.516,0.246,-0.171,-0.023,-47.910,-54.282,30.094
1,680326,-0.491,1.985,12.707,0.382,-0.171,-0.020,-47.910,-54.282,30.094
1,680330,-0.491,1.985,12.707,0.382,-0.171,-0.020,-48.129,-54.385,30.883
1,680353,-0.258,3.033,11.600,0.649,-0.213,-0.005,-48.655,-54.414,31.087
1,680515,-0.164,2.133,12.437,0.368,-0.133,-0.010,-48.962,-54.589,31.131
1,680563,-0.030,3.362,11.897,0.070,-0.101,-0.021,-48.889,-55.072,31.321
1,680567,-0.030,3.362,11.897,0.070,-0.101,-0.021,-48.889,-55.072,31.321
1,680571,0.000,3.281,11.774,-0.100,-0.092,-0.024,-48.889,-55.072,31.321
1,680592,0.065,2.919,11.684,-0.385,-0.072,-0.033,-48.948,-54.999,31.219
1,680596,0.065,2.919,11.684,-0.385,-0.072,-0.033,-48.948,-54.999,31.219
1,680599,-0.006,2.831,11.762,-0.469,-0.064,-0.038,-48.495,-54.779,31.833
1,680623,-0.019,2.393,11.835,-0.509,-0.060,-0.035,-48.758,-54.239,31.614
1,680626,-0.013,2.213,11.799,-0.509,-0.060,-0.035,-48.758,-54.239,31.614
1,680629,-0.013,2.213,11.799,-0.465,-0.059,-0.032,-48.758,-54.239,31.614
1,680652,-0.123,2.146,11.767,-0.318,-0.059,-0.038,-49.021,-54.706,30.854
1,680713,-0.184,2.515,11.478,0.033,-0.050,-0.029,-48.816,-54.326,30.780
1,680743,-0.162,2.423,11.195,-0.087,-0.057,-0.022,-49.021,-54.049,30.751
1,680747,-0.177,2.291,11.195,-0.105,-0.042,-0.027,-48.889,-53.683,31.394
1,680750,-0.177,2.291,11.195,-0.105,-0.042,-0.027,-48.889,-53.683,31.394
1,680773,-0.217,2.643,11.194,-0.072,-0.042,-0.029,-48.845,-53.844,30.912
1,680777,-0.217,2.643,11.194,-0.087,-0.042,-0.029,-48.845,-53.844,30.912
1,680833,-0.361,2.046,10.258,-0.525,-0.017,-0.037,-48.758,-53.332,30.050
1,680836,-0.361,2.046,10.258,-0.525,-0.017,-0.037,-48.758,-53.332,30.050
1,680923,-0.368,2.277,9.775,-0.265,-0.002,-0.020,-48.714,-52.528,30.474
1,680953,-0.404,2.039,9.572,-0.412,-0.015,-0.007,-48.758,-52.251,29.699
1,680983,-0.492,1.898,9.613,-0.486,0.011,-0.022,-48.582,-51.842,29.772
1,680987,-0.492,1.898,9.613,-0.486,0.011,-0.022,-48.582,-51.842,29.772
1,681093,-0.591,1.035,8.097,-0.220,-0.013,-0.004,-47.939,-50.935,30.342
1,681103,-0.564,1.004,7.863,-0.217,-0.023,0.005,-48.129,-51.008,30.225
1,681107,-0.562,0.943,7.607,-0.225,-0.027,0.017,-48.129,-51.008,30.225
1,681132,-0.471,0.910,7.299,-0.331,-0.013,0.004,-48.085,-50.892,29.231
1,681137,-0.518,0.843,7.211,-0.421,-0.015,-0.006,-47.647,-50.190,30.298
1,681140,-0.518,0.843,7.211,-0.421,-0.015,-0.006,-47.647,-50.190,30.298
1,681162,-0.558,0.288,6.607,-0.513,-0.024,0.010,-48.042,-50.205,29.801
1,681253,-0.532,-0.615,5.433,0.622,-0.076,0.032,-48.100,-50.029,29.567
1,681462,-0.654,0.595,8.114,1.131,-0.114,0.031,-48.392,-51.725,29.904
1,681626,-0.715,1.543,10.089,0.338,-0.160,0.027,-48.232,-53.391,30.108
1,681673,-0.486,2.383,10.951,-0.122,-0.090,0.011,-48.129,-53.610,29.757
1,681676,-0.486,2.383,10.951,-0.122,-0.090,0.011,-47.793,-53.128,30.780
1,681784,-0.202,1.694,10.481,0.053,-0.200,0.017,-48.217,-53.186,29.070
1,681792,-0.254,2.407,10.166,0.093,-0.184,0.006,-48.290,-53.259,29.187
1,681900,-0.086,2.435,13.385,0.217,-0.182,0.029,-48.465,-52.879,28.764
1,682119,-0.276,2.783,10.969,0.156,-0.092,0.012,-48.933,-53.669,30.386
1,682183,-0.382,2.055,10.560,-0.171,-0.043,-0.009,-48.670,-53.742,29.874
1,682243,-0.480,2.435,11.507,0.525,-0.044,-0.005,-48.597,-53.785,29.597
1,682247,-0.480,2.435,11.507,0.525,-0.044,-0.005,-48.597,-53.785,29.597
1,682250,-0.456,2.785,11.683,0.599,-0.048,-0.007,-48.597,-53.785,29.977
1,682272,-0.537,3.308,11.975,0.536,-0.042,-0.007,-49.196,-54.312,29.611
1,682333,-0.410,2.810,11.750,-0.475,-0.001,-0.037,-48.232,-53.639,29.816
1,682336,-0.410,2.810,11.750,-0.475,-0.001,-0.037,-48.188,-53.771,29.553
1,682443,-0.591,1.793,12.281,0.083,-0.018,-0.037,-47.852,-52.631,29.319
1,682483,-0.392,2.460,11.342,0.117,-0.029,-0.043,-48.334,-52.675,29.889
1,682487,-0.425,2.466,11.287,-0.002,-0.016,-0.050,-48.553,-52.675,29.889
1,682573,-0.502,1.512,10.819,-0.810,0.011,-0.071,-48.305,-52.032,29.012
1,682808,-0.645,0.372,8.194,-0.327,-0.035,-0.071,-47.355,-50.132,28.647
1,682843,-0.767,0.026,7.902,-0.155,-0.032,-0.055,-47.179,-49.503,29.728
1,682846,-0.762,-0.008,7.714,-0.109,-0.043,-0.064,-47.179,-49.503,29.728
1,682850,-0.762,-0.008,7.714,-0.109,-0.043,-0.064,-47.179,-49.503,29.363
1,682873,-0.762,0.170,7.176,-0.004,-0.060,-0.062,-47.252,-49.781,29.187
1,682875,-0.800,0.167,6.962,0.020,-0.053,-0.053,-47.135,-48.904,29.144
1,682879,-0.800,0.167,6.962,0.020,-0.053,-0.053,-47.135,-48.904,29.144
1,682902,-0.894,-0.111,6.794,-0.009,-0.059,-0.060,-47.223,-49.678,28.442
1,682993,-0.810,-1.053,5.258,0.009,-0.092,-0.068,-47.281,-49.152,28.354
1,682997,-0.810,-1.053,5.258,0.009,-0.092,-0.068,-47.281,-49.152,28.354
1,683103,-0.473,0.075,6.809,0.723,-0.153,-0.056,-47.355,-50.599,29.041
1,683113,-0.522,0.164,7.076,0.684,-0.154,-0.065,-47.355,-50.760,29.187
1,683117,-0.522,0.164,7.076,0.684,-0.154,-0.065,-47.355,-50.760,29.187
1,683143,-0.437,0.324,7.359,0.602,-0.172,-0.054,-47.559,-51.038,28.705
1,683147,-0.437,0.324,7.359,0.602,-0.172,-0.054,-47.603,-51.272,28.822
1,683150,-0.389,0.412,7.462,0.549,-0.166,-0.060,-47.603,-51.272,28.822
1,683172,-0.445,0.422,7.841,0.442,-0.164,-0.073,-47.764,-51.169,28.617
1,683233,-0.485,0.970,8.684,0.915,-0.199,-0.059,-47.852,-52.251,29.158
1,683237,-0.485,0.993,9.029,0.915,-0.199,-0.059,-47.852,-52.251,29.158
1,683343,-0.568,2.224,8.656,0.441,-0.247,-0.042,-48.290,-53.975,29.114
1,683353,-0.464,2.291,8.449,0.324,-0.226,-0.056,-48.100,-54.019,29.348
1,683357,-0.514,2.601,8.968,0.180,-0.189,-0.082,-48.100,-54.019,29.348
1,683360,-0.514,2.601,8.968,0.180,-0.189,-0.082,-48.100,-54.019,29.348
1,683383,-0.927,3.020,10.173,-0.108,-0.173,-0.090,-48.144,-53.844,29.567
1,683678,0.384,4.519,13.511,-0.387,-0.257,-0.077,-49.547,-55.525,31.336
1,683683,0.384,4.519,13.511,-0.387,-0.257,-0.077,-49.050,-55.115,31.862
1,683687,0.536,3.878,13.557,-0.457,-0.250,-0.076,-49.050,-55.115,31.862
1,683691,0.536,3.878,13.557,-0.457,-0.250,-0.076,-49.050,-55.115,31.862
1,683743,0.047,3.665,12.190,0.323,-0.290,-0.064,-48.904,-54.925,30.927
1,683833,0.395,4.235,10.452,0.743,-0.233,-0.062,-49.635,-56.270,33.879
1,683835,0.346,4.270,10.341,0.585,-0.221,-0.072,-49.635,-56.270,33.879
1,683839,0.346,4.270,10.341,0.585,-0.221,-0.072,-49.635,-56.270,33.879
1,683862,0.211,3.704,10.045,0.345,-0.206,-0.064,-49.474,-56.694,33.747
1,683893,0.205,3.471,9.081,0.437,-0.198,-0.076,-49.649,-56.709,33.499
1,683897,0.205,3.471,9.081,0.437,-0.198,-0.076,-49.649,-56.709,33.499
1,683900,0.205,3.471,9.081,0.437,-0.198,-0.076,-49.649,-56.709,33.499
1,684025,0.213,2.575,7.318,0.484,-0.138,-0.090,-49.956,-56.475,34.961
1,684042,0.256,2.801,7.141,0.564,-0.132,-0.097,-49.752,-57.293,34.668
1,684046,0.256,2.801,7.141,0.564,-0.132,-0.097,-49.752,-57.293,34.668
1,684050,0.276,2.885,7.133,0.558,-0.127,-0.098,-49.752,-56.942,35.253
1,684072,0.292,2.904,7.249,0.505,-0.112,-0.103,-49.868,-57.483,34.727
1,776198,0.069,0.924,10.016,0.281,-0.100,-0.029,-48.918,-52.835,27.302
1,776202,0.057,0.948,10.056,0.276,-0.105,-0.028,-48.918,-52.835,27.302
1,776206,0.057,0.948,10.056,0.276,-0.105,-0.028,-48.918,-52.835,27.302
1,776208,0.057,0.948,10.056,0.276,-0.105,-0.028,-48.918,-52.879,27.360
1,776230,0.048,1.119,10.009,0.222,-0.104,-0.034,-48.743,-52.982,27.887
1,776259,0.056,1.216,9.998,0.162,-0.099,-0.033,-49.284,-53.230,27.755
1,776263,0.056,1.216,9.998,0.125,-0.099,-0.033,-49.284,-53.230,27.755
1,776320,0.051,0.860,10.013,0.009,-0.094,-0.038,-48.524,-53.362,27.711
1,776323,0.051,0.860,10.013,0.009,-0.094,-0.038,-48.524,-53.362,27.711
1,776327,0.051,0.860,10.013,0.009,-0.094,-0.038,-48.524,-53.362,27.711
1,776379,0.025,0.895,9.997,-0.026,-0.090,-0.042,-48.641,-53.157,26.995
1,776383,0.025,0.895,9.997,-0.026,-0.090,-0.042,-48.495,-52.704,27.872
1,776410,0.042,0.824,10.034,-0.042,-0.089,-0.039,-48.860,-52.996,27.346
1,776413,0.042,0.824,10.034,-0.042,-0.089,-0.039,-48.860,-52.996,27.346
1,776469,0.041,0.590,10.038,-0.011,-0.093,-0.039,-49.021,-52.748,27.536
1,776500,0.005,0.568,10.068,0.045,-0.093,-0.038,-48.845,-52.455,27.214
1,776503,0.005,0.568,10.068,0.045,-0.093,-0.038,-48.772,-52.163,27.755
1,776506,-0.007,0.555,10.063,0.068,-0.097,-0.035,-48.772,-52.163,27.755
1,776559,0.031,0.785,10.053,0.119,-0.095,-0.037,-48.918,-52.660,27.024
1,776693,0.032,0.742,10.015,0.148,-0.098,-0.035,-49.050,-52.631,27.375
1,776709,0.032,0.757,10.035,0.154,-0.100,-0.034,-49.240,-53.318,27.901
1,776713,0.032,0.757,10.035,0.154,-0.100,-0.034,-49.445,-52.412,28.091
1,776769,0.026,0.837,10.046,0.169,-0.100,-0.034,-49.678,-52.777,27.989
1,776773,0.026,0.837,10.046,0.169,-0.100,-0.034,-49.605,-52.616,27.740
1,776777,0.026,0.837,10.046,0.169,-0.100,-0.034,-49.605,-52.616,27.740
1,776798,0.042,0.907,10.020,0.153,-0.098,-0.035,-49.620,-53.289,26.951
1,776830,0.039,0.948,10.016,0.121,-0.099,-0.037,-49.518,-53.201,27.433
1,776833,0.039,0.948,10.016,0.121,-0.099,-0.037,-49.518,-53.201,27.507
1,776889,0.041,0.876,10.030,0.046,-0.095,-0.037,-49.298,-52.996,27.141
1,776919,0.026,0.840,9.997,0.035,-0.094,-0.039,-49.065,-52.324,27.814
1,776923,0.026,0.840,9.997,0.035,-0.094,-0.039,-49.065,-52.324,27.814
1,776980,0.035,0.804,10.030,0.037,-0.094,-0.037,-49.108,-52.602,27.404
1,777086,0.050,0.635,10.062,-0.024,-0.093,-0.040,-49.123,-52.470,26.834
1,777203,0.024,0.269,9.708,0.382,-0.110,-0.037,-49.123,-53.435,26.790
1,777219,0.010,0.647,10.063,0.508,-0.108,-0.034,-48.802,-53.552,27.404
1,777249,-0.030,1.123,10.161,0.527,-0.117,-0.038,-49.225,-53.756,27.711
1,777252,-0.030,1.123,10.161,0.527,-0.117,-0.038,-49.021,-53.566,28.004
1,777359,0.754,0.815,10.490,0.775,-0.094,-0.023,-49.357,-54.165,27.755
1,777370,0.812,1.350,10.479,0.842,-0.109,-0.015,-49.167,-54.326,28.793
1,777399,0.811,1.604,10.790,0.632,-0.092,-0.035,-48.685,-55.013,28.764
1,777429,0.666,1.820,11.252,0.137,-0.062,-0.049,-48.889,-54.735,28.179
1,777433,0.658,1.834,11.295,-0.054,-0.048,-0.056,-48.889,-54.735,28.179
1,777459,0.523,1.725,11.469,-0.431,-0.011,-0.064,-48.597,-54.502,29.012
1,777566,-0.176,0.312,11.953,0.090,0.024,-0.049,-48.085,-53.727,27.507
1,777580,-0.207,0.669,12.182,0.248,0.016,-0.044,-48.275,-53.552,27.390
1,777583,-0.207,0.669,12.182,0.406,0.016,-0.044,-48.538,-53.464,28.150
1,777586,-0.207,0.669,12.182,0.406,0.016,-0.044,-48.538,-53.464,28.150
1,777610,-0.391,1.994,12.702,0.431,0.026,-0.045,-48.305,-54.268,27.346
1,777613,-0.391,1.994,12.702,0.431,0.026,-0.045,-48.305,-54.268,27.346
1,777617,-0.391,1.994,12.702,0.431,0.026,-0.045,-48.305,-54.268,27.346
1,777639,-0.415,2.222,12.622,-0.183,0.053,-0.057,-48.115,-54.005,26.907
1,777642,-0.415,2.222,12.622,-0.183,0.053,-0.057,-47.720,-53.625,27.273
1,777646,-0.415,2.222,12.622,-0.183,0.053,-0.057,-47.720,-53.625,27.273
1,777729,-0.944,0.698,7.022,-1.890,0.092,-0.076,-47.852,-51.462,25.928
1,777759,-0.963,-0.494,6.318,-1.655,0.076,-0.055,-47.895,-51.096,25.080
1,777763,-0.963,-0.494,6.318,-1.655,0.076,-0.055,-47.895,-51.096,25.080
1,777870,-0.457,-0.248,10.747,0.189,-0.071,0.012,-47.428,-49.445,25.650
1,777910,-0.729,-0.254,9.540,-0.481,-0.045,-0.010,-47.457,-49.182,25.797
1,777940,-0.686,-0.992,9.105,-0.507,-0.044,-0.010,-47.018,-48.831,25.972
1,777943,-0.675,-0.934,8.877,-0.440,-0.048,-0.009,-47.018,-48.831,25.972
1,778030,-0.957,-0.774,10.661,0.761,-0.086,0.028,-47.281,-48.699,25.300
1,778033,-0.957,-0.774,10.661,0.761,-0.086,0.028,-47.281,-48.699,25.300
1,778060,-1.065,0.022,11.929,0.414,-0.060,0.013,-47.121,-48.889,25.694
1,778253,-1.190,-2.343,13.679,0.108,-0.089,0.020,-47.398,-47.340,26.250
1,778536,-0.532,-2.151,10.428,0.211,-0.162,-0.005,-48.071,-46.448,29.494
1,778540,-0.541,-1.914,10.040,0.173,-0.165,-0.007,-47.486,-46.536,29.714
1,778646,-0.132,-0.488,4.357,0.389,-0.206,-0.009,-48.348,-46.741,30.693
1,778690,-0.095,-0.257,2.495,-0.408,-0.161,-0.013,-48.787,-46.215,30.912
1,778719,-0.110,-0.564,1.883,-0.474,-0.172,-0.026,-48.524,-46.653,31.760
1,778723,-0.110,-0.567,1.756,-0.474,-0.172,-0.026,-48.582,-46.098,31.760
1,778727,-0.075,-0.567,1.756,-0.412,-0.173,-0.018,-48.582,-46.098,31.760
1,778749,-0.176,-0.597,1.698,-0.303,-0.169,-0.018,-48.918,-45.703,31.862
1,778780,-0.240,-0.864,1.857,-0.024,-0.197,-0.015,-48.831,-45.294,32.096
1,778870,-0.258,-0.493,3.626,0.473,-0.231,-0.001,-48.495,-47.106,32.257
1,779063,0.072,0.287,8.962,0.606,-0.341,-0.005,-49.503,-48.904,31.394
1,779080,-0.030,0.815,9.680,0.401,-0.329,-0.024,-49.883,-48.933,31.380
1,779139,0.169,-0.282,11.484,0.380,-0.342,-0.024,-50.453,-49.313,31.438
1,779169,0.786,-0.184,9.957,0.608,-0.415,-0.002,-50.658,-49.532,31.891
1,784207,-0.809,-0.505,10.277,0.079,0.026,-0.029,-47.208,-48.217,28.077
1,784210,-0.803,-0.517,10.161,0.018,0.017,-0.028,-47.545,-48.407,28.588
1,784213,-0.803,-0.517,10.161,0.018,0.017,-0.028,-47.545,-48.407,28.588
1,784526,-0.721,-0.452,10.192,0.205,-0.083,-0.018,-47.486,-49.006,26.483
1,784643,-0.725,-0.516,10.124,0.177,-0.108,-0.017,-47.311,-49.298,27.258
1,784689,-0.772,-0.636,10.204,0.100,-0.112,-0.020,-47.398,-49.211,25.987
1,784693,-0.772,-0.636,10.204,0.105,-0.112,-0.020,-47.398,-49.211,25.987
1,784697,-0.772,-0.636,10.204,0.105,-0.112,-0.020,-47.398,-49.211,25.987
1,784750,-0.787,-0.449,10.239,0.165,-0.121,-0.018,-47.296,-49.488,26.907
1,784753,-0.787,-0.449,10.239,0.165,-0.121,-0.018,-47.296,-49.488,26.907
1,784780,-0.828,-0.605,10.570,0.140,-0.121,-0.017,-47.486,-49.313,26.381
1,784784,-0.828,-0.605,10.570,0.140,-0.121,-0.017,-47.486,-49.313,27.068
1,784787,-0.842,-0.579,10.677,0.158,-0.120,-0.017,-46.580,-49.152,27.068
1,784809,-0.805,-0.467,10.788,0.176,-0.127,-0.020,-47.515,-50.000,27.141
1,784916,-1.005,-0.162,11.367,0.015,-0.117,-0.020,-47.632,-49.825,27.243
1,784990,-0.939,-0.774,10.241,-0.520,-0.068,-0.039,-47.457,-48.758,26.937
1,785020,-0.870,-0.681,9.436,-0.489,-0.078,-0.040,-47.559,-48.802,27.667
1,785023,-0.788,-0.659,8.949,-0.506,-0.079,-0.035,-47.559,-48.802,27.667
1,785050,-0.780,-0.681,8.258,-0.593,-0.061,-0.050,-47.384,-48.261,27.755
1,785053,-0.817,-0.737,8.148,-0.623,-0.049,-0.048,-46.975,-47.530,27.901
1,785057,-0.817,-0.737,8.148,-0.623,-0.049,-0.048,-46.975,-47.530,27.901
1,785109,-0.824,-1.585,7.953,-0.178,-0.061,-0.037,-47.530,-47.179,28.004
1,785113,-0.824,-1.585,7.953,0.020,-0.066,-0.027,-47.530,-47.179,28.004
1,785117,-0.824,-1.585,7.953,0.020,-0.066,-0.027,-47.048,-47.150,28.223
1,785140,-0.785,-1.201,8.258,0.489,-0.093,-0.021,-47.559,-47.720,28.807
1,785143,-0.785,-1.201,8.258,0.489,-0.093,-0.021,-47.559,-47.720,28.807
1,785147,-0.785,-1.201,8.258,0.489,-0.093,-0.021,-47.559,-47.720,28.807
1,785169,-0.646,-0.520,8.600,0.547,-0.095,-0.015,-47.545,-48.261,27.433
1,785172,-0.646,-0.520,8.600,0.547,-0.095,-0.015,-47.545,-48.261,27.433
1,785176,-0.646,-0.520,8.600,0.547,-0.095,-0.015,-47.296,-48.012,27.638
1,785230,-0.573,-0.946,9.698,0.072,-0.072,-0.031,-47.165,-48.232,26.980
1,785336,-0.682,-1.206,9.925,0.327,-0.079,-0.029,-46.828,-48.305,27.068
1,785483,-1.035,-1.194,10.702,-0.065,-0.072,-0.042,-46.989,-48.553,27.141
1,785500,-1.056,-1.250,10.915,0.012,-0.077,-0.043,-46.682,-49.050,27.390
1,785503,-1.102,-1.153,10.915,0.109,-0.082,-0.040,-46.682,-49.050,27.390
1,785632,-1.050,-0.971,10.649,-0.117,-0.117,-0.053,-47.501,-48.728,26.937
1,785813,-0.814,-1.309,9.179,0.112,-0.148,-0.065,-46.960,-48.334,27.609
1,785830,-0.817,-1.274,9.410,0.375,-0.159,-0.055,-47.428,-48.860,27.229
1,786065,-0.617,-0.644,10.185,0.335,-0.145,-0.067,-47.939,-49.255,27.433
1,786070,-0.581,-0.542,10.165,0.338,-0.144,-0.067,-47.939,-49.050,27.317
1,786074,-0.581,-0.542,10.165,0.338,-0.144,-0.067,-47.778,-49.050,27.317
1,786077,-0.581,-0.395,10.178,0.338,-0.144,-0.067,-47.778,-49.050,27.317
1,786203,-0.717,-0.822,9.334,-0.140,-0.097,-0.081,-47.735,-49.255,27.711
1,786220,-0.757,-0.958,9.449,0.046,-0.101,-0.078,-48.144,-49.605,27.331
1,786429,-0.729,-0.531,10.232,0.476,-0.110,-0.070,-47.764,-49.839,27.346
1,786459,-0.566,0.104,9.784,0.483,-0.117,-0.068,-47.822,-50.336,27.711
1,786463,-0.566,0.104,9.784,0.483,-0.117,-0.068,-47.968,-49.781,28.237
1,786467,-0.566,0.104,9.784,0.483,-0.117,-0.068,-47.968,-49.781,28.237
1,786519,-0.565,-0.333,9.996,0.013,-0.088,-0.078,-47.735,-50.745,27.404
1,786580,-0.564,-0.129,10.129,0.429,-0.104,-0.066,-48.056,-50.497,26.527
1,786640,-0.477,0.376,9.953,0.167,-0.090,-0.072,-47.705,-50.994,26.980
1,786700,-0.431,0.377,9.600,0.089,-0.084,-0.070,-47.442,-50.862,26.805
1,786704,-0.403,0.363,9.576,0.089,-0.078,-0.072,-47.442,-50.862,26.805
1,786707,-0.403,0.363,9.576,0.051,-0.078,-0.072,-47.442,-50.848,26.820
1,786729,-0.407,0.191,9.704,0.024,-0.072,-0.070,-47.998,-50.877,26.790
1,786790,-0.467,0.546,10.189,0.346,-0.082,-0.054,-47.808,-51.052,27.346
1,786897,-0.647,0.367,10.248,0.075,-0.073,-0.048,-47.501,-51.593,27.580
1,786939,-0.680,0.676,9.961,0.123,-0.076,-0.048,-47.530,-51.462,26.761
1,786943,-0.680,0.676,9.961,0.123,-0.076,-0.048,-47.632,-51.418,27.068
1,786970,-0.786,0.357,10.266,0.089,-0.070,-0.051,-47.881,-51.447,27.433
1,787077,-0.843,0.485,10.012,0.072,-0.093,-0.049,-47.515,-52.353,26.863
1,787120,-0.805,0.477,10.061,0.044,-0.094,-0.049,-47.852,-52.075,27.317
1,787180,-0.699,0.355,9.747,-0.106,-0.098,-0.051,-47.925,-51.462,27.331
1,787184,-0.656,0.242,9.827,-0.127,-0.095,-0.053,-47.925,-51.462,27.331
1,787291,-0.786,0.022,10.272,0.056,-0.127,-0.040,-47.939,-51.768,27.463
1,787638,-0.479,0.054,9.995,-0.110,-0.126,-0.034,-47.764,-51.111,27.404
1,787720,-0.414,0.389,10.035,0.173,-0.136,-0.023,-48.699,-51.476,27.565
1,787827,-0.469,0.413,9.978,0.249,-0.137,-0.017,-48.495,-51.067,27.843
1,787900,-0.501,0.226,9.924,0.067,-0.126,-0.021,-48.392,-51.067,27.726
1,788109,-0.494,0.537,10.081,0.236,-0.120,-0.010,-48.538,-51.491,27.740
1,788140,-0.469,0.719,9.921,0.155,-0.110,-0.011,-48.363,-51.681,28.880
1,788200,-0.357,0.477,9.376,0.115,-0.105,-0.013,-48.875,-51.666,28.004
1,788260,-0.243,0.544,8.874,0.031,-0.089,-0.012,-48.655,-51.973,28.705
1,788367,-0.190,0.894,8.194,0.189,-0.076,-0.004,-48.480,-51.228,27.594
1,788410,-0.297,0.737,8.332,0.034,-0.062,-0.007,-48.378,-51.578,28.077
1,788470,-0.286,0.687,8.167,0.149,-0.065,-0.002,-48.232,-51.403,27.857
1,788473,-0.278,0.765,8.089,0.149,-0.064,-0.005,-48.378,-51.198,27.594
1,788477,-0.278,0.765,8.089,0.144,-0.064,-0.005,-48.378,-51.198,27.594
1,788500,-0.252,0.765,7.951,0.078,-0.067,-0.004,-48.261,-51.944,27.916
1,788560,-0.386,0.132,8.428,0.329,-0.064,0.005,-48.655,-51.798,27.755
1,788564,-0.395,0.217,8.503,0.490,-0.072,0.010,-48.655,-51.798,27.755
1,788567,-0.395,0.217,8.503,0.490,-0.072,0.010,-48.655,-51.798,27.755
1,788620,-0.370,1.405,8.678,0.611,-0.076,0.011,-48.202,-52.397,27.477
1,788709,-0.445,1.381,10.124,0.283,-0.076,0.011,-48.012,-53.274,26.966
1,788713,-0.445,1.381,10.124,0.283,-0.076,0.011,-48.012,-53.274,26.966
1,805569,0.535,8.640,5.148,0.101,-0.099,-0.037,-49.678,-63.914,60.962
1,805572,0.535,8.640,5.148,0.101,-0.099,-0.037,-49.678,-63.914,60.962
1,805576,0.535,8.658,5.145,0.101,-0.099,-0.037,-50.015,-63.680,60.465
1,805579,0.520,8.658,5.145,0.101,-0.100,-0.037,-50.015,-63.680,60.465
1,806114,0.524,8.661,5.127,0.094,-0.097,-0.037,-50.088,-63.943,60.801
1,806139,0.529,8.670,5.125,0.088,-0.098,-0.037,-50.278,-63.885,59.515
1,806143,0.511,8.640,5.125,0.088,-0.098,-0.037,-50.278,-63.885,59.515
1,806352,0.535,8.656,5.135,0.088,-0.098,-0.035,-49.898,-64.323,60.494
1,806820,0.532,8.646,5.151,0.089,-0.097,-0.035,-49.971,-63.856,60.231
1,807125,0.529,8.650,5.130,0.077,-0.097,-0.035,-50.292,-64.323,60.304
1,807190,0.523,8.638,5.136,0.082,-0.097,-0.035,-50.745,-63.768,60.406
1,807250,0.531,8.642,5.131,0.095,-0.097,-0.037,-49.927,-64.163,60.509
1,807253,0.531,8.642,5.131,0.095,-0.097,-0.037,-50.234,-63.768,60.713
1,807256,0.531,8.642,5.131,0.095,-0.097,-0.037,-50.234,-63.768,60.713
1,807382,0.530,8.657,5.119,0.084,-0.095,-0.035,-50.336,-64.119,59.719
1,807429,0.530,8.643,5.130,0.086,-0.097,-0.034,-50.146,-63.768,60.538
1,807725,0.528,8.630,5.134,0.079,-0.094,-0.035,-50.365,-64.163,59.734
1,807730,0.535,8.630,5.145,0.081,-0.097,-0.037,-50.395,-64.016,60.333
1,807789,0.525,8.637,5.154,0.082,-0.095,-0.037,-50.643,-63.958,60.392
1,807792,0.525,8.637,5.154,0.082,-0.095,-0.037,-50.395,-63.841,60.392
1,807820,0.532,8.646,5.142,0.084,-0.094,-0.037,-50.263,-63.943,60.319
1,807823,0.532,8.646,5.142,0.084,-0.094,-0.037,-50.263,-63.943,60.319
1,808033,0.538,8.655,5.142,0.087,-0.098,-0.037,-50.468,-64.192,60.026
1,808059,0.541,8.644,5.139,0.083,-0.095,-0.034,-50.716,-64.455,60.202
1,808120,0.524,8.637,5.143,0.083,-0.098,-0.035,-50.468,-64.265,60.450
1,808124,0.524,8.637,5.143,0.083,-0.098,-0.035,-50.409,-64.265,60.450
1,808126,0.524,8.637,5.143,0.083,-0.098,-0.035,-50.409,-64.265,60.450
1,808355,0.534,8.667,5.100,0.101,-0.097,-0.034,-50.175,-64.367,59.939
1,808419,0.524,8.674,5.115,0.077,-0.097,-0.035,-50.044,-64.148,61.049
1,808450,0.526,8.658,5.119,0.065,-0.097,-0.035,-50.000,-64.250,60.640
1,808540,0.526,8.607,5.160,0.088,-0.098,-0.035,-50.146,-64.031,60.713
1,808599,0.531,8.633,5.125,0.119,-0.098,-0.035,-50.336,-64.002,60.582
1,808629,0.536,8.646,5.135,0.127,-0.099,-0.035,-49.795,-64.075,60.187
1,808633,0.536,8.646,5.135,0.127,-0.099,-0.035,-49.795,-64.075,60.187
1,808660,0.534,8.664,5.099,0.128,-0.100,-0.035,-49.956,-64.060,60.640
1,808663,0.534,8.664,5.099,0.128,-0.100,-0.035,-49.956,-64.060,60.640
1,808690,0.516,8.696,5.094,0.121,-0.098,-0.034,-50.117,-63.899,60.275
1,808796,0.538,8.700,5.093,0.081,-0.097,-0.037,-50.292,-63.870,60.859
1,808839,0.531,8.678,5.097,0.062,-0.095,-0.035,-50.219,-64.279,60.494
1,808843,0.535,8.679,5.110,0.055,-0.097,-0.038,-50.029,-63.578,60.538
1,808846,0.535,8.679,5.110,0.055,-0.097,-0.038,-50.029,-63.578,60.538
1,808869,0.535,8.650,5.133,0.055,-0.093,-0.035,-50.555,-64.046,59.792
1,808873,0.546,8.656,5.117,0.055,-0.094,-0.037,-50.555,-64.046,59.792
1,808900,0.531,8.638,5.119,0.060,-0.095,-0.037,-50.161,-63.943,59.836
1,809166,0.701,9.391,4.469,-0.452,-0.079,-0.045,-49.985,-63.578,60.552
1,809405,0.335,5.677,8.127,-2.855,0.046,-0.092,-49.298,-60.085,40.047
1,809500,0.090,2.057,9.480,-2.518,0.027,-0.081,-49.342,-55.905,31.190
1,809529,0.114,1.352,9.856,-2.136,0.006,-0.065,-48.918,-54.648,30.517
1,809533,0.114,1.352,9.856,-2.136,0.006,-0.065,-48.918,-54.648,30.517
1,809639,0.055,-0.028,9.947,-0.914,-0.057,-0.062,-49.342,-51.958,27.068
1,809854,0.419,-0.225,9.850,0.892,-0.109,-0.043,-48.904,-52.309,26.308
1,809889,0.884,0.900,10.589,1.296,-0.104,-0.028,-48.831,-52.748,27.229
1,809893,0.884,0.900,10.589,1.296,-0.104,-0.028,-48.831,-52.748,27.229
1,810102,-0.721,1.494,11.209,-0.130,0.007,-0.067,-48.524,-52.660,27.010
1,810189,-0.683,0.384,9.933,-0.615,0.021,-0.071,-47.895,-51.739,26.308
1,810193,-0.743,0.234,9.949,-0.597,0.013,-0.071,-47.895,-51.739,26.308
1,810250,-0.968,-0.358,10.898,-0.153,-0.022,-0.055,-47.837,-51.272,26.016
1,810252,-0.895,-0.380,11.038,0.004,-0.044,-0.054,-47.749,-51.242,26.001
1,810382,-0.502,0.696,11.343,-0.454,-0.060,-0.066,-47.749,-51.082,26.352
1,810399,-0.475,0.410,10.885,-0.782,-0.055,-0.071,-47.691,-50.482,26.790
1,810429,-0.482,-0.641,9.955,-0.955,-0.043,-0.078,-47.691,-49.883,25.928
1,810459,-0.461,-0.778,9.478,-0.536,-0.050,-0.067,-47.939,-49.664,26.644
1,810463,-0.461,-0.778,9.478,-0.536,-0.050,-0.067,-47.939,-49.664,26.644
1,810466,-0.412,-0.593,9.174,-0.426,-0.061,-0.067,-47.939,-49.664,26.644
1,810899,-1.023,-0.682,14.110,-0.354,0.005,-0.071,-47.165,-50.219,27.053
1,810969,-1.078,-0.100,14.524,0.073,-0.032,-0.070,-47.018,-50.088,26.966
1,811076,-0.983,-0.975,13.695,-0.320,-0.034,-0.068,-47.545,-49.649,27.024
1,811120,-0.942,-0.379,13.210,0.006,-0.066,-0.065,-47.165,-49.752,28.033
1,811123,-0.952,-0.457,13.241,-0.029,-0.067,-0.062,-47.165,-49.752,28.033
1,811126,-0.952,-0.457,13.241,-0.029,-0.067,-0.062,-47.165,-49.752,28.033
1,811149,-0.931,-0.554,12.719,-0.090,-0.088,-0.062,-47.355,-49.415,27.857
1,811152,-0.895,-0.345,12.275,-0.127,-0.095,-0.067,-47.355,-49.415,27.857
1,811156,-0.895,-0.345,12.275,-0.127,-0.095,-0.067,-47.179,-49.035,27.624
1,811239,-0.842,-0.187,9.471,0.203,-0.149,-0.050,-48.012,-49.152,28.661
1,811346,-0.489,-0.181,2.556,-1.534,-0.133,-0.094,-48.071,-47.238,30.123
1,811389,-0.441,-0.698,1.513,-1.230,-0.144,-0.089,-47.574,-45.937,31.087
1,811393,-0.441,-0.698,1.513,-1.230,-0.144,-0.089,-47.574,-45.937,31.087
1,811396,-0.292,-0.663,1.352,-1.101,-0.148,-0.090,-47.574,-45.937,31.087
1,811450,-0.263,-0.912,1.596,-0.403,-0.176,-0.075,-48.202,-44.958,32.359
1,811453,-0.305,-0.930,1.692,-0.403,-0.186,-0.076,-48.524,-44.958,32.359
1,811457,-0.305,-0.930,1.692,-0.243,-0.186,-0.076,-48.524,-44.958,32.359
1,811479,-0.252,-0.821,1.767,0.050,-0.209,-0.076,-48.232,-45.206,31.964
1,811482,-0.193,-0.708,1.796,0.050,-0.215,-0.066,-48.232,-45.206,31.964
1,811486,-0.193,-0.708,1.796,0.181,-0.215,-0.066,-48.232,-45.206,31.964
1,811508,-0.209,-0.881,2.258,0.415,-0.219,-0.060,-48.422,-45.425,31.087
1,811599,-0.318,-0.774,5.201,1.194,-0.280,-0.035,-49.357,-46.989,31.073
1,811603,-0.318,-0.774,5.201,1.103,-0.274,-0.033,-49.357,-46.989,31.073
1,811629,-0.145,-1.470,6.023,1.321,-0.307,-0.022,-48.977,-47.252,30.941
1,811689,0.181,-0.342,7.590,1.216,-0.345,-0.011,-48.962,-48.948,31.292
1,811719,0.085,0.425,9.911,1.080,-0.274,-0.032,-49.591,-49.284,31.424
1,811779,0.455,0.013,10.715,0.337,-0.213,-0.040,-49.532,-49.942,30.751
1,811809,0.103,0.902,12.340,0.448,-0.286,-0.015,-49.562,-50.278,30.386
1,811813,0.103,0.902,12.340,0.448,-0.286,-0.015,-49.562,-50.278,30.386
1,811816,0.193,0.915,11.168,0.294,-0.314,-0.018,-49.562,-50.278,30.912
1,811838,0.286,1.042,10.142,-0.104,-0.205,-0.051,-49.752,-50.058,30.532
1,812075,-0.227,-0.626,11.658,-0.062,-0.035,-0.040,-50.058,-49.795,28.866
1,812169,-0.270,0.513,12.616,0.640,-0.006,-0.022,-49.547,-50.248,28.544
1,812378,-0.756,-1.377,13.784,-0.567,0.078,-0.037,-48.509,-48.977,27.097
1,812409,-0.683,-1.460,13.510,-0.321,0.048,-0.049,-48.188,-48.758,28.135
1,812413,-0.625,-1.430,13.425,-0.232,0.046,-0.039,-48.188,-48.758,28.135
1,812542,-0.721,-1.898,12.812,-0.161,0.010,-0.040,-47.749,-48.641,28.457
1,812589,-0.519,-1.470,11.649,-0.136,-0.005,-0.045,-48.085,-48.188,29.012
1,812825,-0.213,-1.214,3.144,0.007,-0.087,-0.045,-47.574,-44.972,31.160
1,813022,-0.363,-0.096,4.856,1.328,-0.178,0.002,-47.749,-48.480,29.567
1,813202,-0.020,1.503,8.830,0.514,-0.187,-0.007,-48.728,-51.666,28.486
1,813424,-0.461,0.639,15.144,-0.086,-0.084,-0.005,-48.612,-51.315,27.565
1,813429,-0.435,0.502,15.423,0.078,-0.078,0.011,-48.612,-51.315,27.565
1,813433,-0.435,0.502,15.423,0.078,-0.078,0.011,-48.480,-50.994,28.120
1,813436,-0.435,0.502,15.423,0.078,-0.078,0.011,-48.480,-50.994,28.120
1,813489,-0.993,1.300,13.637,0.525,-0.086,0.024,-48.129,-51.783,27.989
1,813493,-0.993,1.300,13.637,0.525,-0.086,0.024,-48.129,-51.783,27.989
1,813497,-0.943,1.238,13.261,0.525,-0.086,0.024,-48.188,-51.695,27.740
1,813549,-1.027,0.148,12.761,-0.188,-0.007,0.002,-48.875,-51.871,27.887
1,813656,-1.128,-0.017,12.214,-0.060,-0.004,0.001,-48.202,-51.462,26.878
1,813875,-0.562,-0.918,13.880,-0.519,-0.060,-0.001,-47.501,-49.985,26.849
1,813939,-0.720,-1.034,13.200,0.315,-0.111,0.018,-47.808,-49.562,27.916
1,813969,-0.678,0.032,12.152,0.147,-0.111,0.022,-47.311,-49.342,27.814
1,813973,-0.678,0.032,12.152,0.147,-0.111,0.022,-47.428,-48.772,27.638
1,813976,-0.689,-0.043,11.964,-0.067,-0.098,0.015,-47.428,-48.772,27.638
1,813999,-0.729,-0.422,11.600,-0.435,-0.088,0.009,-47.808,-49.021,28.354
1,814089,-0.897,-0.853,8.402,-1.737,-0.070,-0.031,-47.720,-47.135,29.334
1,814119,-1.030,-1.429,7.177,-1.534,-0.082,-0.023,-47.705,-45.878,29.670
1,814123,-0.931,-1.255,6.720,-1.382,-0.098,-0.020,-47.705,-45.878,29.670
1,814229,-0.459,-0.814,2.650,0.075,-0.182,0.020,-48.217,-44.402,31.614
1,814269,-0.293,-0.390,2.088,0.421,-0.202,0.032,-47.822,-44.315,31.014
1,814273,-0.293,-0.390,2.088,0.465,-0.202,0.032,-47.822,-44.315,31.014
1,814299,-0.284,-0.577,2.188,0.452,-0.197,0.028,-48.378,-44.709,31.570
1,814359,-0.342,-1.543,3.752,1.310,-0.236,0.050,-48.582,-45.294,31.409
1,814363,-0.342,-1.543,3.752,1.310,-0.236,0.050,-47.925,-45.381,31.102
1,814366,-0.342,-1.484,4.063,1.310,-0.236,0.050,-47.925,-45.381,31.102
1,814388,-0.319,-1.328,4.470,1.723,-0.274,0.079,-48.787,-46.390,30.810
1,814392,-0.319,-1.328,4.470,1.723,-0.274,0.079,-48.787,-46.390,30.810
1,814448,-0.238,-0.213,6.056,1.682,-0.282,0.081,-48.655,-48.626,29.757
1,814816,-0.351,0.077,14.639,-0.319,-0.084,0.011,-49.240,-49.255,29.100
1,814972,-0.822,-0.794,13.206,-0.301,0.062,0.015,-48.860,-49.152,28.398
1,815048,-1.070,-0.689,13.219,-0.026,0.079,0.006,-48.553,-48.977,28.924
1,815052,-1.156,-0.845,13.590,0.093,0.075,0.018,-48.553,-48.977,28.924
1,815078,-1.175,-0.890,13.890,0.379,0.039,0.020,-48.524,-49.649,28.252
1,815185,-0.933,-0.982,13.481,-0.312,0.026,-0.021,-48.115,-49.430,28.310
1,815199,-0.931,-0.881,13.340,-0.165,0.011,-0.015,-48.290,-49.123,27.989
1,815203,-0.931,-0.881,13.340,-0.165,0.011,-0.015,-48.290,-49.123,27.989
1,815206,-0.931,-0.881,13.340,-0.165,0.011,-0.015,-48.290,-49.123,27.989
1,815228,-0.924,-0.810,13.506,-0.049,-0.004,-0.018,-48.422,-49.372,27.755
1,815289,-0.750,-0.909,12.672,-0.064,-0.038,-0.032,-48.027,-48.509,28.486
1,815292,-0.750,-0.909,12.672,-0.064,-0.038,-0.032,-48.027,-48.509,28.544
1,815296,-0.696,-0.609,12.497,-0.068,-0.040,-0.038,-47.764,-48.012,28.544
1,815421,-0.406,-0.982,9.361,-1.084,-0.042,-0.087,-48.042,-46.785,30.108
1,815439,-0.497,-1.217,8.966,-1.098,-0.033,-0.089,-47.998,-46.302,29.728
1,815529,-0.383,-1.012,6.183,-0.935,-0.061,-0.088,-47.895,-43.891,32.374
1,815559,-0.452,-0.400,4.647,-0.805,-0.073,-0.090,-48.378,-44.066,32.417
1,815563,-0.419,-0.720,4.647,-0.832,-0.081,-0.087,-47.720,-43.160,32.929
1,815566,-0.419,-0.720,4.647,-0.832,-0.081,-0.087,-47.720,-43.160,32.929
1,815588,-0.373,-1.490,3.680,-0.633,-0.079,-0.086,-48.348,-43.598,32.417
1,815695,-0.428,-1.886,2.771,0.858,-0.144,-0.054,-48.495,-43.993,33.309
1,815708,-0.418,-1.685,3.114,1.169,-0.161,-0.053,-48.451,-44.446,32.534
1,815739,-0.363,-1.780,3.659,1.453,-0.167,-0.037,-48.115,-45.031,31.877
1,815743,-0.363,-1.780,3.659,1.453,-0.167,-0.037,-48.115,-45.031,31.877
1,815746,-0.424,-1.823,4.016,1.522,-0.166,-0.042,-47.954,-45.250,31.716
1,815768,-0.443,-1.469,4.496,1.654,-0.187,-0.031,-48.188,-46.025,31.511
1,815829,-0.432,-1.213,6.294,1.515,-0.192,-0.027,-48.407,-47.091,30.400
1,815858,-0.144,0.033,5.803,1.104,-0.192,-0.068,-48.509,-48.392,29.684
1,815949,-0.390,0.153,8.930,0.420,-0.109,-0.076,-48.407,-48.992,28.617
1,815953,-0.450,-0.385,9.709,0.310,-0.121,-0.073,-48.407,-48.992,28.617
1,815956,-0.450,-0.385,9.709,0.310,-0.121,-0.073,-48.641,-48.714,29.012
1,816007,-0.329,0.615,8.917,0.474,-0.126,-0.078,-48.334,-49.284,29.012
1,816012,-0.553,0.489,10.276,0.291,-0.088,-0.079,-48.334,-49.284,29.012
1,816015,-0.553,0.489,10.276,0.291,-0.088,-0.079,-48.144,-49.255,28.837
1,816038,-0.839,-0.811,10.689,0.137,-0.136,-0.071,-48.290,-49.138,28.837
1,816099,-0.751,0.071,14.200,0.624,-0.138,-0.066,-48.992,-50.073,28.106
1,816102,-0.751,0.071,14.200,0.624,-0.138,-0.066,-48.524,-49.708,28.267
1,816159,-0.232,1.059,13.286,-0.379,-0.098,-0.088,-49.050,-50.219,28.486
1,816497,-0.956,-0.675,13.437,-0.143,-0.016,-0.066,-47.398,-49.868,26.951
1,816622,-0.875,-0.408,13.297,-0.120,-0.051,-0.064,-47.676,-50.146,27.448
1,816668,-0.946,-0.118,13.134,0.130,-0.072,-0.045,-47.398,-49.693,27.127
1,816672,-0.946,-0.118,13.134,0.130,-0.072,-0.045,-47.398,-49.693,27.127
1,816729,-0.797,0.340,11.506,-0.325,-0.061,-0.048,-47.793,-49.722,27.507
1,816732,-0.797,0.215,11.019,-0.325,-0.061,-0.048,-47.793,-49.722,27.507
1,816736,-0.790,0.215,11.019,-0.505,-0.057,-0.056,-47.793,-49.722,27.507
1,816758,-0.810,-0.132,10.235,-0.904,-0.029,-0.072,-47.281,-49.255,28.895
1,816849,-0.839,-0.785,8.900,-1.049,-0.017,-0.072,-47.618,-47.238,29.334
1,816852,-0.889,-0.611,8.905,-1.107,-0.018,-0.067,-47.618,-47.238,29.334
1,816958,-0.512,-0.138,6.300,-0.419,-0.103,-0.054,-47.559,-45.469,30.342
1,816968,-0.498,-0.732,6.038,-0.480,-0.100,-0.051,-47.559,-45.469,30.342
1,817029,-0.434,-0.229,3.880,0.387,-0.164,-0.035,-47.793,-45.279,30.883
1,817033,-0.434,-0.229,3.880,0.387,-0.164,-0.035,-47.895,-45.016,31.190
1,817036,-0.321,-0.313,3.466,0.387,-0.159,-0.031,-47.895,-45.016,31.190
1,817088,-0.499,-1.207,2.977,0.720,-0.173,-0.029,-48.042,-45.849,30.269
1,817119,-0.416,-1.327,2.804,1.040,-0.183,-0.015,-48.173,-46.536,30.868
1,817123,-0.416,-1.327,2.804,1.040,-0.183,-0.015,-48.173,-46.536,30.868
1,817125,-0.410,-1.597,3.102,1.163,-0.187,-0.011,-48.173,-46.536,30.868
1,817148,-0.514,-1.647,3.764,1.478,-0.197,-0.001,-48.261,-46.770,29.743
1,817208,-0.498,-0.366,5.046,1.432,-0.221,-0.001,-47.939,-48.816,29.173
1,817212,-0.497,-0.536,5.407,1.283,-0.213,-0.005,-47.939,-48.816,29.173
1,817298,-0.390,0.317,7.509,0.683,-0.171,-0.023,-48.465,-50.570,29.772
1,817507,-0.534,0.315,14.396,-0.440,-0.081,-0.023,-48.422,-51.637,29.363
1,817510,-0.534,0.315,14.396,-0.440,-0.081,-0.023,-48.831,-51.462,29.450
1,817514,-0.534,0.315,14.396,-0.440,-0.081,-0.023,-48.831,-51.462,29.450
1,817538,-0.541,1.921,13.254,0.049,-0.203,-0.042,-48.378,-51.272,29.743
1,817671,-0.592,0.770,14.590,0.183,-0.178,0.006,-48.889,-50.760,29.348
1,817749,-0.529,0.773,12.517,-0.151,-0.133,-0.027,-49.123,-50.322,29.012
1,818086,-0.152,-0.530,12.254,-0.357,-0.066,-0.017,-49.225,-49.664,29.567
1,818109,-0.132,-0.467,12.081,-0.140,-0.083,-0.011,-49.167,-49.167,29.947
1,818168,-0.095,-0.724,10.633,0.314,-0.098,0.000,-49.108,-49.108,30.108
1,818199,0.030,0.560,9.600,0.286,-0.108,-0.012,-49.415,-49.620,30.357
1,818229,-0.111,0.280,8.808,-0.275,-0.073,-0.021,-49.211,-49.357,30.123
1,818232,-0.111,0.280,8.808,-0.465,-0.076,-0.039,-49.255,-48.889,30.927
1,818338,-0.455,-1.048,5.561,-0.732,-0.045,-0.038,-48.918,-47.165,31.073
1,818348,-0.389,-0.908,5.243,-0.560,-0.062,-0.039,-49.065,-46.755,31.497
1,818352,-0.389,-0.908,5.243,-0.560,-0.062,-0.039,-49.065,-46.755,31.497
1,818378,-0.205,-0.548,3.903,-0.119,-0.088,-0.018,-48.875,-46.609,32.300
1,818382,-0.205,-0.548,3.903,-0.119,-0.088,-0.018,-48.875,-46.609,32.300
1,818385,-0.319,-0.690,3.854,-0.023,-0.081,-0.015,-48.875,-46.609,32.300
1,818511,-0.366,-1.350,3.647,0.594,-0.093,-0.004,-49.050,-47.150,30.780
1,818588,-0.422,-0.658,5.427,1.504,-0.145,0.020,-48.977,-48.860,30.488
1,818592,-0.276,-0.041,5.320,1.499,-0.156,0.016,-48.977,-48.860,30.488
1,818596,-0.276,-0.041,5.320,1.499,-0.156,0.016,-48.977,-48.860,30.488
1,818619,-0.150,-0.080,5.239,1.184,-0.136,0.022,-49.313,-49.225,29.801
1,818649,-0.398,-0.687,7.345,1.047,-0.103,0.004,-49.328,-50.102,30.196
1,818652,-0.470,-0.127,7.254,1.142,-0.123,0.005,-49.328,-50.102,30.196
1,818708,-0.336,0.404,8.569,0.619,-0.062,-0.006,-49.123,-50.482,31.570
1,818902,-0.578,1.661,11.224,0.227,-0.028,-0.043,-48.378,-51.535,30.210
1,818918,-0.531,1.254,11.422,0.039,-0.009,-0.037,-48.392,-51.213,29.363
1,819112,-1.320,-0.456,13.994,0.161,0.032,-0.045,-48.100,-49.985,27.039
1,819159,-0.855,1.330,13.204,0.290,0.021,-0.045,-48.012,-50.745,27.346
1,819162,-0.855,1.330,13.204,0.290,0.021,-0.045,-47.778,-50.000,27.214
1,819218,-0.906,0.555,12.099,0.158,0.011,-0.034,-47.281,-50.687,27.711
1,819308,-0.855,0.735,12.780,0.420,-0.020,-0.021,-46.989,-50.322,27.053
1,819312,-0.855,0.735,12.780,0.420,-0.020,-0.021,-46.989,-50.322,27.053
1,819338,-0.916,0.932,13.572,0.117,-0.009,-0.009,-47.471,-50.950,26.703
1,819342,-0.916,0.932,13.572,0.117,-0.009,-0.009,-47.471,-50.950,26.703
1,819369,-0.846,0.566,12.729,-0.348,-0.032,-0.038,-47.428,-50.731,27.273
1,819399,-1.030,-0.641,13.455,-0.473,0.000,-0.027,-47.135,-50.117,26.922
1,819532,-0.891,-0.185,12.390,0.154,-0.116,-0.040,-47.062,-49.605,27.521
1,819548,-0.835,0.062,11.952,0.154,-0.131,-0.037,-47.033,-49.678,27.580
1,819578,-1.184,-0.170,12.126,-0.064,-0.108,-0.054,-46.931,-49.620,28.764
1,819582,-1.212,-0.170,12.126,-0.100,-0.116,-0.051,-46.931,-49.620,28.764
1,819668,-1.205,-0.711,10.244,-0.540,-0.134,-0.088,-47.442,-48.261,28.340
1,819775,-1.262,-1.969,8.503,-0.905,-0.136,-0.130,-47.691,-46.273,30.225
1,819921,-0.645,-0.811,5.118,-0.195,-0.193,-0.122,-48.275,-45.601,31.102
1,819938,-0.596,-1.100,5.015,-0.208,-0.204,-0.128,-48.509,-45.776,31.424
1,819942,-0.536,-0.971,4.732,-0.142,-0.211,-0.130,-48.509,-45.776,31.424
1,820048,-0.029,-0.592,4.924,0.833,-0.250,-0.099,-48.451,-46.653,31.321
1,820088,-0.175,-1.256,5.920,1.019,-0.265,-0.082,-48.524,-47.223,31.219
1,820178,-0.167,-1.073,7.466,0.640,-0.238,-0.084,-49.035,-47.778,30.634
1,820182,-0.167,-1.073,7.466,0.640,-0.238,-0.084,-49.035,-47.778,30.634
1,820186,-0.299,-0.601,8.004,0.776,-0.246,-0.086,-49.035,-47.778,30.634
1,820341,-0.185,1.297,10.513,0.845,-0.294,-0.064,-49.825,-50.307,31.292
1,820359,-0.043,1.373,9.490,0.717,-0.337,-0.044,-50.146,-50.190,31.672
1,820362,0.158,1.006,9.236,0.522,-0.303,-0.037,-50.278,-49.693,31.204
1,820366,0.158,1.006,9.236,0.522,-0.303,-0.037,-50.278,-49.693,31.204
1,820491,0.135,1.608,11.914,-0.506,-0.197,-0.093,-51.140,-50.409,31.219
1,820568,0.183,-0.602,12.859,-0.459,-0.159,-0.061,-50.760,-48.875,31.570
1,820572,0.183,-0.602,12.859,-0.459,-0.159,-0.061,-50.628,-49.182,31.292
1,820575,0.183,-1.214,13.302,-0.459,-0.159,-0.061,-50.628,-49.182,31.292
1,821009,-0.134,-0.456,11.781,-0.569,0.133,-0.056,-49.708,-45.162,30.605
1,821018,-0.220,-0.274,11.643,-0.528,0.136,-0.054,-49.386,-48.597,30.605
1,821022,-0.220,-0.274,11.643,-0.528,0.136,-0.054,-49.503,-47.705,30.357
1,821128,-0.541,-0.146,10.758,-0.116,0.140,-0.007,-48.495,-48.144,30.342
1,821168,-0.698,-0.359,10.341,-0.236,0.127,-0.011,-48.188,-48.027,30.035
1,821228,-0.925,-1.365,9.435,-0.794,0.128,-0.032,-48.129,-47.428,29.597
1,821232,-0.919,-1.446,9.272,-0.775,0.130,-0.028,-48.348,-46.945,29.684
1,821236,-0.919,-1.446,9.272,-0.775,0.130,-0.028,-48.348,-46.945,29.684
1,821257,-0.802,-1.479,8.900,-0.760,0.115,-0.040,-48.129,-46.726,29.962
1,821319,-0.421,-0.998,6.881,-0.269,0.073,-0.039,-47.676,-45.688,30.108
1,821322,-0.421,-0.998,6.881,-0.217,0.062,-0.034,-47.676,-45.688,30.108
1,821428,-0.342,-1.458,4.184,0.188,0.031,0.006,-47.165,-45.221,30.313
1,821438,-0.337,-1.438,4.135,0.327,0.020,0.010,-47.428,-45.776,30.415
1,821750,-1.036,-0.006,9.346,0.947,-0.150,-0.017,-46.185,-48.860,28.384
1,821798,-1.090,-1.328,11.949,0.773,-0.100,-0.018,-46.434,-48.962,27.653
1,821802,-1.090,-1.328,11.949,0.773,-0.100,-0.018,-46.434,-48.962,27.653
1,821909,-1.407,0.946,12.625,-0.147,-0.108,-0.028,-46.419,-49.868,26.557
1,821918,-1.327,0.832,12.753,-0.347,-0.103,-0.029,-46.507,-49.605,26.980
1,821948,-1.269,-0.441,13.713,-0.748,-0.083,-0.043,-46.375,-49.591,26.615
1,821978,-1.711,-1.226,13.854,-0.184,-0.137,-0.017,-46.741,-49.357,26.688
1,821982,-1.711,-1.226,13.854,-0.184,-0.137,-0.017,-46.741,-49.357,26.688
1,821986,-1.834,-1.083,14.078,0.070,-0.134,-0.010,-46.741,-49.357,26.688
1,822038,-1.815,0.067,15.440,0.809,-0.188,0.018,-46.273,-49.795,27.229
1,822098,-1.336,1.189,13.573,0.057,-0.232,0.021,-46.317,-50.570,27.185
1,822102,-1.332,1.009,13.068,-0.158,-0.214,0.005,-46.215,-50.073,27.185
1,822291,-0.530,-0.384,12.039,-0.133,-0.231,0.029,-47.106,-49.415,27.974
1,822308,-0.477,-0.414,12.288,0.095,-0.228,0.023,-47.676,-49.152,27.331
1,822312,-0.477,-0.414,12.288,0.095,-0.228,0.023,-47.676,-49.152,27.331
1,822316,-0.477,-0.414,12.441,0.095,-0.228,0.023,-47.676,-49.152,27.331
1,822369,-0.441,0.626,12.662,0.593,-0.235,0.034,-47.895,-49.825,28.369
1,822372,-0.441,0.626,12.662,0.593,-0.235,0.034,-47.895,-49.825,28.369
1,822501,-0.626,-0.156,12.188,0.145,-0.147,0.035,-48.275,-49.269,28.617
1,822518,-0.720,0.156,12.345,0.127,-0.140,0.007,-48.860,-49.211,28.150
1,822522,-0.676,0.566,12.152,0.088,-0.142,0.007,-48.860,-49.211,28.150
1,822628,-0.814,0.039,11.216,-0.248,-0.104,-0.017,-48.626,-48.071,28.910
1,822668,-1.053,-0.219,10.603,-0.452,-0.086,-0.024,-48.728,-47.910,29.260
1,822800,-0.937,-1.936,6.670,-0.160,-0.160,-0.022,-48.626,-45.761,31.394
1,822818,-0.569,-0.928,5.943,0.131,-0.165,-0.027,-49.035,-45.601,31.804
1,822822,-0.569,-0.928,5.943,0.131,-0.165,-0.027,-48.538,-45.118,31.745
1,822848,-0.435,-0.371,5.241,-0.061,-0.165,-0.023,-48.860,-45.513,31.102
1,822909,0.233,-0.626,3.455,-0.707,-0.142,-0.034,-48.977,-44.329,32.374
1,822938,0.078,-1.347,3.428,-0.483,-0.126,-0.035,-48.962,-44.431,32.578
1,822998,-0.145,-0.584,3.200,0.423,-0.178,-0.010,-49.196,-44.636,32.008
1,823001,-0.150,-0.994,3.337,0.380,-0.177,0.002,-49.196,-44.636,32.008
1,823191,-0.493,-1.053,7.399,-0.068,-0.198,-0.022,-49.693,-46.521,30.897
1,823268,-0.150,-0.719,8.780,0.964,-0.237,0.009,-49.722,-46.828,30.693
1,823272,-0.150,-0.719,8.780,0.964,-0.237,0.009,-49.722,-46.828,30.693
1,823276,-0.121,-0.732,9.477,1.023,-0.206,0.005,-49.605,-47.238,31.365
1,823329,-0.011,0.365,10.575,0.766,-0.228,-0.007,-49.635,-48.232,31.073
1,823388,0.193,0.349,12.480,0.337,-0.191,-0.024,-49.079,-48.217,30.664
1,823551,-0.245,-1.362,12.437,0.252,-0.032,-0.004,-49.825,-47.778,30.254
1,823628,-0.415,-0.483,13.381,0.241,-0.005,-0.013,-49.503,-48.348,29.246
1,823735,-0.407,-0.383,11.739,0.126,0.002,-0.026,-49.401,-48.275,29.056
1,823749,-0.415,-0.282,11.824,0.070,0.012,-0.026,-48.875,-48.012,29.027
1,824013,-0.479,-0.896,12.181,-0.205,-0.006,-0.037,-48.509,-47.822,29.611
1,824018,-0.568,-1.225,12.229,-0.202,-0.005,-0.035,-48.509,-47.822,29.611
1,824151,-0.761,-0.938,10.426,-0.144,-0.038,-0.042,-48.027,-46.609,29.217
1,824167,-0.894,-1.165,10.250,-0.249,-0.037,-0.061,-48.012,-46.595,33.163
1,824275,-0.888,-2.688,8.182,-1.020,-0.018,-0.104,-47.910,-44.870,31.672
1,824289,-0.852,-2.481,7.851,-0.853,-0.028,-0.104,-47.778,-44.329,31.994
1,824378,-0.379,-1.588,5.154,-0.109,-0.064,-0.088,-48.261,-43.701,32.841
1,824468,-0.205,-0.711,3.587,0.023,-0.076,-0.077,-48.305,-44.490,32.271
1,824472,-0.205,-0.711,3.587,0.023,-0.076,-0.077,-48.305,-44.490,32.271
1,824558,-0.546,-1.723,5.076,0.893,-0.103,-0.053,-47.735,-44.943,31.994
1,824665,-0.706,-1.535,7.265,0.484,-0.114,-0.070,-48.056,-46.317,31.029
1,824738,-0.480,-1.557,8.096,0.915,-0.159,-0.061,-48.392,-46.916,29.801
1,824742,-0.538,-1.224,8.223,1.053,-0.194,-0.067,-48.392,-46.916,29.801
1,824746,-0.538,-1.224,8.223,1.053,-0.194,-0.067,-48.115,-47.062,29.962
1,824767,-0.365,-0.188,7.140,1.155,-0.239,-0.072,-48.524,-47.486,29.874
1,824798,-0.285,-1.224,8.774,1.285,-0.172,-0.039,-48.348,-48.670,29.450
1,824802,-0.464,-1.226,9.837,1.439,-0.192,-0.045,-48.348,-48.670,29.450
1,824805,-0.464,-1.226,9.837,1.439,-0.192,-0.045,-48.348,-48.831,29.874
1,824828,-0.556,0.370,9.843,1.615,-0.279,-0.051,-48.904,-49.152,29.830
1,825038,-0.179,-0.727,14.097,-0.199,-0.122,-0.077,-48.816,-49.182,28.910
1,825041,-0.179,-0.727,14.097,-0.199,-0.122,-0.077,-48.933,-49.006,29.450
1,825044,-0.383,-0.833,14.547,0.026,-0.120,-0.077,-48.933,-49.006,29.450
1,825068,-0.518,-0.790,14.434,0.475,-0.160,-0.061,-48.918,-49.225,28.720
1,825072,-0.518,-0.790,14.434,0.475,-0.160,-0.061,-48.918,-49.225,28.720
1,825076,-0.506,-0.614,13.657,0.671,-0.186,-0.056,-48.626,-49.035,29.114
1,825127,-0.288,0.488,11.496,0.369,-0.105,-0.064,-48.553,-49.868,29.144
1,825131,-0.288,0.488,11.496,0.369,-0.105,-0.064,-48.553,-49.868,29.144
1,825158,-0.334,0.550,10.994,0.324,-0.117,-0.075,-48.407,-49.708,28.120
1,825188,-0.379,0.272,10.378,0.066,-0.081,-0.070,-48.992,-49.927,29.275
1,825192,-0.377,-0.139,10.396,-0.002,-0.072,-0.076,-48.992,-49.927,29.275
1,825195,-0.377,-0.139,10.396,-0.002,-0.072,-0.076,-48.992,-49.927,29.275
1,825217,-0.477,-0.370,10.313,0.127,-0.072,-0.075,-48.831,-49.635,28.720
1,825308,-0.380,0.343,10.422,0.362,-0.064,-0.073,-48.831,-50.248,28.442
1,825338,-0.336,0.191,10.353,0.049,-0.040,-0.078,-48.728,-50.234,28.369
1,825398,-0.307,0.232,10.215,0.002,-0.035,-0.079,-48.670,-50.205,29.187
1,825458,-0.410,-0.319,9.991,0.071,-0.028,-0.075,-48.714,-50.365,29.129
1,825461,-0.410,-0.319,9.991,0.071,-0.028,-0.075,-48.714,-50.365,29.129
1,825465,-0.394,-0.195,9.983,0.151,-0.032,-0.072,-48.714,-50.365,29.129
1,825488,-0.401,0.142,9.918,0.233,-0.031,-0.070,-48.451,-50.146,28.457
1,825492,-0.401,0.142,9.918,0.233,-0.031,-0.070,-47.793,-49.752,28.676
1,825496,-0.394,0.240,9.887,0.211,-0.033,-0.070,-47.793,-49.752,28.676
