Scanning for devices...
Connecting to new device: Feather Node #02 (9C16003E-0EE5-0DB0-7940-B20EE27F10FA)
Connected to all 1 devices. Listening for data...
Connected to 9C16003E-0EE5-0DB0-7940-B20EE27F10FA
2,AX,4251626,1.0
2,AY,4251626,2.6
2,AZ,4251626,8.6
2,MX,4251626,34.5
2,MY,4251626,-84.7
2,MZ,4251626,22.4
2,GX,4251626,-3.3
2,GY,4251626,0.7
2,GZ,4251626,-0.0
2,AX,4252141,0.7
2,AY,4252141,-0.3
2,AZ,4252141,9.9
2,MX,4252141,34.8
2,MY,4252141,-81.1
2,MZ,4252141,7.1
2,GX,4252141,1.4
2,GY,4252141,-0.6
2,GZ,4252141,-0.2
2,AX,4252681,0.6
2,AY,4252681,-3.7
2,AZ,4252681,9.0
2,MX,4252681,34.7
2,MY,4252681,-77.9
2,MZ,4252681,3.5
2,GX,4252681,0.0
2,GY,4252681,-0.0
2,GZ,4252681,-0.0
2,AY,4253250,-3.5
2,AZ,4253250,8.9
2,MY,4253250,-75.9
2,GX,4253250,0.0
2,GY,4253250,-0.0
2,GZ,4253250,-0.0
2,AX,4253851,-0.7
2,AY,4253851,-2.0
2,AZ,4253851,10.5
2,MX,4253851,37.5
2,MY,4253851,-79.9
2,MZ,4253851,6.2
2,GX,4253851,1.7
2,GY,4253851,-0.6
2,GZ,4253851,0.3
2,AX,4254420,-1.7
2,AY,4254420,-4.4
2,AZ,4254420,8.5
2,MX,4254420,37.0
2,MY,4254420,-71.6
2,MZ,4254420,3.4
2,GX,4254420,-2.8
2,GY,4254420,0.6
2,GZ,4254420,-0.2
2,AX,4254991,-1.1
2,AY,4254991,-9.8
2,AZ,4254991,-0.1
2,MX,4254991,43.8
2,MY,4254991,-38.3
2,MZ,4254991,34.1
2,GX,4254991,-0.0
2,GY,4254991,-0.1
2,GZ,4254991,-0.0
2,AX,4255561,-1.9
2,AY,4255561,-10.2
2,AZ,4255561,0.5
2,MX,4255561,45.0
2,MY,4255561,-38.4
2,MZ,4255561,36.8
2,GX,4255561,-0.3
2,GZ,4255561,0.0
2,AY,4256191,-9.3
2,AZ,4256191,-0.8
2,MY,4256191,-41.4
2,MZ,4256191,36.4
2,GX,4256191,-0.4
2,GY,4256191,0.0
2,GZ,4256191,0.0
2,AX,4256759,-0.3
2,AY,4256759,-2.5
2,AZ,4256759,-8.9
2,MX,4256759,50.8
2,MY,4256759,-12.6
2,MZ,4256759,101.4
2,GX,4256759,3.4
2,GY,4256759,-0.8
2,GZ,4256759,-0.0
2,AX,4257361,1.6
2,AY,4257361,2.0
2,AZ,4257361,-10.7
2,MY,4257361,-10.4
2,MZ,4257361,129.4
2,GX,4257361,-0.1
2,GY,4257361,0.0
2,GZ,4257361,-0.1
2,AX,4257991,0.7
2,AY,4257991,3.0
2,AZ,4257991,-10.0
2,MX,4257991,50.0
2,MY,4257991,-13.5
2,MZ,4257991,129.5
2,GX,4257991,-0.2
2,GY,4257991,-0.3
2,GZ,4257991,-0.2
2,AX,4258621,0.1
2,AY,4258621,4.4
2,AZ,4258621,-8.7
2,MX,4258621,51.4
2,MZ,4258621,129.3
2,GX,4258621,-0.9
2,GY,4258621,0.3
2,AX,4259291,-0.2
2,AY,4259291,4.0
2,AZ,4259291,-9.7
2,MX,4259291,50.8
2,MY,4259291,-14.6
2,MZ,4259291,128.7
2,GX,4259291,0.7
2,GY,4259291,-0.3
2,GZ,4259291,0.0
2,AY,4259791,2.8
2,AZ,4259791,-9.3
2,MX,4259791,51.8
2,MY,4259791,-15.0
2,MZ,4259791,129.3
2,GX,4259791,0.1
2,GY,4259791,-0.1
2,AX,4260430,0.9
2,AY,4260430,2.8
2,AZ,4260430,-8.9
2,MY,4260430,-15.3
2,MZ,4260430,128.2
2,GX,4260430,0.1
2,GY,4260430,-0.1
2,GZ,4260430,0.0
2,AX,4261081,1.2
2,AY,4261081,1.9
2,AZ,4261081,-8.9
2,MX,4261081,53.7
2,MY,4261081,-14.9
2,MZ,4261081,127.2
2,GX,4261081,-0.4
2,GY,4261081,-0.1
2,GZ,4261081,-0.1
2,AX,4261710,-0.4
2,AY,4261710,2.6
2,AZ,4261710,-9.0
2,MX,4261710,54.3
2,MZ,4261710,126.3
2,GX,4261710,0.3
2,GZ,4261710,-0.1
2,AX,4262340,0.7
2,AY,4262340,1.2
2,AZ,4262340,-9.6
2,MY,4262340,-12.8
2,MZ,4262340,127.2
2,GY,4262340,-0.1
2,GZ,4262340,-0.1
2,AX,4262970,0.3
2,AY,4262970,1.8
2,AZ,4262970,-8.6
2,MX,4262970,51.4
2,MY,4262970,-12.8
2,MZ,4262970,127.7
2,GY,4262970,-0.2
2,GZ,4262970,-0.1
2,AX,4263541,1.0
Connected to 9C16003E-0EE5-0DB0-7940-B20EE27F10FA
2,AX,4268603,1.6
2,AY,4268603,4.9
2,MY,4268603,-14.7
2,GX,4268603,0.1
2,GY,4268603,0.0
2,GZ,4268603,0.1
2,AX,4269300,1.2
2,AZ,4269300,-9.6
2,MY,4269300,-13.2
2,MZ,4269300,128.7
2,GX,4269300,0.4
2,GY,4269300,-0.2
2,AX,4269940,1.0
2,AZ,4269940,-8.2
2,MX,4269940,52.2
2,MY,4269940,-14.1
2,GX,4269940,-0.6
2,GY,4269940,0.1
2,AY,4270571,3.9
2,MX,4270571,50.9
2,MZ,4270571,132.7
2,GX,4270571,-0.0
2,AZ,4271240,-10.7
2,MZ,4271240,134.9
2,GY,4271240,-0.1
2,AX,4272010,0.7
2,AZ,4272010,-6.2
2,MX,4272010,50.5
2,MZ,4272010,130.1
2,GY,4272010,-0.1
2,GZ,4272010,0.0
2,AY,4272600,2.5
2,AZ,4272600,-9.3
2,MY,4272600,-13.3
2,MZ,4272600,129.3
2,GY,4272600,-0.0
2,MY,4273240,-13.8
Disconnected or failed to connect: disconnected
Retrying in 3 seconds...
Connected to 9C16003E-0EE5-0DB0-7940-B20EE27F10FA
2,AX,4295849,4.0
2,AY,4295849,4.9
2,AZ,4295849,-1.5
2,MX,4295849,31.6
2,MY,4295849,-29.9
2,MZ,4295849,118.6
2,GX,4295849,-3.1
2,GY,4295849,0.8
2,GZ,4295849,-0.1
2,AX,4296331,4.0
2,AY,4296331,0.4
2,AZ,4296331,11.7
2,MX,4296331,18.1
2,MY,4296331,-78.6
2,MZ,4296331,10.4
2,GX,4296331,-2.4
2,GY,4296331,0.6
2,AX,4296940,-1.0
2,AZ,4296940,10.8
2,MX,4296940,28.1
2,MY,4296940,-79.5
2,MZ,4296940,-2.3
2,GX,4296940,0.8
2,GY,4296940,0.4
2,GZ,4296940,-0.1
Traceback (most recent call last):
  File "/opt/homebrew/Cellar/python@3.13/3.13.7/Frameworks/Python.framework/Versions/3.13/lib/python3.13/asyncio/runners.py", line 118, in run
    return self._loop.run_until_complete(task)
           ~~~~~~~~~~~~~~~~~~~~~~~~~~~~~^^^^^^
  File "/opt/homebrew/Cellar/python@3.13/3.13.7/Frameworks/Python.framework/Versions/3.13/lib/python3.13/asyncio/base_events.py", line 725, in run_until_complete
    return future.result()
           ~~~~~~~~~~~~~^^
  File "/Users/j/8803/project/tester.py", line 56, in main
    await asyncio.gather(*tasks)
  File "/Users/j/8803/project/tester.py", line 29, in connect_and_listen
    await asyncio.sleep(1)
  File "/opt/homebrew/Cellar/python@3.13/3.13.7/Frameworks/Python.framework/Versions/3.13/lib/python3.13/asyncio/tasks.py", line 718, in sleep
    return await future
           ^^^^^^^^^^^^
asyncio.exceptions.CancelledError

During handling of the above exception, another exception occurred:

Traceback (most recent call last):
  File "/Users/j/8803/project/tester.py", line 58, in <module>
    asyncio.run(main())
    ~~~~~~~~~~~^^^^^^^^
  File "/opt/homebrew/Cellar/python@3.13/3.13.7/Frameworks/Python.framework/Versions/3.13/lib/python3.13/asyncio/runners.py", line 195, in run
    return runner.run(main)
           ~~~~~~~~~~^^^^^^
  File "/opt/homebrew/Cellar/python@3.13/3.13.7/Frameworks/Python.framework/Versions/3.13/lib/python3.13/asyncio/runners.py", line 123, in run
    raise KeyboardInterrupt()
KeyboardInterrupt
