Scanning for devices...
Connecting to new device: Feather Node #02 (9C16003E-0EE5-0DB0-7940-B20EE27F10FA)
Connected to all 1 devices. Listening for data...
Connected to 9C16003E-0EE5-0DB0-7940-B20EE27F10FA
2,AX,2949106,2.9
2,AY,2949106,8.7
2,MX,2949106,43.1
2,MZ,2949106,64.1
2,GX,2949106,-0.7
2,GY,2949106,0.1
2,AX,2949690,1.9
2,AY,2949690,6.8
2,MX,2949690,43.6
2,MZ,2949690,58.1
2,GX,2949690,-0.2
2,GY,2949690,0.1
2,AX,2950291,2.3
2,AZ,2950291,5.5
2,MX,2950291,41.1
2,MY,2950291,-69.2
2,MZ,2950291,55.7
2,GX,2950291,0.3
2,GY,2950291,-0.1
2,GZ,2950291,0.0
2,AX,2950911,2.7
2,AY,2950911,9.1
2,AZ,2950911,4.3
2,MX,2950911,41.8
2,MY,2950911,-64.9
2,MZ,2950911,67.6
2,GX,2950911,0.9
2,GY,2950911,-0.3
2,GZ,2950911,-0.1
2,AX,2951541,2.5
2,AY,2951541,10.1
2,AZ,2951541,3.2
2,MY,2951541,-61.4
2,GX,2951541,0.3
2,GY,2951541,-0.2
2,GZ,2951541,-0.1
2,AX,2952110,2.4
2,AY,2952110,9.5
2,MX,2952110,45.2
2,MZ,2952110,80.4
2,GX,2952110,0.1
2,GY,2952110,-0.1
2,GZ,2952110,-0.0
2,AX,2952800,2.3
2,AY,2952800,8.4
2,AZ,2952800,2.6
2,MX,2952800,44.1
2,MY,2952800,-60.0
2,MZ,2952800,80.3
2,GX,2952800,-0.0
2,GZ,2952800,-0.0
2,AX,2953460,2.6
2,AY,2953460,9.6
2,AZ,2953460,2.7
2,MY,2953460,-59.2
2,MZ,2953460,81.3
2,GX,2953460,-0.3
2,GY,2953460,0.0
2,GZ,2953460,-0.0
2,AX,2954061,2.0
2,AY,2954061,6.8
2,AZ,2954061,7.2
2,MX,2954061,39.0
2,MY,2954061,-73.3
2,MZ,2954061,43.5
2,GX,2954061,0.1
2,GY,2954061,-0.1
2,GZ,2954061,-0.1
2,AX,2954661,0.8
2,AY,2954661,4.6
2,AZ,2954661,8.6
2,MX,2954661,39.5
2,MY,2954661,-77.1
2,MZ,2954661,29.0
2,GX,2954661,-1.3
2,GY,2954661,0.2
2,GZ,2954661,-0.1
2,AX,2955260,-1.3
2,AY,2955260,-3.1
2,AZ,2955260,8.1
2,MX,2955260,40.1
2,MY,2955260,-74.2
2,MZ,2955260,-5.5
2,GX,2955260,-2.3
2,GY,2955260,0.4
2,GZ,2955260,-0.1
2,AX,2955800,-1.9
2,AY,2955800,-6.9
2,AZ,2955800,7.1
2,MX,2955800,41.7
2,MY,2955800,-66.0
2,MZ,2955800,-2.1
2,GX,2955800,-1.1
2,GY,2955800,0.2
2,AX,2956411,-1.7
2,AZ,2956411,6.4
2,MX,2956411,42.0
2,MZ,2956411,-0.4
2,GX,2956411,0.1
2,GY,2956411,-0.1
2,GZ,2956411,-0.0
2,AX,2956941,-1.7
2,AY,2956941,-7.0
2,AZ,2956941,6.8
2,MX,2956941,42.6
2,MY,2956941,-64.8
2,MZ,2956941,-1.3
2,GX,2956941,0.3
2,GY,2956941,-0.1
2,GZ,2956941,-0.0
2,AX,2957481,-1.5
2,AY,2957481,-6.1
2,AZ,2957481,7.2
2,MX,2957481,41.7
2,MY,2957481,-67.6
2,MZ,2957481,-7.2
2,GX,2957481,0.3
2,GY,2957481,-0.1
2,GZ,2957481,-0.0
2,AY,2958081,-5.4
2,AZ,2958081,8.4
2,MX,2958081,41.3
2,MY,2958081,-71.1
2,GY,2958081,-0.1
2,GZ,2958081,-0.1
2,AX,2958710,-1.0
2,AZ,2958710,10.4
2,MY,2958710,-75.5
2,MZ,2958710,-6.8
2,GX,2958710,0.2
2,GY,2958710,-0.1
2,AX,2959350,-0.7
2,AY,2959350,-3.2
2,AZ,2959350,9.6
2,MX,2959350,41.9
2,MY,2959350,-76.6
2,MZ,2959350,-4.4
2,GX,2959350,0.2
2,GY,2959350,-0.2
2,GZ,2959350,-0.0
2,AX,2959910,-0.2
2,AY,2959910,-2.1
2,AZ,2959910,9.0
2,MX,2959910,39.3
2,MY,2959910,-76.6
2,MZ,2959910,-3.1
2,GX,2959910,0.6
2,GY,2959910,-0.3
2,GZ,2959910,0.0
2,AX,2960481,-0.3
2,AY,2960481,-2.0
2,AZ,2960481,8.7
2,MX,2960481,37.6
2,MY,2960481,-77.0
2,MZ,2960481,-3.9
2,GX,2960481,0.6
2,GY,2960481,-0.2
2,GZ,2960481,0.0
2,AZ,2961140,9.8
2,MY,2961140,-79.4
2,GX,2961140,0.3
2,GY,2961140,-0.1
2,GZ,2961140,-0.1
2,AY,2961770,-0.2
2,MX,2961770,37.1
2,MY,2961770,-79.8
2,MZ,2961770,-0.5
2,GX,2961770,0.1
2,GZ,2961770,-0.1
2,AX,2962340,0.1
2,AY,2962340,-0.1
2,AZ,2962340,10.1
2,MX,2962340,38.5
2,MY,2962340,-79.6
2,MZ,2962340,-0.0
2,GX,2962340,0.2
2,GY,2962340,-0.1
2,GZ,2962340,-0.0
2,AX,2962880,0.1
2,AY,2962880,-0.2
2,AZ,2962880,9.6
2,MX,2962880,38.2
2,MY,2962880,-79.1
2,MZ,2962880,0.8
2,GX,2962880,0.0
2,GY,2962880,-0.1
2,GZ,2962880,0.0
2,AX,2963541,0.2
2,AY,2963541,0.1
2,AZ,2963541,9.9
2,MX,2963541,37.5
2,MY,2963541,-79.5
2,MZ,2963541,1.8
2,GX,2963541,0.1
2,GY,2963541,-0.1
2,GZ,2963541,-0.0
2,AX,2964201,-0.0
2,AZ,2964201,10.2
2,MX,2964201,38.9
2,GX,2964201,0.2
2,GZ,2964201,-0.1
2,AX,2964860,0.2
2,AZ,2964860,10.3
2,MY,2964860,-80.2
2,GX,2964860,0.3
2,GY,2964860,-0.2
2,GZ,2964860,-0.1
2,AY,2965550,1.3
2,AZ,2965550,10.9
2,MX,2965550,39.0
2,MY,2965550,-80.3
2,MZ,2965550,5.1
2,GX,2965550,0.2
2,GY,2965550,-0.1
2,GZ,2965550,-0.0
2,AX,2966121,0.4
2,AY,2966121,0.8
2,MX,2966121,38.2
2,MY,2966121,-80.3
2,MZ,2966121,3.5
2,GX,2966121,0.3
2,GY,2966121,-0.2
2,GZ,2966121,0.0
2,AX,2966720,0.1
2,AY,2966720,0.8
2,AZ,2966720,10.0
2,MX,2966720,37.1
2,MY,2966720,-79.5
2,MZ,2966720,5.4
2,GX,2966720,-0.4
2,GZ,2966720,-0.0
2,AX,2967260,0.2
2,AY,2967260,0.9
2,AZ,2967260,9.8
2,MX,2967260,37.2
2,GX,2967260,-0.5
2,GY,2967260,0.0
2,AX,2967959,0.2
2,AZ,2967959,10.2
2,MY,2967959,-79.8
2,MZ,2967959,4.5
2,GY,2967959,-0.1
2,GZ,2967959,-0.1
2,AX,2968581,0.4
2,AY,2968581,1.6
2,MX,2968581,37.1
2,MY,2968581,-80.4
2,MZ,2968581,5.8
2,GX,2968581,0.1
2,GZ,2968581,-0.1
2,AX,2969149,0.4
2,AZ,2969149,9.8
2,MX,2969149,38.8
2,MZ,2969149,6.5
2,GX,2969149,0.0
2,GY,2969149,-0.1
2,GZ,2969149,-0.0
2,AY,2969719,1.2
2,AZ,2969719,9.7
2,MX,2969719,38.9
2,MZ,2969719,6.1
2,GX,2969719,0.2
2,GY,2969719,-0.1
2,GZ,2969719,0.0
2,AX,2970291,0.2
2,AY,2970291,1.1
2,AZ,2970291,10.0
2,MX,2970291,39.3
2,MZ,2970291,6.7
2,GY,2970291,-0.2
2,GZ,2970291,-0.0
2,AX,2970860,0.4
2,AY,2970860,1.6
2,AZ,2970860,9.7
2,MX,2970860,38.5
2,MY,2970860,-80.5
2,GX,2970860,0.2
2,GY,2970860,-0.1
2,GZ,2970860,-0.1
2,AY,2971430,1.0
2,AZ,2971430,10.3
2,MY,2971430,-80.5
2,GX,2971430,0.4
2,GY,2971430,-0.2
2,GZ,2971430,-0.1
2,AY,2972090,1.5
2,AZ,2972090,10.7
2,MX,2972090,37.9
2,MY,2972090,-80.5
2,GX,2972090,0.2
2,GY,2972090,-0.1
2,GZ,2972090,-0.0
2,AY,2972750,1.6
2,AZ,2972750,10.0
2,MX,2972750,38.0
2,MZ,2972750,6.3
2,GX,2972750,0.2
2,GY,2972750,-0.1
2,GZ,2972750,0.0
2,AX,2973380,0.1
2,AY,2973380,1.0
2,AZ,2973380,10.0
2,MX,2973380,37.5
2,MY,2973380,-79.9
2,MZ,2973380,5.1
2,GX,2973380,-0.0
2,GY,2973380,-0.0
2,GZ,2973380,-0.0
2,AX,2973949,0.2
2,AY,2973949,1.0
2,AZ,2973949,9.6
2,MX,2973949,37.4
2,MY,2973949,-80.2
2,MZ,2973949,6.1
2,GX,2973949,0.2
2,GY,2973949,-0.1
2,GZ,2973949,-0.0
2,AX,2974550,0.4
2,AY,2974550,1.3
2,AZ,2974550,9.7
2,MX,2974550,36.8
2,MY,2974550,-80.7
2,MZ,2974550,6.6
2,GX,2974550,0.1
2,GY,2974550,-0.1
2,GZ,2974550,-0.1
2,AX,2975150,0.5
2,AY,2975150,1.8
2,AZ,2975150,10.3
2,MX,2975150,35.9
2,MY,2975150,-80.8
2,MZ,2975150,7.3
2,GX,2975150,0.0
2,GZ,2975150,-0.0
2,AX,2975780,0.9
2,AY,2975780,2.7
2,AZ,2975780,11.7
2,MX,2975780,35.5
2,MY,2975780,-80.3
2,MZ,2975780,10.3
2,GX,2975780,0.1
2,GY,2975780,-0.1
2,GZ,2975780,-0.0
2,AX,2976320,0.5
2,AY,2976320,1.7
2,AZ,2976320,8.9
2,MX,2976320,37.1
2,MY,2976320,-80.8
2,MZ,2976320,8.7
2,GX,2976320,-0.2
2,GY,2976320,-0.0
2,GZ,2976320,-0.0
2,AX,2976920,0.4
2,AY,2976920,1.4
2,AZ,2976920,9.9
2,MX,2976920,37.4
2,MY,2976920,-80.0
2,MZ,2976920,9.4
2,GX,2976920,-0.1
2,GY,2976920,-0.1
2,GZ,2976920,-0.0
2,AX,2977460,0.3
2,AZ,2977460,10.0
2,MX,2977460,37.7
2,MY,2977460,-80.3
2,MZ,2977460,6.6
2,GX,2977460,0.1
2,GY,2977460,-0.0
2,GZ,2977460,-0.1
2,AX,2978060,0.3
2,AY,2978060,1.4
2,AZ,2978060,10.3
2,MX,2978060,38.5
2,MY,2978060,-80.3
2,MZ,2978060,7.4
2,GX,2978060,0.3
2,GY,2978060,-0.1
2,GZ,2978060,-0.0
2,AX,2978600,0.5
2,AY,2978600,2.0
2,AZ,2978600,10.3
2,MX,2978600,37.2
2,MY,2978600,-80.5
2,MZ,2978600,8.8
2,GX,2978600,0.2
2,GY,2978600,-0.1
2,GZ,2978600,-0.0
2,AX,2979170,0.4
2,AY,2979170,2.2
2,AZ,2979170,9.9
2,MX,2979170,37.9
2,MY,2979170,-80.0
2,MZ,2979170,9.5
2,GX,2979170,0.0
2,GY,2979170,-0.1
2,AX,2979750,0.4
2,AY,2979750,1.4
2,AZ,2979750,8.6
2,MX,2979750,37.3
2,MY,2979750,-79.9
2,MZ,2979750,7.9
2,GX,2979750,-0.4
2,GY,2979750,0.0
2,GZ,2979750,-0.0
2,AX,2980310,0.5
2,AY,2980310,1.7
2,AZ,2980310,9.7
2,MX,2980310,36.8
2,MY,2980310,-79.9
2,MZ,2980310,8.8
2,GX,2980310,0.0
2,GY,2980310,-0.1
2,GZ,2980310,-0.1
2,AX,2980940,0.4
2,AY,2980940,1.6
2,AZ,2980940,9.9
2,MX,2980940,37.6
2,MY,2980940,-79.9
2,MZ,2980940,8.5
2,GX,2980940,0.0
2,GY,2980940,-0.1
2,GZ,2980940,-0.1
2,AX,2981480,0.5
2,AY,2981480,2.6
2,AZ,2981480,10.1
2,MX,2981480,37.2
2,MY,2981480,-80.3
2,MZ,2981480,10.7
2,GX,2981480,-0.1
2,GZ,2981480,-0.0
2,AY,2982050,3.5
2,AZ,2982050,11.3
2,MX,2982050,36.1
2,MY,2982050,-79.9
2,MZ,2982050,12.2
2,GX,2982050,0.3
2,GY,2982050,-0.1
2,GZ,2982050,-0.0
2,AX,2982620,0.6
2,AY,2982620,2.5
2,AZ,2982620,9.3
2,MX,2982620,37.1
2,MY,2982620,-80.1
2,MZ,2982620,11.0
2,GX,2982620,0.1
2,GY,2982620,-0.1
2,GZ,2982620,-0.0
2,AX,2983279,0.3
2,AY,2983279,1.6
2,AZ,2983279,9.8
2,MX,2983279,37.0
2,MY,2983279,-79.4
2,MZ,2983279,9.1
2,GX,2983279,-0.0
2,GZ,2983279,-0.0
2,AX,2983880,0.4
2,AY,2983880,1.6
2,AZ,2983880,10.0
2,MX,2983880,37.0
2,MY,2983880,-80.2
2,MZ,2983880,8.9
2,GX,2983880,0.1
2,GY,2983880,-0.1
2,GZ,2983880,-0.1
2,AX,2984450,0.3
2,AY,2984450,2.0
2,AZ,2984450,10.1
2,MX,2984450,37.6
2,MZ,2984450,8.8
2,GX,2984450,0.1
2,GY,2984450,-0.1
2,GZ,2984450,-0.0
2,AX,2985020,0.5
2,AZ,2985020,11.2
2,MX,2985020,36.8
2,MZ,2985020,10.9
2,GX,2985020,0.2
2,GY,2985020,-0.1
2,GZ,2985020,-0.0
2,AX,2985560,0.4
2,AY,2985560,2.1
2,AZ,2985560,9.9
2,MX,2985560,37.3
2,MY,2985560,-80.5
2,MZ,2985560,9.9
2,GX,2985560,0.2
2,GY,2985560,-0.1
2,GZ,2985560,-0.0
2,AX,2986160,0.3
2,AY,2986160,1.2
2,MY,2986160,-79.8
2,MZ,2986160,8.4
2,GX,2986160,-0.5
2,GY,2986160,0.0
2,GZ,2986160,-0.0
2,AX,2986760,0.4
2,AY,2986760,1.7
2,AZ,2986760,8.9
2,MX,2986760,36.4
2,MY,2986760,-79.8
2,MZ,2986760,9.9
2,GX,2986760,1.2
2,GY,2986760,-0.3
2,GZ,2986760,-0.0
2,AX,2987360,0.4
2,AY,2987360,1.9
2,AZ,2987360,10.2
2,MX,2987360,37.7
2,MY,2987360,-80.4
2,MZ,2987360,9.1
2,GX,2987360,0.4
2,GY,2987360,-0.2
2,AX,2987940,0.6
2,AY,2987940,2.6
2,MX,2987940,36.6
2,MY,2987940,-80.3
2,GX,2987940,0.2
2,AX,2988549,0.5
2,AY,2988549,2.9
2,AZ,2988549,10.5
2,MX,2988549,37.1
2,MY,2988549,-80.3
2,MZ,2988549,11.9
2,GX,2988549,0.1
2,GY,2988549,-0.1
2,GZ,2988549,-0.0
2,AX,2989130,0.5
2,AY,2989130,1.9
2,AZ,2989130,9.4
2,MX,2989130,36.9
2,MY,2989130,-80.0
2,MZ,2989130,10.3
2,GX,2989130,0.1
2,GY,2989130,-0.1
2,AX,2989740,0.6
2,AY,2989740,2.1
2,AZ,2989740,9.8
2,MX,2989740,36.7
2,MY,2989740,-79.6
2,MZ,2989740,11.5
2,GX,2989740,1.0
2,GY,2989740,-0.3
2,GZ,2989740,-0.0
2,AX,2990270,0.2
2,AY,2990270,1.6
2,AZ,2990270,9.6
2,MX,2990270,36.2
2,MY,2990270,-79.9
2,MZ,2990270,8.3
2,GX,2990270,-0.3
2,GY,2990270,0.0
2,GZ,2990270,-0.1
2,AX,2990810,0.5
2,AY,2990810,2.5
2,AZ,2990810,9.8
2,MX,2990810,35.5
2,MY,2990810,-80.6
2,MZ,2990810,9.7
2,GY,2990810,-0.1
2,GZ,2990810,-0.1
2,AX,2991350,0.6
2,AY,2991350,2.8
2,AZ,2991350,10.3
2,MX,2991350,36.0
2,MY,2991350,-80.6
2,MZ,2991350,10.8
2,GX,2991350,0.2
2,GY,2991350,-0.1
2,GZ,2991350,-0.1
2,AX,2991950,0.7
2,AY,2991950,3.0
2,AZ,2991950,9.6
2,MX,2991950,37.5
2,MY,2991950,-79.9
2,MZ,2991950,11.8
2,GY,2991950,-0.1
2,GZ,2991950,-0.1
2,AX,2992490,0.0
2,AY,2992490,0.6
2,MX,2992490,38.0
2,MY,2992490,-79.4
2,GX,2992490,-0.2
2,GY,2992490,-0.0
2,AX,2993160,-0.8
2,AY,2993160,-2.5
2,AZ,2993160,10.1
2,MX,2993160,38.9
2,GX,2993160,0.8
2,GY,2993160,-0.3
2,GZ,2993160,-0.0
2,AX,2993720,-0.6
2,AY,2993720,-2.4
2,AZ,2993720,9.5
2,MX,2993720,37.8
2,MZ,2993720,-5.6
2,GX,2993720,0.6
2,GY,2993720,-0.2
2,GZ,2993720,-0.0
2,AX,2994440,0.1
2,AY,2994440,-0.1
2,AZ,2994440,10.5
2,MY,2994440,-79.4
2,MZ,2994440,-0.2
2,GY,2994440,-0.1
2,AX,2995049,0.5
2,AZ,2995049,10.3
2,MX,2995049,34.9
2,MY,2995049,-79.2
Traceback (most recent call last):
  File "/opt/homebrew/Cellar/python@3.13/3.13.7/Frameworks/Python.framework/Versions/3.13/lib/python3.13/asyncio/runners.py", line 118, in run
    return self._loop.run_until_complete(task)
           ~~~~~~~~~~~~~~~~~~~~~~~~~~~~~^^^^^^
  File "/opt/homebrew/Cellar/python@3.13/3.13.7/Frameworks/Python.framework/Versions/3.13/lib/python3.13/asyncio/base_events.py", line 725, in run_until_complete
    return future.result()
           ~~~~~~~~~~~~~^^
  File "/Users/j/8803/project/tester.py", line 56, in main
    await asyncio.gather(*tasks)
  File "/Users/j/8803/project/tester.py", line 29, in connect_and_listen
    await asyncio.sleep(1)
  File "/opt/homebrew/Cellar/python@3.13/3.13.7/Frameworks/Python.framework/Versions/3.13/lib/python3.13/asyncio/tasks.py", line 718, in sleep
    return await future
           ^^^^^^^^^^^^
asyncio.exceptions.CancelledError

During handling of the above exception, another exception occurred:

Traceback (most recent call last):
  File "/Users/j/8803/project/tester.py", line 58, in <module>
    asyncio.run(main())
    ~~~~~~~~~~~^^^^^^^^
  File "/opt/homebrew/Cellar/python@3.13/3.13.7/Frameworks/Python.framework/Versions/3.13/lib/python3.13/asyncio/runners.py", line 195, in run
    return runner.run(main)
           ~~~~~~~~~~^^^^^^
  File "/opt/homebrew/Cellar/python@3.13/3.13.7/Frameworks/Python.framework/Versions/3.13/lib/python3.13/asyncio/runners.py", line 123, in run
    raise KeyboardInterrupt()
KeyboardInterrupt
