Scanning for devices...
Connecting to new device: Feather Node #02 (9C16003E-0EE5-0DB0-7940-B20EE27F10FA)
Connected to all 1 devices. Listening for data...
Connected to 9C16003E-0EE5-0DB0-7940-B20EE27F10FA
2,AX,544892,1.1
2,AY,544892,-3.5
2,AZ,544892,-9.1
2,MX,544892,38.6
2,MY,544892,-24.8
2,MZ,544892,124.9
2,GX,544892,-1.7
2,GY,544892,0.6
2,GZ,544892,-0.0
2,AX,545407,3.5
2,AY,545407,4.7
2,AZ,545407,-7.9
2,MX,545407,33.6
2,MY,545407,-47.6
2,MZ,545407,84.2
2,GX,545407,-0.6
2,GY,545407,-0.1
2,GZ,545407,-0.1
2,AX,545947,1.2
2,AY,545947,-0.2
2,AZ,545947,-10.2
2,MX,545947,37.6
2,MY,545947,-29.6
2,MZ,545947,120.8
2,GX,545947,3.1
2,GY,545947,-1.1
2,GZ,545947,0.2
2,AX,546487,-1.6
2,AY,546487,-7.9
2,AZ,546487,-5.6
2,MX,546487,44.0
2,MY,546487,-8.4
2,MZ,546487,144.9
2,GX,546487,1.0
2,GY,546487,-0.5
2,GZ,546487,-0.1
2,AX,547027,-1.3
2,AY,547027,-8.9
2,AZ,547027,-3.9
2,MX,547027,45.2
2,MY,547027,-5.9
2,MZ,547027,145.3
2,GX,547027,0.3
2,GY,547027,-0.3
2,GZ,547027,-0.2
2,AX,547596,-1.2
2,AY,547596,-8.9
2,AZ,547596,-2.8
2,MX,547596,46.8
2,MY,547596,-5.9
2,MZ,547596,145.7
2,GX,547596,0.1
2,GY,547596,-0.2
2,GZ,547596,0.0
2,AX,548136,-2.4
2,AY,548136,-8.2
2,AZ,548136,-5.2
2,MX,548136,46.3
2,MY,548136,-5.9
2,MZ,548136,147.0
2,GY,548136,-0.4
2,GZ,548136,0.2
2,AX,548767,-1.9
2,AY,548767,-9.6
2,AZ,548767,1.1
2,MX,548767,47.5
2,MZ,548767,136.6
2,GX,548767,2.2
2,GY,548767,-1.1
2,GZ,548767,-0.1
2,AY,549457,-9.0
2,AZ,549457,3.2
2,MX,549457,47.0
2,MY,549457,-6.2
2,MZ,549457,134.4
2,GX,549457,-0.7
2,GY,549457,-0.1
2,GZ,549457,-0.0
2,AX,550056,-1.8
2,AY,550056,-9.2
2,AZ,550056,-1.6
2,MX,550056,51.4
2,MY,550056,-6.3
2,MZ,550056,151.9
2,GX,550056,-1.0
2,GY,550056,0.3
2,GZ,550056,0.1
2,AX,550596,-1.8
2,AY,550596,-7.4
2,AZ,550596,-4.6
2,MX,550596,50.2
2,MY,550596,-8.1
2,GX,550596,-0.1
2,GY,550596,0.1
2,GZ,550596,0.0
2,AX,551136,-4.0
2,AY,551136,-10.8
2,AZ,551136,1.9
2,MY,551136,-2.8
2,MZ,551136,147.4
2,GX,551136,0.2
2,GY,551136,0.1
2,GZ,551136,0.2
2,AX,551676,-3.3
2,AY,551676,-9.0
2,AZ,551676,3.8
2,MX,551676,47.0
2,MY,551676,-3.4
2,MZ,551676,131.6
2,GX,551676,-0.0
2,GY,551676,-0.1
2,GZ,551676,-0.1
2,AX,552247,-3.9
2,AY,552247,-8.0
2,AZ,552247,3.6
2,MX,552247,50.0
2,MY,552247,-2.8
2,MZ,552247,133.3
2,GX,552247,0.4
2,GY,552247,-0.3
2,GZ,552247,0.3
2,AY,552787,-8.7
2,AZ,552787,1.5
2,MX,552787,51.1
2,MY,552787,-0.9
2,MZ,552787,147.8
2,GX,552787,0.2
2,GY,552787,-0.1
2,GZ,552787,-0.2
2,AX,553386,-3.5
2,AY,553386,-8.5
2,AZ,553386,3.5
2,MX,553386,50.6
2,MY,553386,-2.2
2,MZ,553386,138.6
2,GX,553386,0.7
2,GY,553386,-0.4
2,GZ,553386,0.0
2,AX,553957,-3.7
2,AY,553957,-8.5
2,AZ,553957,3.5
2,MX,553957,50.8
2,MY,553957,-1.8
2,MZ,553957,137.0
2,GX,553957,-0.7
2,GY,553957,0.3
2,GZ,553957,-0.0
2,AX,554497,-3.9
2,AY,554497,-9.0
2,AZ,554497,-0.6
2,MX,554497,52.2
2,MY,554497,0.4
2,MZ,554497,154.2
2,GX,554497,-0.3
2,GY,554497,0.1
2,GZ,554497,-0.1
2,AX,555067,-3.9
2,AY,555067,-8.7
2,AZ,555067,-1.3
2,MX,555067,51.6
2,MY,555067,-0.2
2,MZ,555067,156.3
2,GX,555067,0.2
2,GY,555067,-0.2
2,GZ,555067,-0.0
2,AX,555666,-3.7
2,AY,555666,-8.9
2,AZ,555666,-0.8
2,MX,555666,52.4
2,MY,555666,-0.3
2,MZ,555666,155.7
2,GX,555666,0.1
2,GY,555666,-0.1
2,GZ,555666,-0.0
2,AX,556237,-3.3
2,AY,556237,-9.4
2,AZ,556237,-3.8
2,MX,556237,49.7
2,MY,556237,-3.8
2,MZ,556237,157.8
2,GX,556237,-0.8
2,GY,556237,0.4
2,GZ,556237,-0.2
2,AX,556836,-1.0
2,AY,556836,-4.4
2,AZ,556836,-7.4
2,MX,556836,46.4
2,MY,556836,-16.7
2,MZ,556836,146.0
2,GX,556836,-0.7
2,GY,556836,0.3
2,GZ,556836,0.0
2,AX,557407,0.6
2,AY,557407,-0.7
2,AZ,557407,-9.0
2,MX,557407,40.7
2,MY,557407,-28.8
2,MZ,557407,127.3
2,GX,557407,-0.3
2,GY,557407,0.1
2,GZ,557407,0.0
2,AX,557947,-0.8
2,AY,557947,-4.3
2,AZ,557947,-8.1
2,MX,557947,43.2
2,MY,557947,-18.7
2,MZ,557947,140.5
2,GX,557947,0.9
2,GY,557947,-0.4
2,GZ,557947,-0.1
2,AX,558517,-2.4
2,AY,558517,-8.3
2,AZ,558517,-4.6
2,MY,558517,-6.6
2,MZ,558517,152.0
2,GX,558517,0.6
2,GY,558517,-0.3
2,GZ,558517,-0.0
2,AX,559086,-3.1
2,AZ,559086,-2.5
2,MX,559086,46.8
2,MY,559086,-1.9
2,MZ,559086,151.1
2,GX,559086,0.4
2,GY,559086,-0.3
2,GZ,559086,0.0
2,AX,559687,-3.5
2,AY,559687,-10.0
2,MX,559687,46.4
2,MY,559687,-0.6
2,MZ,559687,148.5
2,GX,559687,0.1
2,GZ,559687,-0.1
2,AX,560227,-3.1
2,AY,560227,-9.0
2,AZ,560227,-3.5
2,MX,560227,47.5
2,MY,560227,-2.9
2,MZ,560227,153.8
2,GX,560227,-0.5
2,GY,560227,0.1
2,GZ,560227,-0.0
2,AX,560827,-1.6
2,AY,560827,-6.1
2,AZ,560827,-6.5
2,MX,560827,46.2
2,MY,560827,-12.4
2,MZ,560827,149.8
2,GX,560827,-0.4
2,GY,560827,0.2
2,GZ,560827,-0.2
2,AX,561427,0.4
2,AY,561427,-3.1
2,AZ,561427,-8.5
2,MX,561427,43.9
2,MY,561427,-24.8
2,MZ,561427,134.4
2,GX,561427,-0.2
2,GY,561427,-0.1
2,GZ,561427,-0.2
2,AX,561997,-1.2
2,AY,561997,-6.1
2,AZ,561997,-7.2
2,MX,561997,46.4
2,MY,561997,-16.5
2,MZ,561997,146.4
2,GX,561997,0.8
2,GY,561997,-0.4
2,GZ,561997,0.0
2,AX,562626,-2.0
2,AY,562626,-8.3
2,AZ,562626,-5.0
2,MX,562626,46.9
2,MY,562626,-8.4
2,MZ,562626,152.2
2,GX,562626,0.1
2,GY,562626,-0.1
2,GZ,562626,0.1
2,AX,563256,-3.3
2,AY,563256,-9.0
2,AZ,563256,-2.4
2,MX,563256,48.3
2,MY,563256,-1.9
2,MZ,563256,153.2
2,GX,563256,0.4
2,GY,563256,-0.2
2,GZ,563256,0.0
2,AX,563827,-3.4
2,AY,563827,-9.1
2,AZ,563827,-0.7
2,MX,563827,47.7
2,MZ,563827,148.6
2,GX,563827,0.3
2,GY,563827,-0.2
2,GZ,563827,-0.1
2,AX,564487,-3.6
2,AY,564487,-9.8
2,AZ,564487,-1.3
2,MX,564487,47.5
2,MY,564487,-0.9
2,MZ,564487,151.6
2,GX,564487,-0.6
2,GY,564487,0.1
2,GZ,564487,-0.1
2,AX,565057,-2.6
2,AY,565057,-7.2
2,AZ,565057,-5.3
2,MX,565057,49.0
2,MY,565057,-8.0
2,MZ,565057,155.6
2,GX,565057,-0.7
2,GY,565057,0.2
2,GZ,565057,0.0
2,AX,565626,-0.7
2,AY,565626,-3.6
2,AZ,565626,-8.6
2,MX,565626,44.8
2,MY,565626,-21.3
2,MZ,565626,139.9
2,GX,565626,-0.9
2,GY,565626,0.3
2,GZ,565626,-0.1
2,AX,566197,0.3
2,AY,566197,-1.5
2,AZ,566197,-9.4
2,MX,566197,42.1
2,MY,566197,-27.4
2,MZ,566197,130.9
2,GX,566197,0.8
2,GY,566197,-0.3
2,GZ,566197,-0.0
2,AX,566737,-0.9
2,AY,566737,-5.1
2,AZ,566737,-7.8
2,MX,566737,45.0
2,MY,566737,-16.3
2,MZ,566737,144.3
2,GX,566737,0.4
2,GY,566737,-0.1
2,GZ,566737,-0.1
2,AX,567336,-2.1
2,AY,567336,-8.3
2,AZ,567336,-4.5
2,MX,567336,45.8
2,MY,567336,-6.2
2,MZ,567336,150.7
2,GX,567336,0.8
2,GY,567336,-0.3
2,GZ,567336,-0.0
2,AX,567937,-2.8
2,AY,567937,-9.0
2,AZ,567937,-2.7
2,MX,567937,45.7
2,MY,567937,-2.5
2,MZ,567937,149.7
2,GX,567937,0.6
2,GY,567937,-0.3
2,GZ,567937,0.1
2,AX,568596,-3.5
2,AY,568596,-9.0
2,AZ,568596,-0.9
2,MX,568596,47.4
2,MY,568596,-0.1
2,GX,568596,0.4
2,GY,568596,-0.2
2,GZ,568596,0.1
2,AX,569197,-4.0
2,AY,569197,-10.3
2,AZ,569197,-1.1
2,MX,569197,49.0
2,MY,569197,0.1
2,MZ,569197,151.8
2,GX,569197,-0.7
2,GY,569197,0.2
2,GZ,569197,-0.2
2,AX,569827,-1.5
2,AY,569827,-6.7
2,AZ,569827,-5.6
2,MX,569827,44.9
2,MY,569827,-10.7
2,MZ,569827,149.1
2,GX,569827,-0.8
2,GY,569827,0.3
2,GZ,569827,-0.1
2,AX,570396,0.2
2,AY,570396,-3.0
2,AZ,570396,-8.8
2,MX,570396,42.9
2,MY,570396,-25.6
2,MZ,570396,132.6
2,GX,570396,-0.8
2,GY,570396,0.1
2,GZ,570396,-0.1
2,AX,570936,0.8
2,AY,570936,-0.5
2,AZ,570936,-9.3
2,MX,570936,42.5
2,MY,570936,-33.6
2,MZ,570936,121.9
2,GX,570936,0.6
2,GY,570936,-0.3
2,GZ,570936,-0.1
2,AX,571506,-0.5
2,AY,571506,-4.5
2,AZ,571506,-8.0
2,MX,571506,45.1
2,MY,571506,-21.3
2,GX,571506,1.0
2,GY,571506,-0.4
2,GZ,571506,0.1
2,AX,572106,-2.6
2,AY,572106,-7.5
2,AZ,572106,-5.2
2,MX,572106,48.3
2,MY,572106,-8.6
2,MZ,572106,153.9
2,GX,572106,0.7
2,GY,572106,-0.3
2,AX,572746,-3.3
2,AZ,572746,-2.2
2,MX,572746,49.5
2,MY,572746,-1.5
2,MZ,572746,152.8
2,GX,572746,0.8
2,GY,572746,-0.4
2,GZ,572746,-0.0
2,AX,573276,-3.7
2,AY,573276,-9.2
2,AZ,573276,0.2
2,MX,573276,49.5
2,MY,573276,0.1
2,MZ,573276,147.4
2,GX,573276,0.3
2,GZ,573276,0.0
2,AX,573876,-3.8
2,AY,573876,-9.1
2,AZ,573876,0.9
2,MX,573876,49.4
2,MY,573876,0.0
2,MZ,573876,144.0
2,GX,573876,0.1
2,GY,573876,-0.1
2,AX,574486,-3.4
2,AY,574486,-9.5
2,MX,574486,49.1
2,MY,574486,-2.3
2,MZ,574486,153.4
2,GX,574486,-1.0
2,GY,574486,0.4
2,GZ,574486,-0.2
2,AX,575016,-1.5
2,AY,575016,-5.6
2,AZ,575016,-6.4
2,MX,575016,46.9
2,MY,575016,-13.1
2,MZ,575016,150.1
2,GX,575016,-0.8
2,GY,575016,0.3
2,GZ,575016,-0.1
2,AX,575617,0.3
2,AY,575617,-1.5
2,AZ,575617,-9.3
2,MX,575617,43.2
2,MY,575617,-29.8
2,MZ,575617,128.0
2,GX,575617,-0.5
2,GY,575617,0.2
2,AX,576196,1.2
2,AZ,576196,-9.5
2,MX,576196,39.7
2,MY,576196,-34.9
2,MZ,576196,117.4
2,GX,576196,0.0
2,GY,576196,-0.1
2,GZ,576196,0.1
2,AX,576846,0.9
2,AY,576846,-1.1
2,AZ,576846,-9.4
2,MX,576846,40.6
2,MY,576846,-30.4
2,MZ,576846,125.3
2,GX,576846,0.6
2,GY,576846,-0.2
2,GZ,576846,-0.1
2,AX,577386,-0.8
2,AY,577386,-5.1
2,AZ,577386,-8.0
2,MX,577386,44.6
2,MY,577386,-18.5
2,MZ,577386,143.8
2,GX,577386,0.4
2,GY,577386,-0.2
2,GZ,577386,-0.1
2,AX,577926,-2.0
2,AY,577926,-7.5
2,MX,577926,47.0
2,MY,577926,-9.0
2,MZ,577926,151.7
2,GX,577926,0.9
2,GZ,577926,0.1
2,AX,578556,-3.5
2,AY,578556,-8.8
2,AZ,578556,-2.6
2,MX,578556,49.4
2,MY,578556,-1.4
2,MZ,578556,154.0
2,GX,578556,0.9
2,GY,578556,-0.5
2,GZ,578556,-0.1
2,AX,579157,-3.3
2,AY,579157,-9.2
2,AZ,579157,-0.3
2,MX,579157,47.5
2,MY,579157,-0.1
2,MZ,579157,148.1
2,GX,579157,0.4
2,GY,579157,-0.1
2,GZ,579157,-0.0
2,AX,579787,-3.8
2,AY,579787,-9.8
2,AZ,579787,0.9
2,MX,579787,47.4
2,MY,579787,-0.3
2,GX,579787,-0.0
2,GY,579787,-0.1
2,GZ,579787,-0.1
2,AX,580357,-3.1
2,AY,580357,-9.3
2,AZ,580357,-2.0
2,MX,580357,47.8
2,MY,580357,-1.5
2,MZ,580357,151.5
2,GX,580357,-1.0
2,GY,580357,0.4
2,AX,580966,-2.7
2,AY,580966,-6.5
2,AZ,580966,-6.2
2,MX,580966,48.5
2,MY,580966,-11.5
2,MZ,580966,152.3
2,GX,580966,-1.0
2,GY,580966,0.3
2,GZ,580966,-0.0
2,AX,581527,0.2
2,AY,581527,-1.5
2,AZ,581527,-9.1
2,MX,581527,43.6
2,MY,581527,-29.5
2,MZ,581527,127.8
2,GX,581527,-0.6
2,GY,581527,0.2
2,GZ,581527,-0.2
2,AX,582067,0.4
2,AY,582067,-0.8
2,AZ,582067,-9.4
2,MX,582067,42.6
2,MY,582067,-32.5
2,MZ,582067,123.0
2,GY,582067,-0.2
2,GZ,582067,-0.0
2,AX,582607,-0.9
2,AZ,582607,-8.3
2,MX,582607,46.4
2,MY,582607,-19.6
2,MZ,582607,143.4
2,GX,582607,1.3
2,GY,582607,-0.6
2,GZ,582607,-0.0
2,AX,583175,-1.9
2,AY,583175,-8.1
2,AZ,583175,-5.0
2,MX,583175,47.6
2,MY,583175,-8.6
2,MZ,583175,152.3
2,GY,583175,-0.3
2,GZ,583175,-0.1
2,AX,583777,-2.8
2,AY,583777,-9.5
2,AZ,583777,-1.8
2,MX,583777,46.8
2,MY,583777,-2.5
2,GX,583777,0.7
2,GY,583777,-0.4
2,GZ,583777,0.2
2,AX,584345,-3.1
2,AY,584345,-8.9
2,MX,584345,47.0
2,MY,584345,-1.0
2,MZ,584345,144.8
2,GX,584345,0.4
2,GY,584345,-0.2
2,GZ,584345,0.0
2,AX,584977,-3.7
2,AY,584977,-9.6
2,AZ,584977,1.2
2,MX,584977,47.8
2,MY,584977,-0.7
2,MZ,584977,142.1
2,GX,584977,-0.1
2,GY,584977,-0.0
2,GZ,584977,-0.1
2,AX,585577,-2.4
2,AY,585577,-8.6
2,AZ,585577,-3.0
2,MX,585577,46.5
2,MY,585577,-4.9
2,MZ,585577,150.8
2,GX,585577,-1.1
2,GY,585577,0.4
2,AX,586186,-0.5
2,AY,586186,-4.2
2,AZ,586186,-7.5
2,MX,586186,45.4
2,MY,586186,-18.9
2,MZ,586186,142.5
2,GX,586186,-1.1
2,GY,586186,0.4
2,GZ,586186,-0.1
2,AX,586687,1.2
2,AY,586687,-1.0
2,AZ,586687,-9.5
2,MX,586687,41.2
2,MY,586687,-30.9
2,MZ,586687,123.8
2,GX,586687,-0.3
2,GY,586687,0.1
2,GZ,586687,-0.1
2,AX,587287,1.0
2,AY,587287,-0.8
2,AZ,587287,-9.5
2,MX,587287,40.2
2,MY,587287,-29.7
2,MZ,587287,124.7
2,GX,587287,0.4
2,GY,587287,-0.2
2,GZ,587287,0.0
2,AX,587826,-1.9
2,AY,587826,-6.9
2,AZ,587826,-6.4
2,MX,587826,45.5
2,MY,587826,-12.1
2,MZ,587826,149.3
2,GX,587826,1.0
2,GY,587826,-0.5
2,GZ,587826,0.1
2,AX,588367,-3.4
2,AY,588367,-8.5
2,AZ,588367,-2.9
2,MX,588367,49.4
2,MY,588367,-2.1
2,MZ,588367,152.7
2,GX,588367,0.7
2,GY,588367,-0.4
2,GZ,588367,0.1
2,AX,588937,-3.8
2,AY,588937,-9.5
2,AZ,588937,0.7
2,MX,588937,48.3
2,MY,588937,-0.1
2,MZ,588937,145.0
2,GX,588937,0.6
2,GY,588937,-0.3
2,GZ,588937,-0.1
2,AX,589506,-3.9
2,AY,589506,-9.3
2,AZ,589506,2.2
2,MX,589506,47.4
2,MY,589506,-0.5
2,MZ,589506,137.2
2,GY,589506,-0.1
2,GZ,589506,0.0
2,AX,590077,-3.5
2,AY,590077,-10.1
2,AZ,590077,0.3
2,MX,590077,46.4
2,MY,590077,-0.6
2,MZ,590077,145.1
2,GX,590077,-0.8
2,GY,590077,0.3
2,GZ,590077,-0.3
2,AX,590647,-1.7
2,AY,590647,-7.0
2,AZ,590647,-5.2
2,MX,590647,45.7
2,MY,590647,-10.1
2,MZ,590647,150.7
2,GX,590647,-1.2
2,GY,590647,0.2
2,GZ,590647,-0.0
2,AX,591277,0.4
2,AY,591277,-3.1
2,AZ,591277,-8.8
2,MX,591277,42.3
2,MY,591277,-26.5
2,MZ,591277,132.0
2,GX,591277,-0.5
2,GY,591277,0.1
2,GZ,591277,-0.3
2,AX,591817,1.1
2,AY,591817,-0.9
2,AZ,591817,-9.7
2,MX,591817,41.6
2,MY,591817,-34.1
2,MZ,591817,120.8
2,GX,591817,-0.4
2,GY,591817,0.0
2,GZ,591817,0.1
2,AX,592386,1.3
2,AY,592386,-0.6
2,AZ,592386,-9.3
2,MX,592386,41.1
2,MY,592386,-32.1
2,MZ,592386,121.0
2,GX,592386,0.4
2,GZ,592386,0.1
2,AX,592987,-1.3
2,AZ,592987,-7.5
2,MX,592987,45.7
2,MY,592987,-17.1
2,MZ,592987,143.9
2,GX,592987,1.1
2,GY,592987,-0.5
2,GZ,592987,-0.0
2,AX,593556,-2.2
2,AY,593556,-8.1
2,AZ,593556,-4.8
2,MX,593556,47.5
2,MY,593556,-6.8
2,MZ,593556,152.4
2,GX,593556,0.4
2,GY,593556,-0.2
2,GZ,593556,0.0
2,AX,594126,-3.3
2,AY,594126,-9.1
2,AZ,594126,-1.5
2,MX,594126,49.2
2,MZ,594126,151.0
2,GX,594126,0.8
2,GY,594126,-0.4
2,GZ,594126,0.1
2,AX,594666,-3.7
2,AY,594666,-9.0
2,AZ,594666,1.3
2,MX,594666,49.6
2,MY,594666,0.8
2,MZ,594666,143.3
2,GX,594666,0.5
2,GY,594666,-0.3
2,GZ,594666,-0.1
2,AX,595267,-3.8
2,AY,595267,-9.9
2,AZ,595267,2.1
2,MX,595267,48.1
2,MY,595267,-0.4
2,MZ,595267,141.0
2,GX,595267,-0.6
2,GY,595267,0.1
2,GZ,595267,-0.1
2,AX,595807,-2.8
2,AY,595807,-9.4
2,AZ,595807,-2.5
2,MX,595807,47.5
2,MZ,595807,152.6
2,GX,595807,-1.3
2,GY,595807,0.5
2,GZ,595807,-0.2
2,AX,596407,-1.1
2,AY,596407,-5.0
2,AZ,596407,-7.6
2,MX,596407,47.0
2,MY,596407,-17.6
2,MZ,596407,145.4
2,GX,596407,-0.9
2,GY,596407,0.1
2,GZ,596407,-0.0
2,AX,597006,0.6
2,AY,597006,-1.0
2,AZ,597006,-9.3
2,MX,597006,42.5
2,MY,597006,-31.5
2,MZ,597006,124.3
2,GX,597006,0.0
2,GY,597006,0.1
2,GZ,597006,-0.0
2,AX,597546,0.7
2,AY,597546,-1.0
2,AZ,597546,-9.5
2,MX,597546,42.8
2,MY,597546,-30.8
2,MZ,597546,125.0
2,GX,597546,0.5
2,GY,597546,-0.3
2,GZ,597546,0.0
2,AX,598086,-2.1
2,AY,598086,-6.2
2,AZ,598086,-6.2
2,MX,598086,46.6
2,MY,598086,-13.4
2,MZ,598086,147.0
2,GX,598086,1.1
2,GY,598086,-0.5
2,GZ,598086,0.1
2,AX,598657,-2.8
2,AY,598657,-8.7
2,AZ,598657,-2.9
2,MX,598657,48.5
2,MY,598657,-2.8
2,MZ,598657,152.9
2,GX,598657,0.9
2,GY,598657,-0.4
2,GZ,598657,-0.0
2,AX,599227,-3.4
2,AY,599227,-9.3
2,AZ,599227,0.5
2,MX,599227,48.4
2,MY,599227,-0.2
2,MZ,599227,146.3
2,GX,599227,0.4
2,GY,599227,-0.2
2,GZ,599227,0.0
2,AX,599796,-4.4
2,AY,599796,-9.9
2,AZ,599796,1.3
2,MX,599796,49.9
2,MY,599796,0.4
2,MZ,599796,143.9
2,GX,599796,0.0
2,GY,599796,-0.1
2,GZ,599796,-0.0
2,AX,600366,-2.5
2,AY,600366,-8.8
2,AZ,600366,-2.8
2,MX,600366,48.0
2,MY,600366,-3.8
2,MZ,600366,151.1
2,GX,600366,-0.9
2,GY,600366,0.4
2,GZ,600366,-0.3
2,AX,600937,-0.1
2,AY,600937,-4.2
2,AZ,600937,-7.3
2,MX,600937,44.5
2,MY,600937,-19.6
2,MZ,600937,139.5
2,GX,600937,-0.9
2,GY,600937,0.2
2,GZ,600937,-0.0
2,AX,601506,1.3
2,AY,601506,-0.3
2,AZ,601506,-9.4
2,MX,601506,41.3
2,MY,601506,-34.1
2,MZ,601506,117.3
2,GX,601506,-0.3
2,GY,601506,0.1
2,AX,602086,1.1
2,AY,602086,-1.7
2,AZ,602086,-9.2
2,MY,602086,-29.9
2,MZ,602086,123.6
2,GX,602086,0.8
2,GY,602086,-0.4
2,GZ,602086,0.1
2,AX,602586,-1.3
2,AY,602586,-5.9
2,AZ,602586,-6.9
2,MX,602586,45.8
2,MY,602586,-11.9
2,MZ,602586,146.8
2,GX,602586,1.0
2,GY,602586,-0.5
2,GZ,602586,0.2
2,AX,603187,-4.1
2,AY,603187,-10.0
2,AZ,603187,-0.4
2,MX,603187,48.8
2,MY,603187,0.2
2,MZ,603187,146.5
2,GX,603187,1.6
2,GY,603187,-0.7
2,GZ,603187,0.2
2,AX,603726,-6.5
2,AY,603726,-7.9
2,AZ,603726,0.2
2,MY,603726,0.6
2,MZ,603726,150.6
2,GX,603726,-0.5
2,GY,603726,0.0
2,GZ,603726,1.2
2,AX,604296,-11.6
2,AY,604296,-1.1
2,AZ,604296,0.4
2,MX,604296,87.5
2,MY,604296,-5.5
2,MZ,604296,158.5
2,GX,604296,-0.0
2,GY,604296,-0.3
2,GZ,604296,0.5
2,AY,604957,0.7
2,AZ,604957,1.4
2,MX,604957,95.3
2,MZ,604957,151.0
2,GX,604957,0.2
2,GY,604957,-0.0
2,GZ,604957,0.2
2,AX,605617,-9.8
2,AY,605617,1.9
2,AZ,605617,1.1
Traceback (most recent call last):
  File "/opt/homebrew/Cellar/python@3.13/3.13.7/Frameworks/Python.framework/Versions/3.13/lib/python3.13/asyncio/runners.py", line 118, in run
    return self._loop.run_until_complete(task)
           ~~~~~~~~~~~~~~~~~~~~~~~~~~~~~^^^^^^
  File "/opt/homebrew/Cellar/python@3.13/3.13.7/Frameworks/Python.framework/Versions/3.13/lib/python3.13/asyncio/base_events.py", line 725, in run_until_complete
    return future.result()
           ~~~~~~~~~~~~~^^
  File "/Users/j/8803/project/tester.py", line 56, in main
    await asyncio.gather(*tasks)
  File "/Users/j/8803/project/tester.py", line 29, in connect_and_listen
    await asyncio.sleep(1)
  File "/opt/homebrew/Cellar/python@3.13/3.13.7/Frameworks/Python.framework/Versions/3.13/lib/python3.13/asyncio/tasks.py", line 718, in sleep
    return await future
           ^^^^^^^^^^^^
asyncio.exceptions.CancelledError

During handling of the above exception, another exception occurred:

Traceback (most recent call last):
  File "/Users/j/8803/project/tester.py", line 58, in <module>
    asyncio.run(main())
    ~~~~~~~~~~~^^^^^^^^
  File "/opt/homebrew/Cellar/python@3.13/3.13.7/Frameworks/Python.framework/Versions/3.13/lib/python3.13/asyncio/runners.py", line 195, in run
    return runner.run(main)
           ~~~~~~~~~~^^^^^^
  File "/opt/homebrew/Cellar/python@3.13/3.13.7/Frameworks/Python.framework/Versions/3.13/lib/python3.13/asyncio/runners.py", line 123, in run
    raise KeyboardInterrupt()
KeyboardInterrupt
