Scanning for devices...
Connecting to new device: Feather Node #02 (9C16003E-0EE5-0DB0-7940-B20EE27F10FA)
Connected to all 1 devices. Listening for data...
Connected to 9C16003E-0EE5-0DB0-7940-B20EE27F10FA
2,AX,1374173,-2.2
2,AZ,1374173,-3.7
2,MZ,1374173,115.3
2,GY,1374173,-0.1
2,AX,1374814,-1.1
2,AY,1374814,-8.6
2,MX,1374814,72.5
2,MZ,1374814,119.0
2,GY,1374814,-0.0
2,AZ,1375533,-3.8
2,MY,1375533,-32.3
2,MZ,1375533,113.5
2,GY,1375533,-0.2
2,AY,1376194,-8.6
2,MY,1376194,-33.1
2,GX,1376194,0.3
2,GY,1376194,-0.1
2,GZ,1376194,-0.1
2,AY,1376814,-8.8
2,MY,1376814,-30.0
2,GY,1376814,-0.1
2,AY,1377603,-8.5
2,MX,1377603,76.1
2,GX,1377603,0.1
2,GZ,1377603,0.0
2,AX,1378254,-2.1
2,AY,1378254,-8.4
2,AZ,1378254,-4.3
2,MX,1378254,76.9
2,MY,1378254,-33.1
2,GX,1378254,-0.1
2,GZ,1378254,-0.0
2,AX,1378884,-1.2
2,AY,1378884,-4.8
2,AZ,1378884,-7.7
2,MX,1378884,73.7
2,MY,1378884,-42.7
2,MZ,1378884,107.5
2,GX,1378884,-2.2
2,GY,1378884,0.5
2,GZ,1378884,-0.1
2,AX,1379484,0.2
2,AY,1379484,0.3
2,AZ,1379484,-9.5
2,MX,1379484,69.3
2,GX,1379484,-0.3
2,GY,1379484,0.0
2,GZ,1379484,0.1
2,AX,1380144,0.5
2,AZ,1380144,-11.1
2,MZ,1380144,87.3
2,GX,1380144,-0.2
2,GY,1380144,0.0
2,GZ,1380144,0.1
2,AX,1380774,0.8
2,AY,1380774,3.0
2,AZ,1380774,-9.2
2,MY,1380774,-59.5
2,MZ,1380774,79.3
2,GX,1380774,-0.5
2,GY,1380774,-0.0
2,GZ,1380774,0.1
2,AX,1381375,1.0
2,AY,1381375,2.1
2,AZ,1381375,-7.8
2,MX,1381375,58.9
2,MY,1381375,-60.1
2,MZ,1381375,77.6
2,GX,1381375,0.0
2,GY,1381375,-0.0
2,GZ,1381375,0.1
2,AY,1381974,-0.5
2,MX,1381974,58.5
2,MY,1381974,-55.3
2,MZ,1381974,89.0
2,GY,1381974,-0.1
2,GZ,1381974,0.0
2,AX,1382604,1.0
2,AY,1382604,3.3
2,MX,1382604,59.5
2,MY,1382604,-60.5
2,MZ,1382604,78.3
2,GX,1382604,-0.4
2,GY,1382604,-0.1
2,GZ,1382604,-0.1
2,AX,1383205,-0.2
2,AY,1383205,3.0
2,AZ,1383205,-8.8
2,MX,1383205,64.4
2,MY,1383205,-66.9
2,MZ,1383205,65.1
2,GY,1383205,-0.1
2,AX,1383874,0.0
2,AY,1383874,5.6
2,MX,1383874,63.9
2,MY,1383874,-67.4
2,MZ,1383874,63.3
2,GY,1383874,0.1
2,GZ,1383874,0.0
2,AY,1384494,6.2
2,MX,1384494,62.0
2,MY,1384494,-66.7
2,MZ,1384494,61.6
2,GX,1384494,-0.1
2,GY,1384494,-0.2
2,GZ,1384494,-0.1
2,AY,1385093,4.4
2,AZ,1385093,-5.9
2,MX,1385093,62.7
2,MY,1385093,-66.0
2,MZ,1385093,61.5
2,GX,1385093,-1.5
2,GZ,1385093,0.0
2,AY,1385875,2.4
2,AZ,1385875,-7.5
2,MX,1385875,61.3
2,MZ,1385875,75.0
2,GY,1385875,-0.1
2,AX,1386514,1.5
2,AY,1386514,4.9
2,AZ,1386514,-8.0
2,MX,1386514,60.5
2,MY,1386514,-64.2
2,MZ,1386514,70.1
2,GX,1386514,0.4
2,GY,1386514,-0.2
2,GZ,1386514,-0.1
2,AX,1387074,1.1
2,AY,1387074,4.6
2,AZ,1387074,-10.4
2,MX,1387074,63.0
2,GY,1387074,-0.1
2,GZ,1387074,-0.0
2,AX,1387734,0.8
2,AY,1387734,3.8
2,AZ,1387734,-9.1
2,MX,1387734,61.2
2,MY,1387734,-62.2
2,MZ,1387734,74.7
2,GX,1387734,0.5
2,GY,1387734,-0.2
2,GZ,1387734,-0.0
2,AX,1388364,1.0
2,MX,1388364,61.9
2,GX,1388364,0.5
2,GY,1388364,-0.1
2,GZ,1388364,-0.0
2,AX,1389054,1.5
2,AY,1389054,1.7
2,AZ,1389054,-9.3
2,MY,1389054,-56.4
2,MZ,1389054,85.9
2,GX,1389054,0.1
2,GY,1389054,-0.1
2,GZ,1389054,-0.1
2,AX,1389684,1.7
2,AY,1389684,2.9
2,MY,1389684,-60.0
2,GX,1389684,-0.1
2,GY,1389684,-0.1
2,GZ,1389684,-0.1
2,AX,1390314,1.0
2,MY,1390314,-65.2
2,GY,1390314,-0.1
2,GZ,1390314,-0.0
2,AZ,1391035,-8.6
2,MX,1391035,61.7
2,MZ,1391035,80.3
2,GX,1391035,0.2
2,GY,1391035,-0.1
2,AX,1391704,1.5
2,AY,1391704,1.6
2,AZ,1391704,-7.8
2,MX,1391704,60.6
2,MZ,1391704,81.9
2,GZ,1391704,-0.0
2,AY,1392354,1.6
2,MX,1392354,63.0
2,MY,1392354,-59.4
2,MZ,1392354,80.7
2,GX,1392354,-0.5
2,GY,1392354,-0.1
2,GZ,1392354,-0.1
2,AY,1393014,5.2
2,AZ,1393014,-10.5
2,MX,1393014,65.1
2,MZ,1393014,67.1
2,GX,1393014,-0.4
2,GZ,1393014,-0.1
2,AX,1393643,1.6
2,AY,1393643,4.1
2,AZ,1393643,-8.8
2,MX,1393643,63.2
2,MY,1393643,-63.6
2,MZ,1393643,71.5
2,GX,1393643,0.8
2,GY,1393643,-0.1
2,GZ,1393643,0.1
2,AX,1394274,1.5
2,AY,1394274,2.5
2,AZ,1394274,-8.3
2,MX,1394274,61.4
2,MY,1394274,-59.1
2,MZ,1394274,80.7
2,GX,1394274,0.4
2,GY,1394274,-0.1
2,GZ,1394274,-0.0
2,AX,1394875,0.8
2,AY,1394875,1.4
2,AZ,1394875,-7.3
2,MX,1394875,63.8
2,MY,1394875,-57.0
2,MZ,1394875,83.4
2,GX,1394875,0.2
2,GY,1394875,-0.2
2,GZ,1394875,-0.1
2,AX,1395534,-0.1
2,AZ,1395534,-8.7
2,MX,1395534,66.5
2,MY,1395534,-60.2
2,MZ,1395534,78.3
2,GX,1395534,0.1
2,GY,1395534,-0.2
2,GZ,1395534,-0.1
2,AX,1396134,0.9
2,AY,1396134,7.6
2,AZ,1396134,-10.3
2,MX,1396134,66.9
2,MY,1396134,-67.7
2,MZ,1396134,62.6
2,GX,1396134,-0.0
2,GZ,1396134,0.0
2,AX,1396764,1.1
2,AY,1396764,4.2
2,AZ,1396764,-8.5
2,MX,1396764,64.8
2,MY,1396764,-61.8
2,MZ,1396764,75.4
2,GX,1396764,1.0
2,GY,1396764,-0.2
2,GZ,1396764,0.1
2,AX,1397424,1.6
2,AY,1397424,2.2
2,AZ,1397424,-7.3
2,MX,1397424,64.4
2,MY,1397424,-57.7
2,MZ,1397424,82.3
2,GY,1397424,-0.0
2,GZ,1397424,0.0
2,AX,1398054,1.2
2,AY,1398054,2.2
2,AZ,1398054,-10.2
2,MY,1398054,-55.5
2,MZ,1398054,87.7
2,GY,1398054,-0.1
2,AX,1398664,1.2
2,AY,1398664,4.3
2,AZ,1398664,-8.9
2,MX,1398664,64.9
2,MY,1398664,-60.2
2,MZ,1398664,80.8
2,GX,1398664,-0.3
2,GY,1398664,-0.0
2,AX,1399293,1.4
2,AY,1399293,5.1
2,AZ,1399293,-10.1
2,MX,1399293,63.9
2,MY,1399293,-64.5
2,MZ,1399293,72.0
2,GY,1399293,-0.0
2,GZ,1399293,0.0
2,AX,1399824,1.0
2,AY,1399824,2.7
2,AZ,1399824,-9.2
2,MX,1399824,63.7
2,MY,1399824,-56.9
2,MZ,1399824,85.8
2,GX,1399824,0.3
2,GZ,1399824,0.0
2,AY,1400484,1.4
2,AZ,1400484,-6.5
2,MY,1400484,-56.7
2,MZ,1400484,83.8
2,GX,1400484,-0.7
2,GY,1400484,0.1
2,GZ,1400484,0.0
2,AX,1401083,0.9
2,AY,1401083,0.2
2,AZ,1401083,-10.1
2,MX,1401083,63.4
2,MY,1401083,-52.9
2,MZ,1401083,92.7
2,GY,1401083,-0.0
2,GZ,1401083,0.0
2,AX,1401684,1.1
2,AY,1401684,2.9
2,AZ,1401684,-9.5
2,MX,1401684,63.4
2,MY,1401684,-59.7
2,MZ,1401684,80.7
2,GY,1401684,-0.1
2,GZ,1401684,-0.1
2,AX,1402224,1.3
2,AY,1402224,4.7
2,AZ,1402224,-10.1
2,MX,1402224,63.1
2,MY,1402224,-65.3
2,MZ,1402224,68.6
2,GX,1402224,0.3
2,GY,1402224,-0.1
2,GZ,1402224,-0.0
2,AX,1402764,1.3
2,AY,1402764,4.6
2,AZ,1402764,-8.2
2,MX,1402764,61.7
2,MY,1402764,-62.7
2,MZ,1402764,72.8
2,GX,1402764,0.3
2,GZ,1402764,-0.0
2,AX,1403364,0.3
2,AY,1403364,2.3
2,AZ,1403364,-7.7
2,MX,1403364,62.0
2,MY,1403364,-59.4
2,MZ,1403364,79.5
2,GX,1403364,0.3
2,GZ,1403364,-0.1
2,AX,1403963,1.4
2,AY,1403963,0.8
2,AZ,1403963,-8.7
2,MX,1403963,63.3
2,MY,1403963,-52.7
2,MZ,1403963,92.4
2,GY,1403963,0.1
2,GZ,1403963,-0.1
2,AX,1404592,0.8
2,AZ,1404592,-9.8
2,MX,1404592,66.5
2,MY,1404592,-57.6
2,MZ,1404592,85.5
2,GX,1404592,0.2
2,GY,1404592,-0.2
2,GZ,1404592,-0.1
2,AX,1405164,0.7
2,AY,1405164,4.4
2,AZ,1405164,-10.6
2,MX,1405164,66.5
2,MY,1405164,-65.6
2,MZ,1405164,70.0
2,GX,1405164,-0.1
2,GY,1405164,-0.1
2,GZ,1405164,0.0
2,AX,1405734,0.6
2,AY,1405734,2.6
2,AZ,1405734,-9.3
2,MX,1405734,65.4
2,MY,1405734,-58.7
2,MZ,1405734,81.4
2,GX,1405734,0.6
2,GZ,1405734,0.1
2,AX,1406364,1.2
2,AY,1406364,2.1
2,AZ,1406364,-8.5
2,MX,1406364,61.5
2,MY,1406364,-57.9
2,MZ,1406364,82.5
2,GX,1406364,-0.6
2,GY,1406364,0.1
2,GZ,1406364,0.1
2,AX,1407053,0.8
2,AZ,1407053,-8.3
2,MX,1407053,61.2
2,MY,1407053,-52.6
2,MZ,1407053,93.4
2,GX,1407053,1.0
2,GY,1407053,-0.3
2,GZ,1407053,-0.0
2,AX,1407652,0.6
2,AY,1407652,0.3
2,AZ,1407652,-8.8
2,MX,1407652,63.5
2,MY,1407652,-52.8
2,MZ,1407652,91.6
2,GX,1407652,-0.1
2,GY,1407652,-0.1
2,AX,1408263,0.3
2,AY,1408263,2.1
2,AZ,1408263,-11.1
2,MX,1408263,65.0
2,MY,1408263,-61.3
2,MZ,1408263,78.4
2,GX,1408263,-0.8
2,GY,1408263,-0.0
2,GZ,1408263,-0.1
2,AX,1408853,0.8
2,AY,1408853,2.5
2,AZ,1408853,-9.6
2,MX,1408853,63.7
2,MZ,1408853,78.1
2,GX,1408853,-0.2
2,GY,1408853,0.1
2,GZ,1408853,-0.0
2,AX,1409454,1.1
2,AZ,1409454,-8.7
2,MX,1409454,61.6
2,MZ,1409454,87.5
2,GX,1409454,0.7
2,GY,1409454,-0.2
2,GZ,1409454,0.0
2,AX,1410083,1.8
2,AY,1410083,0.1
2,MX,1410083,60.4
2,MY,1410083,-54.2
2,MZ,1410083,90.2
2,GX,1410083,-0.0
2,GY,1410083,-0.0
2,GZ,1410083,-0.1
2,AX,1410713,0.8
2,AY,1410713,-1.0
2,AZ,1410713,-9.8
2,MX,1410713,62.6
2,MY,1410713,-50.0
2,MZ,1410713,97.4
2,GX,1410713,0.1
2,GY,1410713,-0.3
2,GZ,1410713,-0.1
2,AX,1411403,0.1
2,AY,1411403,1.3
2,AZ,1411403,-11.1
2,MX,1411403,66.0
2,MY,1411403,-58.8
2,MZ,1411403,82.9
2,GX,1411403,-0.3
2,GZ,1411403,-0.1
2,AY,1412093,8.2
2,AZ,1412093,-4.2
2,MX,1412093,71.0
2,GX,1412093,-1.6
2,GY,1412093,0.2
2,GZ,1412093,-0.9
2,AX,1412753,-6.8
2,AY,1412753,7.6
2,AZ,1412753,4.0
2,MX,1412753,83.3
2,MZ,1412753,60.1
2,GY,1412753,0.5
2,AX,1413453,-7.3
2,AY,1413453,5.8
2,AZ,1413453,2.4
2,MX,1413453,81.8
2,MY,1413453,-36.4
2,MZ,1413453,84.8
2,GY,1413453,0.2
2,GZ,1413453,-0.2
2,AZ,1414043,2.4
2,MX,1414043,78.2
2,MY,1414043,-32.8
Traceback (most recent call last):
  File "/opt/homebrew/Cellar/python@3.13/3.13.7/Frameworks/Python.framework/Versions/3.13/lib/python3.13/asyncio/runners.py", line 118, in run
    return self._loop.run_until_complete(task)
           ~~~~~~~~~~~~~~~~~~~~~~~~~~~~~^^^^^^
  File "/opt/homebrew/Cellar/python@3.13/3.13.7/Frameworks/Python.framework/Versions/3.13/lib/python3.13/asyncio/base_events.py", line 725, in run_until_complete
    return future.result()
           ~~~~~~~~~~~~~^^
  File "/Users/j/8803/project/tester.py", line 56, in main
    await asyncio.gather(*tasks)
  File "/Users/j/8803/project/tester.py", line 29, in connect_and_listen
    await asyncio.sleep(1)
  File "/opt/homebrew/Cellar/python@3.13/3.13.7/Frameworks/Python.framework/Versions/3.13/lib/python3.13/asyncio/tasks.py", line 718, in sleep
    return await future
           ^^^^^^^^^^^^
asyncio.exceptions.CancelledError

During handling of the above exception, another exception occurred:

Traceback (most recent call last):
  File "/Users/j/8803/project/tester.py", line 58, in <module>
    asyncio.run(main())
    ~~~~~~~~~~~^^^^^^^^
  File "/opt/homebrew/Cellar/python@3.13/3.13.7/Frameworks/Python.framework/Versions/3.13/lib/python3.13/asyncio/runners.py", line 195, in run
    return runner.run(main)
           ~~~~~~~~~~^^^^^^
  File "/opt/homebrew/Cellar/python@3.13/3.13.7/Frameworks/Python.framework/Versions/3.13/lib/python3.13/asyncio/runners.py", line 123, in run
    raise KeyboardInterrupt()
KeyboardInterrupt
